{
  "C:/Users/arsen/autowiki/src/hooks/useAuth.js": {
    "path": "C:/Users/arsen/autowiki/src/hooks/useAuth.js",
    "statementMap": {
      "0": {
        "start": {
          "line": 4,
          "column": 21
        },
        "end": {
          "line": 4,
          "column": 44
        }
      },
      "1": {
        "start": {
          "line": 6,
          "column": 23
        },
        "end": {
          "line": 94,
          "column": 1
        }
      },
      "2": {
        "start": {
          "line": 7,
          "column": 28
        },
        "end": {
          "line": 7,
          "column": 77
        }
      },
      "3": {
        "start": {
          "line": 7,
          "column": 43
        },
        "end": {
          "line": 7,
          "column": 76
        }
      },
      "4": {
        "start": {
          "line": 8,
          "column": 26
        },
        "end": {
          "line": 8,
          "column": 40
        }
      },
      "5": {
        "start": {
          "line": 9,
          "column": 32
        },
        "end": {
          "line": 9,
          "column": 47
        }
      },
      "6": {
        "start": {
          "line": 10,
          "column": 28
        },
        "end": {
          "line": 10,
          "column": 42
        }
      },
      "7": {
        "start": {
          "line": 11,
          "column": 19
        },
        "end": {
          "line": 11,
          "column": 32
        }
      },
      "8": {
        "start": {
          "line": 13,
          "column": 2
        },
        "end": {
          "line": 20,
          "column": 14
        }
      },
      "9": {
        "start": {
          "line": 14,
          "column": 4
        },
        "end": {
          "line": 19,
          "column": 5
        }
      },
      "10": {
        "start": {
          "line": 15,
          "column": 24
        },
        "end": {
          "line": 15,
          "column": 52
        }
      },
      "11": {
        "start": {
          "line": 16,
          "column": 6
        },
        "end": {
          "line": 18,
          "column": 7
        }
      },
      "12": {
        "start": {
          "line": 17,
          "column": 8
        },
        "end": {
          "line": 17,
          "column": 39
        }
      },
      "13": {
        "start": {
          "line": 22,
          "column": 22
        },
        "end": {
          "line": 53,
          "column": 3
        }
      },
      "14": {
        "start": {
          "line": 23,
          "column": 4
        },
        "end": {
          "line": 23,
          "column": 21
        }
      },
      "15": {
        "start": {
          "line": 24,
          "column": 4
        },
        "end": {
          "line": 24,
          "column": 19
        }
      },
      "16": {
        "start": {
          "line": 25,
          "column": 4
        },
        "end": {
          "line": 52,
          "column": 5
        }
      },
      "17": {
        "start": {
          "line": 26,
          "column": 18
        },
        "end": {
          "line": 30,
          "column": 8
        }
      },
      "18": {
        "start": {
          "line": 32,
          "column": 19
        },
        "end": {
          "line": 32,
          "column": 53
        }
      },
      "19": {
        "start": {
          "line": 32,
          "column": 48
        },
        "end": {
          "line": 32,
          "column": 52
        }
      },
      "20": {
        "start": {
          "line": 34,
          "column": 6
        },
        "end": {
          "line": 36,
          "column": 7
        }
      },
      "21": {
        "start": {
          "line": 35,
          "column": 8
        },
        "end": {
          "line": 35,
          "column": 66
        }
      },
      "22": {
        "start": {
          "line": 38,
          "column": 6
        },
        "end": {
          "line": 44,
          "column": 7
        }
      },
      "23": {
        "start": {
          "line": 39,
          "column": 8
        },
        "end": {
          "line": 39,
          "column": 60
        }
      },
      "24": {
        "start": {
          "line": 40,
          "column": 8
        },
        "end": {
          "line": 40,
          "column": 64
        }
      },
      "25": {
        "start": {
          "line": 42,
          "column": 8
        },
        "end": {
          "line": 42,
          "column": 35
        }
      },
      "26": {
        "start": {
          "line": 43,
          "column": 8
        },
        "end": {
          "line": 43,
          "column": 27
        }
      },
      "27": {
        "start": {
          "line": 45,
          "column": 6
        },
        "end": {
          "line": 45,
          "column": 31
        }
      },
      "28": {
        "start": {
          "line": 47,
          "column": 6
        },
        "end": {
          "line": 47,
          "column": 48
        }
      },
      "29": {
        "start": {
          "line": 48,
          "column": 6
        },
        "end": {
          "line": 48,
          "column": 28
        }
      },
      "30": {
        "start": {
          "line": 49,
          "column": 6
        },
        "end": {
          "line": 49,
          "column": 54
        }
      },
      "31": {
        "start": {
          "line": 51,
          "column": 6
        },
        "end": {
          "line": 51,
          "column": 24
        }
      },
      "32": {
        "start": {
          "line": 55,
          "column": 16
        },
        "end": {
          "line": 60,
          "column": 3
        }
      },
      "33": {
        "start": {
          "line": 56,
          "column": 19
        },
        "end": {
          "line": 56,
          "column": 67
        }
      },
      "34": {
        "start": {
          "line": 57,
          "column": 4
        },
        "end": {
          "line": 59,
          "column": 5
        }
      },
      "35": {
        "start": {
          "line": 58,
          "column": 6
        },
        "end": {
          "line": 58,
          "column": 20
        }
      },
      "36": {
        "start": {
          "line": 62,
          "column": 19
        },
        "end": {
          "line": 74,
          "column": 3
        }
      },
      "37": {
        "start": {
          "line": 63,
          "column": 19
        },
        "end": {
          "line": 68,
          "column": 6
        }
      },
      "38": {
        "start": {
          "line": 70,
          "column": 4
        },
        "end": {
          "line": 73,
          "column": 5
        }
      },
      "39": {
        "start": {
          "line": 71,
          "column": 6
        },
        "end": {
          "line": 71,
          "column": 59
        }
      },
      "40": {
        "start": {
          "line": 72,
          "column": 6
        },
        "end": {
          "line": 72,
          "column": 20
        }
      },
      "41": {
        "start": {
          "line": 76,
          "column": 17
        },
        "end": {
          "line": 82,
          "column": 3
        }
      },
      "42": {
        "start": {
          "line": 77,
          "column": 4
        },
        "end": {
          "line": 77,
          "column": 41
        }
      },
      "43": {
        "start": {
          "line": 78,
          "column": 4
        },
        "end": {
          "line": 78,
          "column": 36
        }
      },
      "44": {
        "start": {
          "line": 79,
          "column": 4
        },
        "end": {
          "line": 79,
          "column": 19
        }
      },
      "45": {
        "start": {
          "line": 80,
          "column": 4
        },
        "end": {
          "line": 80,
          "column": 18
        }
      },
      "46": {
        "start": {
          "line": 81,
          "column": 4
        },
        "end": {
          "line": 81,
          "column": 18
        }
      },
      "47": {
        "start": {
          "line": 84,
          "column": 2
        },
        "end": {
          "line": 93,
          "column": 4
        }
      }
    },
    "fnMap": {
      "0": {
        "name": "(anonymous_0)",
        "decl": {
          "start": {
            "line": 6,
            "column": 23
          },
          "end": {
            "line": 6,
            "column": 24
          }
        },
        "loc": {
          "start": {
            "line": 6,
            "column": 29
          },
          "end": {
            "line": 94,
            "column": 1
          }
        },
        "line": 6
      },
      "1": {
        "name": "(anonymous_1)",
        "decl": {
          "start": {
            "line": 7,
            "column": 37
          },
          "end": {
            "line": 7,
            "column": 38
          }
        },
        "loc": {
          "start": {
            "line": 7,
            "column": 43
          },
          "end": {
            "line": 7,
            "column": 76
          }
        },
        "line": 7
      },
      "2": {
        "name": "(anonymous_2)",
        "decl": {
          "start": {
            "line": 13,
            "column": 12
          },
          "end": {
            "line": 13,
            "column": 13
          }
        },
        "loc": {
          "start": {
            "line": 13,
            "column": 18
          },
          "end": {
            "line": 20,
            "column": 3
          }
        },
        "line": 13
      },
      "3": {
        "name": "(anonymous_3)",
        "decl": {
          "start": {
            "line": 22,
            "column": 22
          },
          "end": {
            "line": 22,
            "column": 23
          }
        },
        "loc": {
          "start": {
            "line": 22,
            "column": 48
          },
          "end": {
            "line": 53,
            "column": 3
          }
        },
        "line": 22
      },
      "4": {
        "name": "(anonymous_4)",
        "decl": {
          "start": {
            "line": 32,
            "column": 42
          },
          "end": {
            "line": 32,
            "column": 43
          }
        },
        "loc": {
          "start": {
            "line": 32,
            "column": 48
          },
          "end": {
            "line": 32,
            "column": 52
          }
        },
        "line": 32
      },
      "5": {
        "name": "(anonymous_5)",
        "decl": {
          "start": {
            "line": 55,
            "column": 16
          },
          "end": {
            "line": 55,
            "column": 17
          }
        },
        "loc": {
          "start": {
            "line": 55,
            "column": 43
          },
          "end": {
            "line": 60,
            "column": 3
          }
        },
        "line": 55
      },
      "6": {
        "name": "(anonymous_6)",
        "decl": {
          "start": {
            "line": 62,
            "column": 19
          },
          "end": {
            "line": 62,
            "column": 20
          }
        },
        "loc": {
          "start": {
            "line": 62,
            "column": 63
          },
          "end": {
            "line": 74,
            "column": 3
          }
        },
        "line": 62
      },
      "7": {
        "name": "(anonymous_7)",
        "decl": {
          "start": {
            "line": 76,
            "column": 17
          },
          "end": {
            "line": 76,
            "column": 18
          }
        },
        "loc": {
          "start": {
            "line": 76,
            "column": 23
          },
          "end": {
            "line": 82,
            "column": 3
          }
        },
        "line": 76
      }
    },
    "branchMap": {
      "0": {
        "loc": {
          "start": {
            "line": 14,
            "column": 4
          },
          "end": {
            "line": 19,
            "column": 5
          }
        },
        "type": "if",
        "locations": [
          {
            "start": {
              "line": 14,
              "column": 4
            },
            "end": {
              "line": 19,
              "column": 5
            }
          },
          {
            "start": {},
            "end": {}
          }
        ],
        "line": 14
      },
      "1": {
        "loc": {
          "start": {
            "line": 16,
            "column": 6
          },
          "end": {
            "line": 18,
            "column": 7
          }
        },
        "type": "if",
        "locations": [
          {
            "start": {
              "line": 16,
              "column": 6
            },
            "end": {
              "line": 18,
              "column": 7
            }
          },
          {
            "start": {},
            "end": {}
          }
        ],
        "line": 16
      },
      "2": {
        "loc": {
          "start": {
            "line": 34,
            "column": 6
          },
          "end": {
            "line": 36,
            "column": 7
          }
        },
        "type": "if",
        "locations": [
          {
            "start": {
              "line": 34,
              "column": 6
            },
            "end": {
              "line": 36,
              "column": 7
            }
          },
          {
            "start": {},
            "end": {}
          }
        ],
        "line": 34
      },
      "3": {
        "loc": {
          "start": {
            "line": 35,
            "column": 24
          },
          "end": {
            "line": 35,
            "column": 64
          }
        },
        "type": "binary-expr",
        "locations": [
          {
            "start": {
              "line": 35,
              "column": 24
            },
            "end": {
              "line": 35,
              "column": 35
            }
          },
          {
            "start": {
              "line": 35,
              "column": 39
            },
            "end": {
              "line": 35,
              "column": 43
            }
          },
          {
            "start": {
              "line": 35,
              "column": 47
            },
            "end": {
              "line": 35,
              "column": 64
            }
          }
        ],
        "line": 35
      },
      "4": {
        "loc": {
          "start": {
            "line": 38,
            "column": 6
          },
          "end": {
            "line": 44,
            "column": 7
          }
        },
        "type": "if",
        "locations": [
          {
            "start": {
              "line": 38,
              "column": 6
            },
            "end": {
              "line": 44,
              "column": 7
            }
          },
          {
            "start": {},
            "end": {}
          }
        ],
        "line": 38
      },
      "5": {
        "loc": {
          "start": {
            "line": 38,
            "column": 10
          },
          "end": {
            "line": 38,
            "column": 34
          }
        },
        "type": "binary-expr",
        "locations": [
          {
            "start": {
              "line": 38,
              "column": 10
            },
            "end": {
              "line": 38,
              "column": 14
            }
          },
          {
            "start": {
              "line": 38,
              "column": 18
            },
            "end": {
              "line": 38,
              "column": 34
            }
          }
        ],
        "line": 38
      },
      "6": {
        "loc": {
          "start": {
            "line": 57,
            "column": 4
          },
          "end": {
            "line": 59,
            "column": 5
          }
        },
        "type": "if",
        "locations": [
          {
            "start": {
              "line": 57,
              "column": 4
            },
            "end": {
              "line": 59,
              "column": 5
            }
          },
          {
            "start": {},
            "end": {}
          }
        ],
        "line": 57
      },
      "7": {
        "loc": {
          "start": {
            "line": 70,
            "column": 4
          },
          "end": {
            "line": 73,
            "column": 5
          }
        },
        "type": "if",
        "locations": [
          {
            "start": {
              "line": 70,
              "column": 4
            },
            "end": {
              "line": 73,
              "column": 5
            }
          },
          {
            "start": {},
            "end": {}
          }
        ],
        "line": 70
      }
    },
    "s": {
      "0": 201,
      "1": 201,
      "2": 782,
      "3": 570,
      "4": 782,
      "5": 782,
      "6": 782,
      "7": 782,
      "8": 770,
      "9": 558,
      "10": 0,
      "11": 0,
      "12": 0,
      "13": 770,
      "14": 52,
      "15": 52,
      "16": 52,
      "17": 52,
      "18": 52,
      "19": 0,
      "20": 52,
      "21": 24,
      "22": 28,
      "23": 0,
      "24": 0,
      "25": 0,
      "26": 0,
      "27": 28,
      "28": 24,
      "29": 24,
      "30": 24,
      "31": 52,
      "32": 770,
      "33": 52,
      "34": 52,
      "35": 28,
      "36": 770,
      "37": 0,
      "38": 0,
      "39": 0,
      "40": 0,
      "41": 770,
      "42": 0,
      "43": 0,
      "44": 0,
      "45": 0,
      "46": 0,
      "47": 770
    },
    "f": {
      "0": 782,
      "1": 570,
      "2": 558,
      "3": 52,
      "4": 0,
      "5": 52,
      "6": 0,
      "7": 0
    },
    "b": {
      "0": [0, 558],
      "1": [0, 0],
      "2": [24, 28],
      "3": [24, 0, 0],
      "4": [0, 28],
      "5": [28, 28],
      "6": [28, 24],
      "7": [0, 0]
    },
    "inputSourceMap": {
      "version": 3,
      "sources": ["C:/Users/arsen/autowiki/src/hooks/useAuth.js"],
      "names": [],
      "mappings": "AAAA,MAAM,CAAC,CAAC,CAAC,QAAQ,CAAC,CAAC,SAAS,CAAC,CAAC,CAAC,IAAI,CAAC,CAAC,KAAK,CAAC;AAC3C,MAAM,CAAC,CAAC,CAAC,WAAW,CAAC,CAAC,CAAC,IAAI,CAAC,CAAC,KAAK,CAAC,MAAM,CAAC,GAAG,CAAC;;AAE9C,KAAK,CAAC,YAAY,CAAC,CAAC,CAAC,CAAC,IAAI,CAAC,CAAC,CAAC,SAAS,CAAC,IAAI,CAAC;;AAE5C,MAAM,CAAC,KAAK,CAAC,OAAO,CAAC,CAAC,CAAC,CAAC,CAAC,CAAC,CAAC,CAAC,CAAC;AAC7B,CAAC,CAAC,KAAK,CAAC,CAAC,KAAK,CAAC,CAAC,QAAQ,CAAC,CAAC,CAAC,CAAC,QAAQ,CAAC,CAAC,CAAC,CAAC,CAAC,CAAC,CAAC,YAAY,CAAC,OAAO,CAAC,CAAC,SAAS,CAAC,CAAC,CAAC;AAC7E,CAAC,CAAC,KAAK,CAAC,CAAC,IAAI,CAAC,CAAC,OAAO,CAAC,CAAC,CAAC,CAAC,QAAQ,CAAC,IAAI,CAAC;AACxC,CAAC,CAAC,KAAK,CAAC,CAAC,OAAO,CAAC,CAAC,UAAU,CAAC,CAAC,CAAC,CAAC,QAAQ,CAAC,KAAK,CAAC;AAC/C,CAAC,CAAC,KAAK,CAAC,CAAC,KAAK,CAAC,CAAC,QAAQ,CAAC,CAAC,CAAC,CAAC,QAAQ,CAAC,IAAI,CAAC;AAC1C,CAAC,CAAC,KAAK,CAAC,QAAQ,CAAC,CAAC,CAAC,WAAW,CAAC,CAAC;;AAEhC,CAAC,CAAC,SAAS,CAAC,CAAC,CAAC,CAAC,CAAC,CAAC,CAAC;AAClB,CAAC,CAAC,CAAC,CAAC,EAAE,CAAC,CAAC,KAAK,CAAC,CAAC;AACf,CAAC,CAAC,CAAC,CAAC,CAAC,CAAC,KAAK,CAAC,SAAS,CAAC,CAAC,CAAC,YAAY,CAAC,OAAO,CAAC,CAAC,IAAI,CAAC,CAAC;AACpD,CAAC,CAAC,CAAC,CAAC,CAAC,CAAC,EAAE,CAAC,CAAC,SAAS,CAAC,CAAC;AACrB,CAAC,CAAC,CAAC,CAAC,CAAC,CAAC,CAAC,CAAC,OAAO,CAAC,IAAI,CAAC,KAAK,CAAC,SAAS,CAAC,CAAC;AACtC,CAAC,CAAC,CAAC,CAAC,CAAC,CAAC;AACN,CAAC,CAAC,CAAC,CAAC;AACJ,CAAC,CAAC,CAAC,CAAC,CAAC,CAAC,KAAK,CAAC,CAAC;;AAEb,CAAC,CAAC,KAAK,CAAC,WAAW,CAAC,CAAC,CAAC,KAAK,CAAC,CAAC,QAAQ,CAAC,CAAC,IAAI,CAAC,CAAC,CAAC,CAAC,CAAC;AAChD,CAAC,CAAC,CAAC,CAAC,UAAU,CAAC,IAAI,CAAC;AACpB,CAAC,CAAC,CAAC,CAAC,QAAQ,CAAC,IAAI,CAAC;AAClB,CAAC,CAAC,CAAC,CAAC,GAAG,CAAC;AACR,CAAC,CAAC,CAAC,CAAC,CAAC,CAAC,KAAK,CAAC,GAAG,CAAC,CAAC,CAAC,KAAK,CAAC,KAAK,CAAC,CAAC,CAAC,CAAC,YAAY,CAAC,CAAC,CAAC,QAAQ,CAAC,CAAC,CAAC,CAAC;AAC5D,CAAC,CAAC,CAAC,CAAC,CAAC,CAAC,CAAC,CAAC,MAAM,CAAC,CAAC,CAAC,IAAI,CAAC;AACtB,CAAC,CAAC,CAAC,CAAC,CAAC,CAAC,CAAC,CAAC,OAAO,CAAC,CAAC,CAAC,CAAC,CAAC,OAAO,CAAC,IAAI,CAAC,CAAC,CAAC,CAAC,WAAW,CAAC,IAAI,CAAC,CAAC,CAAC;AACvD,CAAC,CAAC,CAAC,CAAC,CAAC,CAAC,CAAC,CAAC,IAAI,CAAC,CAAC,IAAI,CAAC,SAAS,CAAC,IAAI,CAAC;AAClC,CAAC,CAAC,CAAC,CAAC,CAAC,CAAC,CAAC,CAAC;;AAER,CAAC,CAAC,CAAC,CAAC,CAAC,CAAC,KAAK,CAAC,IAAI,CAAC,CAAC,CAAC,KAAK,CAAC,GAAG,CAAC,IAAI,CAAC,CAAC,CAAC,KAAK,CAAC,CAAC,CAAC,CAAC,CAAC,CAAC,CAAC,IAAI,CAAC;;AAErD,CAAC,CAAC,CAAC,CAAC,CAAC,CAAC,EAAE,CAAC,CAAC,CAAC,GAAG,CAAC,EAAE,CAAC,CAAC;AACnB,CAAC,CAAC,CAAC,CAAC,CAAC,CAAC,CAAC,CAAC,KAAK,CAAC,GAAG,CAAC,KAAK,CAAC,IAAI,CAAC,CAAC,KAAK,CAAC,CAAC,CAAC,CAAC,IAAI,CAAC,CAAC,CAAC,CAAC,CAAC,CAAC,CAAC,CAAC,CAAC,CAAC,CAAC,CAAC,CAAC,CAAC,CAAC,CAAC,CAAC,CAAC,CAAC,CAAC,CAAC,CAAC;AACjE,CAAC,CAAC,CAAC,CAAC,CAAC,CAAC;;AAEN,CAAC,CAAC,CAAC,CAAC,CAAC,CAAC,EAAE,CAAC,CAAC,IAAI,CAAC,CAAC,CAAC,CAAC,IAAI,CAAC,WAAW,CAAC,CAAC;AACpC,CAAC,CAAC,CAAC,CAAC,CAAC,CAAC,CAAC,CAAC,YAAY,CAAC,OAAO,CAAC,CAAC,SAAS,CAAC,CAAC,CAAC,IAAI,CAAC,WAAW,CAAC;AAC3D,CAAC,CAAC,CAAC,CAAC,CAAC,CAAC,CAAC,CAAC,YAAY,CAAC,OAAO,CAAC,CAAC,IAAI,CAAC,CAAC,CAAC,IAAI,CAAC,SAAS,CAAC,IAAI,CAAC,IAAI,CAAC,CAAC;;AAE/D,CAAC,CAAC,CAAC,CAAC,CAAC,CAAC,CAAC,CAAC,QAAQ,CAAC,IAAI,CAAC,WAAW,CAAC;AAClC,CAAC,CAAC,CAAC,CAAC,CAAC,CAAC,CAAC,CAAC,OAAO,CAAC,IAAI,CAAC,IAAI,CAAC;AAC1B,CAAC,CAAC,CAAC,CAAC,CAAC,CAAC;AACN,CAAC,CAAC,CAAC,CAAC,CAAC,CAAC,MAAM,CAAC,CAAC,CAAC,OAAO,CAAC,CAAC,IAAI,CAAC,CAAC;AAC9B,CAAC,CAAC,CAAC,CAAC,CAAC,CAAC,KAAK,CAAC,CAAC,GAAG,CAAC,CAAC;AAClB,CAAC,CAAC,CAAC,CAAC,CAAC,CAAC,OAAO,CAAC,KAAK,CAAC,CAAC,IAAI,CAAC,KAAK,CAAC,CAAC,CAAC,CAAC,GAAG,CAAC,OAAO,CAAC;AAC/C,CAAC,CAAC,CAAC,CAAC,CAAC,CAAC,QAAQ,CAAC,GAAG,CAAC,OAAO,CAAC;AAC3B,CAAC,CAAC,CAAC,CAAC,CAAC,CAAC,MAAM,CAAC,CAAC,CAAC,OAAO,CAAC,CAAC,KAAK,CAAC,CAAC,OAAO,CAAC,CAAC,GAAG,CAAC,OAAO,CAAC,CAAC;AACrD,CAAC,CAAC,CAAC,CAAC,CAAC,CAAC,OAAO,CAAC;AACd,CAAC,CAAC,CAAC,CAAC,CAAC,CAAC,UAAU,CAAC,KAAK,CAAC;AACvB,CAAC,CAAC,CAAC,CAAC;AACJ,CAAC,CAAC,CAAC;;AAEH,CAAC,CAAC,KAAK,CAAC,KAAK,CAAC,CAAC,CAAC,KAAK,CAAC,CAAC,KAAK,CAAC,CAAC,QAAQ,CAAC,CAAC,CAAC,CAAC,CAAC;AAC3C,CAAC,CAAC,CAAC,CAAC,KAAK,CAAC,MAAM,CAAC,CAAC,CAAC,KAAK,CAAC,WAAW,CAAC,CAAC,CAAC,KAAK,CAAC,CAAC,CAAC,CAAC,CAAC,KAAK,CAAC,CAAC,QAAQ,CAAC,CAAC,CAAC;AACnE,CAAC,CAAC,CAAC,CAAC,EAAE,CAAC,CAAC,MAAM,CAAC,OAAO,CAAC,CAAC;AACxB,CAAC,CAAC,CAAC,CAAC,CAAC,CAAC,QAAQ,CAAC,CAAC,CAAC,CAAC,CAAC;AACnB,CAAC,CAAC,CAAC,CAAC;AACJ,CAAC,CAAC,CAAC;;AAEH,CAAC,CAAC,KAAK,CAAC,QAAQ,CAAC,CAAC,CAAC,KAAK,CAAC,CAAC,KAAK,CAAC,CAAC,QAAQ,CAAC,CAAC,IAAI,CAAC,CAAC,SAAS,CAAC,CAAC,CAAC,CAAC,CAAC;AAC/D,CAAC,CAAC,CAAC,CAAC,KAAK,CAAC,MAAM,CAAC,CAAC,CAAC,KAAK,CAAC,WAAW,CAAC,CAAC,CAAC,QAAQ,CAAC,CAAC,CAAC;AAClD,CAAC,CAAC,CAAC,CAAC,CAAC,CAAC,KAAK;AACX,CAAC,CAAC,CAAC,CAAC,CAAC,CAAC,QAAQ;AACd,CAAC,CAAC,CAAC,CAAC,CAAC,CAAC,IAAI;AACV,CAAC,CAAC,CAAC,CAAC,CAAC,CAAC,SAAS;AACf,CAAC,CAAC,CAAC,CAAC,CAAC,CAAC;;AAEN,CAAC,CAAC,CAAC,CAAC,EAAE,CAAC,CAAC,MAAM,CAAC,OAAO,CAAC,CAAC;AACxB,CAAC,CAAC,CAAC,CAAC,CAAC,CAAC,KAAK,CAAC,CAAC,CAAC,CAAC,CAAC,CAAC,CAAC,CAAC,CAAC,CAAC,CAAC,CAAC,CAAC,CAAC,CAAC,CAAC,CAAC,CAAC,CAAC,CAAC,CAAC,CAAC,CAAC,CAAC,CAAC,CAAC,CAAC,CAAC,CAAC,CAAC,CAAC,CAAC,CAAC,CAAC,CAAC,CAAC,CAAC,CAAC,CAAC,CAAC,CAAC,CAAC,CAAC,CAAC,CAAC,CAAC,CAAC;AAC1D,CAAC,CAAC,CAAC,CAAC,CAAC,CAAC,QAAQ,CAAC,CAAC,CAAC,CAAC,CAAC;AACnB,CAAC,CAAC,CAAC,CAAC;AACJ,CAAC,CAAC,CAAC;;AAEH,CAAC,CAAC,KAAK,CAAC,MAAM,CAAC,CAAC,CAAC,CAAC,CAAC,CAAC,CAAC,CAAC,CAAC;AACvB,CAAC,CAAC,CAAC,CAAC,YAAY,CAAC,UAAU,CAAC,CAAC,SAAS,CAAC,CAAC;AACxC,CAAC,CAAC,CAAC,CAAC,YAAY,CAAC,UAAU,CAAC,CAAC,IAAI,CAAC,CAAC;AACnC,CAAC,CAAC,CAAC,CAAC,QAAQ,CAAC,IAAI,CAAC;AAClB,CAAC,CAAC,CAAC,CAAC,OAAO,CAAC,IAAI,CAAC;AACjB,CAAC,CAAC,CAAC,CAAC,QAAQ,CAAC,CAAC,CAAC,CAAC,CAAC;AACjB,CAAC,CAAC,CAAC;;AAEH,CAAC,CAAC,MAAM,CAAC;AACT,CAAC,CAAC,CAAC,CAAC,KAAK;AACT,CAAC,CAAC,CAAC,CAAC,IAAI;AACR,CAAC,CAAC,CAAC,CAAC,OAAO;AACX,CAAC,CAAC,CAAC,CAAC,KAAK;AACT,CAAC,CAAC,CAAC,CAAC,UAAU,CAAC,CAAC,CAAC,CAAC,KAAK;AACvB,CAAC,CAAC,CAAC,CAAC,KAAK;AACT,CAAC,CAAC,CAAC,CAAC,QAAQ;AACZ,CAAC,CAAC,CAAC,CAAC,MAAM;AACV,CAAC,CAAC,CAAC;AACH,CAAC;"
    },
    "_coverageSchema": "1a1c01bbd47fc00a2c39e90264f33305004495a9",
    "hash": "bd2658d72ea1949e1fc27a52889f979ee4f4b31f"
  },
  "C:/Users/arsen/autowiki/src/context/AuthContext.jsx": {
    "path": "C:/Users/arsen/autowiki/src/context/AuthContext.jsx",
    "statementMap": {
      "0": {
        "start": {
          "line": 2,
          "column": 9
        },
        "end": {
          "line": 2,
          "column": 23
        }
      },
      "1": {
        "start": {
          "line": 2,
          "column": 31
        },
        "end": {
          "line": 2,
          "column": 45
        }
      },
      "2": {
        "start": {
          "line": 5,
          "column": 27
        },
        "end": {
          "line": 5,
          "column": 46
        }
      },
      "3": {
        "start": {
          "line": 6,
          "column": 28
        },
        "end": {
          "line": 14,
          "column": 1
        }
      },
      "4": {
        "start": {
          "line": 7,
          "column": 2
        },
        "end": {
          "line": 7,
          "column": 7
        }
      },
      "5": {
        "start": {
          "line": 8,
          "column": 15
        },
        "end": {
          "line": 8,
          "column": 24
        }
      },
      "6": {
        "start": {
          "line": 9,
          "column": 2
        },
        "end": {
          "line": 13,
          "column": 11
        }
      },
      "7": {
        "start": {
          "line": 15,
          "column": 0
        },
        "end": {
          "line": 17,
          "column": 3
        }
      },
      "8": {
        "start": {
          "line": 16,
          "column": 2
        },
        "end": {
          "line": 16,
          "column": 19
        }
      },
      "9": {
        "start": {
          "line": 18,
          "column": 0
        },
        "end": {
          "line": 18,
          "column": 18
        }
      },
      "10": {
        "start": {
          "line": 19,
          "column": 30
        },
        "end": {
          "line": 28,
          "column": 1
        }
      },
      "11": {
        "start": {
          "line": 20,
          "column": 2
        },
        "end": {
          "line": 20,
          "column": 8
        }
      },
      "12": {
        "start": {
          "line": 21,
          "column": 18
        },
        "end": {
          "line": 21,
          "column": 41
        }
      },
      "13": {
        "start": {
          "line": 22,
          "column": 2
        },
        "end": {
          "line": 26,
          "column": 3
        }
      },
      "14": {
        "start": {
          "line": 23,
          "column": 4
        },
        "end": {
          "line": 25,
          "column": 6
        }
      },
      "15": {
        "start": {
          "line": 27,
          "column": 2
        },
        "end": {
          "line": 27,
          "column": 17
        }
      },
      "16": {
        "start": {
          "line": 29,
          "column": 0
        },
        "end": {
          "line": 29,
          "column": 52
        }
      },
      "17": {
        "start": {
          "line": 31,
          "column": 0
        },
        "end": {
          "line": 31,
          "column": 33
        }
      },
      "18": {
        "start": {
          "line": 33,
          "column": 20
        },
        "end": {
          "line": 33,
          "column": 97
        }
      },
      "19": {
        "start": {
          "line": 34,
          "column": 0
        },
        "end": {
          "line": 48,
          "column": 1
        }
      },
      "20": {
        "start": {
          "line": 35,
          "column": 2
        },
        "end": {
          "line": 39,
          "column": 3
        }
      },
      "21": {
        "start": {
          "line": 36,
          "column": 4
        },
        "end": {
          "line": 38,
          "column": 6
        }
      },
      "22": {
        "start": {
          "line": 40,
          "column": 2
        },
        "end": {
          "line": 47,
          "column": 5
        }
      },
      "23": {
        "start": {
          "line": 41,
          "column": 4
        },
        "end": {
          "line": 41,
          "column": 121
        }
      },
      "24": {
        "start": {
          "line": 42,
          "column": 4
        },
        "end": {
          "line": 46,
          "column": 7
        }
      },
      "25": {
        "start": {
          "line": 43,
          "column": 6
        },
        "end": {
          "line": 43,
          "column": 31
        }
      },
      "26": {
        "start": {
          "line": 43,
          "column": 24
        },
        "end": {
          "line": 43,
          "column": 31
        }
      },
      "27": {
        "start": {
          "line": 44,
          "column": 32
        },
        "end": {
          "line": 44,
          "column": 170
        }
      },
      "28": {
        "start": {
          "line": 45,
          "column": 6
        },
        "end": {
          "line": 45,
          "column": 75
        }
      },
      "29": {
        "start": {
          "line": 45,
          "column": 29
        },
        "end": {
          "line": 45,
          "column": 75
        }
      },
      "30": {
        "start": {
          "line": 50,
          "column": 2
        },
        "end": {
          "line": 50,
          "column": 100
        }
      },
      "31": {
        "start": {
          "line": 53,
          "column": 2
        },
        "end": {
          "line": 53,
          "column": 62
        }
      },
      "32": {
        "start": {
          "line": 4,
          "column": 27
        },
        "end": {
          "line": 4,
          "column": 46
        }
      },
      "33": {
        "start": {
          "line": 5,
          "column": 28
        },
        "end": {
          "line": 12,
          "column": 1
        }
      },
      "34": {
        "start": {
          "line": 6,
          "column": 15
        },
        "end": {
          "line": 6,
          "column": 24
        }
      },
      "35": {
        "start": {
          "line": 7,
          "column": 2
        },
        "end": {
          "line": 11,
          "column": 11
        }
      },
      "36": {
        "start": {
          "line": 13,
          "column": 30
        },
        "end": {
          "line": 21,
          "column": 1
        }
      },
      "37": {
        "start": {
          "line": 14,
          "column": 18
        },
        "end": {
          "line": 14,
          "column": 41
        }
      },
      "38": {
        "start": {
          "line": 15,
          "column": 2
        },
        "end": {
          "line": 19,
          "column": 3
        }
      },
      "39": {
        "start": {
          "line": 16,
          "column": 4
        },
        "end": {
          "line": 18,
          "column": 6
        }
      },
      "40": {
        "start": {
          "line": 20,
          "column": 2
        },
        "end": {
          "line": 20,
          "column": 17
        }
      }
    },
    "fnMap": {
      "0": {
        "name": "(anonymous_0)",
        "decl": {
          "start": {
            "line": 6,
            "column": 28
          },
          "end": {
            "line": 6,
            "column": 29
          }
        },
        "loc": {
          "start": {
            "line": 6,
            "column": 46
          },
          "end": {
            "line": 14,
            "column": 1
          }
        },
        "line": 6
      },
      "1": {
        "name": "(anonymous_1)",
        "decl": {
          "start": {
            "line": 15,
            "column": 56
          },
          "end": {
            "line": 15,
            "column": 57
          }
        },
        "loc": {
          "start": {
            "line": 15,
            "column": 67
          },
          "end": {
            "line": 17,
            "column": 1
          }
        },
        "line": 15
      },
      "2": {
        "name": "(anonymous_2)",
        "decl": {
          "start": {
            "line": 19,
            "column": 30
          },
          "end": {
            "line": 19,
            "column": 31
          }
        },
        "loc": {
          "start": {
            "line": 19,
            "column": 36
          },
          "end": {
            "line": 28,
            "column": 1
          }
        },
        "line": 19
      },
      "3": {
        "name": "(anonymous_3)",
        "decl": {
          "start": {
            "line": 40,
            "column": 52
          },
          "end": {
            "line": 40,
            "column": 53
          }
        },
        "loc": {
          "start": {
            "line": 40,
            "column": 72
          },
          "end": {
            "line": 47,
            "column": 3
          }
        },
        "line": 40
      },
      "4": {
        "name": "(anonymous_4)",
        "decl": {
          "start": {
            "line": 42,
            "column": 27
          },
          "end": {
            "line": 42,
            "column": 28
          }
        },
        "loc": {
          "start": {
            "line": 42,
            "column": 44
          },
          "end": {
            "line": 46,
            "column": 5
          }
        },
        "line": 42
      },
      "5": {
        "name": "$RefreshReg$",
        "decl": {
          "start": {
            "line": 49,
            "column": 9
          },
          "end": {
            "line": 49,
            "column": 21
          }
        },
        "loc": {
          "start": {
            "line": 49,
            "column": 32
          },
          "end": {
            "line": 51,
            "column": 1
          }
        },
        "line": 49
      },
      "6": {
        "name": "$RefreshSig$",
        "decl": {
          "start": {
            "line": 52,
            "column": 9
          },
          "end": {
            "line": 52,
            "column": 21
          }
        },
        "loc": {
          "start": {
            "line": 52,
            "column": 24
          },
          "end": {
            "line": 54,
            "column": 1
          }
        },
        "line": 52
      },
      "7": {
        "name": "(anonymous_0)",
        "decl": {
          "start": {
            "line": 5,
            "column": 28
          },
          "end": {
            "line": 5,
            "column": 29
          }
        },
        "loc": {
          "start": {
            "line": 5,
            "column": 46
          },
          "end": {
            "line": 12,
            "column": 1
          }
        },
        "line": 5
      },
      "8": {
        "name": "(anonymous_1)",
        "decl": {
          "start": {
            "line": 13,
            "column": 30
          },
          "end": {
            "line": 13,
            "column": 31
          }
        },
        "loc": {
          "start": {
            "line": 13,
            "column": 36
          },
          "end": {
            "line": 21,
            "column": 1
          }
        },
        "line": 13
      }
    },
    "branchMap": {
      "0": {
        "loc": {
          "start": {
            "line": 22,
            "column": 2
          },
          "end": {
            "line": 26,
            "column": 3
          }
        },
        "type": "if",
        "locations": [
          {
            "start": {
              "line": 22,
              "column": 2
            },
            "end": {
              "line": 26,
              "column": 3
            }
          },
          {
            "start": {},
            "end": {}
          }
        ],
        "line": 22
      },
      "1": {
        "loc": {
          "start": {
            "line": 33,
            "column": 20
          },
          "end": {
            "line": 33,
            "column": 97
          }
        },
        "type": "binary-expr",
        "locations": [
          {
            "start": {
              "line": 33,
              "column": 20
            },
            "end": {
              "line": 33,
              "column": 60
            }
          },
          {
            "start": {
              "line": 33,
              "column": 64
            },
            "end": {
              "line": 33,
              "column": 97
            }
          }
        ],
        "line": 33
      },
      "2": {
        "loc": {
          "start": {
            "line": 34,
            "column": 0
          },
          "end": {
            "line": 48,
            "column": 1
          }
        },
        "type": "if",
        "locations": [
          {
            "start": {
              "line": 34,
              "column": 0
            },
            "end": {
              "line": 48,
              "column": 1
            }
          },
          {
            "start": {},
            "end": {}
          }
        ],
        "line": 34
      },
      "3": {
        "loc": {
          "start": {
            "line": 34,
            "column": 4
          },
          "end": {
            "line": 34,
            "column": 35
          }
        },
        "type": "binary-expr",
        "locations": [
          {
            "start": {
              "line": 34,
              "column": 4
            },
            "end": {
              "line": 34,
              "column": 19
            }
          },
          {
            "start": {
              "line": 34,
              "column": 23
            },
            "end": {
              "line": 34,
              "column": 35
            }
          }
        ],
        "line": 34
      },
      "4": {
        "loc": {
          "start": {
            "line": 35,
            "column": 2
          },
          "end": {
            "line": 39,
            "column": 3
          }
        },
        "type": "if",
        "locations": [
          {
            "start": {
              "line": 35,
              "column": 2
            },
            "end": {
              "line": 39,
              "column": 3
            }
          },
          {
            "start": {},
            "end": {}
          }
        ],
        "line": 35
      },
      "5": {
        "loc": {
          "start": {
            "line": 43,
            "column": 6
          },
          "end": {
            "line": 43,
            "column": 31
          }
        },
        "type": "if",
        "locations": [
          {
            "start": {
              "line": 43,
              "column": 6
            },
            "end": {
              "line": 43,
              "column": 31
            }
          },
          {
            "start": {},
            "end": {}
          }
        ],
        "line": 43
      },
      "6": {
        "loc": {
          "start": {
            "line": 45,
            "column": 6
          },
          "end": {
            "line": 45,
            "column": 75
          }
        },
        "type": "if",
        "locations": [
          {
            "start": {
              "line": 45,
              "column": 6
            },
            "end": {
              "line": 45,
              "column": 75
            }
          },
          {
            "start": {},
            "end": {}
          }
        ],
        "line": 45
      },
      "7": {
        "loc": {
          "start": {
            "line": 15,
            "column": 2
          },
          "end": {
            "line": 19,
            "column": 3
          }
        },
        "type": "if",
        "locations": [
          {
            "start": {
              "line": 15,
              "column": 2
            },
            "end": {
              "line": 19,
              "column": 3
            }
          },
          {
            "start": {},
            "end": {}
          }
        ],
        "line": 15
      }
    },
    "s": {
      "0": 5,
      "1": 5,
      "2": 5,
      "3": 5,
      "4": 770,
      "5": 770,
      "6": 14,
      "7": 201,
      "8": 2934,
      "9": 2934,
      "10": 5,
      "11": 2931,
      "12": 14,
      "13": 14,
      "14": 0,
      "15": 14,
      "16": 5,
      "17": 5,
      "18": 5,
      "19": 5,
      "20": 5,
      "21": 0,
      "22": 5,
      "23": 5,
      "24": 5,
      "25": 0,
      "26": 0,
      "27": 0,
      "28": 0,
      "29": 0,
      "30": 5,
      "31": 10,
      "32": 196,
      "33": 196,
      "34": 768,
      "35": 761,
      "36": 196,
      "37": 2935,
      "38": 2929,
      "39": 12,
      "40": 2922
    },
    "f": {
      "0": 14,
      "1": 2940,
      "2": 14,
      "3": 5,
      "4": 0,
      "5": 5,
      "6": 10,
      "7": 768,
      "8": 2935
    },
    "b": {
      "0": [0, 14],
      "1": [5, 0],
      "2": [5, 0],
      "3": [5, 5],
      "4": [0, 5],
      "5": [0, 0],
      "6": [0, 0],
      "7": [12, 2917]
    },
    "inputSourceMap": {
      "version": 3,
      "mappings": "AAQS;;AART,SAASA,eAAeC,kBAAkB;AAC1C,SAASC,eAAe;AAEjB,aAAMC,cAAcH,cAAc,IAAI;AAEtC,aAAMI,eAAeA,CAAC,EAAEC,SAAS,MAAM;AAAAC,KAAA;AAC5C,QAAMC,OAAOL,QAAQ;AAErB,SAAO,uBAAC,YAAY,UAAZ,EAAqB,OAAOK,MAAOF,YAApC;AAAA;AAAA;AAAA;AAAA,SAA6C;AACtD;AAAEC,GAJWF,cAAY;AAAA,UACVF,OAAO;AAAA;AAAAM,KADTJ;AAMN,aAAMK,iBAAiBA,MAAM;AAAAC,MAAA;AAClC,QAAMC,UAAUV,WAAWE,WAAW;AACtC,MAAIQ,YAAY,MAAM;AACpB,UAAM,IAAIC;AAAAA,MACR;AAAA,IACF;AAAA,EACF;AACA,SAAOD;AACT;AAAED,IARWD,gBAAc;AAAA,IAAAD;AAAAK,aAAAL,IAAA",
      "names": [
        "createContext",
        "useContext",
        "useAuth",
        "AuthContext",
        "AuthProvider",
        "children",
        "_s",
        "auth",
        "_c",
        "useAuthContext",
        "_s2",
        "context",
        "Error",
        "$RefreshReg$"
      ],
      "ignoreList": [],
      "sources": ["C:/Users/arsen/autowiki/src/context/AuthContext.jsx"],
      "file": "C:/Users/arsen/autowiki/src/context/AuthContext.jsx"
    },
    "_coverageSchema": "1a1c01bbd47fc00a2c39e90264f33305004495a9",
    "hash": "f3d5236bcceac5055eead526819d85d52ed0d98f"
  },
  "C:/Users/arsen/autowiki/src/components/Header.jsx": {
    "path": "C:/Users/arsen/autowiki/src/components/Header.jsx",
    "statementMap": {
      "0": {
        "start": {
          "line": 2,
          "column": 9
        },
        "end": {
          "line": 2,
          "column": 23
        }
      },
      "1": {
        "start": {
          "line": 6,
          "column": 15
        },
        "end": {
          "line": 59,
          "column": 1
        }
      },
      "2": {
        "start": {
          "line": 7,
          "column": 2
        },
        "end": {
          "line": 7,
          "column": 7
        }
      },
      "3": {
        "start": {
          "line": 8,
          "column": 33
        },
        "end": {
          "line": 8,
          "column": 49
        }
      },
      "4": {
        "start": {
          "line": 9,
          "column": 2
        },
        "end": {
          "line": 58,
          "column": 11
        }
      },
      "5": {
        "start": {
          "line": 60,
          "column": 0
        },
        "end": {
          "line": 62,
          "column": 3
        }
      },
      "6": {
        "start": {
          "line": 61,
          "column": 2
        },
        "end": {
          "line": 61,
          "column": 26
        }
      },
      "7": {
        "start": {
          "line": 63,
          "column": 0
        },
        "end": {
          "line": 63,
          "column": 12
        }
      },
      "8": {
        "start": {
          "line": 66,
          "column": 0
        },
        "end": {
          "line": 66,
          "column": 27
        }
      },
      "9": {
        "start": {
          "line": 68,
          "column": 20
        },
        "end": {
          "line": 68,
          "column": 97
        }
      },
      "10": {
        "start": {
          "line": 69,
          "column": 0
        },
        "end": {
          "line": 83,
          "column": 1
        }
      },
      "11": {
        "start": {
          "line": 70,
          "column": 2
        },
        "end": {
          "line": 74,
          "column": 3
        }
      },
      "12": {
        "start": {
          "line": 71,
          "column": 4
        },
        "end": {
          "line": 73,
          "column": 6
        }
      },
      "13": {
        "start": {
          "line": 75,
          "column": 2
        },
        "end": {
          "line": 82,
          "column": 5
        }
      },
      "14": {
        "start": {
          "line": 76,
          "column": 4
        },
        "end": {
          "line": 76,
          "column": 119
        }
      },
      "15": {
        "start": {
          "line": 77,
          "column": 4
        },
        "end": {
          "line": 81,
          "column": 7
        }
      },
      "16": {
        "start": {
          "line": 78,
          "column": 6
        },
        "end": {
          "line": 78,
          "column": 31
        }
      },
      "17": {
        "start": {
          "line": 78,
          "column": 24
        },
        "end": {
          "line": 78,
          "column": 31
        }
      },
      "18": {
        "start": {
          "line": 79,
          "column": 32
        },
        "end": {
          "line": 79,
          "column": 168
        }
      },
      "19": {
        "start": {
          "line": 80,
          "column": 6
        },
        "end": {
          "line": 80,
          "column": 75
        }
      },
      "20": {
        "start": {
          "line": 80,
          "column": 29
        },
        "end": {
          "line": 80,
          "column": 75
        }
      },
      "21": {
        "start": {
          "line": 85,
          "column": 2
        },
        "end": {
          "line": 85,
          "column": 98
        }
      },
      "22": {
        "start": {
          "line": 88,
          "column": 2
        },
        "end": {
          "line": 88,
          "column": 62
        }
      },
      "23": {
        "start": {
          "line": 5,
          "column": 15
        },
        "end": {
          "line": 57,
          "column": 1
        }
      },
      "24": {
        "start": {
          "line": 6,
          "column": 33
        },
        "end": {
          "line": 6,
          "column": 49
        }
      },
      "25": {
        "start": {
          "line": 7,
          "column": 2
        },
        "end": {
          "line": 56,
          "column": 11
        }
      }
    },
    "fnMap": {
      "0": {
        "name": "(anonymous_0)",
        "decl": {
          "start": {
            "line": 6,
            "column": 15
          },
          "end": {
            "line": 6,
            "column": 16
          }
        },
        "loc": {
          "start": {
            "line": 6,
            "column": 21
          },
          "end": {
            "line": 59,
            "column": 1
          }
        },
        "line": 6
      },
      "1": {
        "name": "(anonymous_1)",
        "decl": {
          "start": {
            "line": 60,
            "column": 50
          },
          "end": {
            "line": 60,
            "column": 51
          }
        },
        "loc": {
          "start": {
            "line": 60,
            "column": 61
          },
          "end": {
            "line": 62,
            "column": 1
          }
        },
        "line": 60
      },
      "2": {
        "name": "(anonymous_2)",
        "decl": {
          "start": {
            "line": 75,
            "column": 52
          },
          "end": {
            "line": 75,
            "column": 53
          }
        },
        "loc": {
          "start": {
            "line": 75,
            "column": 72
          },
          "end": {
            "line": 82,
            "column": 3
          }
        },
        "line": 75
      },
      "3": {
        "name": "(anonymous_3)",
        "decl": {
          "start": {
            "line": 77,
            "column": 27
          },
          "end": {
            "line": 77,
            "column": 28
          }
        },
        "loc": {
          "start": {
            "line": 77,
            "column": 44
          },
          "end": {
            "line": 81,
            "column": 5
          }
        },
        "line": 77
      },
      "4": {
        "name": "$RefreshReg$",
        "decl": {
          "start": {
            "line": 84,
            "column": 9
          },
          "end": {
            "line": 84,
            "column": 21
          }
        },
        "loc": {
          "start": {
            "line": 84,
            "column": 32
          },
          "end": {
            "line": 86,
            "column": 1
          }
        },
        "line": 84
      },
      "5": {
        "name": "$RefreshSig$",
        "decl": {
          "start": {
            "line": 87,
            "column": 9
          },
          "end": {
            "line": 87,
            "column": 21
          }
        },
        "loc": {
          "start": {
            "line": 87,
            "column": 24
          },
          "end": {
            "line": 89,
            "column": 1
          }
        },
        "line": 87
      },
      "6": {
        "name": "(anonymous_0)",
        "decl": {
          "start": {
            "line": 5,
            "column": 15
          },
          "end": {
            "line": 5,
            "column": 16
          }
        },
        "loc": {
          "start": {
            "line": 5,
            "column": 21
          },
          "end": {
            "line": 57,
            "column": 1
          }
        },
        "line": 5
      }
    },
    "branchMap": {
      "0": {
        "loc": {
          "start": {
            "line": 25,
            "column": 6
          },
          "end": {
            "line": 44,
            "column": 14
          }
        },
        "type": "cond-expr",
        "locations": [
          {
            "start": {
              "line": 25,
              "column": 35
            },
            "end": {
              "line": 40,
              "column": 14
            }
          },
          {
            "start": {
              "line": 40,
              "column": 33
            },
            "end": {
              "line": 44,
              "column": 14
            }
          }
        ],
        "line": 25
      },
      "1": {
        "loc": {
          "start": {
            "line": 68,
            "column": 20
          },
          "end": {
            "line": 68,
            "column": 97
          }
        },
        "type": "binary-expr",
        "locations": [
          {
            "start": {
              "line": 68,
              "column": 20
            },
            "end": {
              "line": 68,
              "column": 60
            }
          },
          {
            "start": {
              "line": 68,
              "column": 64
            },
            "end": {
              "line": 68,
              "column": 97
            }
          }
        ],
        "line": 68
      },
      "2": {
        "loc": {
          "start": {
            "line": 69,
            "column": 0
          },
          "end": {
            "line": 83,
            "column": 1
          }
        },
        "type": "if",
        "locations": [
          {
            "start": {
              "line": 69,
              "column": 0
            },
            "end": {
              "line": 83,
              "column": 1
            }
          },
          {
            "start": {},
            "end": {}
          }
        ],
        "line": 69
      },
      "3": {
        "loc": {
          "start": {
            "line": 69,
            "column": 4
          },
          "end": {
            "line": 69,
            "column": 35
          }
        },
        "type": "binary-expr",
        "locations": [
          {
            "start": {
              "line": 69,
              "column": 4
            },
            "end": {
              "line": 69,
              "column": 19
            }
          },
          {
            "start": {
              "line": 69,
              "column": 23
            },
            "end": {
              "line": 69,
              "column": 35
            }
          }
        ],
        "line": 69
      },
      "4": {
        "loc": {
          "start": {
            "line": 70,
            "column": 2
          },
          "end": {
            "line": 74,
            "column": 3
          }
        },
        "type": "if",
        "locations": [
          {
            "start": {
              "line": 70,
              "column": 2
            },
            "end": {
              "line": 74,
              "column": 3
            }
          },
          {
            "start": {},
            "end": {}
          }
        ],
        "line": 70
      },
      "5": {
        "loc": {
          "start": {
            "line": 78,
            "column": 6
          },
          "end": {
            "line": 78,
            "column": 31
          }
        },
        "type": "if",
        "locations": [
          {
            "start": {
              "line": 78,
              "column": 6
            },
            "end": {
              "line": 78,
              "column": 31
            }
          },
          {
            "start": {},
            "end": {}
          }
        ],
        "line": 78
      },
      "6": {
        "loc": {
          "start": {
            "line": 80,
            "column": 6
          },
          "end": {
            "line": 80,
            "column": 75
          }
        },
        "type": "if",
        "locations": [
          {
            "start": {
              "line": 80,
              "column": 6
            },
            "end": {
              "line": 80,
              "column": 75
            }
          },
          {
            "start": {},
            "end": {}
          }
        ],
        "line": 80
      },
      "7": {
        "loc": {
          "start": {
            "line": 23,
            "column": 6
          },
          "end": {
            "line": 42,
            "column": 14
          }
        },
        "type": "cond-expr",
        "locations": [
          {
            "start": {
              "line": 23,
              "column": 35
            },
            "end": {
              "line": 38,
              "column": 14
            }
          },
          {
            "start": {
              "line": 38,
              "column": 33
            },
            "end": {
              "line": 42,
              "column": 14
            }
          }
        ],
        "line": 23
      }
    },
    "s": {
      "0": 5,
      "1": 5,
      "2": 1219,
      "3": 1219,
      "4": 14,
      "5": 5,
      "6": 5,
      "7": 5,
      "8": 5,
      "9": 5,
      "10": 5,
      "11": 5,
      "12": 0,
      "13": 5,
      "14": 5,
      "15": 5,
      "16": 0,
      "17": 0,
      "18": 0,
      "19": 0,
      "20": 0,
      "21": 5,
      "22": 5,
      "23": 136,
      "24": 1210,
      "25": 1210
    },
    "f": {
      "0": 14,
      "1": 5,
      "2": 5,
      "3": 0,
      "4": 5,
      "5": 5,
      "6": 1205
    },
    "b": {
      "0": [0, 14],
      "1": [5, 0],
      "2": [5, 0],
      "3": [5, 5],
      "4": [0, 5],
      "5": [0, 0],
      "6": [0, 0],
      "7": [8, 1197]
    },
    "inputSourceMap": {
      "version": 3,
      "mappings": "AAWU,SAUE,UAVF;;AAXV,OAAOA,YAAY;AACnB,SAASC,YAAY;AACrB,SAASC,sBAAsB;AAE/B,MAAMC,SAASA,MAAM;AAAAC,KAAA;AACnB,QAAM,EAAEC,YAAYC,OAAO,IAAIJ,eAAe;AAE9C,SACE,uBAAC,SAAI,WAAWF,OAAOO,eACrB,iCAAC,YAAO,WAAWP,OAAOQ,QACxB;AAAA,2BAAC,SAAI,WAAWR,OAAOS,MACrB,iCAAC,QAAK,IAAG,KAAI,WAAWT,OAAOU,UAAS,wBAAxC;AAAA;AAAA;AAAA;AAAA,WAEA,KAHF;AAAA;AAAA;AAAA;AAAA,WAIA;AAAA,IACA,uBAAC,SAAI,WAAWV,OAAOW,YACrB;AAAA,6BAAC,QAAK,IAAG,KAAI,WAAWX,OAAOY,SAAQ,oBAAvC;AAAA;AAAA;AAAA;AAAA,aAEA;AAAA,MAECP,aACC,mCACE;AAAA,+BAAC,QAAK,IAAG,YAAW,WAAWL,OAAOY,SAAQ,uBAA9C;AAAA;AAAA;AAAA;AAAA,eAEA;AAAA,QACA,uBAAC,YAAO,SAASN,QAAQ,WAAWN,OAAOa,WAAU,sBAArD;AAAA;AAAA;AAAA;AAAA,eAEA;AAAA,WANF;AAAA;AAAA;AAAA;AAAA,aAOA,IAEA,uBAAC,QAAK,IAAG,SAAQ,WAAWb,OAAOY,SAAQ,4BAA3C;AAAA;AAAA;AAAA;AAAA,aAEA;AAAA,SAjBJ;AAAA;AAAA;AAAA;AAAA,WAmBA;AAAA,OAzBF;AAAA;AAAA;AAAA;AAAA,SA0BA,KA3BF;AAAA;AAAA;AAAA;AAAA,SA4BA;AAEJ;AAAER,GAlCID,QAAM;AAAA,UACqBD,cAAc;AAAA;AAAAY,KADzCX;AAmCN,eAAeA;AAAO,IAAAW;AAAAC,aAAAD,IAAA",
      "names": [
        "styles",
        "Link",
        "useAuthContext",
        "Header",
        "_s",
        "isLoggedIn",
        "logout",
        "headerWrapper",
        "header",
        "logo",
        "logoLink",
        "navigation",
        "navLink",
        "navButton",
        "_c",
        "$RefreshReg$"
      ],
      "ignoreList": [],
      "sources": ["C:/Users/arsen/autowiki/src/components/Header.jsx"],
      "file": "C:/Users/arsen/autowiki/src/components/Header.jsx"
    },
    "_coverageSchema": "1a1c01bbd47fc00a2c39e90264f33305004495a9",
    "hash": "3d145e40890d70d164569b130f4bbb8f92ed3a5c"
  },
  "C:/Users/arsen/autowiki/src/pages/ProfilePage.jsx": {
    "path": "C:/Users/arsen/autowiki/src/pages/ProfilePage.jsx",
    "statementMap": {
      "0": {
        "start": {
          "line": 4,
          "column": 20
        },
        "end": {
          "line": 42,
          "column": 1
        }
      },
      "1": {
        "start": {
          "line": 5,
          "column": 2
        },
        "end": {
          "line": 41,
          "column": 11
        }
      },
      "2": {
        "start": {
          "line": 43,
          "column": 0
        },
        "end": {
          "line": 43,
          "column": 17
        }
      },
      "3": {
        "start": {
          "line": 46,
          "column": 0
        },
        "end": {
          "line": 46,
          "column": 32
        }
      },
      "4": {
        "start": {
          "line": 48,
          "column": 20
        },
        "end": {
          "line": 48,
          "column": 97
        }
      },
      "5": {
        "start": {
          "line": 49,
          "column": 0
        },
        "end": {
          "line": 63,
          "column": 1
        }
      },
      "6": {
        "start": {
          "line": 50,
          "column": 2
        },
        "end": {
          "line": 54,
          "column": 3
        }
      },
      "7": {
        "start": {
          "line": 51,
          "column": 4
        },
        "end": {
          "line": 53,
          "column": 6
        }
      },
      "8": {
        "start": {
          "line": 55,
          "column": 2
        },
        "end": {
          "line": 62,
          "column": 5
        }
      },
      "9": {
        "start": {
          "line": 56,
          "column": 4
        },
        "end": {
          "line": 56,
          "column": 119
        }
      },
      "10": {
        "start": {
          "line": 57,
          "column": 4
        },
        "end": {
          "line": 61,
          "column": 7
        }
      },
      "11": {
        "start": {
          "line": 58,
          "column": 6
        },
        "end": {
          "line": 58,
          "column": 31
        }
      },
      "12": {
        "start": {
          "line": 58,
          "column": 24
        },
        "end": {
          "line": 58,
          "column": 31
        }
      },
      "13": {
        "start": {
          "line": 59,
          "column": 32
        },
        "end": {
          "line": 59,
          "column": 168
        }
      },
      "14": {
        "start": {
          "line": 60,
          "column": 6
        },
        "end": {
          "line": 60,
          "column": 75
        }
      },
      "15": {
        "start": {
          "line": 60,
          "column": 29
        },
        "end": {
          "line": 60,
          "column": 75
        }
      },
      "16": {
        "start": {
          "line": 65,
          "column": 2
        },
        "end": {
          "line": 65,
          "column": 98
        }
      },
      "17": {
        "start": {
          "line": 68,
          "column": 2
        },
        "end": {
          "line": 68,
          "column": 62
        }
      }
    },
    "fnMap": {
      "0": {
        "name": "(anonymous_0)",
        "decl": {
          "start": {
            "line": 4,
            "column": 20
          },
          "end": {
            "line": 4,
            "column": 21
          }
        },
        "loc": {
          "start": {
            "line": 4,
            "column": 26
          },
          "end": {
            "line": 42,
            "column": 1
          }
        },
        "line": 4
      },
      "1": {
        "name": "(anonymous_1)",
        "decl": {
          "start": {
            "line": 55,
            "column": 52
          },
          "end": {
            "line": 55,
            "column": 53
          }
        },
        "loc": {
          "start": {
            "line": 55,
            "column": 72
          },
          "end": {
            "line": 62,
            "column": 3
          }
        },
        "line": 55
      },
      "2": {
        "name": "(anonymous_2)",
        "decl": {
          "start": {
            "line": 57,
            "column": 27
          },
          "end": {
            "line": 57,
            "column": 28
          }
        },
        "loc": {
          "start": {
            "line": 57,
            "column": 44
          },
          "end": {
            "line": 61,
            "column": 5
          }
        },
        "line": 57
      },
      "3": {
        "name": "$RefreshReg$",
        "decl": {
          "start": {
            "line": 64,
            "column": 9
          },
          "end": {
            "line": 64,
            "column": 21
          }
        },
        "loc": {
          "start": {
            "line": 64,
            "column": 32
          },
          "end": {
            "line": 66,
            "column": 1
          }
        },
        "line": 64
      },
      "4": {
        "name": "$RefreshSig$",
        "decl": {
          "start": {
            "line": 67,
            "column": 9
          },
          "end": {
            "line": 67,
            "column": 21
          }
        },
        "loc": {
          "start": {
            "line": 67,
            "column": 24
          },
          "end": {
            "line": 69,
            "column": 1
          }
        },
        "line": 67
      }
    },
    "branchMap": {
      "0": {
        "loc": {
          "start": {
            "line": 48,
            "column": 20
          },
          "end": {
            "line": 48,
            "column": 97
          }
        },
        "type": "binary-expr",
        "locations": [
          {
            "start": {
              "line": 48,
              "column": 20
            },
            "end": {
              "line": 48,
              "column": 60
            }
          },
          {
            "start": {
              "line": 48,
              "column": 64
            },
            "end": {
              "line": 48,
              "column": 97
            }
          }
        ],
        "line": 48
      },
      "1": {
        "loc": {
          "start": {
            "line": 49,
            "column": 0
          },
          "end": {
            "line": 63,
            "column": 1
          }
        },
        "type": "if",
        "locations": [
          {
            "start": {
              "line": 49,
              "column": 0
            },
            "end": {
              "line": 63,
              "column": 1
            }
          },
          {
            "start": {},
            "end": {}
          }
        ],
        "line": 49
      },
      "2": {
        "loc": {
          "start": {
            "line": 49,
            "column": 4
          },
          "end": {
            "line": 49,
            "column": 35
          }
        },
        "type": "binary-expr",
        "locations": [
          {
            "start": {
              "line": 49,
              "column": 4
            },
            "end": {
              "line": 49,
              "column": 19
            }
          },
          {
            "start": {
              "line": 49,
              "column": 23
            },
            "end": {
              "line": 49,
              "column": 35
            }
          }
        ],
        "line": 49
      },
      "3": {
        "loc": {
          "start": {
            "line": 50,
            "column": 2
          },
          "end": {
            "line": 54,
            "column": 3
          }
        },
        "type": "if",
        "locations": [
          {
            "start": {
              "line": 50,
              "column": 2
            },
            "end": {
              "line": 54,
              "column": 3
            }
          },
          {
            "start": {},
            "end": {}
          }
        ],
        "line": 50
      },
      "4": {
        "loc": {
          "start": {
            "line": 58,
            "column": 6
          },
          "end": {
            "line": 58,
            "column": 31
          }
        },
        "type": "if",
        "locations": [
          {
            "start": {
              "line": 58,
              "column": 6
            },
            "end": {
              "line": 58,
              "column": 31
            }
          },
          {
            "start": {},
            "end": {}
          }
        ],
        "line": 58
      },
      "5": {
        "loc": {
          "start": {
            "line": 60,
            "column": 6
          },
          "end": {
            "line": 60,
            "column": 75
          }
        },
        "type": "if",
        "locations": [
          {
            "start": {
              "line": 60,
              "column": 6
            },
            "end": {
              "line": 60,
              "column": 75
            }
          },
          {
            "start": {},
            "end": {}
          }
        ],
        "line": 60
      }
    },
    "s": {
      "0": 25,
      "1": 70,
      "2": 5,
      "3": 5,
      "4": 5,
      "5": 5,
      "6": 5,
      "7": 0,
      "8": 5,
      "9": 5,
      "10": 5,
      "11": 0,
      "12": 0,
      "13": 0,
      "14": 0,
      "15": 0,
      "16": 5,
      "17": 0
    },
    "f": {
      "0": 70,
      "1": 5,
      "2": 0,
      "3": 5,
      "4": 0
    },
    "b": {
      "0": [5, 0],
      "1": [5, 0],
      "2": [5, 5],
      "3": [0, 5],
      "4": [0, 0],
      "5": [0, 0]
    },
    "inputSourceMap": {
      "version": 3,
      "mappings": "AAMM;AANN,OAAOA,YAAY;AACnB,SAASC,YAAY;AAErB,MAAMC,cAAcA,MAAM;AACxB,SACE,uBAAC,SAAI,OAAO,EAAEC,SAAS,aAAaC,UAAU,QAAQC,QAAQ,SAAS,GACrE;AAAA,2BAAC,YAAD;AAAA;AAAA;AAAA;AAAA,WAAO;AAAA,IACP,uBAAC,UAAK,OAAO,EAAEF,SAAS,aAAa,GACnC;AAAA,6BAAC,QAAG,OAAO,EAAEG,OAAO,QAAQC,cAAc,OAAO,GAAE,iCAAnD;AAAA;AAAA;AAAA;AAAA,aAEA;AAAA,MACA,uBAAC,OAAE,iEAAH;AAAA;AAAA;AAAA;AAAA,aAAoD;AAAA,MACpD,uBAAC,UAAD;AAAA;AAAA;AAAA;AAAA,aAAG;AAAA,MACH,uBAAC,QAAK,IAAG,KAAI,OAAO,EAAED,OAAO,MAAM,GAAE,0BAArC;AAAA;AAAA;AAAA;AAAA,aAEA;AAAA,SARF;AAAA;AAAA;AAAA;AAAA,WASA;AAAA,OAXF;AAAA;AAAA;AAAA;AAAA,SAYA;AAEJ;AAAEE,KAhBIN;AAkBN,eAAeA;AAAY,IAAAM;AAAAC,aAAAD,IAAA",
      "names": [
        "Header",
        "Link",
        "ProfilePage",
        "padding",
        "maxWidth",
        "margin",
        "color",
        "marginBottom",
        "_c",
        "$RefreshReg$"
      ],
      "ignoreList": [],
      "sources": ["C:/Users/arsen/autowiki/src/pages/ProfilePage.jsx"],
      "file": "C:/Users/arsen/autowiki/src/pages/ProfilePage.jsx"
    },
    "_coverageSchema": "1a1c01bbd47fc00a2c39e90264f33305004495a9",
    "hash": "46e13bd11aa26e8f11ad46d9e1c8fd192aca5ace"
  },
  "C:/Users/arsen/autowiki/src/pages/ProfilePage.cy.jsx": {
    "path": "C:/Users/arsen/autowiki/src/pages/ProfilePage.cy.jsx",
    "statementMap": {
      "0": {
        "start": {
          "line": 5,
          "column": 0
        },
        "end": {
          "line": 78,
          "column": 3
        }
      },
      "1": {
        "start": {
          "line": 6,
          "column": 2
        },
        "end": {
          "line": 23,
          "column": 5
        }
      },
      "2": {
        "start": {
          "line": 7,
          "column": 4
        },
        "end": {
          "line": 21,
          "column": 6
        }
      },
      "3": {
        "start": {
          "line": 22,
          "column": 4
        },
        "end": {
          "line": 22,
          "column": 58
        }
      },
      "4": {
        "start": {
          "line": 24,
          "column": 2
        },
        "end": {
          "line": 41,
          "column": 5
        }
      },
      "5": {
        "start": {
          "line": 25,
          "column": 4
        },
        "end": {
          "line": 39,
          "column": 6
        }
      },
      "6": {
        "start": {
          "line": 40,
          "column": 4
        },
        "end": {
          "line": 40,
          "column": 49
        }
      },
      "7": {
        "start": {
          "line": 42,
          "column": 2
        },
        "end": {
          "line": 59,
          "column": 5
        }
      },
      "8": {
        "start": {
          "line": 43,
          "column": 4
        },
        "end": {
          "line": 57,
          "column": 6
        }
      },
      "9": {
        "start": {
          "line": 58,
          "column": 4
        },
        "end": {
          "line": 58,
          "column": 45
        }
      },
      "10": {
        "start": {
          "line": 60,
          "column": 2
        },
        "end": {
          "line": 77,
          "column": 5
        }
      },
      "11": {
        "start": {
          "line": 61,
          "column": 4
        },
        "end": {
          "line": 75,
          "column": 6
        }
      },
      "12": {
        "start": {
          "line": 76,
          "column": 4
        },
        "end": {
          "line": 76,
          "column": 62
        }
      }
    },
    "fnMap": {
      "0": {
        "name": "(anonymous_0)",
        "decl": {
          "start": {
            "line": 5,
            "column": 28
          },
          "end": {
            "line": 5,
            "column": 29
          }
        },
        "loc": {
          "start": {
            "line": 5,
            "column": 34
          },
          "end": {
            "line": 78,
            "column": 1
          }
        },
        "line": 5
      },
      "1": {
        "name": "(anonymous_1)",
        "decl": {
          "start": {
            "line": 6,
            "column": 37
          },
          "end": {
            "line": 6,
            "column": 38
          }
        },
        "loc": {
          "start": {
            "line": 6,
            "column": 43
          },
          "end": {
            "line": 23,
            "column": 3
          }
        },
        "line": 6
      },
      "2": {
        "name": "(anonymous_2)",
        "decl": {
          "start": {
            "line": 24,
            "column": 43
          },
          "end": {
            "line": 24,
            "column": 44
          }
        },
        "loc": {
          "start": {
            "line": 24,
            "column": 49
          },
          "end": {
            "line": 41,
            "column": 3
          }
        },
        "line": 24
      },
      "3": {
        "name": "(anonymous_3)",
        "decl": {
          "start": {
            "line": 42,
            "column": 45
          },
          "end": {
            "line": 42,
            "column": 46
          }
        },
        "loc": {
          "start": {
            "line": 42,
            "column": 51
          },
          "end": {
            "line": 59,
            "column": 3
          }
        },
        "line": 42
      },
      "4": {
        "name": "(anonymous_4)",
        "decl": {
          "start": {
            "line": 60,
            "column": 40
          },
          "end": {
            "line": 60,
            "column": 41
          }
        },
        "loc": {
          "start": {
            "line": 60,
            "column": 46
          },
          "end": {
            "line": 77,
            "column": 3
          }
        },
        "line": 60
      }
    },
    "branchMap": {},
    "s": {
      "0": 25,
      "1": 25,
      "2": 25,
      "3": 25,
      "4": 25,
      "5": 20,
      "6": 20,
      "7": 25,
      "8": 15,
      "9": 15,
      "10": 25,
      "11": 10,
      "12": 10
    },
    "f": {
      "0": 25,
      "1": 25,
      "2": 20,
      "3": 15,
      "4": 10
    },
    "b": {},
    "inputSourceMap": {
      "version": 3,
      "mappings": "AASU;AATV,SAASA,oBAAoB;AAC7B,OAAOC,iBAAiB;AACxB,SAASC,oBAAoB;AAE7BC,SAAS,mBAAmB,MAAM;AAChCC,KAAG,gCAAgC,MAAM;AACvCC,OAAGC;AAAAA,MACD,uBAAC,gBACC,iCAAC,gBACC,iCAAC,iBAAD;AAAA;AAAA;AAAA;AAAA,aAAY,KADd;AAAA;AAAA;AAAA;AAAA,aAEA,KAHF;AAAA;AAAA;AAAA;AAAA,aAIA;AAAA,IACF;AACAD,OAAGE,SAAS,mBAAmB,EAAEC,OAAO,YAAY;AAAA,EACtD,CAAC;AAEDJ,KAAG,sCAAsC,MAAM;AAC7CC,OAAGC;AAAAA,MACD,uBAAC,gBACC,iCAAC,gBACC,iCAAC,iBAAD;AAAA;AAAA;AAAA;AAAA,aAAY,KADd;AAAA;AAAA;AAAA;AAAA,aAEA,KAHF;AAAA;AAAA;AAAA;AAAA,aAIA;AAAA,IACF;AACAD,OAAGE,SAAS,UAAU,EAAEC,OAAO,YAAY;AAAA,EAC7C,CAAC;AAEDJ,KAAG,wCAAwC,MAAM;AAC/CC,OAAGC;AAAAA,MACD,uBAAC,gBACC,iCAAC,gBACC,iCAAC,iBAAD;AAAA;AAAA;AAAA;AAAA,aAAY,KADd;AAAA;AAAA;AAAA;AAAA,aAEA,KAHF;AAAA;AAAA;AAAA;AAAA,aAIA;AAAA,IACF;AACAD,OAAGE,SAAS,MAAM,EAAEC,OAAO,YAAY;AAAA,EACzC,CAAC;AAEDJ,KAAG,mCAAmC,MAAM;AAC1CC,OAAGC;AAAAA,MACD,uBAAC,gBACC,iCAAC,gBACC,iCAAC,iBAAD;AAAA;AAAA;AAAA;AAAA,aAAY,KADd;AAAA;AAAA;AAAA;AAAA,aAEA,KAHF;AAAA;AAAA;AAAA;AAAA,aAIA;AAAA,IACF;AACAD,OAAGI,IAAI,KAAK,EAAEC,MAAM,EAAEF,OAAO,YAAY,UAAU,KAAK;AAAA,EAC1D,CAAC;AACH,CAAC",
      "names": [
        "MemoryRouter",
        "ProfilePage",
        "AuthProvider",
        "describe",
        "it",
        "cy",
        "mount",
        "contains",
        "should",
        "get",
        "first"
      ],
      "ignoreList": [],
      "sources": ["C:/Users/arsen/autowiki/src/pages/ProfilePage.cy.jsx"],
      "file": "C:/Users/arsen/autowiki/src/pages/ProfilePage.cy.jsx"
    },
    "_coverageSchema": "1a1c01bbd47fc00a2c39e90264f33305004495a9",
    "hash": "3ae8211dd8003c48f04b0a52afff4e74f9818094"
  },
  "C:/Users/arsen/autowiki/src/components/BrandCard.jsx": {
    "path": "C:/Users/arsen/autowiki/src/components/BrandCard.jsx",
    "statementMap": {
      "0": {
        "start": {
          "line": 4,
          "column": 18
        },
        "end": {
          "line": 68,
          "column": 1
        }
      },
      "1": {
        "start": {
          "line": 5,
          "column": 19
        },
        "end": {
          "line": 5,
          "column": 32
        }
      },
      "2": {
        "start": {
          "line": 6,
          "column": 22
        },
        "end": {
          "line": 8,
          "column": 3
        }
      },
      "3": {
        "start": {
          "line": 7,
          "column": 4
        },
        "end": {
          "line": 7,
          "column": 30
        }
      },
      "4": {
        "start": {
          "line": 9,
          "column": 2
        },
        "end": {
          "line": 67,
          "column": 11
        }
      },
      "5": {
        "start": {
          "line": 18,
          "column": 12
        },
        "end": {
          "line": 18,
          "column": 44
        }
      },
      "6": {
        "start": {
          "line": 19,
          "column": 32
        },
        "end": {
          "line": 19,
          "column": 59
        }
      },
      "7": {
        "start": {
          "line": 20,
          "column": 12
        },
        "end": {
          "line": 20,
          "column": 64
        }
      },
      "8": {
        "start": {
          "line": 20,
          "column": 29
        },
        "end": {
          "line": 20,
          "column": 64
        }
      }
    },
    "fnMap": {
      "0": {
        "name": "(anonymous_0)",
        "decl": {
          "start": {
            "line": 4,
            "column": 18
          },
          "end": {
            "line": 4,
            "column": 19
          }
        },
        "loc": {
          "start": {
            "line": 4,
            "column": 54
          },
          "end": {
            "line": 68,
            "column": 1
          }
        },
        "line": 4
      },
      "1": {
        "name": "(anonymous_1)",
        "decl": {
          "start": {
            "line": 6,
            "column": 22
          },
          "end": {
            "line": 6,
            "column": 23
          }
        },
        "loc": {
          "start": {
            "line": 6,
            "column": 28
          },
          "end": {
            "line": 8,
            "column": 3
          }
        },
        "line": 6
      },
      "2": {
        "name": "(anonymous_2)",
        "decl": {
          "start": {
            "line": 17,
            "column": 19
          },
          "end": {
            "line": 17,
            "column": 20
          }
        },
        "loc": {
          "start": {
            "line": 17,
            "column": 26
          },
          "end": {
            "line": 21,
            "column": 11
          }
        },
        "line": 17
      }
    },
    "branchMap": {
      "0": {
        "loc": {
          "start": {
            "line": 11,
            "column": 6
          },
          "end": {
            "line": 31,
            "column": 14
          }
        },
        "type": "cond-expr",
        "locations": [
          {
            "start": {
              "line": 11,
              "column": 32
            },
            "end": {
              "line": 31,
              "column": 7
            }
          },
          {
            "start": {
              "line": 31,
              "column": 10
            },
            "end": {
              "line": 31,
              "column": 14
            }
          }
        ],
        "line": 11
      },
      "1": {
        "loc": {
          "start": {
            "line": 20,
            "column": 12
          },
          "end": {
            "line": 20,
            "column": 64
          }
        },
        "type": "if",
        "locations": [
          {
            "start": {
              "line": 20,
              "column": 12
            },
            "end": {
              "line": 20,
              "column": 64
            }
          },
          {
            "start": {},
            "end": {}
          }
        ],
        "line": 20
      },
      "2": {
        "loc": {
          "start": {
            "line": 36,
            "column": 17
          },
          "end": {
            "line": 36,
            "column": 68
          }
        },
        "type": "cond-expr",
        "locations": [
          {
            "start": {
              "line": 36,
              "column": 27
            },
            "end": {
              "line": 36,
              "column": 46
            }
          },
          {
            "start": {
              "line": 36,
              "column": 49
            },
            "end": {
              "line": 36,
              "column": 68
            }
          }
        ],
        "line": 36
      }
    },
    "s": {
      "0": 40,
      "1": 368,
      "2": 368,
      "3": 36,
      "4": 368,
      "5": 20,
      "6": 20,
      "7": 20,
      "8": 20
    },
    "f": {
      "0": 368,
      "1": 36,
      "2": 20
    },
    "b": {
      "0": [20, 348],
      "1": [20, 0],
[...]
;AAAA;AAAA;AAAA;AAAA,MAGA,KAJF;AAAA;AAAA;AAAA;AAAA,aAKA,KANF;AAAA;AAAA;AAAA;AAAA,aAOA,KARF;AAAA;AAAA;AAAA;AAAA,aASA;AAAA,IACF;AAAA,EACF;AAEA,KAAG,6BAA6B,MAAM;AACpC,OAAG,UAAU,OAAO,aAAa,OAAO,IAAI;AAAA,MAC1C,MAAM,EAAE,IAAI,GAAG,MAAM,MAAM;AAAA,IAC7B,CAAC,EAAE,GAAG,UAAU;AAChB,OAAG,UAAU,OAAO,mBAAmB,OAAO,IAAI;AAAA,MAChD,MAAM;AAAA,QACJ,IAAI;AAAA,QACJ,WAAW;AAAA,QACX,MAAM;AAAA,QACN,OAAO,CAAC;AAAA,QACR,UAAU;AAAA,QACV,aAAa;AAAA,MACf;AAAA,IACF,CAAC,EAAE,GAAG,UAAU;AAEhB,cAAU;AACV,OAAG,KAAK,CAAC,aAAa,WAAW,CAAC;AAClC,OAAG,SAAS,QAAQ,EAAE,OAAO,YAAY;AAAA,EAC3C,CAAC;AAED,KAAG,gDAAgD,MAAM;AACvD,OAAG,UAAU,OAAO,aAAa,OAAO,IAAI;AAAA,MAC1C,MAAM,EAAE,IAAI,GAAG,MAAM,MAAM;AAAA,IAC7B,CAAC;AACD,OAAG,UAAU,OAAO,mBAAmB,OAAO,IAAI;AAAA,MAChD,YAAY;AAAA,MACZ,MAAM,CAAC;AAAA,IACT,CAAC,EAAE,GAAG,cAAc;AAEpB,cAAU;AACV,OAAG,KAAK,eAAe;AAEvB,OAAG,SAAS,6CAA6C,EAAE;AAAA,MACzD;AAAA,IACF;AACA,OAAG,SAAS,gBAAgB,EAAE,OAAO,YAAY;AAAA,EACnD,CAAC;AAED,KAAG,wCAAwC,MAAM;AAC/C,UAAM,QAAQ,CAAC,UAAU,UAAU,QAAQ;AAC3C,OAAG,UAAU,OAAO,aAAa,OAAO,IAAI;AAAA,MAC1C,MAAM,EAAE,IAAI,GAAG,MAAM,MAAM;AAAA,IAC7B,CAAC;AACD,OAAG,UAAU,OAAO,mBAAmB,OAAO,IAAI;AAAA,MAChD,MAAM,EAAE,IAAI,KAAK,WAAW,MAAM,OAAc,UAAU,UAAU;AAAA,IACtE,CAAC,EAAE,GAAG,UAAU;AAEhB,cAAU;AACV,OAAG,KAAK,WAAW;AAEnB,OAAG,IAAI,OAAO,EAAE,OAAO,eAAe,CAAC;AACvC,OAAG,SAAS,QAAQ,EAAE,OAAO,YAAY;AAAA,EAC3C,CAAC;AAED,KAAG,2CAA2C,MAAM;AAClD,OAAG,UAAU,OAAO,aAAa,OAAO,IAAI;AAAA,MAC1C,MAAM,EAAE,IAAI,GAAG,MAAM,MAAM;AAAA,IAC7B,CAAC;AACD,OAAG,UAAU,OAAO,mBAAmB,OAAO,IAAI;AAAA,MAChD,MAAM,EAAE,IAAI,KAAK,OAAO,CAAC,GAAG,UAAU,IAAI,WAAW,OAAO;AAAA,IAC9D,CAAC,EAAE,GAAG,WAAW;AAEjB,cAAU;AACV,OAAG,KAAK,YAAY;AAEpB,OAAG,SAAS,UAAU,gBAAgB,EAAE,OAAO,YAAY,EAAE,MAAM;AAAA,EACrE,CAAC;AAED,KAAG,2BAA2B,MAAM;AAClC,UAAM,OAAO;AACb,OAAG,UAAU,OAAO,aAAa,OAAO,IAAI;AAAA,MAC1C,MAAM,EAAE,IAAI,GAAG,MAAM,MAAM;AAAA,IAC7B,CAAC;AACD,OAAG,UAAU,OAAO,mBAAmB,OAAO,IAAI;AAAA,MAChD,MAAM;AAAA,QACJ,IAAI;AAAA,QACJ,aAAa;AAAA,QACb,OAAO,CAAC;AAAA,QACR,UAAU;AAAA,QACV,WAAW;AAAA,MACb;AAAA,IACF,CAAC,EAAE,GAAG,SAAS;AAEf,cAAU;AACV,OAAG,KAAK,UAAU;AAElB,OAAG,SAAS,MAAM,MAAM,EAAE,OAAO,YAAY;AAC7C,OAAG,SAAS,IAAI,EAAE,OAAO,YAAY;AAAA,EACvC,CAAC;AAED,KAAG,4CAA4C,MAAM;AACnD,OAAG,GAAG,sBAAsB,MAAM,KAAK;AACvC,OAAG,UAAU,OAAO,aAAa,OAAO,IAAI;AAAA,MAC1C,MAAM,EAAE,IAAI,GAAG,MAAM,MAAM;AAAA,IAC7B,CAAC;AACD,OAAG,UAAU,OAAO,mBAAmB,OAAO,IAAI;AAAA,MAChD,MAAM,EAAE,IAAI,KAAK,WAAW,MAAM,UAAU,WAAW,OAAO,CAAC,EAAE;AAAA,IACnE,CAAC,EAAE,GAAG,SAAS;AAEf,cAAU;AACV,OAAG,KAAK,UAAU;AAElB,OAAG,IAAI,KAAK,EAAE,QAAQ,SAAS,EAAE,OAAO,KAAK,CAAC;AAC9C,OAAG,IAAI,KAAK,EAAE,OAAO,aAAa,OAAO,yBAAyB;AAAA,EACpE,CAAC;AACH,CAAC;",
      "names": []
    },
    "_coverageSchema": "1a1c01bbd47fc00a2c39e90264f33305004495a9",
    "hash": "365c246b367c19d28aea0e5bb8f6294a0ab34933"
  },
  "C:/Users/arsen/autowiki/src/pages/NotFoundPage.jsx": {
    "path": "C:/Users/arsen/autowiki/src/pages/NotFoundPage.jsx",
    "statementMap": {
      "0": {
        "start": {
          "line": 5,
          "column": 21
        },
        "end": {
          "line": 47,
          "column": 1
        }
      },
      "1": {
        "start": {
          "line": 6,
          "column": 2
        },
        "end": {
          "line": 46,
          "column": 11
        }
      }
    },
    "fnMap": {
      "0": {
        "name": "(anonymous_0)",
        "decl": {
          "start": {
            "line": 5,
            "column": 21
          },
          "end": {
            "line": 5,
            "column": 22
          }
        },
        "loc": {
          "start": {
            "line": 5,
            "column": 27
          },
          "end": {
            "line": 47,
            "column": 1
          }
        },
        "line": 5
      }
    },
    "branchMap": {},
    "s": {
      "0": 20,
      "1": 56
    },
    "f": {
      "0": 56
    },
    "b": {},
    "inputSourceMap": {
      "version": 3,
      "sources": ["C:/Users/arsen/autowiki/src/pages/NotFoundPage.jsx"],
      "mappings": "AAOM;AAPN,SAAS,YAAY;AACrB,OAAO,YAAY;AACnB,OAAO,YAAY;AAEnB,MAAM,eAAe,MAAM;AACzB,SACE,uBAAC,SAAI,WAAW,OAAO,cACrB;AAAA,2BAAC,YAAD;AAAA;AAAA;AAAA;AAAA,WAAQ;AAAA,IACR,uBAAC,UAAK,WAAW,OAAO,aACtB,iCAAC,SAAI,WAAW,OAAO,WACrB;AAAA,6BAAC,QAAG,WAAW,OAAO,OAAO,mBAA7B;AAAA;AAAA;AAAA;AAAA,aAAgC;AAAA,MAChC,uBAAC,OAAE,WAAW,OAAO,UAAU,oCAA/B;AAAA;AAAA;AAAA;AAAA,aAAmD;AAAA,MACnD,uBAAC,OAAE,WAAW,OAAO,SAAS,6FAA9B;AAAA;AAAA;AAAA;AAAA,aAGA;AAAA,MACA,uBAAC,QAAK,IAAG,KAAI,WAAW,OAAO,YAAY,sCAA3C;AAAA;AAAA;AAAA;AAAA,aAEA;AAAA,SATF;AAAA;AAAA;AAAA;AAAA,WAUA,KAXF;AAAA;AAAA;AAAA;AAAA,WAYA;AAAA,OAdF;AAAA;AAAA;AAAA;AAAA,SAeA;AAEJ;AAEA,eAAe;",
      "names": []
    },
    "_coverageSchema": "1a1c01bbd47fc00a2c39e90264f33305004495a9",
    "hash": "bee540d07dbd798a15cde157edfeb78fe5856686"
  },
  "C:/Users/arsen/autowiki/src/pages/NotFoundPage.cy.jsx": {
    "path": "C:/Users/arsen/autowiki/src/pages/NotFoundPage.cy.jsx",
    "statementMap": {
      "0": {
        "start": {
          "line": 5,
          "column": 0
        },
        "end": {
          "line": 78,
          "column": 3
        }
      },
      "1": {
        "start": {
          "line": 6,
          "column": 2
        },
        "end": {
          "line": 23,
          "column": 5
        }
      },
      "2": {
        "start": {
          "line": 7,
          "column": 4
        },
        "end": {
          "line": 21,
          "column": 6
        }
      },
      "3": {
        "start": {
          "line": 22,
          "column": 4
        },
        "end": {
          "line": 22,
          "column": 44
        }
      },
      "4": {
        "start": {
          "line": 24,
          "column": 2
        },
        "end": {
          "line": 41,
          "column": 5
        }
      },
      "5": {
        "start": {
          "line": 25,
          "column": 4
        },
        "end": {
          "line": 39,
          "column": 6
        }
      },
      "6": {
        "start": {
          "line": 40,
          "column": 4
        },
        "end": {
          "line": 40,
          "column": 49
        }
      },
      "7": {
        "start": {
          "line": 42,
          "column": 2
        },
        "end": {
          "line": 59,
          "column": 5
        }
      },
      "8": {
        "start": {
          "line": 43,
          "column": 4
        },
        "end": {
          "line": 57,
          "column": 6
        }
      },
      "9": {
        "start": {
          "line": 58,
          "column": 4
        },
        "end": {
          "line": 58,
          "column": 73
        }
      },
      "10": {
        "start": {
          "line": 60,
          "column": 2
        },
        "end": {
          "line": 77,
          "column": 5
        }
      },
      "11": {
        "start": {
          "line": 61,
          "column": 4
        },
        "end": {
          "line": 75,
          "column": 6
        }
      },
      "12": {
        "start": {
          "line": 76,
          "column": 4
        },
        "end": {
          "line": 76,
          "column": 42
        }
      }
    },
    "fnMap": {
      "0": {
        "name": "(anonymous_0)",
        "decl": {
          "start": {
            "line": 5,
            "column": 29
          },
          "end": {
            "line": 5,
            "column": 30
          }
        },
        "loc": {
          "start": {
            "line": 5,
            "column": 35
          },
          "end": {
            "line": 78,
            "column": 1
          }
        },
        "line": 5
      },
      "1": {
        "name": "(anonymous_1)",
        "decl": {
          "start": {
            "line": 6,
            "column": 23
          },
          "end": {
            "line": 6,
            "column": 24
          }
        },
        "loc": {
          "start": {
            "line": 6,
            "column": 29
          },
          "end": {
            "line": 23,
            "column": 3
          }
        },
        "line": 6
      },
      "2": {
        "name": "(anonymous_2)",
        "decl": {
          "start": {
            "line": 24,
            "column": 37
          },
          "end": {
            "line": 24,
            "column": 38
          }
        },
        "loc": {
          "start": {
            "line": 24,
            "column": 43
          },
          "end": {
            "line": 41,
            "column": 3
          }
        },
        "line": 24
      },
      "3": {
        "name": "(anonymous_3)",
        "decl": {
          "start": {
            "line": 42,
            "column": 36
          },
          "end": {
            "line": 42,
            "column": 37
          }
        },
        "loc": {
          "start": {
            "line": 42,
            "column": 42
          },
          "end": {
            "line": 59,
            "column": 3
          }
        },
        "line": 42
      },
      "4": {
        "name": "(anonymous_4)",
        "decl": {
          "start": {
            "line": 60,
            "column": 53
          },
          "end": {
            "line": 60,
            "column": 54
          }
        },
        "loc": {
          "start": {
            "line": 60,
            "column": 59
          },
          "end": {
            "line": 77,
            "column": 3
          }
        },
        "line": 60
      }
    },
    "branchMap": {},
    "s": {
      "0": 20,
      "1": 20,
      "2": 20,
      "3": 20,
      "4": 20,
      "5": 16,
      "6": 16,
      "7": 20,
      "8": 12,
      "9": 12,
      "10": 20,
      "11": 8,
      "12": 8
    },
    "f": {
      "0": 20,
      "1": 20,
      "2": 16,
      "3": 12,
      "4": 8
    },
    "b": {},
    "inputSourceMap": {
      "version": 3,
      "sources": ["C:/Users/arsen/autowiki/src/pages/NotFoundPage.cy.jsx"],
      "mappings": "AASU;AATV,SAAS,oBAAoB;AAC7B,OAAO,kBAAkB;AACzB,SAAS,oBAAoB;AAE7B,SAAS,oBAAoB,MAAM;AACjC,KAAG,kBAAkB,MAAM;AACzB,OAAG;AAAA,MACD,uBAAC,gBACC,iCAAC,gBACC,iCAAC,kBAAD;AAAA;AAAA;AAAA;AAAA,aAAc,KADhB;AAAA;AAAA;AAAA;AAAA,aAEA,KAHF;AAAA;AAAA;AAAA;AAAA,aAIA;AAAA,IACF;AACA,OAAG,SAAS,KAAK,EAAE,OAAO,YAAY;AAAA,EACxC,CAAC;AAED,KAAG,gCAAgC,MAAM;AACvC,OAAG;AAAA,MACD,uBAAC,gBACC,iCAAC,gBACC,iCAAC,kBAAD;AAAA;AAAA;AAAA;AAAA,aAAc,KADhB;AAAA;AAAA;AAAA;AAAA,aAEA,KAHF;AAAA;AAAA;AAAA;AAAA,aAIA;AAAA,IACF;AACA,OAAG,SAAS,UAAU,EAAE,OAAO,YAAY;AAAA,EAC7C,CAAC;AAED,KAAG,+BAA+B,MAAM;AACtC,OAAG;AAAA,MACD,uBAAC,gBACC,iCAAC,gBACC,iCAAC,kBAAD;AAAA;AAAA;AAAA;AAAA,aAAc,KADhB;AAAA;AAAA;AAAA;AAAA,aAEA,KAHF;AAAA;AAAA;AAAA;AAAA,aAIA;AAAA,IACF;AACA,OAAG,SAAS,kCAAkC,EAAE,OAAO,YAAY;AAAA,EACrE,CAAC;AAED,KAAG,gDAAgD,MAAM;AACvD,OAAG;AAAA,MACD,uBAAC,gBACC,iCAAC,gBACC,iCAAC,kBAAD;AAAA;AAAA;AAAA;AAAA,aAAc,KADhB;AAAA;AAAA;AAAA;AAAA,aAEA,KAHF;AAAA;AAAA;AAAA;AAAA,aAIA;AAAA,IACF;AACA,OAAG,IAAI,aAAa,EAAE,OAAO,OAAO;AAAA,EACtC,CAAC;AACH,CAAC;",
      "names": []
    },
    "_coverageSchema": "1a1c01bbd47fc00a2c39e90264f33305004495a9",
    "hash": "05871b4db616425c2b9a04c30b67b17e42f68a66"
  },
  "C:/Users/arsen/autowiki/src/context/AuthContext.cy.jsx": {
    "path": "C:/Users/arsen/autowiki/src/context/AuthContext.cy.jsx",
    "statementMap": {
      "0": {
        "start": {
          "line": 3,
          "column": 22
        },
        "end": {
          "line": 10,
          "column": 1
        }
      },
      "1": {
        "start": {
          "line": 4,
          "column": 2
        },
        "end": {
          "line": 4,
          "column": 19
        }
      },
      "2": {
        "start": {
          "line": 5,
          "column": 2
        },
        "end": {
          "line": 9,
          "column": 11
        }
      },
      "3": {
        "start": {
          "line": 11,
          "column": 0
        },
        "end": {
          "line": 24,
          "column": 3
        }
      },
      "4": {
        "start": {
          "line": 12,
          "column": 2
        },
        "end": {
          "line": 23,
          "column": 5
        }
      },
      "5": {
        "start": {
          "line": 13,
          "column": 4
        },
        "end": {
          "line": 17,
          "column": 7
        }
      },
      "6": {
        "start": {
          "line": 14,
          "column": 6
        },
        "end": {
          "line": 16,
          "column": 7
        }
      },
      "7": {
        "start": {
          "line": 15,
          "column": 8
        },
        "end": {
          "line": 15,
          "column": 21
        }
      },
      "8": {
        "start": {
          "line": 18,
          "column": 4
        },
        "end": {
          "line": 22,
          "column": 14
        }
      },
      "9": {
        "start": {
          "line": 11,
          "column": 0
        },
        "end": {
          "line": 38,
          "column": 3
        }
      },
      "10": {
        "start": {
          "line": 12,
          "column": 2
        },
        "end": {
          "line": 24,
          "column": 5
        }
      },
      "11": {
        "start": {
          "line": 13,
          "column": 4
        },
        "end": {
          "line": 23,
          "column": 6
        }
      },
      "12": {
        "start": {
          "line": 25,
          "column": 2
        },
        "end": {
          "line": 37,
          "column": 5
        }
      },
      "13": {
        "start": {
          "line": 26,
          "column": 4
        },
        "end": {
          "line": 31,
          "column": 7
        }
      },
      "14": {
        "start": {
          "line": 27,
          "column": 6
        },
        "end": {
          "line": 29,
          "column": 7
        }
      },
      "15": {
        "start": {
          "line": 28,
          "column": 8
        },
        "end": {
          "line": 28,
          "column": 21
        }
      },
      "16": {
        "start": {
          "line": 30,
          "column": 6
        },
        "end": {
          "line": 30,
          "column": 18
        }
      },
      "17": {
        "start": {
          "line": 32,
          "column": 4
        },
        "end": {
          "line": 36,
          "column": 14
        }
      }
    },
    "fnMap": {
      "0": {
        "name": "(anonymous_0)",
        "decl": {
          "start": {
            "line": 3,
            "column": 22
          },
          "end": {
            "line": 3,
            "column": 23
          }
        },
        "loc": {
          "start": {
            "line": 3,
            "column": 28
          },
          "end": {
            "line": 10,
            "column": 1
          }
        },
        "line": 3
      },
      "1": {
        "name": "(anonymous_1)",
        "decl": {
          "start": {
            "line": 11,
            "column": 31
          },
          "end": {
            "line": 11,
            "column": 32
          }
        },
        "loc": {
          "start": {
            "line": 11,
            "column": 37
          },
          "end": {
            "line": 24,
            "column": 1
          }
        },
        "line": 11
      },
      "2": {
        "name": "(anonymous_2)",
        "decl": {
          "start": {
            "line": 12,
            "column": 67
          },
          "end": {
            "line": 12,
            "column": 68
          }
        },
        "loc": {
          "start": {
            "line": 12,
            "column": 73
          },
          "end": {
            "line": 23,
            "column": 3
          }
        },
        "line": 12
      },
      "3": {
        "name": "(anonymous_3)",
        "decl": {
          "start": {
            "line": 13,
            "column": 32
          },
          "end": {
            "line": 13,
            "column": 33
          }
        },
        "loc": {
          "start": {
            "line": 13,
            "column": 41
          },
          "end": {
            "line": 17,
            "column": 5
          }
        },
        "line": 13
      },
      "4": {
        "name": "(anonymous_1)",
        "decl": {
          "start": {
            "line": 11,
            "column": 24
          },
          "end": {
            "line": 11,
            "column": 25
          }
        },
        "loc": {
          "start": {
            "line": 11,
            "column": 30
          },
          "end": {
            "line": 38,
            "column": 1
          }
        },
        "line": 11
      },
      "5": {
        "name": "(anonymous_2)",
        "decl": {
          "start": {
            "line": 12,
            "column": 35
          },
          "end": {
            "line": 12,
            "column": 36
          }
        },
        "loc": {
          "start": {
            "line": 12,
            "column": 41
          },
          "end": {
            "line": 24,
            "column": 3
          }
        },
        "line": 12
      },
      "6": {
        "name": "(anonymous_3)",
        "decl": {
          "start": {
            "line": 25,
            "column": 65
          },
          "end": {
            "line": 25,
            "column": 66
          }
        },
        "loc": {
          "start": {
            "line": 25,
            "column": 71
          },
          "end": {
            "line": 37,
            "column": 3
          }
        },
        "line": 25
      },
      "7": {
        "name": "(anonymous_4)",
        "decl": {
          "start": {
            "line": 26,
            "column": 32
          },
          "end": {
            "line": 26,
            "column": 33
          }
        },
        "loc": {
          "start": {
            "line": 26,
            "column": 41
          },
          "end": {
            "line": 31,
            "column": 5
          }
        },
        "line": 26
      }
    },
    "branchMap": {
      "0": {
        "loc": {
          "start": {
            "line": 14,
            "column": 6
          },
          "end": {
            "line": 16,
            "column": 7
          }
        },
        "type": "if",
        "locations": [
          {
            "start": {
              "line": 14,
              "column": 6
            },
            "end": {
              "line": 16,
              "column": 7
            }
          },
          {
            "start": {},
            "end": {}
          }
        ],
        "line": 14
      },
      "1": {
        "loc": {
          "start": {
            "line": 27,
            "column": 6
          },
          "end": {
            "line": 29,
            "column": 7
          }
        },
        "type": "if",
        "locations": [
          {
            "start": {
              "line": 27,
              "column": 6
            },
            "end": {
              "line": 29,
              "column": 7
            }
          },
          {
            "start": {},
            "end": {}
          }
        ],
        "line": 27
      }
    },
    "s": {
      "0": 8,
      "1": 18,
      "2": 0,
      "3": 8,
      "4": 8,
      "5": 8,
      "6": 8,
      "7": 6,
      "8": 8,
      "9": 6,
      "10": 6,
      "11": 8,
      "12": 6,
      "13": 4,
      "14": 4,
      "15": 0,
      "16": 4,
      "17": 4
    },
    "f": {
      "0": 18,
      "1": 8,
      "2": 8,
      "3": 8,
      "4": 6,
      "5": 6,
      "6": 4,
      "7": 4
    },
    "b": {
      "0": [0, 2],
      "1": [0, 4]
    },
    "inputSourceMap": {
      "version": 3,
      "sources": ["C:/Users/arsen/autowiki/src/context/AuthContext.cy.jsx"],
      "mappings": "AAIS;AAJT,SAAS,sBAAsB;AAE/B,MAAM,gBAAgB,MAAM;AAC1B,iBAAe;AACf,SAAO,uBAAC,SAAI,oBAAL;AAAA;AAAA;AAAA;AAAA,SAAS;AAClB;AAEA,SAAS,sBAAsB,MAAM;AACnC,KAAG,8DAA8D,MAAM;AACrE,OAAG,GAAG,sBAAsB,CAAC,QAAQ;AACnC,UAAI,IAAI,QAAQ,SAAS,qCAAqC,GAAG;AAC/D,eAAO;AAAA,MACT;AAAA,IACF,CAAC;AAED,OAAG,MAAM,uBAAC,mBAAD;AAAA;AAAA;AAAA;AAAA,WAAe,CAAE;AAAA,EAC5B,CAAC;AACH,CAAC;",
      "names": []
    },
    "_coverageSchema": "1a1c01bbd47fc00a2c39e90264f33305004495a9",
    "hash": "73bd5235e57824e6b4226dd4c2be93991f04b45a"
  }
}
