{
  "C:/Users/arsen/autowiki/src/components/InputField.jsx": {
    "path": "C:/Users/arsen/autowiki/src/components/InputField.jsx",
    "statementMap": {
      "0": {
        "start": {
          "line": 3,
          "column": 19
        },
        "end": {
          "line": 35,
          "column": 1
        }
      },
      "1": {
        "start": {
          "line": 13,
          "column": 23
        },
        "end": {
          "line": 13,
          "column": 53
        }
      },
      "2": {
        "start": {
          "line": 14,
          "column": 2
        },
        "end": {
          "line": 34,
          "column": 4
        }
      },
      "3": {
        "start": {
          "line": 36,
          "column": 0
        },
        "end": {
          "line": 36,
          "column": 16
        }
      },
      "4": {
        "start": {
          "line": 39,
          "column": 0
        },
        "end": {
          "line": 39,
          "column": 31
        }
      },
      "5": {
        "start": {
          "line": 41,
          "column": 20
        },
        "end": {
          "line": 41,
          "column": 97
        }
      },
      "6": {
        "start": {
          "line": 42,
          "column": 0
        },
        "end": {
          "line": 56,
          "column": 1
        }
      },
      "7": {
        "start": {
          "line": 43,
          "column": 2
        },
        "end": {
          "line": 47,
          "column": 3
        }
      },
      "8": {
        "start": {
          "line": 44,
          "column": 4
        },
        "end": {
          "line": 46,
          "column": 6
        }
      },
      "9": {
        "start": {
          "line": 48,
          "column": 2
        },
        "end": {
          "line": 55,
          "column": 5
        }
      },
      "10": {
        "start": {
          "line": 49,
          "column": 4
        },
        "end": {
          "line": 49,
          "column": 123
        }
      },
      "11": {
        "start": {
          "line": 50,
          "column": 4
        },
        "end": {
          "line": 54,
          "column": 7
        }
      },
      "12": {
        "start": {
          "line": 51,
          "column": 6
        },
        "end": {
          "line": 51,
          "column": 31
        }
      },
      "13": {
        "start": {
          "line": 51,
          "column": 24
        },
        "end": {
          "line": 51,
          "column": 31
        }
      },
      "14": {
        "start": {
          "line": 52,
          "column": 32
        },
        "end": {
          "line": 52,
          "column": 172
        }
      },
      "15": {
        "start": {
          "line": 53,
          "column": 6
        },
        "end": {
          "line": 53,
          "column": 75
        }
      },
      "16": {
        "start": {
          "line": 53,
          "column": 29
        },
        "end": {
          "line": 53,
          "column": 75
        }
      },
      "17": {
        "start": {
          "line": 58,
          "column": 2
        },
        "end": {
          "line": 58,
          "column": 102
        }
      },
      "18": {
        "start": {
          "line": 61,
          "column": 2
        },
        "end": {
          "line": 61,
          "column": 62
        }
      }
    },
    "fnMap": {
      "0": {
        "name": "(anonymous_0)",
        "decl": {
          "start": {
            "line": 3,
            "column": 19
          },
          "end": {
            "line": 3,
            "column": 20
          }
        },
        "loc": {
          "start": {
            "line": 12,
            "column": 6
          },
          "end": {
            "line": 35,
            "column": 1
          }
        },
        "line": 12
      },
      "1": {
        "name": "(anonymous_1)",
        "decl": {
          "start": {
            "line": 48,
            "column": 52
          },
          "end": {
            "line": 48,
            "column": 53
          }
        },
        "loc": {
          "start": {
            "line": 48,
            "column": 72
          },
          "end": {
            "line": 55,
            "column": 3
          }
        },
        "line": 48
      },
      "2": {
        "name": "(anonymous_2)",
        "decl": {
          "start": {
            "line": 50,
            "column": 27
          },
          "end": {
            "line": 50,
            "column": 28
          }
        },
        "loc": {
          "start": {
            "line": 50,
            "column": 44
          },
          "end": {
            "line": 54,
            "column": 5
          }
        },
        "line": 50
      },
      "3": {
        "name": "$RefreshReg$",
        "decl": {
          "start": {
            "line": 57,
            "column": 9
          },
          "end": {
            "line": 57,
            "column": 21
          }
        },
        "loc": {
          "start": {
            "line": 57,
            "column": 32
          },
          "end": {
            "line": 59,
            "column": 1
          }
        },
        "line": 57
      },
      "4": {
        "name": "$RefreshSig$",
        "decl": {
          "start": {
            "line": 60,
            "column": 9
          },
          "end": {
            "line": 60,
            "column": 21
          }
        },
        "loc": {
          "start": {
            "line": 60,
            "column": 24
          },
          "end": {
            "line": 62,
            "column": 1
          }
        },
        "line": 60
      }
    },
    "branchMap": {
      "0": {
        "loc": {
          "start": {
            "line": 5,
            "column": 2
          },
          "end": {
            "line": 5,
            "column": 15
          }
        },
        "type": "default-arg",
        "locations": [
          {
            "start": {
              "line": 5,
              "column": 9
            },
            "end": {
              "line": 5,
              "column": 15
            }
          }
        ],
        "line": 5
      },
      "1": {
        "loc": {
          "start": {
            "line": 10,
            "column": 2
          },
          "end": {
            "line": 10,
            "column": 18
          }
        },
        "type": "default-arg",
        "locations": [
          {
            "start": {
              "line": 10,
              "column": 13
            },
            "end": {
              "line": 10,
              "column": 18
            }
          }
        ],
        "line": 10
      },
      "2": {
        "loc": {
          "start": {
            "line": 11,
            "column": 2
          },
          "end": {
            "line": 11,
            "column": 16
          }
        },
        "type": "default-arg",
        "locations": [
          {
            "start": {
              "line": 11,
              "column": 14
            },
            "end": {
              "line": 11,
              "column": 16
            }
          }
        ],
        "line": 11
      },
      "3": {
        "loc": {
          "start": {
            "line": 41,
            "column": 20
          },
          "end": {
            "line": 41,
            "column": 97
          }
        },
        "type": "binary-expr",
        "locations": [
          {
            "start": {
              "line": 41,
              "column": 20
            },
            "end": {
              "line": 41,
              "column": 60
            }
          },
          {
            "start": {
              "line": 41,
              "column": 64
            },
            "end": {
              "line": 41,
              "column": 97
            }
          }
        ],
        "line": 41
      },
      "4": {
        "loc": {
          "start": {
            "line": 42,
            "column": 0
          },
          "end": {
            "line": 56,
            "column": 1
          }
        },
        "type": "if",
        "locations": [
          {
            "start": {
              "line": 42,
              "column": 0
            },
            "end": {
              "line": 56,
              "column": 1
            }
          },
          {
            "start": {},
            "end": {}
          }
        ],
        "line": 42
      },
      "5": {
        "loc": {
          "start": {
            "line": 42,
            "column": 4
          },
          "end": {
            "line": 42,
            "column": 35
          }
        },
        "type": "binary-expr",
        "locations": [
          {
            "start": {
              "line": 42,
              "column": 4
            },
            "end": {
              "line": 42,
              "column": 19
            }
          },
          {
            "start": {
              "line": 42,
              "column": 23
            },
            "end": {
              "line": 42,
              "column": 35
            }
          }
        ],
        "line": 42
      },
      "6": {
        "loc": {
          "start": {
            "line": 43,
            "column": 2
          },
          "end": {
            "line": 47,
            "column": 3
          }
        },
        "type": "if",
        "locations": [
          {
            "start": {
              "line": 43,
              "column": 2
            },
            "end": {
              "line": 47,
              "column": 3
            }
          },
          {
            "start": {},
            "end": {}
          }
        ],
        "line": 43
      },
      "7": {
        "loc": {
          "start": {
            "line": 51,
            "column": 6
          },
          "end": {
            "line": 51,
            "column": 31
          }
        },
        "type": "if",
        "locations": [
          {
            "start": {
              "line": 51,
              "column": 6
            },
            "end": {
              "line": 51,
              "column": 31
            }
          },
          {
            "start": {},
            "end": {}
          }
        ],
        "line": 51
      },
      "8": {
        "loc": {
          "start": {
            "line": 53,
            "column": 6
          },
          "end": {
            "line": 53,
            "column": 75
          }
        },
        "type": "if",
        "locations": [
          {
            "start": {
              "line": 53,
              "column": 6
            },
            "end": {
              "line": 53,
              "column": 75
            }
          },
          {
            "start": {},
            "end": {}
          }
        ],
        "line": 53
      }
    },
    "s": {
      "0": 29,
      "1": 2241,
      "2": 2241,
      "3": 3,
      "4": 3,
      "5": 3,
      "6": 3,
      "7": 3,
      "8": 0,
      "9": 3,
      "10": 3,
      "11": 3,
      "12": 0,
      "13": 0,
      "14": 0,
      "15": 0,
      "16": 0,
      "17": 3,
      "18": 0
    },
    "f": {
      "0": 2241,
      "1": 3,
      "2": 0,
      "3": 3,
      "4": 0
    },
    "b": {
      "0": [2],
      "1": [151],
      "2": [2092],
      "3": [3, 0],
      "4": [3, 0],
      "5": [3, 3],
      "6": [0, 3],
      "7": [0, 0],
      "8": [0, 0]
    },
    "inputSourceMap": {
      "version": 3,
      "mappings": "AAcI;AAdJ,OAAOA,YAAY;AAEnB,MAAMC,aAAaA,CAAC;AAAA,EAClBC;AAAAA,EACAC,OAAO;AAAA,EACPC;AAAAA,EACAC;AAAAA,EACAC;AAAAA,EACAC;AAAAA,EACAC,WAAW;AAAA,EACXC,YAAY;AACd,MAAM;AACJ,QAAMC,eAAe,GAAGV,OAAOW,KAAK,IAAIF,SAAS;AACjD,SACE;AAAA,IAAC;AAAA;AAAA,MACC;AAAA,MACA;AAAA,MACA;AAAA,MACA;AAAA,MACA;AAAA,MACA;AAAA,MACA;AAAA,MACA,WAAWC;AAAAA;AAAAA,IARb;AAAA;AAAA;AAAA;AAAA;AAAA;AAAA;AAAA;AAAA,EAQ0B;AAG9B;AAAEE,KAvBIX;AAyBN,eAAeA;AAAW,IAAAW;AAAAC,aAAAD,IAAA",
      "names": [
        "styles",
        "InputField",
        "id",
        "type",
        "placeholder",
        "value",
        "onChange",
        "name",
        "required",
        "className",
        "inputClasses",
        "input",
        "_c",
        "$RefreshReg$"
      ],
      "ignoreList": [],
      "sources": ["C:/Users/arsen/autowiki/src/components/InputField.jsx"],
      "file": "C:/Users/arsen/autowiki/src/components/InputField.jsx"
    },
    "_coverageSchema": "1a1c01bbd47fc00a2c39e90264f33305004495a9",
    "hash": "82310157548f3f596b08218a69e49eb38b8c7fba"
  },
  "C:/Users/arsen/autowiki/src/components/SearchBar.jsx": {
    "path": "C:/Users/arsen/autowiki/src/components/SearchBar.jsx",
    "statementMap": {
      "0": {
        "start": {
          "line": 4,
          "column": 18
        },
        "end": {
          "line": 80,
          "column": 1
        }
      },
      "1": {
        "start": {
          "line": 14,
          "column": 27
        },
        "end": {
          "line": 14,
          "column": 70
        }
      },
      "2": {
        "start": {
          "line": 15,
          "column": 2
        },
        "end": {
          "line": 79,
          "column": 11
        }
      },
      "3": {
        "start": {
          "line": 54,
          "column": 47
        },
        "end": {
          "line": 58,
          "column": 20
        }
      },
      "4": {
        "start": {
          "line": 81,
          "column": 0
        },
        "end": {
          "line": 81,
          "column": 15
        }
      },
      "5": {
        "start": {
          "line": 84,
          "column": 0
        },
        "end": {
          "line": 84,
          "column": 30
        }
      },
      "6": {
        "start": {
          "line": 86,
          "column": 20
        },
        "end": {
          "line": 86,
          "column": 97
        }
      },
      "7": {
        "start": {
          "line": 87,
          "column": 0
        },
        "end": {
          "line": 101,
          "column": 1
        }
      },
      "8": {
        "start": {
          "line": 88,
          "column": 2
        },
        "end": {
          "line": 92,
          "column": 3
        }
      },
      "9": {
        "start": {
          "line": 89,
          "column": 4
        },
        "end": {
          "line": 91,
          "column": 6
        }
      },
      "10": {
        "start": {
          "line": 93,
          "column": 2
        },
        "end": {
          "line": 100,
          "column": 5
        }
      },
      "11": {
        "start": {
          "line": 94,
          "column": 4
        },
        "end": {
          "line": 94,
          "column": 122
        }
      },
      "12": {
        "start": {
          "line": 95,
          "column": 4
        },
        "end": {
          "line": 99,
          "column": 7
        }
      },
      "13": {
        "start": {
          "line": 96,
          "column": 6
        },
        "end": {
          "line": 96,
          "column": 31
        }
      },
      "14": {
        "start": {
          "line": 96,
          "column": 24
        },
        "end": {
          "line": 96,
          "column": 31
        }
      },
      "15": {
        "start": {
          "line": 97,
          "column": 32
        },
        "end": {
          "line": 97,
          "column": 171
        }
      },
      "16": {
        "start": {
          "line": 98,
          "column": 6
        },
        "end": {
          "line": 98,
          "column": 75
        }
      },
      "17": {
        "start": {
          "line": 98,
          "column": 29
        },
        "end": {
          "line": 98,
          "column": 75
        }
      },
      "18": {
        "start": {
          "line": 103,
          "column": 2
        },
        "end": {
          "line": 103,
          "column": 101
        }
      },
      "19": {
        "start": {
          "line": 106,
          "column": 2
        },
        "end": {
          "line": 106,
          "column": 62
        }
      },
      "20": {
        "start": {
          "line": 4,
          "column": 18
        },
        "end": {
          "line": 78,
          "column": 1
        }
      },
      "21": {
        "start": {
          "line": 15,
          "column": 2
        },
        "end": {
          "line": 77,
          "column": 11
        }
      },
      "22": {
        "start": {
          "line": 53,
          "column": 73
        },
        "end": {
          "line": 57,
          "column": 18
        }
      }
    },
    "fnMap": {
      "0": {
        "name": "(anonymous_0)",
        "decl": {
          "start": {
            "line": 4,
            "column": 18
          },
          "end": {
            "line": 4,
            "column": 19
          }
        },
        "loc": {
          "start": {
            "line": 13,
            "column": 6
          },
          "end": {
            "line": 80,
            "column": 1
          }
        },
        "line": 13
      },
      "1": {
        "name": "(anonymous_1)",
        "decl": {
          "start": {
            "line": 54,
            "column": 12
          },
          "end": {
            "line": 54,
            "column": 13
          }
        },
        "loc": {
          "start": {
            "line": 54,
            "column": 47
          },
          "end": {
            "line": 58,
            "column": 20
          }
        },
        "line": 54
      },
      "2": {
        "name": "(anonymous_2)",
        "decl": {
          "start": {
            "line": 93,
            "column": 52
          },
          "end": {
            "line": 93,
            "column": 53
          }
        },
        "loc": {
          "start": {
            "line": 93,
            "column": 72
          },
          "end": {
            "line": 100,
            "column": 3
          }
        },
        "line": 93
      },
      "3": {
        "name": "(anonymous_3)",
        "decl": {
          "start": {
            "line": 95,
            "column": 27
          },
          "end": {
            "line": 95,
            "column": 28
          }
        },
        "loc": {
          "start": {
            "line": 95,
            "column": 44
          },
          "end": {
            "line": 99,
            "column": 5
          }
        },
        "line": 95
      },
      "4": {
        "name": "$RefreshReg$",
        "decl": {
          "start": {
            "line": 102,
            "column": 9
          },
          "end": {
            "line": 102,
            "column": 21
          }
        },
        "loc": {
          "start": {
            "line": 102,
            "column": 32
          },
          "end": {
            "line": 104,
            "column": 1
          }
        },
        "line": 102
      },
      "5": {
        "name": "$RefreshSig$",
        "decl": {
          "start": {
            "line": 105,
            "column": 9
          },
          "end": {
            "line": 105,
            "column": 21
          }
        },
        "loc": {
          "start": {
            "line": 105,
            "column": 24
          },
          "end": {
            "line": 107,
            "column": 1
          }
        },
        "line": 105
      },
      "6": {
        "name": "(anonymous_0)",
        "decl": {
          "start": {
            "line": 4,
            "column": 18
          },
          "end": {
            "line": 4,
            "column": 19
          }
        },
        "loc": {
          "start": {
            "line": 13,
            "column": 6
          },
          "end": {
            "line": 78,
            "column": 1
          }
        },
        "line": 13
      },
      "7": {
        "name": "(anonymous_1)",
        "decl": {
          "start": {
            "line": 53,
            "column": 38
          },
          "end": {
            "line": 53,
            "column": 39
          }
        },
        "loc": {
          "start": {
            "line": 53,
            "column": 73
          },
          "end": {
            "line": 57,
            "column": 18
          }
        },
        "line": 53
      }
    },
    "branchMap": {
      "0": {
        "loc": {
          "start": {
            "line": 5,
            "column": 2
          },
          "end": {
            "line": 5,
            "column": 33
          }
        },
        "type": "default-arg",
        "locations": [
          {
            "start": {
              "line": 5,
              "column": 22
            },
            "end": {
              "line": 5,
              "column": 33
            }
          }
        ],
        "line": 5
      },
      "1": {
        "loc": {
          "start": {
            "line": 6,
            "column": 2
          },
          "end": {
            "line": 6,
            "column": 20
          }
        },
        "type": "default-arg",
        "locations": [
          {
            "start": {
              "line": 6,
              "column": 18
            },
            "end": {
              "line": 6,
              "column": 20
            }
          }
        ],
        "line": 6
      },
      "2": {
        "loc": {
          "start": {
            "line": 7,
            "column": 2
          },
          "end": {
            "line": 7,
            "column": 19
          }
        },
        "type": "default-arg",
        "locations": [
          {
            "start": {
              "line": 7,
              "column": 15
            },
            "end": {
              "line": 7,
              "column": 19
            }
          }
        ],
        "line": 7
      },
      "3": {
        "loc": {
          "start": {
            "line": 8,
            "column": 2
          },
          "end": {
            "line": 8,
            "column": 16
          }
        },
        "type": "default-arg",
        "locations": [
          {
            "start": {
              "line": 8,
              "column": 14
            },
            "end": {
              "line": 8,
              "column": 16
            }
          }
        ],
        "line": 8
      },
      "4": {
        "loc": {
          "start": {
            "line": 40,
            "column": 4
          },
          "end": {
            "line": 74,
            "column": 12
          }
        },
        "type": "binary-expr",
        "locations": [
          {
            "start": {
              "line": 40,
              "column": 4
            },
            "end": {
              "line": 40,
              "column": 14
            }
          },
          {
            "start": {
              "line": 40,
              "column": 18
            },
            "end": {
              "line": 40,
              "column": 42
            }
          },
          {
            "start": {
              "line": 40,
              "column": 62
            },
            "end": {
              "line": 74,
              "column": 12
            }
          }
        ],
        "line": 40
      },
      "5": {
        "loc": {
          "start": {
            "line": 86,
            "column": 20
          },
          "end": {
            "line": 86,
            "column": 97
          }
        },
        "type": "binary-expr",
        "locations": [
          {
            "start": {
              "line": 86,
              "column": 20
            },
            "end": {
              "line": 86,
              "column": 60
            }
          },
          {
            "start": {
              "line": 86,
              "column": 64
            },
            "end": {
              "line": 86,
              "column": 97
            }
          }
        ],
        "line": 86
      },
      "6": {
        "loc": {
          "start": {
            "line": 87,
            "column": 0
          },
          "end": {
            "line": 101,
            "column": 1
          }
        },
        "type": "if",
        "locations": [
          {
            "start": {
              "line": 87,
              "column": 0
            },
            "end": {
              "line": 101,
              "column": 1
            }
          },
          {
            "start": {},
            "end": {}
          }
        ],
        "line": 87
      },
      "7": {
        "loc": {
          "start": {
            "line": 87,
            "column": 4
          },
          "end": {
            "line": 87,
            "column": 35
          }
        },
        "type": "binary-expr",
        "locations": [
          {
            "start": {
              "line": 87,
              "column": 4
            },
            "end": {
              "line": 87,
              "column": 19
            }
          },
          {
            "start": {
              "line": 87,
              "column": 23
            },
            "end": {
              "line": 87,
              "column": 35
            }
          }
        ],
        "line": 87
      },
      "8": {
        "loc": {
          "start": {
            "line": 88,
            "column": 2
          },
          "end": {
            "line": 92,
            "column": 3
          }
        },
        "type": "if",
        "locations": [
          {
            "start": {
              "line": 88,
              "column": 2
            },
            "end": {
              "line": 92,
              "column": 3
            }
          },
          {
            "start": {},
            "end": {}
          }
        ],
        "line": 88
      },
      "9": {
        "loc": {
          "start": {
            "line": 96,
            "column": 6
          },
          "end": {
            "line": 96,
            "column": 31
          }
        },
        "type": "if",
        "locations": [
          {
            "start": {
              "line": 96,
              "column": 6
            },
            "end": {
              "line": 96,
              "column": 31
            }
          },
          {
            "start": {},
            "end": {}
          }
        ],
        "line": 96
      },
      "10": {
        "loc": {
          "start": {
            "line": 98,
            "column": 6
          },
          "end": {
            "line": 98,
            "column": 75
          }
        },
        "type": "if",
        "locations": [
          {
            "start": {
              "line": 98,
              "column": 6
            },
            "end": {
              "line": 98,
              "column": 75
            }
          },
          {
            "start": {},
            "end": {}
          }
        ],
        "line": 98
      }
    },
    "s": {
      "0": 3,
      "1": 149,
      "2": 5,
      "3": 150,
      "4": 3,
      "5": 3,
      "6": 3,
      "7": 3,
      "8": 3,
      "9": 0,
      "10": 3,
      "11": 3,
      "12": 3,
      "13": 0,
      "14": 0,
      "15": 0,
      "16": 0,
      "17": 0,
      "18": 3,
      "19": 0,
      "20": 20,
      "21": 149,
      "22": 561
    },
    "f": {
      "0": 5,
      "1": 150,
      "2": 3,
      "3": 0,
      "4": 3,
      "5": 0,
      "6": 149,
      "7": 561
    },
    "b": {
      "0": [4],
      "1": [29],
      "2": [0],
      "3": [120],
      "4": [149, 116, 116],
      "5": [3, 0],
      "6": [3, 0],
      "7": [3, 3],
      "8": [0, 3],
      "9": [0, 0],
      "10": [0, 0]
    },
    "inputSourceMap": {
      "version": 3,
      "mappings": "AAiBM,SAYE,UAZF;AAjBN,OAAOA,YAAY;AACnB,OAAOC,gBAAgB;AAEvB,MAAMC,YAAYA,CAAC;AAAA,EACjBC,oBAAoB;AAAA,EACpBC,gBAAgB;AAAA,EAChBC,aAAa;AAAA,EACbC,YAAY;AAAA,EACZC;AAAAA,EACAC;AAAAA,EACAC;AAAAA,EACAC;AACF,MAAM;AACJ,QAAMC,mBAAmB,GAAGX,OAAOY,kBAAkB,IAAIN,SAAS;AAElE,SACE,uBAAC,SAAI,WAAWK,kBACd;AAAA,2BAAC,WAAM,SAAQ,gBAAe,WAAWX,OAAOa,gBAC7CV,+BADH;AAAA;AAAA;AAAA;AAAA,WAEA;AAAA,IACA;AAAA,MAAC;AAAA;AAAA,QACC,IAAG;AAAA,QACH,MAAK;AAAA,QACL,aAAaA;AAAAA,QACb,WAAWH,OAAOc;AAAAA,QAClB,OAAOP;AAAAA,QACP,UAAUC;AAAAA;AAAAA,MANZ;AAAA;AAAA;AAAA;AAAA;AAAA;AAAA;AAAA;AAAA,IAM2B;AAAA,IAE1BH,cAAcD,cAAcW,SAAS,KACpC,mCACE;AAAA,6BAAC,WAAM,SAAQ,iBAAgB,WAAWf,OAAOa,gBAAe,uBAAhE;AAAA;AAAA;AAAA;AAAA,aAEA;AAAA,MACA;AAAA,QAAC;AAAA;AAAA,UACC,IAAG;AAAA,UACH,WAAWb,OAAOgB;AAAAA,UAClB,OAAOP;AAAAA,UACP,UAAUC;AAAAA,UAETN,wBAAca;AAAAA,YAAI,CAACC,QAAQC,UAC1B,uBAAC,YAAmB,OAAOD,QACxBA,oBADUC,OAAb;AAAA;AAAA;AAAA;AAAA,mBAEA;AAAA,UACD;AAAA;AAAA,QAVH;AAAA;AAAA;AAAA;AAAA;AAAA;AAAA;AAAA;AAAA,MAWA;AAAA,SAfF;AAAA;AAAA;AAAA;AAAA,WAgBA;AAAA,OA7BJ;AAAA;AAAA;AAAA;AAAA,SA+BA;AAEJ;AAAEC,KA9CIlB;AA+CN,eAAeA;AAAU,IAAAkB;AAAAC,aAAAD,IAAA",
      "names": [
        "styles",
        "InputField",
        "SearchBar",
        "searchPlaceholder",
        "filterOptions",
        "showFilter",
        "className",
        "searchValue",
        "onSearchChange",
        "filterValue",
        "onFilterChange",
        "containerClasses",
        "searchBarContainer",
        "visuallyHidden",
        "searchInput",
        "length",
        "filterSelect",
        "map",
        "option",
        "index",
        "_c",
        "$RefreshReg$"
      ],
      "ignoreList": [],
      "sources": ["C:/Users/arsen/autowiki/src/components/SearchBar.jsx"],
      "file": "C:/Users/arsen/autowiki/src/components/SearchBar.jsx"
    },
    "_coverageSchema": "1a1c01bbd47fc00a2c39e90264f33305004495a9",
    "hash": "1d202ad0324ac4a774d3abfd53851bd6b0b61e91"
  },
  "C:/Users/arsen/autowiki/src/components/SearchBar.cy.jsx": {
    "path": "C:/Users/arsen/autowiki/src/components/SearchBar.cy.jsx",
    "statementMap": {
      "0": {
        "start": {
          "line": 3,
          "column": 0
        },
        "end": {
          "line": 41,
          "column": 3
        }
      },
      "1": {
        "start": {
          "line": 4,
          "column": 2
        },
        "end": {
          "line": 32,
          "column": 5
        }
      },
      "2": {
        "start": {
          "line": 5,
          "column": 24
        },
        "end": {
          "line": 5,
          "column": 47
        }
      },
      "3": {
        "start": {
          "line": 6,
          "column": 24
        },
        "end": {
          "line": 6,
          "column": 47
        }
      },
      "4": {
        "start": {
          "line": 7,
          "column": 4
        },
        "end": {
          "line": 27,
          "column": 6
        }
      },
      "5": {
        "start": {
          "line": 28,
          "column": 4
        },
        "end": {
          "line": 28,
          "column": 58
        }
      },
      "6": {
        "start": {
          "line": 29,
          "column": 4
        },
        "end": {
          "line": 29,
          "column": 51
        }
      },
      "7": {
        "start": {
          "line": 30,
          "column": 4
        },
        "end": {
          "line": 30,
          "column": 40
        }
      },
      "8": {
        "start": {
          "line": 31,
          "column": 4
        },
        "end": {
          "line": 31,
          "column": 51
        }
      },
      "9": {
        "start": {
          "line": 33,
          "column": 2
        },
        "end": {
          "line": 40,
          "column": 5
        }
      },
      "10": {
        "start": {
          "line": 34,
          "column": 4
        },
        "end": {
          "line": 38,
          "column": 14
        }
      },
      "11": {
        "start": {
          "line": 39,
          "column": 4
        },
        "end": {
          "line": 39,
          "column": 41
        }
      }
    },
    "fnMap": {
      "0": {
        "name": "(anonymous_0)",
        "decl": {
          "start": {
            "line": 3,
            "column": 26
          },
          "end": {
            "line": 3,
            "column": 27
          }
        },
        "loc": {
          "start": {
            "line": 3,
            "column": 32
          },
          "end": {
            "line": 41,
            "column": 1
          }
        },
        "line": 3
      },
      "1": {
        "name": "(anonymous_1)",
        "decl": {
          "start": {
            "line": 4,
            "column": 51
          },
          "end": {
            "line": 4,
            "column": 52
          }
        },
        "loc": {
          "start": {
            "line": 4,
            "column": 57
          },
          "end": {
            "line": 32,
            "column": 3
          }
        },
        "line": 4
      },
      "2": {
        "name": "(anonymous_2)",
        "decl": {
          "start": {
            "line": 33,
            "column": 44
          },
          "end": {
            "line": 33,
            "column": 45
          }
        },
        "loc": {
          "start": {
            "line": 33,
            "column": 50
          },
          "end": {
            "line": 40,
            "column": 3
          }
        },
        "line": 33
      }
    },
    "branchMap": {},
    "s": {
      "0": 6,
      "1": 6,
      "2": 6,
      "3": 6,
      "4": 6,
      "5": 6,
      "6": 6,
      "7": 6,
      "8": 6,
      "9": 6,
      "10": 4,
      "11": 4
    },
    "f": {
      "0": 6,
      "1": 6,
      "2": 4
    },
    "b": {},
    "inputSourceMap": {
      "version": 3,
      "mappings": "AAQM;AARN,OAAOA,eAAe;AAEtBC,SAAS,iBAAiB,MAAM;AAC9BC,KAAG,8CAA8C,MAAM;AACrD,UAAMC,cAAcC,GAAGC,IAAI,EAAEC,GAAG,UAAU;AAC1C,UAAMC,cAAcH,GAAGC,IAAI,EAAEC,GAAG,UAAU;AAE1CF,OAAGI;AAAAA,MACD;AAAA,QAAC;AAAA;AAAA,UACC,mBAAkB;AAAA,UAClB,eAAe,CAAC,YAAY,UAAU;AAAA,UACtC,YAAY;AAAA,UAEZ,aAAY;AAAA,UACZ,gBAAgBL;AAAAA,UAChB,gBAAgBI;AAAAA;AAAAA,QAPlB;AAAA;AAAA;AAAA;AAAA;AAAA;AAAA;AAAA;AAAA,MAO8B;AAAA,IAEhC;AAGAH,OAAGK,IAAI,gCAAgC,EAAEC,KAAK,MAAM;AACpDN,OAAGK,IAAI,WAAW,EAAEE,OAAO,kBAAkB;AAI7CP,OAAGK,IAAI,QAAQ,EAAEG,OAAO,UAAU;AAGlCR,OAAGK,IAAI,WAAW,EAAEE,OAAO,kBAAkB;AAAA,EAC/C,CAAC;AAEDT,KAAG,uCAAuC,MAAM;AAC9CE,OAAGI,MAAM,uBAAC,aAAU,YAAY,OAAO,eAAe,CAAC,KAAK,GAAG,KAAtD;AAAA;AAAA;AAAA;AAAA,WAAwD,CAAG;AACpEJ,OAAGK,IAAI,QAAQ,EAAEE,OAAO,WAAW;AAAA,EACrC,CAAC;AACH,CAAC",
      "names": [
        "SearchBar",
        "describe",
        "it",
        "onSearchSpy",
        "cy",
        "spy",
        "as",
        "onFilterSpy",
        "mount",
        "get",
        "type",
        "should",
        "select"
      ],
      "ignoreList": [],
      "sources": ["C:/Users/arsen/autowiki/src/components/SearchBar.cy.jsx"],
      "file": "C:/Users/arsen/autowiki/src/components/SearchBar.cy.jsx"
    },
    "_coverageSchema": "1a1c01bbd47fc00a2c39e90264f33305004495a9",
    "hash": "e138ab9dd207d54aa57d1db4229b591f55c8c20f"
  },
  "C:/Users/arsen/autowiki/src/components/BrandCard.jsx": {
    "path": "C:/Users/arsen/autowiki/src/components/BrandCard.jsx",
    "statementMap": {
      "0": {
        "start": {
          "line": 4,
          "column": 18
        },
        "end": {
          "line": 68,
          "column": 1
        }
      },
      "1": {
        "start": {
          "line": 5,
          "column": 19
        },
        "end": {
          "line": 5,
          "column": 32
        }
      },
      "2": {
        "start": {
          "line": 6,
          "column": 22
        },
        "end": {
          "line": 8,
          "column": 3
        }
      },
      "3": {
        "start": {
          "line": 7,
          "column": 4
        },
        "end": {
          "line": 7,
          "column": 30
        }
      },
      "4": {
        "start": {
          "line": 9,
          "column": 2
        },
        "end": {
          "line": 67,
          "column": 11
        }
      },
      "5": {
        "start": {
          "line": 18,
          "column": 12
        },
        "end": {
          "line": 18,
          "column": 44
        }
      },
      "6": {
        "start": {
          "line": 19,
          "column": 32
        },
        "end": {
          "line": 19,
          "column": 59
        }
      },
      "7": {
        "start": {
          "line": 20,
          "column": 12
        },
        "end": {
          "line": 20,
          "column": 64
        }
      },
      "8": {
        "start": {
          "line": 20,
          "column": 29
        },
        "end": {
          "line": 20,
          "column": 64
        }
      }
    },
    "fnMap": {
      "0": {
        "name": "(anonymous_0)",
        "decl": {
          "start": {
            "line": 4,
            "column": 18
          },
          "end": {
            "line": 4,
            "column": 19
          }
        },
        "loc": {
          "start": {
            "line": 4,
            "column": 54
          },
          "end": {
            "line": 68,
            "column": 1
          }
        },
        "line": 4
      },
      "1": {
        "name": "(anonymous_1)",
        "decl": {
          "start": {
            "line": 6,
            "column": 22
          },
          "end": {
            "line": 6,
            "column": 23
          }
        },
        "loc": {
          "start": {
            "line": 6,
            "column": 28
          },
          "end": {
            "line": 8,
            "column": 3
          }
        },
        "line": 6
      },
      "2": {
        "name": "(anonymous_2)",
        "decl": {
          "start": {
            "line": 17,
            "column": 19
          },
          "end": {
            "line": 17,
            "column": 20
          }
        },
        "loc": {
          "start": {
            "line": 17,
            "column": 26
          },
          "end": {
            "line": 21,
            "column": 11
          }
        },
        "line": 17
      }
    },
    "branchMap": {
      "0": {
        "loc": {
          "start": {
            "line": 11,
            "column": 6
          },
          "end": {
            "line": 31,
            "column": 14
          }
        },
        "type": "cond-expr",
        "locations": [
          {
            "start": {
              "line": 11,
              "column": 32
            },
            "end": {
              "line": 31,
              "column": 7
            }
          },
          {
            "start": {
              "line": 31,
              "column": 10
            },
            "end": {
              "line": 31,
              "column": 14
            }
          }
        ],
        "line": 11
      },
      "1": {
        "loc": {
          "start": {
            "line": 20,
            "column": 12
          },
          "end": {
            "line": 20,
            "column": 64
          }
        },
        "type": "if",
        "locations": [
          {
            "start": {
              "line": 20,
              "column": 12
            },
            "end": {
              "line": 20,
              "column": 64
            }
          },
          {
            "start": {},
            "end": {}
          }
        ],
        "line": 20
      },
      "2": {
        "loc": {
          "start": {
            "line": 36,
            "column": 17
          },
          "end": {
            "line": 36,
            "column": 68
          }
        },
        "type": "cond-expr",
        "locations": [
          {
            "start": {
              "line": 36,
              "column": 27
            },
            "end": {
              "line": 36,
              "column": 46
            }
          },
          {
            "start": {
              "line": 36,
              "column": 49
            },
            "end": {
              "line": 36,
              "column": 68
            }
          }
        ],
        "line": 36
      }
    },
    "s": {
      "0": 10,
      "1": 92,
      "2": 92,
      "3": 9,
      "4": 92,
      "5": 5,
      "6": 5,
      "7": 5,
      "8": 5
    },
    "f": {
      "0": 92,
      "1": 9,
      "2": 5
    },
    "b": {
      "0": [5, 87],
      "1": [5, 0],
      "2": [5, 87]
    },
    "inputSourceMap": {
      "version": 3,
      "sources": ["C:/Users/arsen/autowiki/src/components/BrandCard.jsx"],
      "mappings": "AAaU;AAbV,OAAO,YAAY;AACnB,SAAS,mBAAmB;AAE5B,MAAM,YAAY,CAAC,EAAE,IAAI,SAAS,MAAM,QAAQ,MAAM;AACpD,QAAM,WAAW,YAAY;AAE7B,QAAM,cAAc,MAAM;AACxB,aAAS,WAAW,EAAE,EAAE;AAAA,EAC1B;AACA,SACE,uBAAC,SAAI,WAAW,OAAO,WAAW,SAAS,aACzC;AAAA,2BAAC,SAAI,WAAW,OAAO,aACpB;AAAA,gBACC;AAAA,QAAC;AAAA;AAAA,UACC,KAAK;AAAA,UACL,KAAK,GAAG,IAAI;AAAA,UACZ,WAAW,OAAO;AAAA,UAClB,SAAS,CAAC,MAAM;AACd,cAAE,OAAO,MAAM,UAAU;AACzB,kBAAM,cAAc,EAAE,OAAO;AAC7B,gBAAI,YAAa,aAAY,MAAM,UAAU;AAAA,UAC/C;AAAA;AAAA,QARF;AAAA;AAAA;AAAA;AAAA;AAAA;AAAA;AAAA;AAAA,MASA,IACE;AAAA,MACJ;AAAA,QAAC;AAAA;AAAA,UACC,WAAW,OAAO;AAAA,UAClB,OAAO,UAAU,EAAE,SAAS,OAAO,IAAI,EAAE,SAAS,OAAO;AAAA,UAExD,eAAK,UAAU,GAAG,CAAC;AAAA;AAAA,QAJtB;AAAA;AAAA;AAAA;AAAA;AAAA;AAAA;AAAA;AAAA,MAKA;AAAA,SAlBF;AAAA;AAAA;AAAA;AAAA,WAmBA;AAAA,IACA,uBAAC,QAAG,WAAW,OAAO,WAAY,kBAAlC;AAAA;AAAA;AAAA;AAAA,WAAuC;AAAA,IACvC,uBAAC,OAAE,WAAW,OAAO,cAAe,qBAApC;AAAA;AAAA;AAAA;AAAA,WAA4C;AAAA,OAtB9C;AAAA;AAAA;AAAA;AAAA,SAuBA;AAEJ;AAEA,eAAe;",
      "names": []
    },
    "_coverageSchema": "1a1c01bbd47fc00a2c39e90264f33305004495a9",
    "hash": "b8f7235421d97cf5b0857a07f6d553b9113c17a6"
  },
  "C:/Users/arsen/autowiki/src/components/BrandCard.cy.jsx": {
    "path": "C:/Users/arsen/autowiki/src/components/BrandCard.cy.jsx",
    "statementMap": {
      "0": {
        "start": {
          "line": 4,
          "column": 24
        },
        "end": {
          "line": 11,
          "column": 1
        }
      },
      "1": {
        "start": {
          "line": 5,
          "column": 19
        },
        "end": {
          "line": 5,
          "column": 32
        }
      },
      "2": {
        "start": {
          "line": 6,
          "column": 2
        },
        "end": {
          "line": 10,
          "column": 11
        }
      },
      "3": {
        "start": {
          "line": 12,
          "column": 0
        },
        "end": {
          "line": 70,
          "column": 3
        }
      },
      "4": {
        "start": {
          "line": 13,
          "column": 20
        },
        "end": {
          "line": 18,
          "column": 3
        }
      },
      "5": {
        "start": {
          "line": 19,
          "column": 2
        },
        "end": {
          "line": 53,
          "column": 5
        }
      },
      "6": {
        "start": {
          "line": 20,
          "column": 4
        },
        "end": {
          "line": 49,
          "column": 6
        }
      },
      "7": {
        "start": {
          "line": 50,
          "column": 4
        },
        "end": {
          "line": 50,
          "column": 45
        }
      },
      "8": {
        "start": {
          "line": 51,
          "column": 4
        },
        "end": {
          "line": 51,
          "column": 46
        }
      },
      "9": {
        "start": {
          "line": 52,
          "column": 4
        },
        "end": {
          "line": 52,
          "column": 68
        }
      },
      "10": {
        "start": {
          "line": 54,
          "column": 2
        },
        "end": {
          "line": 69,
          "column": 5
        }
      },
      "11": {
        "start": {
          "line": 55,
          "column": 4
        },
        "end": {
          "line": 55,
          "column": 45
        }
      },
      "12": {
        "start": {
          "line": 55,
          "column": 38
        },
        "end": {
          "line": 55,
          "column": 43
        }
      },
      "13": {
        "start": {
          "line": 56,
          "column": 4
        },
        "end": {
          "line": 66,
          "column": 6
        }
      },
      "14": {
        "start": {
          "line": 67,
          "column": 4
        },
        "end": {
          "line": 67,
          "column": 52
        }
      },
      "15": {
        "start": {
          "line": 68,
          "column": 4
        },
        "end": {
          "line": 68,
          "column": 66
        }
      }
    },
    "fnMap": {
      "0": {
        "name": "(anonymous_0)",
        "decl": {
          "start": {
            "line": 4,
            "column": 24
          },
          "end": {
            "line": 4,
            "column": 25
          }
        },
        "loc": {
          "start": {
            "line": 4,
            "column": 30
          },
          "end": {
            "line": 11,
            "column": 1
          }
        },
        "line": 4
      },
      "1": {
        "name": "(anonymous_1)",
        "decl": {
          "start": {
            "line": 12,
            "column": 26
          },
          "end": {
            "line": 12,
            "column": 27
          }
        },
        "loc": {
          "start": {
            "line": 12,
            "column": 32
          },
          "end": {
            "line": 70,
            "column": 1
          }
        },
        "line": 12
      },
      "2": {
        "name": "(anonymous_2)",
        "decl": {
          "start": {
            "line": 19,
            "column": 52
          },
          "end": {
            "line": 19,
            "column": 53
          }
        },
        "loc": {
          "start": {
            "line": 19,
            "column": 58
          },
          "end": {
            "line": 53,
            "column": 3
          }
        },
        "line": 19
      },
      "3": {
        "name": "(anonymous_3)",
        "decl": {
          "start": {
            "line": 54,
            "column": 49
          },
          "end": {
            "line": 54,
            "column": 50
          }
        },
        "loc": {
          "start": {
            "line": 54,
            "column": 55
          },
          "end": {
            "line": 69,
            "column": 3
          }
        },
        "line": 54
      },
      "4": {
        "name": "(anonymous_4)",
        "decl": {
          "start": {
            "line": 55,
            "column": 32
          },
          "end": {
            "line": 55,
            "column": 33
          }
        },
        "loc": {
          "start": {
            "line": 55,
            "column": 38
          },
          "end": {
            "line": 55,
            "column": 43
          }
        },
        "line": 55
      }
    },
    "branchMap": {},
    "s": {
      "0": 3,
      "1": 3,
      "2": 3,
      "3": 3,
      "4": 3,
      "5": 3,
      "6": 3,
      "7": 3,
      "8": 3,
      "9": 3,
      "10": 3,
      "11": 2,
      "12": 2,
      "13": 2,
      "14": 2,
      "15": 2
    },
    "f": {
      "0": 3,
      "1": 3,
      "2": 3,
      "3": 2,
      "4": 2
    },
    "b": {},
    "inputSourceMap": {
      "version": 3,
      "sources": ["C:/Users/arsen/autowiki/src/components/BrandCard.cy.jsx"],
      "mappings": "AAKS;AALT,SAAS,cAAc,QAAQ,OAAO,mBAAmB;AACzD,OAAO,eAAe;AAEtB,MAAM,kBAAkB,MAAM;AAC5B,QAAM,WAAW,YAAY;AAC7B,SAAO,uBAAC,SAAI,WAAQ,YAAY,mBAAS,YAAlC;AAAA;AAAA;AAAA;AAAA,SAA2C;AACpD;AAEA,SAAS,iBAAiB,MAAM;AAC9B,QAAM,YAAY;AAAA,IAChB,IAAI;AAAA,IACJ,MAAM;AAAA,IACN,SAAS;AAAA,IACT,SAAS;AAAA,EACX;AAEA,KAAG,+CAA+C,MAAM;AACtD,OAAG;AAAA,MACD,uBAAC,gBAAa,gBAAgB,CAAC,GAAG,GAChC,iCAAC,UACC;AAAA,+BAAC,SAAM,MAAK,KAAI,SAAS,uBAAC,aAAW,GAAG,aAAf;AAAA;AAAA;AAAA;AAAA,eAA0B,KAAnD;AAAA;AAAA;AAAA;AAAA,eAAuD;AAAA,QACvD,uBAAC,SAAM,MAAK,eAAc,SAAS,uBAAC,qBAAD;AAAA;AAAA;AAAA;AAAA,eAAiB,KAApD;AAAA;AAAA;AAAA;AAAA,eAAwD;AAAA,WAF1D;AAAA;AAAA;AAAA;AAAA,aAGA,KAJF;AAAA;AAAA;AAAA;AAAA,aAKA;AAAA,IACF;AACA,OAAG,SAAS,MAAM,EAAE,OAAO,YAAY;AACvC,OAAG,IAAI,yBAAyB,EAAE,MAAM;AACxC,OAAG,IAAI,sBAAsB,EAAE,OAAO,aAAa,WAAW;AAAA,EAChE,CAAC;AAED,KAAG,4CAA4C,MAAM;AACnD,OAAG,GAAG,sBAAsB,MAAM,KAAK;AAEvC,OAAG;AAAA,MACD,uBAAC,gBACC,iCAAC,aAAW,GAAG,aAAf;AAAA;AAAA;AAAA;AAAA,aAA0B,KAD5B;AAAA;AAAA;AAAA;AAAA,aAEA;AAAA,IACF;AAEA,OAAG,IAAI,KAAK,EAAE,QAAQ,SAAS,EAAE,OAAO,KAAK,CAAC;AAE9C,OAAG,SAAS,OAAO,GAAG,EAAE,OAAO,YAAY,WAAW,MAAM;AAAA,EAC9D,CAAC;AACH,CAAC;",
      "names": []
    },
    "_coverageSchema": "1a1c01bbd47fc00a2c39e90264f33305004495a9",
    "hash": "680a7b701cdf8e55afd69083fccbca699b9c729f"
  },
  "C:/Users/arsen/autowiki/src/components/Button.jsx": {
    "path": "C:/Users/arsen/autowiki/src/components/Button.jsx",
    "statementMap": {
      "0": {
        "start": {
          "line": 3,
          "column": 15
        },
        "end": {
          "line": 10,
          "column": 1
        }
      },
      "1": {
        "start": {
          "line": 4,
          "column": 24
        },
        "end": {
          "line": 4,
          "column": 55
        }
      },
      "2": {
        "start": {
          "line": 5,
          "column": 2
        },
        "end": {
          "line": 9,
          "column": 11
        }
      }
    },
    "fnMap": {
      "0": {
        "name": "(anonymous_0)",
        "decl": {
          "start": {
            "line": 3,
            "column": 15
          },
          "end": {
            "line": 3,
            "column": 16
          }
        },
        "loc": {
          "start": {
            "line": 3,
            "column": 75
          },
          "end": {
            "line": 10,
            "column": 1
          }
        },
        "line": 3
      }
    },
    "branchMap": {
      "0": {
        "loc": {
          "start": {
            "line": 3,
            "column": 37
          },
          "end": {
            "line": 3,
            "column": 52
          }
        },
        "type": "default-arg",
        "locations": [
          {
            "start": {
              "line": 3,
              "column": 44
            },
            "end": {
              "line": 3,
              "column": 52
            }
          }
        ],
        "line": 3
      },
      "1": {
        "loc": {
          "start": {
            "line": 3,
            "column": 54
          },
          "end": {
            "line": 3,
            "column": 68
          }
        },
        "type": "default-arg",
        "locations": [
          {
            "start": {
              "line": 3,
              "column": 66
            },
            "end": {
              "line": 3,
              "column": 68
            }
          }
        ],
        "line": 3
      }
    },
    "s": {
      "0": 23,
      "1": 1312,
      "2": 1312
    },
    "f": {
      "0": 1312
    },
    "b": {
      "0": [476],
      "1": [447]
    },
    "inputSourceMap": {
      "version": 3,
      "sources": ["C:/Users/arsen/autowiki/src/components/Button.jsx"],
      "mappings": "AAMI;AANJ,OAAO,YAAY;AAEnB,MAAM,SAAS,CAAC,EAAE,UAAU,SAAS,OAAO,UAAU,YAAY,GAAG,MAAM;AACzE,QAAM,gBAAgB,GAAG,OAAO,MAAM,IAAI,SAAS;AAEnD,SACE,uBAAC,YAAO,MAAY,WAAW,eAAe,SAC3C,YADH;AAAA;AAAA;AAAA;AAAA,SAEA;AAEJ;AAEA,eAAe;",
      "names": []
    },
    "_coverageSchema": "1a1c01bbd47fc00a2c39e90264f33305004495a9",
    "hash": "fd11f6d4c1988128fad5c9504826a427e84186e2"
  },
  "C:/Users/arsen/autowiki/src/components/Button.cy.jsx": {
    "path": "C:/Users/arsen/autowiki/src/components/Button.cy.jsx",
    "statementMap": {
      "0": {
        "start": {
          "line": 3,
          "column": 0
        },
        "end": {
          "line": 18,
          "column": 3
        }
      },
      "1": {
        "start": {
          "line": 4,
          "column": 2
        },
        "end": {
          "line": 17,
          "column": 5
        }
      },
      "2": {
        "start": {
          "line": 5,
          "column": 24
        },
        "end": {
          "line": 5,
          "column": 51
        }
      },
      "3": {
        "start": {
          "line": 6,
          "column": 4
        },
        "end": {
          "line": 12,
          "column": 6
        }
      },
      "4": {
        "start": {
          "line": 13,
          "column": 4
        },
        "end": {
          "line": 13,
          "column": 57
        }
      },
      "5": {
        "start": {
          "line": 14,
          "column": 4
        },
        "end": {
          "line": 14,
          "column": 58
        }
      },
      "6": {
        "start": {
          "line": 15,
          "column": 4
        },
        "end": {
          "line": 15,
          "column": 29
        }
      },
      "7": {
        "start": {
          "line": 16,
          "column": 4
        },
        "end": {
          "line": 16,
          "column": 59
        }
      }
    },
    "fnMap": {
      "0": {
        "name": "(anonymous_0)",
        "decl": {
          "start": {
            "line": 3,
            "column": 23
          },
          "end": {
            "line": 3,
            "column": 24
          }
        },
        "loc": {
          "start": {
            "line": 3,
            "column": 29
          },
          "end": {
            "line": 18,
            "column": 1
          }
        },
        "line": 3
      },
      "1": {
        "name": "(anonymous_1)",
        "decl": {
          "start": {
            "line": 4,
            "column": 41
          },
          "end": {
            "line": 4,
            "column": 42
          }
        },
        "loc": {
          "start": {
            "line": 4,
            "column": 47
          },
          "end": {
            "line": 17,
            "column": 3
          }
        },
        "line": 4
      }
    },
    "branchMap": {},
    "s": {
      "0": 2,
      "1": 2,
      "2": 2,
      "3": 2,
      "4": 2,
      "5": 2,
      "6": 2,
      "7": 2
    },
    "f": {
      "0": 2,
      "1": 2
    },
    "b": {},
    "inputSourceMap": {
      "version": 3,
      "sources": ["C:/Users/arsen/autowiki/src/components/Button.cy.jsx"],
      "mappings": "AAOM;AAPN,OAAO,YAAY;AAEnB,SAAS,cAAc,MAAM;AAC3B,KAAG,oCAAoC,MAAM;AAC3C,UAAM,cAAc,GAAG,IAAI,EAAE,GAAG,cAAc;AAE9C,OAAG;AAAA,MACD,uBAAC,UAAO,SAAS,aAAa,WAAU,gBAAe,4BAAvD;AAAA;AAAA;AAAA;AAAA,aAEA;AAAA,IACF;AAEA,OAAG,IAAI,QAAQ,EAAE,OAAO,aAAa,cAAc;AAEnD,OAAG,IAAI,QAAQ,EAAE,OAAO,cAAc,cAAc;AAEpD,OAAG,IAAI,QAAQ,EAAE,MAAM;AACvB,OAAG,IAAI,eAAe,EAAE,OAAO,sBAAsB;AAAA,EACvD,CAAC;AACH,CAAC;",
      "names": []
    },
    "_coverageSchema": "1a1c01bbd47fc00a2c39e90264f33305004495a9",
    "hash": "62baf222635d3bc3bb0be670b77ffdc882b20d88"
  },
  "C:/Users/arsen/autowiki/src/hooks/useAuth.js": {
    "path": "C:/Users/arsen/autowiki/src/hooks/useAuth.js",
    "statementMap": {
      "0": {
        "start": {
          "line": 4,
          "column": 21
        },
        "end": {
          "line": 4,
          "column": 44
        }
      },
      "1": {
        "start": {
          "line": 6,
          "column": 23
        },
        "end": {
          "line": 94,
          "column": 1
        }
      },
      "2": {
        "start": {
          "line": 7,
          "column": 28
        },
        "end": {
          "line": 7,
          "column": 77
        }
      },
      "3": {
        "start": {
          "line": 7,
          "column": 43
        },
        "end": {
          "line": 7,
          "column": 76
        }
      },
      "4": {
        "start": {
          "line": 8,
          "column": 26
        },
        "end": {
          "line": 8,
          "column": 40
        }
      },
      "5": {
        "start": {
          "line": 9,
          "column": 32
        },
        "end": {
          "line": 9,
          "column": 47
        }
      },
      "6": {
        "start": {
          "line": 10,
          "column": 28
        },
        "end": {
          "line": 10,
          "column": 42
        }
      },
      "7": {
        "start": {
          "line": 11,
          "column": 19
        },
        "end": {
          "line": 11,
          "column": 32
        }
      },
      "8": {
        "start": {
          "line": 13,
          "column": 2
        },
        "end": {
          "line": 20,
          "column": 14
        }
      },
      "9": {
        "start": {
          "line": 14,
          "column": 4
        },
        "end": {
          "line": 19,
          "column": 5
        }
      },
      "10": {
        "start": {
          "line": 15,
          "column": 24
        },
        "end": {
          "line": 15,
          "column": 52
        }
      },
      "11": {
        "start": {
          "line": 16,
          "column": 6
        },
        "end": {
          "line": 18,
          "column": 7
        }
      },
      "12": {
        "start": {
          "line": 17,
          "column": 8
        },
        "end": {
          "line": 17,
          "column": 39
        }
      },
      "13": {
        "start": {
          "line": 22,
          "column": 22
        },
        "end": {
          "line": 53,
          "column": 3
        }
      },
      "14": {
        "start": {
          "line": 23,
          "column": 4
        },
        "end": {
          "line": 23,
          "column": 21
        }
      },
      "15": {
        "start": {
          "line": 24,
          "column": 4
        },
        "end": {
          "line": 24,
          "column": 19
        }
      },
      "16": {
        "start": {
          "line": 25,
          "column": 4
        },
        "end": {
          "line": 52,
          "column": 5
        }
      },
      "17": {
        "start": {
          "line": 26,
          "column": 18
        },
        "end": {
          "line": 30,
          "column": 8
        }
      },
      "18": {
        "start": {
          "line": 32,
          "column": 19
        },
        "end": {
          "line": 32,
          "column": 53
        }
      },
      "19": {
        "start": {
          "line": 32,
          "column": 48
        },
        "end": {
          "line": 32,
          "column": 52
        }
      },
      "20": {
        "start": {
          "line": 34,
          "column": 6
        },
        "end": {
          "line": 36,
          "column": 7
        }
      },
      "21": {
        "start": {
          "line": 35,
          "column": 8
        },
        "end": {
          "line": 35,
          "column": 66
        }
      },
      "22": {
        "start": {
          "line": 38,
          "column": 6
        },
        "end": {
          "line": 44,
          "column": 7
        }
      },
      "23": {
        "start": {
          "line": 39,
          "column": 8
        },
        "end": {
          "line": 39,
          "column": 60
        }
      },
      "24": {
        "start": {
          "line": 40,
          "column": 8
        },
        "end": {
          "line": 40,
          "column": 64
        }
      },
      "25": {
        "start": {
          "line": 42,
          "column": 8
        },
        "end": {
          "line": 42,
          "column": 35
        }
      },
      "26": {
        "start": {
          "line": 43,
          "column": 8
        },
        "end": {
          "line": 43,
          "column": 27
        }
      },
      "27": {
        "start": {
          "line": 45,
          "column": 6
        },
        "end": {
          "line": 45,
          "column": 31
        }
      },
      "28": {
        "start": {
          "line": 47,
          "column": 6
        },
        "end": {
          "line": 47,
          "column": 48
        }
      },
      "29": {
        "start": {
          "line": 48,
          "column": 6
        },
        "end": {
          "line": 48,
          "column": 28
        }
      },
      "30": {
        "start": {
          "line": 49,
          "column": 6
        },
        "end": {
          "line": 49,
          "column": 54
        }
      },
      "31": {
        "start": {
          "line": 51,
          "column": 6
        },
        "end": {
          "line": 51,
          "column": 24
        }
      },
      "32": {
        "start": {
          "line": 55,
          "column": 16
        },
        "end": {
          "line": 60,
          "column": 3
        }
      },
      "33": {
        "start": {
          "line": 56,
          "column": 19
        },
        "end": {
          "line": 56,
          "column": 67
        }
      },
      "34": {
        "start": {
          "line": 57,
          "column": 4
        },
        "end": {
          "line": 59,
          "column": 5
        }
      },
      "35": {
        "start": {
          "line": 58,
          "column": 6
        },
        "end": {
          "line": 58,
          "column": 20
        }
      },
      "36": {
        "start": {
          "line": 62,
          "column": 19
        },
        "end": {
          "line": 74,
          "column": 3
        }
      },
      "37": {
        "start": {
          "line": 63,
          "column": 19
        },
        "end": {
          "line": 68,
          "column": 6
        }
      },
      "38": {
        "start": {
          "line": 70,
          "column": 4
        },
        "end": {
          "line": 73,
          "column": 5
        }
      },
      "39": {
        "start": {
          "line": 71,
          "column": 6
        },
        "end": {
          "line": 71,
          "column": 59
        }
      },
      "40": {
        "start": {
          "line": 72,
          "column": 6
        },
        "end": {
          "line": 72,
          "column": 20
        }
      },
      "41": {
        "start": {
          "line": 76,
          "column": 17
        },
        "end": {
          "line": 82,
          "column": 3
        }
      },
      "42": {
        "start": {
          "line": 77,
          "column": 4
        },
        "end": {
          "line": 77,
          "column": 41
        }
      },
      "43": {
        "start": {
          "line": 78,
          "column": 4
        },
        "end": {
          "line": 78,
          "column": 36
        }
      },
      "44": {
        "start": {
          "line": 79,
          "column": 4
        },
        "end": {
          "line": 79,
          "column": 19
        }
      },
      "45": {
        "start": {
          "line": 80,
          "column": 4
        },
        "end": {
          "line": 80,
          "column": 18
        }
      },
      "46": {
        "start": {
          "line": 81,
          "column": 4
        },
        "end": {
          "line": 81,
          "column": 18
        }
      },
      "47": {
        "start": {
          "line": 84,
          "column": 2
        },
        "end": {
          "line": 93,
          "column": 4
        }
      }
    },
    "fnMap": {
      "0": {
        "name": "(anonymous_0)",
        "decl": {
          "start": {
            "line": 6,
            "column": 23
          },
          "end": {
            "line": 6,
            "column": 24
          }
        },
        "loc": {
          "start": {
            "line": 6,
            "column": 29
          },
          "end": {
            "line": 94,
            "column": 1
          }
        },
        "line": 6
      },
      "1": {
        "name": "(anonymous_1)",
        "decl": {
          "start": {
            "line": 7,
            "column": 37
          },
          "end": {
            "line": 7,
            "column": 38
          }
        },
        "loc": {
          "start": {
            "line": 7,
            "column": 43
          },
          "end": {
            "line": 7,
            "column": 76
          }
        },
        "line": 7
      },
      "2": {
        "name": "(anonymous_2)",
        "decl": {
          "start": {
            "line": 13,
            "column": 12
          },
          "end": {
            "line": 13,
            "column": 13
          }
        },
        "loc": {
          "start": {
            "line": 13,
            "column": 18
          },
          "end": {
            "line": 20,
            "column": 3
          }
        },
        "line": 13
      },
      "3": {
        "name": "(anonymous_3)",
        "decl": {
          "start": {
            "line": 22,
            "column": 22
          },
          "end": {
            "line": 22,
            "column": 23
          }
        },
        "loc": {
          "start": {
            "line": 22,
            "column": 48
          },
          "end": {
            "line": 53,
            "column": 3
          }
        },
        "line": 22
      },
      "4": {
        "name": "(anonymous_4)",
        "decl": {
          "start": {
            "line": 32,
            "column": 42
          },
          "end": {
            "line": 32,
            "column": 43
          }
        },
        "loc": {
          "start": {
            "line": 32,
            "column": 48
          },
          "end": {
            "line": 32,
            "column": 52
          }
        },
        "line": 32
      },
      "5": {
        "name": "(anonymous_5)",
        "decl": {
          "start": {
            "line": 55,
            "column": 16
          },
          "end": {
            "line": 55,
            "column": 17
          }
        },
        "loc": {
          "start": {
            "line": 55,
            "column": 43
          },
          "end": {
            "line": 60,
            "column": 3
          }
        },
        "line": 55
      },
      "6": {
        "name": "(anonymous_6)",
        "decl": {
          "start": {
            "line": 62,
            "column": 19
          },
          "end": {
            "line": 62,
            "column": 20
          }
        },
        "loc": {
          "start": {
            "line": 62,
            "column": 63
          },
          "end": {
            "line": 74,
            "column": 3
          }
        },
        "line": 62
      },
      "7": {
        "name": "(anonymous_7)",
        "decl": {
          "start": {
            "line": 76,
            "column": 17
          },
          "end": {
            "line": 76,
            "column": 18
          }
        },
        "loc": {
          "start": {
            "line": 76,
            "column": 23
          },
          "end": {
            "line": 82,
            "column": 3
          }
        },
        "line": 76
      }
    },
    "branchMap": {
      "0": {
        "loc": {
          "start": {
            "line": 14,
            "column": 4
          },
          "end": {
            "line": 19,
            "column": 5
          }
        },
        "type": "if",
        "locations": [
          {
            "start": {
              "line": 14,
              "column": 4
            },
            "end": {
              "line": 19,
              "column": 5
            }
          },
          {
            "start": {},
            "end": {}
          }
        ],
        "line": 14
      },
      "1": {
        "loc": {
          "start": {
            "line": 16,
            "column": 6
          },
          "end": {
            "line": 18,
            "column": 7
          }
        },
        "type": "if",
        "locations": [
          {
            "start": {
              "line": 16,
              "column": 6
            },
            "end": {
              "line": 18,
              "column": 7
            }
          },
          {
            "start": {},
            "end": {}
          }
        ],
        "line": 16
      },
      "2": {
        "loc": {
          "start": {
            "line": 34,
            "column": 6
          },
          "end": {
            "line": 36,
            "column": 7
          }
        },
        "type": "if",
        "locations": [
          {
            "start": {
              "line": 34,
              "column": 6
            },
            "end": {
              "line": 36,
              "column": 7
            }
          },
          {
            "start": {},
            "end": {}
          }
        ],
        "line": 34
      },
      "3": {
        "loc": {
          "start": {
            "line": 35,
            "column": 24
          },
          "end": {
            "line": 35,
            "column": 64
          }
        },
        "type": "binary-expr",
        "locations": [
          {
            "start": {
              "line": 35,
              "column": 24
            },
            "end": {
              "line": 35,
              "column": 35
            }
          },
          {
            "start": {
              "line": 35,
              "column": 39
            },
            "end": {
              "line": 35,
              "column": 43
            }
          },
          {
            "start": {
              "line": 35,
              "column": 47
            },
            "end": {
              "line": 35,
              "column": 64
            }
          }
        ],
        "line": 35
      },
      "4": {
        "loc": {
          "start": {
            "line": 38,
            "column": 6
          },
          "end": {
            "line": 44,
            "column": 7
          }
        },
        "type": "if",
        "locations": [
          {
            "start": {
              "line": 38,
              "column": 6
            },
            "end": {
              "line": 44,
              "column": 7
            }
          },
          {
            "start": {},
            "end": {}
          }
        ],
        "line": 38
      },
      "5": {
        "loc": {
          "start": {
            "line": 38,
            "column": 10
          },
          "end": {
            "line": 38,
            "column": 34
          }
        },
        "type": "binary-expr",
        "locations": [
          {
            "start": {
              "line": 38,
              "column": 10
            },
            "end": {
              "line": 38,
              "column": 14
            }
          },
          {
            "start": {
              "line": 38,
              "column": 18
            },
            "end": {
              "line": 38,
              "column": 34
            }
          }
        ],
        "line": 38
      },
      "6": {
        "loc": {
          "start": {
            "line": 57,
            "column": 4
          },
          "end": {
            "line": 59,
            "column": 5
          }
        },
        "type": "if",
        "locations": [
          {
            "start": {
              "line": 57,
              "column": 4
            },
            "end": {
              "line": 59,
              "column": 5
            }
          },
          {
            "start": {},
            "end": {}
          }
        ],
        "line": 57
      },
      "7": {
        "loc": {
          "start": {
            "line": 70,
            "column": 4
          },
          "end": {
            "line": 73,
            "column": 5
          }
        },
        "type": "if",
        "locations": [
          {
            "start": {
              "line": 70,
              "column": 4
            },
            "end": {
              "line": 73,
              "column": 5
            }
          },
          {
            "start": {},
            "end": {}
          }
        ],
        "line": 70
      }
    },
    "s": {
      "0": 47,
      "1": 47,
      "2": 179,
      "3": 136,
      "4": 179,
      "5": 179,
      "6": 179,
      "7": 179,
      "8": 179,
      "9": 136,
      "10": 0,
      "11": 0,
      "12": 0,
      "13": 179,
      "14": 13,
      "15": 13,
      "16": 13,
      "17": 13,
      "18": 13,
      "19": 0,
      "20": 13,
      "21": 6,
      "22": 7,
      "23": 0,
      "24": 0,
      "25": 0,
      "26": 0,
      "27": 7,
      "28": 6,
      "29": 6,
      "30": 6,
      "31": 13,
      "32": 179,
      "33": 13,
      "34": 13,
      "35": 7,
      "36": 179,
      "37": 0,
      "38": 0,
      "39": 0,
      "40": 0,
      "41": 179,
      "42": 0,
      "43": 0,
      "44": 0,
      "45": 0,
      "46": 0,
      "47": 179
    },
    "f": {
      "0": 179,
      "1": 136,
      "2": 136,
      "3": 13,
      "4": 0,
      "5": 13,
      "6": 0,
      "7": 0
    },
    "b": {
      "0": [0, 136],
      "1": [0, 0],
      "2": [6, 7],
      "3": [6, 0, 0],
      "4": [0, 7],
      "5": [7, 7],
      "6": [7, 6],
      "7": [0, 0]
    },
    "inputSourceMap": {
      "version": 3,
      "sources": ["C:/Users/arsen/autowiki/src/hooks/useAuth.js"],
      "names": [],
      "mappings": "AAAA,MAAM,CAAC,CAAC,CAAC,QAAQ,CAAC,CAAC,SAAS,CAAC,CAAC,CAAC,IAAI,CAAC,CAAC,KAAK,CAAC;AAC3C,MAAM,CAAC,CAAC,CAAC,WAAW,CAAC,CAAC,CAAC,IAAI,CAAC,CAAC,KAAK,CAAC,MAAM,CAAC,GAAG,CAAC;;AAE9C,KAAK,CAAC,YAAY,CAAC,CAAC,CAAC,CAAC,IAAI,CAAC,CAAC,CAAC,SAAS,CAAC,IAAI,CAAC;;AAE5C,MAAM,CAAC,KAAK,CAAC,OAAO,CAAC,CAAC,CAAC,CAAC,CAAC,CAAC,CAAC,CAAC,CAAC;AAC7B,CAAC,CAAC,KAAK,CAAC,CAAC,KAAK,CAAC,CAAC,QAAQ,CAAC,CAAC,CAAC,CAAC,QAAQ,CAAC,CAAC,CAAC,CAAC,CAAC,CAAC,CAAC,YAAY,CAAC,OAAO,CAAC,CAAC,SAAS,CAAC,CAAC,CAAC;AAC7E,CAAC,CAAC,KAAK,CAAC,CAAC,IAAI,CAAC,CAAC,OAAO,CAAC,CAAC,CAAC,CAAC,QAAQ,CAAC,IAAI,CAAC;AACxC,CAAC,CAAC,KAAK,CAAC,CAAC,OAAO,CAAC,CAAC,UAAU,CAAC,CAAC,CAAC,CAAC,QAAQ,CAAC,KAAK,CAAC;AAC/C,CAAC,CAAC,KAAK,CAAC,CAAC,KAAK,CAAC,CAAC,QAAQ,CAAC,CAAC,CAAC,CAAC,QAAQ,CAAC,IAAI,CAAC;AAC1C,CAAC,CAAC,KAAK,CAAC,QAAQ,CAAC,CAAC,CAAC,WAAW,CAAC,CAAC;;AAEhC,CAAC,CAAC,SAAS,CAAC,CAAC,CAAC,CAAC,CAAC,CAAC,CAAC;AAClB,CAAC,CAAC,CAAC,CAAC,EAAE,CAAC,CAAC,KAAK,CAAC,CAAC;AACf,CAAC,CAAC,CAAC,CAAC,CAAC,CAAC,KAAK,CAAC,SAAS,CAAC,CAAC,CAAC,YAAY,CAAC,OAAO,CAAC,CAAC,IAAI,CAAC,CAAC;AACpD,CAAC,CAAC,CAAC,CAAC,CAAC,CAAC,EAAE,CAAC,CAAC,SAAS,CAAC,CAAC;AACrB,CAAC,CAAC,CAAC,CAAC,CAAC,CAAC,CAAC,CAAC,OAAO,CAAC,IAAI,CAAC,KAAK,CAAC,SAAS,CAAC,CAAC;AACtC,CAAC,CAAC,CAAC,CAAC,CAAC,CAAC;AACN,CAAC,CAAC,CAAC,CAAC;AACJ,CAAC,CAAC,CAAC,CAAC,CAAC,CAAC,KAAK,CAAC,CAAC;;AAEb,CAAC,CAAC,KAAK,CAAC,WAAW,CAAC,CAAC,CAAC,KAAK,CAAC,CAAC,QAAQ,CAAC,CAAC,IAAI,CAAC,CAAC,CAAC,CAAC,CAAC;AAChD,CAAC,CAAC,CAAC,CAAC,UAAU,CAAC,IAAI,CAAC;AACpB,CAAC,CAAC,CAAC,CAAC,QAAQ,CAAC,IAAI,CAAC;AAClB,CAAC,CAAC,CAAC,CAAC,GAAG,CAAC;AACR,CAAC,CAAC,CAAC,CAAC,CAAC,CAAC,KAAK,CAAC,GAAG,CAAC,CAAC,CAAC,KAAK,CAAC,KAAK,CAAC,CAAC,CAAC,CAAC,YAAY,CAAC,CAAC,CAAC,QAAQ,CAAC,CAAC,CAAC,CAAC;AAC5D,CAAC,CAAC,CAAC,CAAC,CAAC,CAAC,CAAC,CAAC,MAAM,CAAC,CAAC,CAAC,IAAI,CAAC;AACtB,CAAC,CAAC,CAAC,CAAC,CAAC,CAAC,CAAC,CAAC,OAAO,CAAC,CAAC,CAAC,CAAC,CAAC,OAAO,CAAC,IAAI,CAAC,CAAC,CAAC,CAAC,WAAW,CAAC,IAAI,CAAC,CAAC,CAAC;AACvD,CAAC,CAAC,CAAC,CAAC,CAAC,CAAC,CAAC,CAAC,IAAI,CAAC,CAAC,IAAI,CAAC,SAAS,CAAC,IAAI,CAAC;AAClC,CAAC,CAAC,CAAC,CAAC,CAAC,CAAC,CAAC,CAAC;;AAER,CAAC,CAAC,CAAC,CAAC,CAAC,CAAC,KAAK,CAAC,IAAI,CAAC,CAAC,CAAC,KAAK,CAAC,GAAG,CAAC,IAAI,CAAC,CAAC,CAAC,KAAK,CAAC,CAAC,CAAC,CAAC,CAAC,CAAC,CAAC,IAAI,CAAC;;AAErD,CAAC,CAAC,CAAC,CAAC,CAAC,CAAC,EAAE,CAAC,CAAC,CAAC,GAAG,CAAC,EAAE,CAAC,CAAC;AACnB,CAAC,CAAC,CAAC,CAAC,CAAC,CAAC,CAAC,CAAC,KAAK,CAAC,GAAG,CAAC,KAAK,CAAC,IAAI,CAAC,CAAC,KAAK,CAAC,CAAC,CAAC,CAAC,IAAI,CAAC,CAAC,CAAC,CAAC,CAAC,CAAC,CAAC,CAAC,CAAC,CAAC,CAAC,CAAC,CAAC,CAAC,CAAC,CAAC,CAAC,CAAC,CAAC,CAAC,CAAC,CAAC;AACjE,CAAC,CAAC,CAAC,CAAC,CAAC,CAAC;;AAEN,CAAC,CAAC,CAAC,CAAC,CAAC,CAAC,EAAE,CAAC,CAAC,IAAI,CAAC,CAAC,CAAC,CAAC,IAAI,CAAC,WAAW,CAAC,CAAC;AACpC,CAAC,CAAC,CAAC,CAAC,CAAC,CAAC,CAAC,CAAC,YAAY,CAAC,OAAO,CAAC,CAAC,SAAS,CAAC,CAAC,CAAC,IAAI,CAAC,WAAW,CAAC;AAC3D,CAAC,CAAC,CAAC,CAAC,CAAC,CAAC,CAAC,CAAC,YAAY,CAAC,OAAO,CAAC,CAAC,IAAI,CAAC,CAAC,CAAC,IAAI,CAAC,SAAS,CAAC,IAAI,CAAC,IAAI,CAAC,CAAC;;AAE/D,CAAC,CAAC,CAAC,CAAC,CAAC,CAAC,CAAC,CAAC,QAAQ,CAAC,IAAI,CAAC,WAAW,CAAC;AAClC,CAAC,CAAC,CAAC,CAAC,CAAC,CAAC,CAAC,CAAC,OAAO,CAAC,IAAI,CAAC,IAAI,CAAC;AAC1B,CAAC,CAAC,CAAC,CAAC,CAAC,CAAC;AACN,CAAC,CAAC,CAAC,CAAC,CAAC,CAAC,MAAM,CAAC,CAAC,CAAC,OAAO,CAAC,CAAC,IAAI,CAAC,CAAC;AAC9B,CAAC,CAAC,CAAC,CAAC,CAAC,CAAC,KAAK,CAAC,CAAC,GAAG,CAAC,CAAC;AAClB,CAAC,CAAC,CAAC,CAAC,CAAC,CAAC,OAAO,CAAC,KAAK,CAAC,CAAC,IAAI,CAAC,KAAK,CAAC,CAAC,CAAC,CAAC,GAAG,CAAC,OAAO,CAAC;AAC/C,CAAC,CAAC,CAAC,CAAC,CAAC,CAAC,QAAQ,CAAC,GAAG,CAAC,OAAO,CAAC;AAC3B,CAAC,CAAC,CAAC,CAAC,CAAC,CAAC,MAAM,CAAC,CAAC,CAAC,OAAO,CAAC,CAAC,KAAK,CAAC,CAAC,OAAO,CAAC,CAAC,GAAG,CAAC,OAAO,CAAC,CAAC;AACrD,CAAC,CAAC,CAAC,CAAC,CAAC,CAAC,OAAO,CAAC;AACd,CAAC,CAAC,CAAC,CAAC,CAAC,CAAC,UAAU,CAAC,KAAK,CAAC;AACvB,CAAC,CAAC,CAAC,CAAC;AACJ,CAAC,CAAC,CAAC;;AAEH,CAAC,CAAC,KAAK,CAAC,KAAK,CAAC,CAAC,CAAC,KAAK,CAAC,CAAC,KAAK,CAAC,CAAC,QAAQ,CAAC,CAAC,CAAC,CAAC,CAAC;AAC3C,CAAC,CAAC,CAAC,CAAC,KAAK,CAAC,MAAM,CAAC,CAAC,CAAC,KAAK,CAAC,WAAW,CAAC,CAAC,CAAC,KAAK,CAAC,CAAC,CAAC,CAAC,CAAC,KAAK,CAAC,CAAC,QAAQ,CAAC,CAAC,CAAC;AACnE,CAAC,CAAC,CAAC,CAAC,EAAE,CAAC,CAAC,MAAM,CAAC,OAAO,CAAC,CAAC;AACxB,CAAC,CAAC,CAAC,CAAC,CAAC,CAAC,QAAQ,CAAC,CAAC,CAAC,CAAC,CAAC;AACnB,CAAC,CAAC,CAAC,CAAC;AACJ,CAAC,CAAC,CAAC;;AAEH,CAAC,CAAC,KAAK,CAAC,QAAQ,CAAC,CAAC,CAAC,KAAK,CAAC,CAAC,KAAK,CAAC,CAAC,QAAQ,CAAC,CAAC,IAAI,CAAC,CAAC,SAAS,CAAC,CAAC,CAAC,CAAC,CAAC;AAC/D,CAAC,CAAC,CAAC,CAAC,KAAK,CAAC,MAAM,CAAC,CAAC,CAAC,KAAK,CAAC,WAAW,CAAC,CAAC,CAAC,QAAQ,CAAC,CAAC,CAAC;AAClD,CAAC,CAAC,CAAC,CAAC,CAAC,CAAC,KAAK;AACX,CAAC,CAAC,CAAC,CAAC,CAAC,CAAC,QAAQ;AACd,CAAC,CAAC,CAAC,CAAC,CAAC,CAAC,IAAI;AACV,CAAC,CAAC,CAAC,CAAC,CAAC,CAAC,SAAS;AACf,CAAC,CAAC,CAAC,CAAC,CAAC,CAAC;;AAEN,CAAC,CAAC,CAAC,CAAC,EAAE,CAAC,CAAC,MAAM,CAAC,OAAO,CAAC,CAAC;AACxB,CAAC,CAAC,CAAC,CAAC,CAAC,CAAC,KAAK,CAAC,CAAC,CAAC,CAAC,CAAC,CAAC,CAAC,CAAC,CAAC,CAAC,CAAC,CAAC,CAAC,CAAC,CAAC,CAAC,CAAC,CAAC,CAAC,CAAC,CAAC,CAAC,CAAC,CAAC,CAAC,CAAC,CAAC,CAAC,CAAC,CAAC,CAAC,CAAC,CAAC,CAAC,CAAC,CAAC,CAAC,CAAC,CAAC,CAAC,CAAC,CAAC,CAAC,CAAC,CAAC,CAAC,CAAC;AAC1D,CAAC,CAAC,CAAC,CAAC,CAAC,CAAC,QAAQ,CAAC,CAAC,CAAC,CAAC,CAAC;AACnB,CAAC,CAAC,CAAC,CAAC;AACJ,CAAC,CAAC,CAAC;;AAEH,CAAC,CAAC,KAAK,CAAC,MAAM,CAAC,CAAC,CAAC,CAAC,CAAC,CAAC,CAAC,CAAC,CAAC;AACvB,CAAC,CAAC,CAAC,CAAC,YAAY,CAAC,UAAU,CAAC,CAAC,SAAS,CAAC,CAAC;AACxC,CAAC,CAAC,CAAC,CAAC,YAAY,CAAC,UAAU,CAAC,CAAC,IAAI,CAAC,CAAC;AACnC,CAAC,CAAC,CAAC,CAAC,QAAQ,CAAC,IAAI,CAAC;AAClB,CAAC,CAAC,CAAC,CAAC,OAAO,CAAC,IAAI,CAAC;AACjB,CAAC,CAAC,CAAC,CAAC,QAAQ,CAAC,CAAC,CAAC,CAAC,CAAC;AACjB,CAAC,CAAC,CAAC;;AAEH,CAAC,CAAC,MAAM,CAAC;AACT,CAAC,CAAC,CAAC,CAAC,KAAK;AACT,CAAC,CAAC,CAAC,CAAC,IAAI;AACR,CAAC,CAAC,CAAC,CAAC,OAAO;AACX,CAAC,CAAC,CAAC,CAAC,KAAK;AACT,CAAC,CAAC,CAAC,CAAC,UAAU,CAAC,CAAC,CAAC,CAAC,KAAK;AACvB,CAAC,CAAC,CAAC,CAAC,KAAK;AACT,CAAC,CAAC,CAAC,CAAC,QAAQ;AACZ,CAAC,CAAC,CAAC,CAAC,MAAM;AACV,CAAC,CAAC,CAAC;AACH,CAAC;"
    },
    "_coverageSchema": "1a1c01bbd47fc00a2c39e90264f33305004495a9",
    "hash": "bd2658d72ea1949e1fc27a52889f979ee4f4b31f"
  },
  "C:/Users/arsen/autowiki/src/context/AuthContext.jsx": {
    "path": "C:/Users/arsen/autowiki/src/context/AuthContext.jsx",
    "statementMap": {
      "0": {
        "start": {
          "line": 4,
          "column": 27
        },
        "end": {
          "line": 4,
          "column": 46
        }
      },
      "1": {
        "start": {
          "line": 5,
          "column": 28
        },
        "end": {
          "line": 12,
          "column": 1
        }
      },
      "2": {
        "start": {
          "line": 6,
          "column": 15
        },
        "end": {
          "line": 6,
          "column": 24
        }
      },
      "3": {
        "start": {
          "line": 7,
          "column": 2
        },
        "end": {
          "line": 11,
          "column": 11
        }
      },
      "4": {
        "start": {
          "line": 13,
          "column": 30
        },
        "end": {
          "line": 21,
          "column": 1
        }
      },
      "5": {
        "start": {
          "line": 14,
          "column": 18
        },
        "end": {
          "line": 14,
          "column": 41
        }
      },
      "6": {
        "start": {
          "line": 15,
          "column": 2
        },
        "end": {
          "line": 19,
          "column": 3
        }
      },
      "7": {
        "start": {
          "line": 16,
          "column": 4
        },
        "end": {
          "line": 18,
          "column": 6
        }
      },
      "8": {
        "start": {
          "line": 20,
          "column": 2
        },
        "end": {
          "line": 20,
          "column": 17
        }
      }
    },
    "fnMap": {
      "0": {
        "name": "(anonymous_0)",
        "decl": {
          "start": {
            "line": 5,
            "column": 28
[...]
      "32": 7,
      "33": 3,
      "34": 3,
      "35": 3,
      "36": 3,
      "37": 3,
      "38": 3,
      "39": 3,
      "40": 7,
      "41": 2,
      "42": 2,
      "43": 2,
      "44": 2,
      "45": 2,
      "46": 2,
      "47": 2,
      "48": 2
    },
    "f": {
      "0": 7,
      "1": 27,
      "2": 7,
      "3": 6,
      "4": 5,
      "5": 4,
      "6": 3,
      "7": 2,
      "8": 2
    },
    "b": {},
    "inputSourceMap": {
      "version": 3,
      "sources": ["C:/Users/arsen/autowiki/src/pages/ModelPage.cy.jsx"],
      "mappings": "AAeuB;AAfvB,SAAS,QAAQ,OAAO,oBAAoB;AAC5C,OAAO,eAAe;AACtB,SAAS,oBAAoB;AAE7B,SAAS,iBAAiB,MAAM;AAC9B,QAAM,UAAU;AAChB,QAAM,UAAU;AAEhB,QAAM,YAAY,MAAM;AACtB,OAAG;AAAA,MACD,uBAAC,gBAAa,gBAAgB,CAAC,WAAW,OAAO,WAAW,OAAO,EAAE,GACnE,iCAAC,gBACC,iCAAC,UACC;AAAA,QAAC;AAAA;AAAA,UACC,MAAK;AAAA,UACL,SAAS,uBAAC,eAAD;AAAA;AAAA;AAAA;AAAA,iBAAW;AAAA;AAAA,QAFtB;AAAA;AAAA;AAAA;AAAA;AAAA;AAAA;AAAA;AAAA,MAGA,KAJF;AAAA;AAAA;AAAA;AAAA,aAKA,KANF;AAAA;AAAA;AAAA;AAAA,aAOA,KARF;AAAA;AAAA;AAAA;AAAA,aASA;AAAA,IACF;AAAA,EACF;AAEA,KAAG,6BAA6B,MAAM;AACpC,OAAG,UAAU,OAAO,aAAa,OAAO,IAAI;AAAA,MAC1C,MAAM,EAAE,IAAI,GAAG,MAAM,MAAM;AAAA,IAC7B,CAAC,EAAE,GAAG,UAAU;AAChB,OAAG,UAAU,OAAO,mBAAmB,OAAO,IAAI;AAAA,MAChD,MAAM;AAAA,QACJ,IAAI;AAAA,QACJ,WAAW;AAAA,QACX,MAAM;AAAA,QACN,OAAO,CAAC;AAAA,QACR,UAAU;AAAA,QACV,aAAa;AAAA,MACf;AAAA,IACF,CAAC,EAAE,GAAG,UAAU;AAEhB,cAAU;AACV,OAAG,KAAK,CAAC,aAAa,WAAW,CAAC;AAClC,OAAG,SAAS,QAAQ,EAAE,OAAO,YAAY;AAAA,EAC3C,CAAC;AAED,KAAG,gDAAgD,MAAM;AACvD,OAAG,UAAU,OAAO,aAAa,OAAO,IAAI;AAAA,MAC1C,MAAM,EAAE,IAAI,GAAG,MAAM,MAAM;AAAA,IAC7B,CAAC;AACD,OAAG,UAAU,OAAO,mBAAmB,OAAO,IAAI;AAAA,MAChD,YAAY;AAAA,MACZ,MAAM,CAAC;AAAA,IACT,CAAC,EAAE,GAAG,cAAc;AAEpB,cAAU;AACV,OAAG,KAAK,eAAe;AAEvB,OAAG,SAAS,6CAA6C,EAAE;AAAA,MACzD;AAAA,IACF;AACA,OAAG,SAAS,gBAAgB,EAAE,OAAO,YAAY;AAAA,EACnD,CAAC;AAED,KAAG,wCAAwC,MAAM;AAC/C,UAAM,QAAQ,CAAC,UAAU,UAAU,QAAQ;AAC3C,OAAG,UAAU,OAAO,aAAa,OAAO,IAAI;AAAA,MAC1C,MAAM,EAAE,IAAI,GAAG,MAAM,MAAM;AAAA,IAC7B,CAAC;AACD,OAAG,UAAU,OAAO,mBAAmB,OAAO,IAAI;AAAA,MAChD,MAAM,EAAE,IAAI,KAAK,WAAW,MAAM,OAAc,UAAU,UAAU;AAAA,IACtE,CAAC,EAAE,GAAG,UAAU;AAEhB,cAAU;AACV,OAAG,KAAK,WAAW;AAEnB,OAAG,IAAI,OAAO,EAAE,OAAO,eAAe,CAAC;AACvC,OAAG,SAAS,QAAQ,EAAE,OAAO,YAAY;AAAA,EAC3C,CAAC;AAED,KAAG,2CAA2C,MAAM;AAClD,OAAG,UAAU,OAAO,aAAa,OAAO,IAAI;AAAA,MAC1C,MAAM,EAAE,IAAI,GAAG,MAAM,MAAM;AAAA,IAC7B,CAAC;AACD,OAAG,UAAU,OAAO,mBAAmB,OAAO,IAAI;AAAA,MAChD,MAAM,EAAE,IAAI,KAAK,OAAO,CAAC,GAAG,UAAU,IAAI,WAAW,OAAO;AAAA,IAC9D,CAAC,EAAE,GAAG,WAAW;AAEjB,cAAU;AACV,OAAG,KAAK,YAAY;AAEpB,OAAG,SAAS,UAAU,gBAAgB,EAAE,OAAO,YAAY,EAAE,MAAM;AAAA,EACrE,CAAC;AAED,KAAG,2BAA2B,MAAM;AAClC,UAAM,OAAO;AACb,OAAG,UAAU,OAAO,aAAa,OAAO,IAAI;AAAA,MAC1C,MAAM,EAAE,IAAI,GAAG,MAAM,MAAM;AAAA,IAC7B,CAAC;AACD,OAAG,UAAU,OAAO,mBAAmB,OAAO,IAAI;AAAA,MAChD,MAAM;AAAA,QACJ,IAAI;AAAA,QACJ,aAAa;AAAA,QACb,OAAO,CAAC;AAAA,QACR,UAAU;AAAA,QACV,WAAW;AAAA,MACb;AAAA,IACF,CAAC,EAAE,GAAG,SAAS;AAEf,cAAU;AACV,OAAG,KAAK,UAAU;AAElB,OAAG,SAAS,MAAM,MAAM,EAAE,OAAO,YAAY;AAC7C,OAAG,SAAS,IAAI,EAAE,OAAO,YAAY;AAAA,EACvC,CAAC;AAED,KAAG,4CAA4C,MAAM;AACnD,OAAG,GAAG,sBAAsB,MAAM,KAAK;AACvC,OAAG,UAAU,OAAO,aAAa,OAAO,IAAI;AAAA,MAC1C,MAAM,EAAE,IAAI,GAAG,MAAM,MAAM;AAAA,IAC7B,CAAC;AACD,OAAG,UAAU,OAAO,mBAAmB,OAAO,IAAI;AAAA,MAChD,MAAM,EAAE,IAAI,KAAK,WAAW,MAAM,UAAU,WAAW,OAAO,CAAC,EAAE;AAAA,IACnE,CAAC,EAAE,GAAG,SAAS;AAEf,cAAU;AACV,OAAG,KAAK,UAAU;AAElB,OAAG,IAAI,KAAK,EAAE,QAAQ,SAAS,EAAE,OAAO,KAAK,CAAC;AAC9C,OAAG,IAAI,KAAK,EAAE,OAAO,aAAa,OAAO,yBAAyB;AAAA,EACpE,CAAC;AACH,CAAC;",
      "names": []
    },
    "_coverageSchema": "1a1c01bbd47fc00a2c39e90264f33305004495a9",
    "hash": "365c246b367c19d28aea0e5bb8f6294a0ab34933"
  },
  "C:/Users/arsen/autowiki/src/pages/NotFoundPage.jsx": {
    "path": "C:/Users/arsen/autowiki/src/pages/NotFoundPage.jsx",
    "statementMap": {
      "0": {
        "start": {
          "line": 5,
          "column": 21
        },
        "end": {
          "line": 47,
          "column": 1
        }
      },
      "1": {
        "start": {
          "line": 6,
          "column": 2
        },
        "end": {
          "line": 46,
          "column": 11
        }
      }
    },
    "fnMap": {
      "0": {
        "name": "(anonymous_0)",
        "decl": {
          "start": {
            "line": 5,
            "column": 21
          },
          "end": {
            "line": 5,
            "column": 22
          }
        },
        "loc": {
          "start": {
            "line": 5,
            "column": 27
          },
          "end": {
            "line": 47,
            "column": 1
          }
        },
        "line": 5
      }
    },
    "branchMap": {},
    "s": {
      "0": 5,
      "1": 14
    },
    "f": {
      "0": 14
    },
    "b": {},
    "inputSourceMap": {
      "version": 3,
      "sources": ["C:/Users/arsen/autowiki/src/pages/NotFoundPage.jsx"],
      "mappings": "AAOM;AAPN,SAAS,YAAY;AACrB,OAAO,YAAY;AACnB,OAAO,YAAY;AAEnB,MAAM,eAAe,MAAM;AACzB,SACE,uBAAC,SAAI,WAAW,OAAO,cACrB;AAAA,2BAAC,YAAD;AAAA;AAAA;AAAA;AAAA,WAAQ;AAAA,IACR,uBAAC,UAAK,WAAW,OAAO,aACtB,iCAAC,SAAI,WAAW,OAAO,WACrB;AAAA,6BAAC,QAAG,WAAW,OAAO,OAAO,mBAA7B;AAAA;AAAA;AAAA;AAAA,aAAgC;AAAA,MAChC,uBAAC,OAAE,WAAW,OAAO,UAAU,oCAA/B;AAAA;AAAA;AAAA;AAAA,aAAmD;AAAA,MACnD,uBAAC,OAAE,WAAW,OAAO,SAAS,6FAA9B;AAAA;AAAA;AAAA;AAAA,aAGA;AAAA,MACA,uBAAC,QAAK,IAAG,KAAI,WAAW,OAAO,YAAY,sCAA3C;AAAA;AAAA;AAAA;AAAA,aAEA;AAAA,SATF;AAAA;AAAA;AAAA;AAAA,WAUA,KAXF;AAAA;AAAA;AAAA;AAAA,WAYA;AAAA,OAdF;AAAA;AAAA;AAAA;AAAA,SAeA;AAEJ;AAEA,eAAe;",
      "names": []
    },
    "_coverageSchema": "1a1c01bbd47fc00a2c39e90264f33305004495a9",
    "hash": "bee540d07dbd798a15cde157edfeb78fe5856686"
  },
  "C:/Users/arsen/autowiki/src/pages/NotFoundPage.cy.jsx": {
    "path": "C:/Users/arsen/autowiki/src/pages/NotFoundPage.cy.jsx",
    "statementMap": {
      "0": {
        "start": {
          "line": 5,
          "column": 0
        },
        "end": {
          "line": 78,
          "column": 3
        }
      },
      "1": {
        "start": {
          "line": 6,
          "column": 2
        },
        "end": {
          "line": 23,
          "column": 5
        }
      },
      "2": {
        "start": {
          "line": 7,
          "column": 4
        },
        "end": {
          "line": 21,
          "column": 6
        }
      },
      "3": {
        "start": {
          "line": 22,
          "column": 4
        },
        "end": {
          "line": 22,
          "column": 44
        }
      },
      "4": {
        "start": {
          "line": 24,
          "column": 2
        },
        "end": {
          "line": 41,
          "column": 5
        }
      },
      "5": {
        "start": {
          "line": 25,
          "column": 4
        },
        "end": {
          "line": 39,
          "column": 6
        }
      },
      "6": {
        "start": {
          "line": 40,
          "column": 4
        },
        "end": {
          "line": 40,
          "column": 49
        }
      },
      "7": {
        "start": {
          "line": 42,
          "column": 2
        },
        "end": {
          "line": 59,
          "column": 5
        }
      },
      "8": {
        "start": {
          "line": 43,
          "column": 4
        },
        "end": {
          "line": 57,
          "column": 6
        }
      },
      "9": {
        "start": {
          "line": 58,
          "column": 4
        },
        "end": {
          "line": 58,
          "column": 73
        }
      },
      "10": {
        "start": {
          "line": 60,
          "column": 2
        },
        "end": {
          "line": 77,
          "column": 5
        }
      },
      "11": {
        "start": {
          "line": 61,
          "column": 4
        },
        "end": {
          "line": 75,
          "column": 6
        }
      },
      "12": {
        "start": {
          "line": 76,
          "column": 4
        },
        "end": {
          "line": 76,
          "column": 42
        }
      }
    },
    "fnMap": {
      "0": {
        "name": "(anonymous_0)",
        "decl": {
          "start": {
            "line": 5,
            "column": 29
          },
          "end": {
            "line": 5,
            "column": 30
          }
        },
        "loc": {
          "start": {
            "line": 5,
            "column": 35
          },
          "end": {
            "line": 78,
            "column": 1
          }
        },
        "line": 5
      },
      "1": {
        "name": "(anonymous_1)",
        "decl": {
          "start": {
            "line": 6,
            "column": 23
          },
          "end": {
            "line": 6,
            "column": 24
          }
        },
        "loc": {
          "start": {
            "line": 6,
            "column": 29
          },
          "end": {
            "line": 23,
            "column": 3
          }
        },
        "line": 6
      },
      "2": {
        "name": "(anonymous_2)",
        "decl": {
          "start": {
            "line": 24,
            "column": 37
          },
          "end": {
            "line": 24,
            "column": 38
          }
        },
        "loc": {
          "start": {
            "line": 24,
            "column": 43
          },
          "end": {
            "line": 41,
            "column": 3
          }
        },
        "line": 24
      },
      "3": {
        "name": "(anonymous_3)",
        "decl": {
          "start": {
            "line": 42,
            "column": 36
          },
          "end": {
            "line": 42,
            "column": 37
          }
        },
        "loc": {
          "start": {
            "line": 42,
            "column": 42
          },
          "end": {
            "line": 59,
            "column": 3
          }
        },
        "line": 42
      },
      "4": {
        "name": "(anonymous_4)",
        "decl": {
          "start": {
            "line": 60,
            "column": 53
          },
          "end": {
            "line": 60,
            "column": 54
          }
        },
        "loc": {
          "start": {
            "line": 60,
            "column": 59
          },
          "end": {
            "line": 77,
            "column": 3
          }
        },
        "line": 60
      }
    },
    "branchMap": {},
    "s": {
      "0": 5,
      "1": 5,
      "2": 5,
      "3": 5,
      "4": 5,
      "5": 4,
      "6": 4,
      "7": 5,
      "8": 3,
      "9": 3,
      "10": 5,
      "11": 2,
      "12": 2
    },
    "f": {
      "0": 5,
      "1": 5,
      "2": 4,
      "3": 3,
      "4": 2
    },
    "b": {},
    "inputSourceMap": {
      "version": 3,
      "sources": ["C:/Users/arsen/autowiki/src/pages/NotFoundPage.cy.jsx"],
      "mappings": "AASU;AATV,SAAS,oBAAoB;AAC7B,OAAO,kBAAkB;AACzB,SAAS,oBAAoB;AAE7B,SAAS,oBAAoB,MAAM;AACjC,KAAG,kBAAkB,MAAM;AACzB,OAAG;AAAA,MACD,uBAAC,gBACC,iCAAC,gBACC,iCAAC,kBAAD;AAAA;AAAA;AAAA;AAAA,aAAc,KADhB;AAAA;AAAA;AAAA;AAAA,aAEA,KAHF;AAAA;AAAA;AAAA;AAAA,aAIA;AAAA,IACF;AACA,OAAG,SAAS,KAAK,EAAE,OAAO,YAAY;AAAA,EACxC,CAAC;AAED,KAAG,gCAAgC,MAAM;AACvC,OAAG;AAAA,MACD,uBAAC,gBACC,iCAAC,gBACC,iCAAC,kBAAD;AAAA;AAAA;AAAA;AAAA,aAAc,KADhB;AAAA;AAAA;AAAA;AAAA,aAEA,KAHF;AAAA;AAAA;AAAA;AAAA,aAIA;AAAA,IACF;AACA,OAAG,SAAS,UAAU,EAAE,OAAO,YAAY;AAAA,EAC7C,CAAC;AAED,KAAG,+BAA+B,MAAM;AACtC,OAAG;AAAA,MACD,uBAAC,gBACC,iCAAC,gBACC,iCAAC,kBAAD;AAAA;AAAA;AAAA;AAAA,aAAc,KADhB;AAAA;AAAA;AAAA;AAAA,aAEA,KAHF;AAAA;AAAA;AAAA;AAAA,aAIA;AAAA,IACF;AACA,OAAG,SAAS,kCAAkC,EAAE,OAAO,YAAY;AAAA,EACrE,CAAC;AAED,KAAG,gDAAgD,MAAM;AACvD,OAAG;AAAA,MACD,uBAAC,gBACC,iCAAC,gBACC,iCAAC,kBAAD;AAAA;AAAA;AAAA;AAAA,aAAc,KADhB;AAAA;AAAA;AAAA;AAAA,aAEA,KAHF;AAAA;AAAA;AAAA;AAAA,aAIA;AAAA,IACF;AACA,OAAG,IAAI,aAAa,EAAE,OAAO,OAAO;AAAA,EACtC,CAAC;AACH,CAAC;",
      "names": []
    },
    "_coverageSchema": "1a1c01bbd47fc00a2c39e90264f33305004495a9",
    "hash": "05871b4db616425c2b9a04c30b67b17e42f68a66"
  },
  "C:/Users/arsen/autowiki/src/pages/ProfilePage.jsx": {
    "path": "C:/Users/arsen/autowiki/src/pages/ProfilePage.jsx",
    "statementMap": {
      "0": {
        "start": {
          "line": 4,
          "column": 20
        },
        "end": {
          "line": 42,
          "column": 1
        }
      },
      "1": {
        "start": {
          "line": 5,
          "column": 2
        },
        "end": {
          "line": 41,
          "column": 11
        }
      }
    },
    "fnMap": {
      "0": {
        "name": "(anonymous_0)",
        "decl": {
          "start": {
            "line": 4,
            "column": 20
          },
          "end": {
            "line": 4,
            "column": 21
          }
        },
        "loc": {
          "start": {
            "line": 4,
            "column": 26
          },
          "end": {
            "line": 42,
            "column": 1
          }
        },
        "line": 4
      }
    },
    "branchMap": {},
    "s": {
      "0": 5,
      "1": 14
    },
    "f": {
      "0": 14
    },
    "b": {},
    "inputSourceMap": {
      "version": 3,
      "sources": ["C:/Users/arsen/autowiki/src/pages/ProfilePage.jsx"],
      "mappings": "AAMM;AANN,OAAO,YAAY;AACnB,SAAS,YAAY;AAErB,MAAM,cAAc,MAAM;AACxB,SACE,uBAAC,SAAI,OAAO,EAAE,SAAS,aAAa,UAAU,QAAQ,QAAQ,SAAS,GACrE;AAAA,2BAAC,YAAD;AAAA;AAAA;AAAA;AAAA,WAAQ;AAAA,IACR,uBAAC,UAAK,OAAO,EAAE,SAAS,aAAa,GACnC;AAAA,6BAAC,QAAG,OAAO,EAAE,OAAO,QAAQ,cAAc,OAAO,GAAG,iCAApD;AAAA;AAAA;AAAA;AAAA,aAEA;AAAA,MACA,uBAAC,OAAE,iEAAH;AAAA;AAAA;AAAA;AAAA,aAAoD;AAAA,MACpD,uBAAC,UAAD;AAAA;AAAA;AAAA;AAAA,aAAI;AAAA,MACJ,uBAAC,QAAK,IAAG,KAAI,OAAO,EAAE,OAAO,MAAM,GAAG,0BAAtC;AAAA;AAAA;AAAA;AAAA,aAEA;AAAA,SARF;AAAA;AAAA;AAAA;AAAA,WASA;AAAA,OAXF;AAAA;AAAA;AAAA;AAAA,SAYA;AAEJ;AAEA,eAAe;",
      "names": []
    },
    "_coverageSchema": "1a1c01bbd47fc00a2c39e90264f33305004495a9",
    "hash": "adeb9cc47bbe7e49f668c4bb774907f359ad03b8"
  },
  "C:/Users/arsen/autowiki/src/pages/ProfilePage.cy.jsx": {
    "path": "C:/Users/arsen/autowiki/src/pages/ProfilePage.cy.jsx",
    "statementMap": {
      "0": {
        "start": {
          "line": 5,
          "column": 0
        },
        "end": {
          "line": 78,
          "column": 3
        }
      },
      "1": {
        "start": {
          "line": 6,
          "column": 2
        },
        "end": {
          "line": 23,
          "column": 5
        }
      },
      "2": {
        "start": {
          "line": 7,
          "column": 4
        },
        "end": {
          "line": 21,
          "column": 6
        }
      },
      "3": {
        "start": {
          "line": 22,
          "column": 4
        },
        "end": {
          "line": 22,
          "column": 58
        }
      },
      "4": {
        "start": {
          "line": 24,
          "column": 2
        },
        "end": {
          "line": 41,
          "column": 5
        }
      },
      "5": {
        "start": {
          "line": 25,
          "column": 4
        },
        "end": {
          "line": 39,
          "column": 6
        }
      },
      "6": {
        "start": {
          "line": 40,
          "column": 4
        },
        "end": {
          "line": 40,
          "column": 49
        }
      },
      "7": {
        "start": {
          "line": 42,
          "column": 2
        },
        "end": {
          "line": 59,
          "column": 5
        }
      },
      "8": {
        "start": {
          "line": 43,
          "column": 4
        },
        "end": {
          "line": 57,
          "column": 6
        }
      },
      "9": {
        "start": {
          "line": 58,
          "column": 4
        },
        "end": {
          "line": 58,
          "column": 45
        }
      },
      "10": {
        "start": {
          "line": 60,
          "column": 2
        },
        "end": {
          "line": 77,
          "column": 5
        }
      },
      "11": {
        "start": {
          "line": 61,
          "column": 4
        },
        "end": {
          "line": 75,
          "column": 6
        }
      },
      "12": {
        "start": {
          "line": 76,
          "column": 4
        },
        "end": {
          "line": 76,
          "column": 62
        }
      }
    },
    "fnMap": {
      "0": {
        "name": "(anonymous_0)",
        "decl": {
          "start": {
            "line": 5,
            "column": 28
          },
          "end": {
            "line": 5,
            "column": 29
          }
        },
        "loc": {
          "start": {
            "line": 5,
            "column": 34
          },
          "end": {
            "line": 78,
            "column": 1
          }
        },
        "line": 5
      },
      "1": {
        "name": "(anonymous_1)",
        "decl": {
          "start": {
            "line": 6,
            "column": 37
          },
          "end": {
            "line": 6,
            "column": 38
          }
        },
        "loc": {
          "start": {
            "line": 6,
            "column": 43
          },
          "end": {
            "line": 23,
            "column": 3
          }
        },
        "line": 6
      },
      "2": {
        "name": "(anonymous_2)",
        "decl": {
          "start": {
            "line": 24,
            "column": 43
          },
          "end": {
            "line": 24,
            "column": 44
          }
        },
        "loc": {
          "start": {
            "line": 24,
            "column": 49
          },
          "end": {
            "line": 41,
            "column": 3
          }
        },
        "line": 24
      },
      "3": {
        "name": "(anonymous_3)",
        "decl": {
          "start": {
            "line": 42,
            "column": 45
          },
          "end": {
            "line": 42,
            "column": 46
          }
        },
        "loc": {
          "start": {
            "line": 42,
            "column": 51
          },
          "end": {
            "line": 59,
            "column": 3
          }
        },
        "line": 42
      },
      "4": {
        "name": "(anonymous_4)",
        "decl": {
          "start": {
            "line": 60,
            "column": 40
          },
          "end": {
            "line": 60,
            "column": 41
          }
        },
        "loc": {
          "start": {
            "line": 60,
            "column": 46
          },
          "end": {
            "line": 77,
            "column": 3
          }
        },
        "line": 60
      }
    },
    "branchMap": {},
    "s": {
      "0": 5,
      "1": 5,
      "2": 5,
      "3": 5,
      "4": 5,
      "5": 4,
      "6": 4,
      "7": 5,
      "8": 3,
      "9": 3,
      "10": 5,
      "11": 2,
      "12": 2
    },
    "f": {
      "0": 5,
      "1": 5,
      "2": 4,
      "3": 3,
      "4": 2
    },
    "b": {},
    "inputSourceMap": {
      "version": 3,
      "sources": ["C:/Users/arsen/autowiki/src/pages/ProfilePage.cy.jsx"],
      "mappings": "AASU;AATV,SAAS,oBAAoB;AAC7B,OAAO,iBAAiB;AACxB,SAAS,oBAAoB;AAE7B,SAAS,mBAAmB,MAAM;AAChC,KAAG,gCAAgC,MAAM;AACvC,OAAG;AAAA,MACD,uBAAC,gBACC,iCAAC,gBACC,iCAAC,iBAAD;AAAA;AAAA;AAAA;AAAA,aAAa,KADf;AAAA;AAAA;AAAA;AAAA,aAEA,KAHF;AAAA;AAAA;AAAA;AAAA,aAIA;AAAA,IACF;AACA,OAAG,SAAS,mBAAmB,EAAE,OAAO,YAAY;AAAA,EACtD,CAAC;AAED,KAAG,sCAAsC,MAAM;AAC7C,OAAG;AAAA,MACD,uBAAC,gBACC,iCAAC,gBACC,iCAAC,iBAAD;AAAA;AAAA;AAAA;AAAA,aAAa,KADf;AAAA;AAAA;AAAA;AAAA,aAEA,KAHF;AAAA;AAAA;AAAA;AAAA,aAIA;AAAA,IACF;AACA,OAAG,SAAS,UAAU,EAAE,OAAO,YAAY;AAAA,EAC7C,CAAC;AAED,KAAG,wCAAwC,MAAM;AAC/C,OAAG;AAAA,MACD,uBAAC,gBACC,iCAAC,gBACC,iCAAC,iBAAD;AAAA;AAAA;AAAA;AAAA,aAAa,KADf;AAAA;AAAA;AAAA;AAAA,aAEA,KAHF;AAAA;AAAA;AAAA;AAAA,aAIA;AAAA,IACF;AACA,OAAG,SAAS,MAAM,EAAE,OAAO,YAAY;AAAA,EACzC,CAAC;AAED,KAAG,mCAAmC,MAAM;AAC1C,OAAG;AAAA,MACD,uBAAC,gBACC,iCAAC,gBACC,iCAAC,iBAAD;AAAA;AAAA;AAAA;AAAA,aAAa,KADf;AAAA;AAAA;AAAA;AAAA,aAEA,KAHF;AAAA;AAAA;AAAA;AAAA,aAIA;AAAA,IACF;AACA,OAAG,IAAI,KAAK,EAAE,MAAM,EAAE,OAAO,YAAY,UAAU,KAAK;AAAA,EAC1D,CAAC;AACH,CAAC;",
      "names": []
    },
    "_coverageSchema": "1a1c01bbd47fc00a2c39e90264f33305004495a9",
    "hash": "ea5a1035b72c91a99b30af1200f2befb2339638a"
  }
}
