<?xml version="1.0" encoding="UTF-8"?>
<coverage generated="1765580667230" clover="3.2.0">
  <project timestamp="1765580667230" name="All files">
    <metrics statements="506" coveredstatements="481" conditionals="85" coveredconditionals="74" methods="135" coveredmethods="126" elements="726" coveredelements="681" complexity="0" loc="506" ncloc="506" packages="4" files="31" classes="31"/>
    <package name="components">
      <metrics statements="135" coveredstatements="134" conditionals="25" coveredconditionals="23" methods="44" coveredmethods="44"/>
      <file name="BrandCard.cy.jsx" path="C:/Users/arsen/autowiki/src/components/BrandCard.cy.jsx">
        <metrics statements="15" coveredstatements="15" conditionals="0" coveredconditionals="0" methods="5" coveredmethods="5"/>
        <line num="4" count="3" type="stmt"/>
        <line num="5" count="3" type="stmt"/>
        <line num="6" count="3" type="stmt"/>
        <line num="9" count="3" type="stmt"/>
        <line num="10" count="3" type="stmt"/>
        <line num="17" count="3" type="stmt"/>
        <line num="18" count="3" type="stmt"/>
        <line num="26" count="3" type="stmt"/>
        <line num="27" count="3" type="stmt"/>
        <line num="28" count="3" type="stmt"/>
        <line num="31" count="3" type="stmt"/>
        <line num="32" count="2" type="stmt"/>
        <line num="34" count="2" type="stmt"/>
        <line num="40" count="2" type="stmt"/>
        <line num="42" count="2" type="stmt"/>
      </file>
      <file name="BrandCard.jsx" path="C:/Users/arsen/autowiki/src/components/BrandCard.jsx">
        <metrics statements="8" coveredstatements="8" conditionals="5" coveredconditionals="5" methods="3" coveredmethods="3"/>
        <line num="4" count="10" type="stmt"/>
        <line num="5" count="92" type="stmt"/>
        <line num="7" count="92" type="stmt"/>
        <line num="8" count="9" type="stmt"/>
        <line num="10" count="92" type="stmt"/>
        <line num="19" count="5" type="stmt"/>
        <line num="20" count="5" type="stmt"/>
        <line num="21" count="5" type="cond" truecount="1" falsecount="0"/>
      </file>
      <file name="Button.cy.jsx" path="C:/Users/arsen/autowiki/src/components/Button.cy.jsx">
        <metrics statements="8" coveredstatements="8" conditionals="0" coveredconditionals="0" methods="2" coveredmethods="2"/>
        <line num="3" count="2" type="stmt"/>
        <line num="4" count="2" type="stmt"/>
        <line num="5" count="2" type="stmt"/>
        <line num="7" count="2" type="stmt"/>
        <line num="13" count="2" type="stmt"/>
        <line num="15" count="2" type="stmt"/>
        <line num="17" count="2" type="stmt"/>
        <line num="18" count="2" type="stmt"/>
      </file>
      <file name="Button.jsx" path="C:/Users/arsen/autowiki/src/components/Button.jsx">
        <metrics statements="3" coveredstatements="3" conditionals="2" coveredconditionals="2" methods="1" coveredmethods="1"/>
        <line num="3" count="23" type="cond" truecount="2" falsecount="0"/>
        <line num="4" count="1312" type="stmt"/>
        <line num="6" count="1312" type="stmt"/>
      </file>
      <file name="GuestRoute.cy.jsx" path="C:/Users/arsen/autowiki/src/components/GuestRoute.cy.jsx">
        <metrics statements="13" coveredstatements="13" conditionals="0" coveredconditionals="0" methods="6" coveredmethods="6"/>
        <line num="5" count="3" type="stmt"/>
        <line num="6" count="3" type="stmt"/>
        <line num="8" count="3" type="stmt"/>
        <line num="9" count="3" type="stmt"/>
        <line num="10" count="5" type="stmt"/>
        <line num="29" count="3" type="stmt"/>
        <line num="30" count="3" type="stmt"/>
        <line num="31" count="3" type="stmt"/>
        <line num="32" count="3" type="stmt"/>
        <line num="35" count="3" type="stmt"/>
        <line num="36" count="2" type="stmt"/>
        <line num="37" count="2" type="stmt"/>
        <line num="38" count="2" type="stmt"/>
      </file>
      <file name="GuestRoute.jsx" path="C:/Users/arsen/autowiki/src/components/GuestRoute.jsx">
        <metrics statements="5" coveredstatements="5" conditionals="1" coveredconditionals="1" methods="1" coveredmethods="1"/>
        <line num="4" count="3" type="stmt"/>
        <line num="5" count="5" type="stmt"/>
        <line num="7" count="5" type="cond" truecount="1" falsecount="0"/>
        <line num="8" count="2" type="stmt"/>
        <line num="11" count="3" type="stmt"/>
      </file>
      <file name="Header.cy.jsx" path="C:/Users/arsen/autowiki/src/components/Header.cy.jsx">
        <metrics statements="10" coveredstatements="10" conditionals="0" coveredconditionals="0" methods="4" coveredmethods="4"/>
        <line num="5" count="3" type="stmt"/>
        <line num="6" count="3" type="stmt"/>
        <line num="7" count="5" type="stmt"/>
        <line num="9" count="5" type="stmt"/>
        <line num="18" count="3" type="stmt"/>
        <line num="19" count="3" type="stmt"/>
        <line num="20" count="3" type="stmt"/>
        <line num="23" count="3" type="stmt"/>
        <line num="24" count="2" type="stmt"/>
        <line num="25" count="2" type="stmt"/>
      </file>
      <file name="Header.jsx" path="C:/Users/arsen/autowiki/src/components/Header.jsx">
        <metrics statements="3" coveredstatements="3" conditionals="2" coveredconditionals="2" methods="1" coveredmethods="1"/>
        <line num="5" count="34" type="stmt"/>
        <line num="6" count="301" type="stmt"/>
        <line num="8" count="301" type="stmt"/>
      </file>
      <file name="InputField.cy.jsx" path="C:/Users/arsen/autowiki/src/components/InputField.cy.jsx">
        <metrics statements="7" coveredstatements="7" conditionals="0" coveredconditionals="0" methods="2" coveredmethods="2"/>
        <line num="3" count="2" type="stmt"/>
        <line num="4" count="2" type="stmt"/>
        <line num="5" count="2" type="stmt"/>
        <line num="7" count="2" type="stmt"/>
        <line num="15" count="2" type="stmt"/>
        <line num="17" count="2" type="stmt"/>
        <line num="19" count="2" type="stmt"/>
      </file>
      <file name="InputField.jsx" path="C:/Users/arsen/autowiki/src/components/InputField.jsx">
        <metrics statements="5" coveredstatements="5" conditionals="3" coveredconditionals="3" methods="1" coveredmethods="1"/>
        <line num="3" count="29" type="stmt"/>
        <line num="13" count="2241" type="stmt"/>
        <line num="14" count="2241" type="stmt"/>
        <line num="26" count="3" type="stmt"/>
        <line num="28" count="3" type="stmt"/>
      </file>
      <file name="ModelCard.cy.jsx" path="C:/Users/arsen/autowiki/src/components/ModelCard.cy.jsx">
        <metrics statements="10" coveredstatements="10" conditionals="0" coveredconditionals="0" methods="3" coveredmethods="3"/>
        <line num="4" count="2" type="stmt"/>
        <line num="5" count="2" type="stmt"/>
        <line num="6" count="2" type="stmt"/>
        <line num="9" count="2" type="stmt"/>
        <line num="10" count="2" type="stmt"/>
        <line num="17" count="2" type="stmt"/>
        <line num="18" count="2" type="stmt"/>
        <line num="30" count="2" type="stmt"/>
        <line num="31" count="2" type="stmt"/>
        <line num="32" count="2" type="stmt"/>
      </file>
      <file name="ModelCard.jsx" path="C:/Users/arsen/autowiki/src/components/ModelCard.jsx">
        <metrics statements="11" coveredstatements="10" conditionals="4" coveredconditionals="3" methods="2" coveredmethods="2"/>
        <line num="4" count="9" type="stmt"/>
        <line num="5" count="28" type="stmt"/>
        <line num="7" count="28" type="stmt"/>
        <line num="14" count="28" type="stmt"/>
        <line num="15" count="6" type="stmt"/>
        <line num="17" count="6" type="cond" truecount="3" falsecount="1"/>
        <line num="18" count="6" type="stmt"/>
        <line num="19" count="6" type="stmt"/>
        <line num="20" count="6" type="stmt"/>
        <line num="22" count="0" type="stmt"/>
        <line num="26" count="28" type="stmt"/>
      </file>
      <file name="ProtectedRoute.cy.jsx" path="C:/Users/arsen/autowiki/src/components/ProtectedRoute.cy.jsx">
        <metrics statements="13" coveredstatements="13" conditionals="0" coveredconditionals="0" methods="6" coveredmethods="6"/>
        <line num="5" count="3" type="stmt"/>
        <line num="6" count="3" type="stmt"/>
        <line num="8" count="3" type="stmt"/>
        <line num="9" count="3" type="stmt"/>
        <line num="10" count="5" type="stmt"/>
        <line num="29" count="3" type="stmt"/>
        <line num="30" count="3" type="stmt"/>
        <line num="31" count="3" type="stmt"/>
        <line num="32" count="3" type="stmt"/>
        <line num="35" count="3" type="stmt"/>
        <line num="36" count="2" type="stmt"/>
        <line num="37" count="2" type="stmt"/>
        <line num="38" count="2" type="stmt"/>
      </file>
      <file name="ProtectedRoute.jsx" path="C:/Users/arsen/autowiki/src/components/ProtectedRoute.jsx">
        <metrics statements="5" coveredstatements="5" conditionals="1" coveredconditionals="1" methods="1" coveredmethods="1"/>
        <line num="4" count="3" type="stmt"/>
        <line num="5" count="5" type="stmt"/>
        <line num="7" count="5" type="cond" truecount="1" falsecount="0"/>
        <line num="8" count="2" type="stmt"/>
        <line num="11" count="3" type="stmt"/>
      </file>
      <file name="SearchBar.cy.jsx" path="C:/Users/arsen/autowiki/src/components/SearchBar.cy.jsx">
        <metrics statements="12" coveredstatements="12" conditionals="0" coveredconditionals="0" methods="3" coveredmethods="3"/>
        <line num="3" count="6" type="stmt"/>
        <line num="4" count="6" type="stmt"/>
        <line num="5" count="6" type="stmt"/>
        <line num="6" count="6" type="stmt"/>
        <line num="8" count="6" type="stmt"/>
        <line num="21" count="6" type="stmt"/>
        <line num="22" count="6" type="stmt"/>
        <line num="26" count="6" type="stmt"/>
        <line num="29" count="6" type="stmt"/>
        <line num="32" count="6" type="stmt"/>
        <line num="33" count="4" type="stmt"/>
        <line num="34" count="4" type="stmt"/>
      </file>
      <file name="SearchBar.jsx" path="C:/Users/arsen/autowiki/src/components/SearchBar.jsx">
        <metrics statements="7" coveredstatements="7" conditionals="7" coveredconditionals="6" methods="3" coveredmethods="3"/>
        <line num="4" count="20" type="stmt"/>
        <line num="14" count="149" type="stmt"/>
        <line num="16" count="149" type="stmt"/>
        <line num="40" count="561" type="stmt"/>
        <line num="41" count="150" type="stmt"/>
        <line num="50" count="3" type="stmt"/>
        <line num="51" count="3" type="stmt"/>
      </file>
    </package>
    <package name="context">
      <metrics statements="9" coveredstatements="8" conditionals="1" coveredconditionals="0" methods="2" coveredmethods="2"/>
      <file name="AuthContext.jsx" path="C:/Users/arsen/autowiki/src/context/AuthContext.jsx">
        <metrics statements="9" coveredstatements="8" conditionals="1" coveredconditionals="0" methods="2" coveredmethods="2"/>
        <line num="4" count="47" type="stmt"/>
        <line num="6" count="47" type="stmt"/>
        <line num="7" count="179" type="stmt"/>
        <line num="9" count="179" type="stmt"/>
        <line num="12" count="47" type="stmt"/>
        <line num="13" count="729" type="stmt"/>
        <line num="14" count="729" type="cond" truecount="0" falsecount="1"/>
        <line num="15" count="0" type="stmt"/>
        <line num="19" count="729" type="stmt"/>
      </file>
    </package>
    <package name="hooks">
      <metrics statements="72" coveredstatements="56" conditionals="14" coveredconditionals="8" methods="12" coveredmethods="9"/>
      <file name="useAuth.js" path="C:/Users/arsen/autowiki/src/hooks/useAuth.js">
        <metrics statements="46" coveredstatements="30" conditionals="11" coveredconditionals="5" methods="8" coveredmethods="5"/>
        <line num="4" count="47" type="stmt"/>
        <line num="6" count="47" type="stmt"/>
        <line num="7" count="179" type="stmt"/>
        <line num="8" count="179" type="stmt"/>
        <line num="9" count="179" type="stmt"/>
        <line num="10" count="179" type="stmt"/>
        <line num="11" count="179" type="stmt"/>
        <line num="13" count="179" type="stmt"/>
        <line num="14" count="136" type="cond" truecount="0" falsecount="1"/>
        <line num="15" count="0" type="stmt"/>
        <line num="16" count="0" type="cond" truecount="0" falsecount="1"/>
        <line num="17" count="0" type="stmt"/>
        <line num="22" count="179" type="stmt"/>
        <line num="23" count="13" type="stmt"/>
        <line num="24" count="13" type="stmt"/>
        <line num="25" count="13" type="stmt"/>
        <line num="26" count="13" type="stmt"/>
        <line num="32" count="13" type="stmt"/>
        <line num="34" count="13" type="cond" truecount="1" falsecount="0"/>
        <line num="35" count="6" type="cond" truecount="1" falsecount="2"/>
        <line num="38" count="7" type="cond" truecount="2" falsecount="1"/>
        <line num="39" count="0" type="stmt"/>
        <line num="40" count="0" type="stmt"/>
        <line num="42" count="0" type="stmt"/>
        <line num="43" count="0" type="stmt"/>
        <line num="45" count="7" type="stmt"/>
        <line num="47" count="6" type="stmt"/>
        <line num="48" count="6" type="stmt"/>
        <line num="49" count="6" type="stmt"/>
        <line num="51" count="13" type="stmt"/>
        <line num="55" count="179" type="stmt"/>
        <line num="56" count="13" type="stmt"/>
        <line num="57" count="13" type="cond" truecount="1" falsecount="0"/>
        <line num="58" count="7" type="stmt"/>
        <line num="62" count="179" type="stmt"/>
        <line num="63" count="0" type="stmt"/>
        <line num="70" count="0" type="cond" truecount="0" falsecount="1"/>
        <line num="71" count="0" type="stmt"/>
        <line num="72" count="0" type="stmt"/>
        <line num="76" count="179" type="stmt"/>
        <line num="77" count="0" type="stmt"/>
        <line num="78" count="0" type="stmt"/>
        <line num="79" count="0" type="stmt"/>
        <line num="80" count="0" type="stmt"/>
        <line num="81" count="0" type="stmt"/>
        <line num="84" count="179" type="stmt"/>
      </file>
      <file name="useFetch.js" path="C:/Users/arsen/autowiki/src/hooks/useFetch.js">
        <metrics statements="26" coveredstatements="26" conditionals="3" coveredconditionals="3" methods="4" coveredmethods="4"/>
        <line num="3" count="21" type="stmt"/>
        <line num="5" count="21" type="stmt"/>
        <line num="6" count="426" type="stmt"/>
        <line num="7" count="426" type="stmt"/>
        <line num="8" count="426" type="stmt"/>
        <line num="10" count="426" type="stmt"/>
        <line num="11" count="135" type="stmt"/>
        <line num="12" count="135" type="stmt"/>
        <line num="14" count="135" type="stmt"/>
        <line num="15" count="135" type="stmt"/>
        <line num="16" count="135" type="stmt"/>
        <line num="17" count="135" type="stmt"/>
        <line num="18" count="135" type="stmt"/>
        <line num="20" count="135" type="cond" truecount="1" falsecount="0"/>
        <line num="21" count="13" type="stmt"/>
        <line num="24" count="122" type="stmt"/>
        <line num="25" count="122" type="stmt"/>
        <line num="27" count="13" type="cond" truecount="1" falsecount="0"/>
        <line num="28" count="13" type="stmt"/>
        <line num="29" count="13" type="stmt"/>
        <line num="32" count="135" type="cond" truecount="1" falsecount="0"/>
        <line num="33" count="135" type="stmt"/>
        <line num="38" count="135" type="stmt"/>
        <line num="40" count="135" type="stmt"/>
        <line num="41" count="102" type="stmt"/>
        <line num="45" count="426" type="stmt"/>
      </file>
    </package>
    <package name="pages">
      <metrics statements="290" coveredstatements="283" conditionals="45" coveredconditionals="43" methods="77" coveredmethods="71"/>
      <file name="AuthPage.cy.jsx" path="C:/Users/arsen/autowiki/src/pages/AuthPage.cy.jsx">
        <metrics statements="37" coveredstatements="37" conditionals="0" coveredconditionals="0" methods="9" coveredmethods="9"/>
        <line num="5" count="7" type="stmt"/>
        <line num="6" count="7" type="stmt"/>
        <line num="7" count="27" type="stmt"/>
        <line num="16" count="7" type="stmt"/>
        <line num="17" count="7" type="stmt"/>
        <line num="22" count="7" type="stmt"/>
        <line num="24" count="7" type="stmt"/>
        <line num="25" count="7" type="stmt"/>
        <line num="26" count="7" type="stmt"/>
        <line num="28" count="7" type="stmt"/>
        <line num="31" count="7" type="stmt"/>
        <line num="32" count="6" type="stmt"/>
        <line num="40" count="6" type="stmt"/>
        <line num="42" count="6" type="stmt"/>
        <line num="43" count="6" type="stmt"/>
        <line num="44" count="6" type="stmt"/>
        <line num="46" count="6" type="stmt"/>
        <line num="48" count="6" type="stmt"/>
        <line num="51" count="7" type="stmt"/>
        <line num="52" count="5" type="stmt"/>
        <line num="53" count="5" type="stmt"/>
        <line num="58" count="7" type="stmt"/>
        <line num="59" count="4" type="stmt"/>
        <line num="61" count="4" type="stmt"/>
        <line num="63" count="4" type="stmt"/>
        <line num="66" count="7" type="stmt"/>
        <line num="67" count="3" type="stmt"/>
        <line num="69" count="3" type="stmt"/>
        <line num="72" count="7" type="stmt"/>
        <line num="73" count="2" type="stmt"/>
        <line num="75" count="2" type="stmt"/>
        <line num="76" count="2" type="stmt"/>
        <line num="78" count="2" type="stmt"/>
        <line num="79" count="2" type="stmt"/>
        <line num="80" count="2" type="stmt"/>
        <line num="82" count="2" type="stmt"/>
        <line num="85" count="2" type="stmt"/>
      </file>
      <file name="AuthPage.jsx" path="C:/Users/arsen/autowiki/src/pages/AuthPage.jsx">
        <metrics statements="25" coveredstatements="24" conditionals="7" coveredconditionals="7" methods="9" coveredmethods="9"/>
        <line num="8" count="7" type="stmt"/>
        <line num="9" count="418" type="stmt"/>
        <line num="10" count="418" type="stmt"/>
        <line num="12" count="418" type="stmt"/>
        <line num="13" count="418" type="stmt"/>
        <line num="14" count="418" type="stmt"/>
        <line num="15" count="418" type="stmt"/>
        <line num="16" count="418" type="stmt"/>
        <line num="18" count="418" type="stmt"/>
        <line num="19" count="2" type="stmt"/>
        <line num="20" count="2" type="cond" truecount="1" falsecount="0"/>
        <line num="21" count="2" type="stmt"/>
        <line num="22" count="2" type="stmt"/>
        <line num="24" count="0" type="stmt"/>
        <line num="27" count="418" type="stmt"/>
        <line num="28" count="13" type="stmt"/>
        <line num="29" count="13" type="stmt"/>
        <line num="32" count="418" type="stmt"/>
        <line num="33" count="3" type="stmt"/>
        <line num="36" count="418" type="stmt"/>
        <line num="64" count="24" type="stmt"/>
        <line num="73" count="14" type="stmt"/>
        <line num="82" count="14" type="stmt"/>
        <line num="104" count="175" type="stmt"/>
        <line num="113" count="131" type="stmt"/>
      </file>
      <file name="BrandPage.cy.jsx" path="C:/Users/arsen/autowiki/src/pages/BrandPage.cy.jsx">
        <metrics statements="45" coveredstatements="45" conditionals="0" coveredconditionals="0" methods="8" coveredmethods="8"/>
        <line num="5" count="7" type="stmt"/>
        <line num="6" count="7" type="stmt"/>
        <line num="8" count="7" type="stmt"/>
        <line num="9" count="27" type="stmt"/>
        <line num="20" count="7" type="stmt"/>
        <line num="21" count="7" type="stmt"/>
        <line num="24" count="7" type="stmt"/>
        <line num="28" count="7" type="stmt"/>
        <line num="29" count="7" type="stmt"/>
        <line num="30" count="7" type="stmt"/>
        <line num="31" count="7" type="stmt"/>
        <line num="34" count="7" type="stmt"/>
        <line num="35" count="6" type="stmt"/>
        <line num="38" count="6" type="stmt"/>
        <line num="40" count="6" type="stmt"/>
        <line num="42" count="6" type="stmt"/>
        <line num="45" count="7" type="stmt"/>
        <line num="46" count="5" type="stmt"/>
        <line num="50" count="5" type="stmt"/>
        <line num="53" count="5" type="stmt"/>
        <line num="57" count="5" type="stmt"/>
        <line num="58" count="5" type="stmt"/>
        <line num="60" count="5" type="stmt"/>
        <line num="62" count="5" type="stmt"/>
        <line num="63" count="5" type="stmt"/>
        <line num="66" count="7" type="stmt"/>
        <line num="67" count="4" type="stmt"/>
        <line num="68" count="4" type="stmt"/>
        <line num="71" count="4" type="stmt"/>
        <line num="75" count="4" type="stmt"/>
        <line num="76" count="4" type="stmt"/>
        <line num="78" count="4" type="stmt"/>
        <line num="81" count="7" type="stmt"/>
        <line num="82" count="3" type="stmt"/>
        <line num="86" count="3" type="stmt"/>
        <line num="88" count="3" type="stmt"/>
        <line num="89" count="3" type="stmt"/>
        <line num="91" count="3" type="stmt"/>
        <line num="94" count="7" type="stmt"/>
        <line num="95" count="2" type="stmt"/>
        <line num="98" count="2" type="stmt"/>
        <line num="103" count="2" type="stmt"/>
        <line num="104" count="2" type="stmt"/>
        <line num="106" count="2" type="stmt"/>
        <line num="107" count="2" type="stmt"/>
      </file>
      <file name="BrandPage.jsx" path="C:/Users/arsen/autowiki/src/pages/BrandPage.jsx">
        <metrics statements="26" coveredstatements="22" conditionals="15" coveredconditionals="14" methods="10" coveredmethods="6"/>
        <line num="10" count="7" type="stmt"/>
        <line num="11" count="86" type="stmt"/>
        <line num="12" count="86" type="stmt"/>
        <line num="14" count="86" type="stmt"/>
        <line num="21" count="86" type="stmt"/>
        <line num="23" count="86" type="stmt"/>
        <line num="24" count="86" type="stmt"/>
        <line num="26" count="86" type="stmt"/>
        <line num="27" count="57" type="cond" truecount="1" falsecount="0"/>
        <line num="29" count="30" type="stmt"/>
        <line num="30" count="31" type="stmt"/>
        <line num="34" count="31" type="cond" truecount="2" falsecount="0"/>
        <line num="35" count="31" type="cond" truecount="2" falsecount="0"/>
        <line num="39" count="86" type="stmt"/>
        <line num="40" count="86" type="stmt"/>
        <line num="41" count="0" type="stmt"/>
        <line num="44" count="86" type="cond" truecount="3" falsecount="0"/>
        <line num="45" count="54" type="stmt"/>
        <line num="57" count="32" type="cond" truecount="1" falsecount="0"/>
        <line num="58" count="3" type="stmt"/>
        <line num="70" count="29" type="stmt"/>
        <line num="82" count="0" type="stmt"/>
        <line num="96" count="0" type="stmt"/>
        <line num="105" count="5" type="stmt"/>
        <line num="125" count="26" type="stmt"/>
        <line num="131" count="0" type="stmt"/>
      </file>
      <file name="HomePage.cy.jsx" path="C:/Users/arsen/autowiki/src/pages/HomePage.cy.jsx">
        <metrics statements="44" coveredstatements="44" conditionals="0" coveredconditionals="0" methods="8" coveredmethods="8"/>
        <line num="5" count="7" type="stmt"/>
        <line num="6" count="7" type="stmt"/>
        <line num="11" count="7" type="stmt"/>
        <line num="12" count="27" type="stmt"/>
        <line num="21" count="7" type="stmt"/>
        <line num="22" count="7" type="stmt"/>
        <line num="25" count="7" type="stmt"/>
        <line num="26" count="7" type="stmt"/>
        <line num="27" count="7" type="stmt"/>
        <line num="30" count="7" type="stmt"/>
        <line num="31" count="6" type="stmt"/>
        <line num="33" count="6" type="stmt"/>
        <line num="34" count="6" type="stmt"/>
        <line num="36" count="6" type="stmt"/>
        <line num="39" count="7" type="stmt"/>
        <line num="40" count="5" type="stmt"/>
        <line num="44" count="5" type="stmt"/>
        <line num="46" count="5" type="stmt"/>
        <line num="47" count="5" type="stmt"/>
        <line num="49" count="5" type="stmt"/>
        <line num="51" count="5" type="stmt"/>
        <line num="52" count="5" type="stmt"/>
        <line num="55" count="7" type="stmt"/>
        <line num="56" count="4" type="stmt"/>
        <line num="61" count="4" type="stmt"/>
        <line num="63" count="4" type="stmt"/>
        <line num="64" count="4" type="stmt"/>
        <line num="66" count="4" type="stmt"/>
        <line num="68" count="4" type="stmt"/>
        <line num="70" count="4" type="stmt"/>
        <line num="71" count="4" type="stmt"/>
        <line num="72" count="4" type="stmt"/>
        <line num="75" count="7" type="stmt"/>
        <line num="76" count="3" type="stmt"/>
        <line num="79" count="3" type="stmt"/>
        <line num="80" count="3" type="stmt"/>
        <line num="82" count="3" type="stmt"/>
        <line num="84" count="3" type="stmt"/>
        <line num="85" count="3" type="stmt"/>
        <line num="88" count="7" type="stmt"/>
        <line num="89" count="2" type="stmt"/>
        <line num="94" count="2" type="stmt"/>
        <line num="95" count="2" type="stmt"/>
        <line num="97" count="2" type="stmt"/>
      </file>
      <file name="HomePage.jsx" path="C:/Users/arsen/autowiki/src/pages/HomePage.jsx">
        <metrics statements="21" coveredstatements="19" conditionals="14" coveredconditionals="14" methods="8" coveredmethods="6"/>
        <line num="9" count="7" type="stmt"/>
        <line num="10" count="110" type="stmt"/>
        <line num="11" count="110" type="stmt"/>
        <line num="13" count="110" type="stmt"/>
        <line num="14" count="110" type="stmt"/>
        <line num="16" count="110" type="stmt"/>
        <line num="17" count="102" type="cond" truecount="1" falsecount="0"/>
        <line num="19" count="75" type="stmt"/>
        <line num="20" count="166" type="stmt"/>
        <line num="24" count="166" type="stmt"/>
        <line num="26" count="166" type="cond" truecount="2" falsecount="0"/>
        <line num="28" count="166" type="cond" truecount="2" falsecount="0"/>
        <line num="32" count="110" type="stmt"/>
        <line num="33" count="41" type="stmt"/>
        <line num="35" count="110" type="stmt"/>
        <line num="36" count="9" type="stmt"/>
        <line num="39" count="110" type="stmt"/>
        <line num="40" count="0" type="stmt"/>
        <line num="43" count="110" type="stmt"/>
        <line num="70" count="87" type="stmt"/>
        <line num="76" count="0" type="stmt"/>
      </file>
      <file name="ModelPage.cy.jsx" path="C:/Users/arsen/autowiki/src/pages/ModelPage.cy.jsx">
        <metrics statements="48" coveredstatements="48" conditionals="0" coveredconditionals="0" methods="9" coveredmethods="9"/>
        <line num="5" count="7" type="stmt"/>
        <line num="6" count="7" type="stmt"/>
        <line num="7" count="7" type="stmt"/>
        <line num="9" count="7" type="stmt"/>
        <line num="10" count="27" type="stmt"/>
        <line num="24" count="7" type="stmt"/>
        <line num="25" count="7" type="stmt"/>
        <line num="28" count="7" type="stmt"/>
        <line num="39" count="7" type="stmt"/>
        <line num="40" count="7" type="stmt"/>
        <line num="41" count="7" type="stmt"/>
        <line num="44" count="7" type="stmt"/>
        <line num="45" count="6" type="stmt"/>
        <line num="48" count="6" type="stmt"/>
        <line num="53" count="6" type="stmt"/>
        <line num="54" count="6" type="stmt"/>
        <line num="56" count="6" type="stmt"/>
        <line num="59" count="6" type="stmt"/>
        <line num="62" count="7" type="stmt"/>
        <line num="63" count="5" type="stmt"/>
        <line num="64" count="5" type="stmt"/>
        <line num="67" count="5" type="stmt"/>
        <line num="71" count="5" type="stmt"/>
        <line num="72" count="5" type="stmt"/>
        <line num="74" count="5" type="stmt"/>
        <line num="75" count="5" type="stmt"/>
        <line num="78" count="7" type="stmt"/>
        <line num="79" count="4" type="stmt"/>
        <line num="82" count="4" type="stmt"/>
        <line num="86" count="4" type="stmt"/>
        <line num="87" count="4" type="stmt"/>
        <line num="89" count="4" type="stmt"/>
        <line num="92" count="7" type="stmt"/>
        <line num="93" count="3" type="stmt"/>
        <line num="94" count="3" type="stmt"/>
        <line num="97" count="3" type="stmt"/>
        <line num="107" count="3" type="stmt"/>
        <line num="108" count="3" type="stmt"/>
        <line num="110" count="3" type="stmt"/>
        <line num="111" count="3" type="stmt"/>
        <line num="114" count="7" type="stmt"/>
        <line num="115" count="2" type="stmt"/>
        <line num="116" count="2" type="stmt"/>
        <line num="119" count="2" type="stmt"/>
        <line num="123" count="2" type="stmt"/>
        <line num="124" count="2" type="stmt"/>
        <line num="126" count="2" type="stmt"/>
        <line num="127" count="2" type="stmt"/>
      </file>
      <file name="ModelPage.jsx" path="C:/Users/arsen/autowiki/src/pages/ModelPage.jsx">
        <metrics statements="14" coveredstatements="14" conditionals="9" coveredconditionals="8" methods="4" coveredmethods="4"/>
        <line num="7" count="7" type="stmt"/>
        <line num="8" count="72" type="stmt"/>
        <line num="9" count="72" type="stmt"/>
        <line num="15" count="72" type="stmt"/>
        <line num="16" count="72" type="stmt"/>
        <line num="19" count="72" type="stmt"/>
        <line num="21" count="72" type="cond" truecount="3" falsecount="0"/>
        <line num="22" count="45" type="stmt"/>
        <line num="34" count="27" type="cond" truecount="4" falsecount="0"/>
        <line num="35" count="6" type="stmt"/>
        <line num="50" count="21" type="stmt"/>
        <line num="73" count="15" type="stmt"/>
        <line num="84" count="25" type="stmt"/>
        <line num="85" count="25" type="stmt"/>
      </file>
      <file name="NotFoundPage.cy.jsx" path="C:/Users/arsen/autowiki/src/pages/NotFoundPage.cy.jsx">
        <metrics statements="13" coveredstatements="13" conditionals="0" coveredconditionals="0" methods="5" coveredmethods="5"/>
        <line num="5" count="5" type="stmt"/>
        <line num="6" count="5" type="stmt"/>
        <line num="7" count="5" type="stmt"/>
        <line num="14" count="5" type="stmt"/>
        <line num="17" count="5" type="stmt"/>
        <line num="18" count="4" type="stmt"/>
        <line num="25" count="4" type="stmt"/>
        <line num="28" count="5" type="stmt"/>
        <line num="29" count="3" type="stmt"/>
        <line num="36" count="3" type="stmt"/>
        <line num="39" count="5" type="stmt"/>
        <line num="40" count="2" type="stmt"/>
        <line num="47" count="2" type="stmt"/>
      </file>
      <file name="NotFoundPage.jsx" path="C:/Users/arsen/autowiki/src/pages/NotFoundPage.jsx">
        <metrics statements="2" coveredstatements="2" conditionals="0" coveredconditionals="0" methods="1" coveredmethods="1"/>
        <line num="5" count="5" type="stmt"/>
        <line num="6" count="14" type="stmt"/>
      </file>
      <file name="ProfilePage.cy.jsx" path="C:/Users/arsen/autowiki/src/pages/ProfilePage.cy.jsx">
        <metrics statements="13" coveredstatements="13" conditionals="0" coveredconditionals="0" methods="5" coveredmethods="5"/>
        <line num="5" count="5" type="stmt"/>
        <line num="6" count="5" type="stmt"/>
        <line num="7" count="5" type="stmt"/>
        <line num="14" count="5" type="stmt"/>
        <line num="17" count="5" type="stmt"/>
        <line num="18" count="4" type="stmt"/>
        <line num="25" count="4" type="stmt"/>
        <line num="28" count="5" type="stmt"/>
        <line num="29" count="3" type="stmt"/>
        <line num="36" count="3" type="stmt"/>
        <line num="39" count="5" type="stmt"/>
        <line num="40" count="2" type="stmt"/>
        <line num="47" count="2" type="stmt"/>
      </file>
      <file name="ProfilePage.jsx" path="C:/Users/arsen/autowiki/src/pages/ProfilePage.jsx">
        <metrics statements="2" coveredstatements="2" conditionals="0" coveredconditionals="0" methods="1" coveredmethods="1"/>
        <line num="4" count="5" type="stmt"/>
        <line num="5" count="14" type="stmt"/>
      </file>
    </package>
  </project>
</coverage>
