<?xml version="1.0" encoding="UTF-8"?>
<coverage generated="1765584511837" clover="3.2.0">
  <project timestamp="1765584511837" name="All files">
    <metrics statements="544" coveredstatements="517" conditionals="92" coveredconditionals="79" methods="149" coveredmethods="140" elements="785" coveredelements="736" complexity="0" loc="544" ncloc="544" packages="4" files="33" classes="33"/>
    <package name="components">
      <metrics statements="133" coveredstatements="132" conditionals="27" coveredconditionals="24" methods="45" coveredmethods="45"/>
      <file name="BrandCard.cy.jsx" path="C:/Users/arsen/autowiki/src/components/BrandCard.cy.jsx">
        <metrics statements="15" coveredstatements="15" conditionals="0" coveredconditionals="0" methods="5" coveredmethods="5"/>
        <line num="4" count="12" type="stmt"/>
        <line num="5" count="12" type="stmt"/>
        <line num="6" count="12" type="stmt"/>
        <line num="9" count="12" type="stmt"/>
        <line num="10" count="12" type="stmt"/>
        <line num="17" count="12" type="stmt"/>
        <line num="18" count="12" type="stmt"/>
        <line num="26" count="12" type="stmt"/>
        <line num="27" count="12" type="stmt"/>
        <line num="28" count="12" type="stmt"/>
        <line num="31" count="12" type="stmt"/>
        <line num="32" count="8" type="stmt"/>
        <line num="34" count="8" type="stmt"/>
        <line num="40" count="8" type="stmt"/>
        <line num="42" count="8" type="stmt"/>
      </file>
      <file name="BrandCard.jsx" path="C:/Users/arsen/autowiki/src/components/BrandCard.jsx">
        <metrics statements="8" coveredstatements="8" conditionals="5" coveredconditionals="5" methods="3" coveredmethods="3"/>
        <line num="4" count="40" type="stmt"/>
        <line num="5" count="368" type="stmt"/>
        <line num="7" count="368" type="stmt"/>
        <line num="8" count="36" type="stmt"/>
        <line num="10" count="368" type="stmt"/>
        <line num="19" count="20" type="stmt"/>
        <line num="20" count="20" type="stmt"/>
        <line num="21" count="20" type="cond" truecount="1" falsecount="0"/>
      </file>
      <file name="Button.cy.jsx" path="C:/Users/arsen/autowiki/src/components/Button.cy.jsx">
        <metrics statements="8" coveredstatements="8" conditionals="0" coveredconditionals="0" methods="2" coveredmethods="2"/>
        <line num="3" count="8" type="stmt"/>
        <line num="4" count="8" type="stmt"/>
        <line num="5" count="8" type="stmt"/>
        <line num="7" count="8" type="stmt"/>
        <line num="13" count="8" type="stmt"/>
        <line num="15" count="8" type="stmt"/>
        <line num="17" count="8" type="stmt"/>
        <line num="18" count="8" type="stmt"/>
      </file>
      <file name="Button.jsx" path="C:/Users/arsen/autowiki/src/components/Button.jsx">
        <metrics statements="3" coveredstatements="3" conditionals="2" coveredconditionals="2" methods="1" coveredmethods="1"/>
        <line num="3" count="92" type="cond" truecount="2" falsecount="0"/>
        <line num="4" count="5248" type="stmt"/>
        <line num="6" count="5248" type="stmt"/>
      </file>
      <file name="GuestRoute.cy.jsx" path="C:/Users/arsen/autowiki/src/components/GuestRoute.cy.jsx">
        <metrics statements="13" coveredstatements="13" conditionals="0" coveredconditionals="0" methods="6" coveredmethods="6"/>
        <line num="5" count="12" type="stmt"/>
        <line num="6" count="12" type="stmt"/>
        <line num="8" count="12" type="stmt"/>
        <line num="9" count="12" type="stmt"/>
        <line num="10" count="20" type="stmt"/>
        <line num="29" count="12" type="stmt"/>
        <line num="30" count="12" type="stmt"/>
        <line num="31" count="12" type="stmt"/>
        <line num="32" count="12" type="stmt"/>
        <line num="35" count="12" type="stmt"/>
        <line num="36" count="8" type="stmt"/>
        <line num="37" count="8" type="stmt"/>
        <line num="38" count="8" type="stmt"/>
      </file>
      <file name="GuestRoute.jsx" path="C:/Users/arsen/autowiki/src/components/GuestRoute.jsx">
        <metrics statements="5" coveredstatements="5" conditionals="1" coveredconditionals="1" methods="1" coveredmethods="1"/>
        <line num="4" count="12" type="stmt"/>
        <line num="5" count="20" type="stmt"/>
        <line num="7" count="20" type="cond" truecount="1" falsecount="0"/>
        <line num="8" count="8" type="stmt"/>
        <line num="11" count="12" type="stmt"/>
      </file>
      <file name="Header.cy.jsx" path="C:/Users/arsen/autowiki/src/components/Header.cy.jsx">
        <metrics statements="10" coveredstatements="10" conditionals="0" coveredconditionals="0" methods="4" coveredmethods="4"/>
        <line num="5" count="12" type="stmt"/>
        <line num="6" count="12" type="stmt"/>
        <line num="7" count="20" type="stmt"/>
        <line num="9" count="20" type="stmt"/>
        <line num="18" count="12" type="stmt"/>
        <line num="19" count="12" type="stmt"/>
        <line num="20" count="12" type="stmt"/>
        <line num="23" count="12" type="stmt"/>
        <line num="24" count="8" type="stmt"/>
        <line num="25" count="8" type="stmt"/>
      </file>
      <file name="Header.jsx" path="C:/Users/arsen/autowiki/src/components/Header.jsx">
        <metrics statements="6" coveredstatements="6" conditionals="4" coveredconditionals="3" methods="3" coveredmethods="3"/>
        <line num="3" count="136" type="stmt"/>
        <line num="5" count="2429" type="stmt"/>
        <line num="6" count="1219" type="stmt"/>
        <line num="8" count="14" type="stmt"/>
        <line num="39" count="5" type="stmt"/>
        <line num="40" count="5" type="stmt"/>
      </file>
      <file name="InputField.cy.jsx" path="C:/Users/arsen/autowiki/src/components/InputField.cy.jsx">
        <metrics statements="7" coveredstatements="7" conditionals="0" coveredconditionals="0" methods="2" coveredmethods="2"/>
        <line num="3" count="8" type="stmt"/>
        <line num="4" count="8" type="stmt"/>
        <line num="5" count="8" type="stmt"/>
        <line num="7" count="8" type="stmt"/>
        <line num="15" count="8" type="stmt"/>
        <line num="17" count="8" type="stmt"/>
        <line num="19" count="8" type="stmt"/>
      </file>
      <file name="InputField.jsx" path="C:/Users/arsen/autowiki/src/components/InputField.jsx">
        <metrics statements="3" coveredstatements="3" conditionals="3" coveredconditionals="3" methods="1" coveredmethods="1"/>
        <line num="3" count="104" type="stmt"/>
        <line num="13" count="8944" type="stmt"/>
        <line num="14" count="8944" type="stmt"/>
      </file>
      <file name="ModelCard.cy.jsx" path="C:/Users/arsen/autowiki/src/components/ModelCard.cy.jsx">
        <metrics statements="10" coveredstatements="10" conditionals="0" coveredconditionals="0" methods="3" coveredmethods="3"/>
        <line num="4" count="8" type="stmt"/>
        <line num="5" count="8" type="stmt"/>
        <line num="6" count="8" type="stmt"/>
        <line num="9" count="8" type="stmt"/>
        <line num="10" count="8" type="stmt"/>
        <line num="17" count="8" type="stmt"/>
        <line num="18" count="8" type="stmt"/>
        <line num="30" count="8" type="stmt"/>
        <line num="31" count="8" type="stmt"/>
        <line num="32" count="8" type="stmt"/>
      </file>
      <file name="ModelCard.jsx" path="C:/Users/arsen/autowiki/src/components/ModelCard.jsx">
        <metrics statements="11" coveredstatements="10" conditionals="4" coveredconditionals="3" methods="2" coveredmethods="2"/>
        <line num="4" count="36" type="stmt"/>
        <line num="5" count="112" type="stmt"/>
        <line num="7" count="112" type="stmt"/>
        <line num="14" count="112" type="stmt"/>
        <line num="15" count="24" type="stmt"/>
        <line num="17" count="24" type="cond" truecount="3" falsecount="1"/>
        <line num="18" count="24" type="stmt"/>
        <line num="19" count="24" type="stmt"/>
        <line num="20" count="24" type="stmt"/>
        <line num="22" count="0" type="stmt"/>
        <line num="26" count="112" type="stmt"/>
      </file>
      <file name="ProtectedRoute.cy.jsx" path="C:/Users/arsen/autowiki/src/components/ProtectedRoute.cy.jsx">
        <metrics statements="13" coveredstatements="13" conditionals="0" coveredconditionals="0" methods="6" coveredmethods="6"/>
        <line num="5" count="12" type="stmt"/>
        <line num="6" count="12" type="stmt"/>
        <line num="8" count="12" type="stmt"/>
        <line num="9" count="12" type="stmt"/>
        <line num="10" count="20" type="stmt"/>
        <line num="29" count="12" type="stmt"/>
        <line num="30" count="12" type="stmt"/>
        <line num="31" count="12" type="stmt"/>
        <line num="32" count="12" type="stmt"/>
        <line num="35" count="12" type="stmt"/>
        <line num="36" count="8" type="stmt"/>
        <line num="37" count="8" type="stmt"/>
        <line num="38" count="8" type="stmt"/>
      </file>
      <file name="ProtectedRoute.jsx" path="C:/Users/arsen/autowiki/src/components/ProtectedRoute.jsx">
        <metrics statements="5" coveredstatements="5" conditionals="1" coveredconditionals="1" methods="1" coveredmethods="1"/>
        <line num="4" count="12" type="stmt"/>
        <line num="5" count="20" type="stmt"/>
        <line num="7" count="20" type="cond" truecount="1" falsecount="0"/>
        <line num="8" count="8" type="stmt"/>
        <line num="11" count="12" type="stmt"/>
      </file>
      <file name="SearchBar.cy.jsx" path="C:/Users/arsen/autowiki/src/components/SearchBar.cy.jsx">
        <metrics statements="12" coveredstatements="12" conditionals="0" coveredconditionals="0" methods="3" coveredmethods="3"/>
        <line num="3" count="12" type="stmt"/>
        <line num="4" count="12" type="stmt"/>
        <line num="5" count="12" type="stmt"/>
        <line num="6" count="12" type="stmt"/>
        <line num="8" count="12" type="stmt"/>
        <line num="19" count="12" type="stmt"/>
        <line num="20" count="12" type="stmt"/>
        <line num="22" count="12" type="stmt"/>
        <line num="24" count="12" type="stmt"/>
        <line num="27" count="12" type="stmt"/>
        <line num="28" count="8" type="stmt"/>
        <line num="29" count="8" type="stmt"/>
      </file>
      <file name="SearchBar.jsx" path="C:/Users/arsen/autowiki/src/components/SearchBar.jsx">
        <metrics statements="4" coveredstatements="4" conditionals="7" coveredconditionals="6" methods="2" coveredmethods="2"/>
        <line num="4" count="68" type="stmt"/>
        <line num="14" count="576" type="stmt"/>
        <line num="16" count="576" type="stmt"/>
        <line num="41" count="2224" type="stmt"/>
      </file>
    </package>
    <package name="context">
      <metrics statements="21" coveredstatements="19" conditionals="3" coveredconditionals="1" methods="10" coveredmethods="10"/>
      <file name="AuthContext.cy.jsx" path="C:/Users/arsen/autowiki/src/context/AuthContext.cy.jsx">
        <metrics statements="9" coveredstatements="8" conditionals="1" coveredconditionals="0" methods="5" coveredmethods="5"/>
        <line num="3" count="8" type="stmt"/>
        <line num="4" count="18" type="stmt"/>
        <line num="5" count="0" type="stmt"/>
        <line num="8" count="8" type="stmt"/>
        <line num="9" count="8" type="stmt"/>
        <line num="10" count="8" type="stmt"/>
        <line num="11" count="8" type="cond" truecount="0" falsecount="1"/>
        <line num="12" count="6" type="stmt"/>
        <line num="16" count="8" type="stmt"/>
      </file>
      <file name="AuthContext.jsx" path="C:/Users/arsen/autowiki/src/context/AuthContext.jsx">
        <metrics statements="12" coveredstatements="11" conditionals="2" coveredconditionals="1" methods="5" coveredmethods="5"/>
        <line num="2" count="196" type="stmt"/>
        <line num="4" count="196" type="stmt"/>
        <line num="6" count="2934" type="stmt"/>
        <line num="7" count="2934" type="stmt"/>
        <line num="9" count="196" type="stmt"/>
        <line num="10" count="2935" type="cond" truecount="1" falsecount="0"/>
        <line num="12" count="5853" type="stmt"/>
        <line num="13" count="14" type="stmt"/>
        <line num="14" count="14" type="cond" truecount="0" falsecount="1"/>
        <line num="15" count="0" type="stmt"/>
        <line num="19" count="14" type="stmt"/>
        <line num="20" count="5" type="stmt"/>
      </file>
    </package>
    <package name="hooks">
      <metrics statements="96" coveredstatements="79" conditionals="17" coveredconditionals="11" methods="17" coveredmethods="14"/>
      <file name="useAuth.js" path="C:/Users/arsen/autowiki/src/hooks/useAuth.js">
        <metrics statements="46" coveredstatements="30" conditionals="11" coveredconditionals="5" methods="8" coveredmethods="5"/>
        <line num="4" count="201" type="stmt"/>
        <line num="6" count="201" type="stmt"/>
        <line num="7" count="782" type="stmt"/>
        <line num="8" count="782" type="stmt"/>
        <line num="9" count="782" type="stmt"/>
        <line num="10" count="782" type="stmt"/>
        <line num="11" count="782" type="stmt"/>
        <line num="13" count="770" type="stmt"/>
        <line num="14" count="558" type="cond" truecount="0" falsecount="1"/>
        <line num="15" count="0" type="stmt"/>
        <line num="16" count="0" type="cond" truecount="0" falsecount="1"/>
        <line num="17" count="0" type="stmt"/>
        <line num="22" count="770" type="stmt"/>
        <line num="23" count="52" type="stmt"/>
        <line num="24" count="52" type="stmt"/>
        <line num="25" count="52" type="stmt"/>
        <line num="26" count="52" type="stmt"/>
        <line num="32" count="52" type="stmt"/>
        <line num="34" count="52" type="cond" truecount="1" falsecount="0"/>
        <line num="35" count="24" type="cond" truecount="1" falsecount="2"/>
        <line num="38" count="28" type="cond" truecount="2" falsecount="1"/>
        <line num="39" count="0" type="stmt"/>
        <line num="40" count="0" type="stmt"/>
        <line num="42" count="0" type="stmt"/>
        <line num="43" count="0" type="stmt"/>
        <line num="45" count="28" type="stmt"/>
        <line num="47" count="24" type="stmt"/>
        <line num="48" count="24" type="stmt"/>
        <line num="49" count="24" type="stmt"/>
        <line num="51" count="52" type="stmt"/>
        <line num="55" count="770" type="stmt"/>
        <line num="56" count="52" type="stmt"/>
        <line num="57" count="52" type="cond" truecount="1" falsecount="0"/>
        <line num="58" count="28" type="stmt"/>
        <line num="62" count="770" type="stmt"/>
        <line num="63" count="0" type="stmt"/>
        <line num="70" count="0" type="cond" truecount="0" falsecount="1"/>
        <line num="71" count="0" type="stmt"/>
        <line num="72" count="0" type="stmt"/>
        <line num="76" count="770" type="stmt"/>
        <line num="77" count="0" type="stmt"/>
        <line num="78" count="0" type="stmt"/>
        <line num="79" count="0" type="stmt"/>
        <line num="80" count="0" type="stmt"/>
        <line num="81" count="0" type="stmt"/>
        <line num="84" count="770" type="stmt"/>
      </file>
      <file name="useFetch.cy.jsx" path="C:/Users/arsen/autowiki/src/hooks/useFetch.cy.jsx">
        <metrics statements="24" coveredstatements="23" conditionals="3" coveredconditionals="3" methods="5" coveredmethods="5"/>
        <line num="3" count="16" type="stmt"/>
        <line num="4" count="64" type="stmt"/>
        <line num="6" count="64" type="cond" truecount="1" falsecount="0"/>
        <line num="7" count="28" type="cond" truecount="1" falsecount="0"/>
        <line num="8" count="16" type="cond" truecount="1" falsecount="0"/>
        <line num="10" count="0" type="stmt"/>
        <line num="13" count="16" type="stmt"/>
        <line num="14" count="16" type="stmt"/>
        <line num="15" count="16" type="stmt"/>
        <line num="17" count="16" type="stmt"/>
        <line num="22" count="16" type="stmt"/>
        <line num="24" count="16" type="stmt"/>
        <line num="25" count="16" type="stmt"/>
        <line num="27" count="16" type="stmt"/>
        <line num="30" count="16" type="stmt"/>
        <line num="31" count="12" type="stmt"/>
        <line num="36" count="12" type="stmt"/>
        <line num="38" count="12" type="stmt"/>
        <line num="40" count="12" type="stmt"/>
        <line num="43" count="16" type="stmt"/>
        <line num="44" count="8" type="stmt"/>
        <line num="49" count="8" type="stmt"/>
        <line num="51" count="8" type="stmt"/>
        <line num="53" count="8" type="stmt"/>
      </file>
      <file name="useFetch.js" path="C:/Users/arsen/autowiki/src/hooks/useFetch.js">
        <metrics statements="26" coveredstatements="26" conditionals="3" coveredconditionals="3" methods="4" coveredmethods="4"/>
        <line num="3" count="100" type="stmt"/>
        <line num="5" count="100" type="stmt"/>
        <line num="6" count="1770" type="stmt"/>
        <line num="7" count="1770" type="stmt"/>
        <line num="8" count="1770" type="stmt"/>
        <line num="10" count="1770" type="stmt"/>
        <line num="11" count="576" type="stmt"/>
        <line num="12" count="576" type="stmt"/>
        <line num="14" count="576" type="stmt"/>
        <line num="15" count="576" type="stmt"/>
        <line num="16" count="576" type="stmt"/>
        <line num="17" count="576" type="stmt"/>
        <line num="18" count="576" type="stmt"/>
        <line num="20" count="568" type="cond" truecount="1" falsecount="0"/>
        <line num="21" count="64" type="stmt"/>
        <line num="24" count="504" type="stmt"/>
        <line num="25" count="504" type="stmt"/>
        <line num="27" count="72" type="cond" truecount="1" falsecount="0"/>
        <line num="28" count="64" type="stmt"/>
        <line num="29" count="64" type="stmt"/>
        <line num="32" count="576" type="cond" truecount="1" falsecount="0"/>
        <line num="33" count="568" type="stmt"/>
        <line num="38" count="576" type="stmt"/>
        <line num="40" count="576" type="stmt"/>
        <line num="41" count="452" type="stmt"/>
        <line num="45" count="1770" type="stmt"/>
      </file>
    </package>
    <package name="pages">
      <metrics statements="294" coveredstatements="287" conditionals="45" coveredconditionals="43" methods="77" coveredmethods="71"/>
      <file name="AuthPage.cy.jsx" path="C:/Users/arsen/autowiki/src/pages/AuthPage.cy.jsx">
        <metrics statements="37" coveredstatements="37" conditionals="0" coveredconditionals="0" methods="9" coveredmethods="9"/>
        <line num="5" count="28" type="stmt"/>
        <line num="6" count="28" type="stmt"/>
        <line num="7" count="108" type="stmt"/>
        <line num="16" count="28" type="stmt"/>
        <line num="17" count="28" type="stmt"/>
        <line num="22" count="28" type="stmt"/>
        <line num="24" count="28" type="stmt"/>
        <line num="25" count="28" type="stmt"/>
        <line num="26" count="28" type="stmt"/>
        <line num="28" count="28" type="stmt"/>
        <line num="31" count="28" type="stmt"/>
        <line num="32" count="24" type="stmt"/>
        <line num="40" count="24" type="stmt"/>
        <line num="42" count="24" type="stmt"/>
        <line num="43" count="24" type="stmt"/>
        <line num="44" count="24" type="stmt"/>
        <line num="46" count="24" type="stmt"/>
        <line num="48" count="24" type="stmt"/>
        <line num="51" count="28" type="stmt"/>
        <line num="52" count="20" type="stmt"/>
        <line num="53" count="20" type="stmt"/>
        <line num="58" count="28" type="stmt"/>
        <line num="59" count="16" type="stmt"/>
        <line num="61" count="16" type="stmt"/>
        <line num="63" count="16" type="stmt"/>
        <line num="66" count="28" type="stmt"/>
        <line num="67" count="12" type="stmt"/>
        <line num="69" count="12" type="stmt"/>
        <line num="72" count="28" type="stmt"/>
        <line num="73" count="8" type="stmt"/>
        <line num="75" count="8" type="stmt"/>
        <line num="76" count="8" type="stmt"/>
        <line num="78" count="8" type="stmt"/>
        <line num="79" count="8" type="stmt"/>
        <line num="80" count="8" type="stmt"/>
        <line num="82" count="8" type="stmt"/>
        <line num="85" count="8" type="stmt"/>
      </file>
      <file name="AuthPage.jsx" path="C:/Users/arsen/autowiki/src/pages/AuthPage.jsx">
        <metrics statements="25" coveredstatements="24" conditionals="7" coveredconditionals="7" methods="9" coveredmethods="9"/>
        <line num="8" count="28" type="stmt"/>
        <line num="9" count="1672" type="stmt"/>
        <line num="10" count="1672" type="stmt"/>
        <line num="12" count="1672" type="stmt"/>
        <line num="13" count="1672" type="stmt"/>
        <line num="14" count="1672" type="stmt"/>
        <line num="15" count="1672" type="stmt"/>
        <line num="16" count="1672" type="stmt"/>
        <line num="18" count="1672" type="stmt"/>
        <line num="19" count="8" type="stmt"/>
        <line num="20" count="8" type="cond" truecount="1" falsecount="0"/>
        <line num="21" count="8" type="stmt"/>
        <line num="22" count="8" type="stmt"/>
        <line num="24" count="0" type="stmt"/>
        <line num="27" count="1672" type="stmt"/>
        <line num="28" count="52" type="stmt"/>
        <line num="29" count="52" type="stmt"/>
        <line num="32" count="1672" type="stmt"/>
        <line num="33" count="12" type="stmt"/>
        <line num="36" count="1672" type="stmt"/>
        <line num="64" count="96" type="stmt"/>
        <line num="73" count="56" type="stmt"/>
        <line num="82" count="56" type="stmt"/>
        <line num="104" count="700" type="stmt"/>
        <line num="113" count="524" type="stmt"/>
      </file>
      <file name="BrandPage.cy.jsx" path="C:/Users/arsen/autowiki/src/pages/BrandPage.cy.jsx">
        <metrics statements="45" coveredstatements="45" conditionals="0" coveredconditionals="0" methods="8" coveredmethods="8"/>
        <line num="5" count="28" type="stmt"/>
        <line num="6" count="28" type="stmt"/>
        <line num="8" count="28" type="stmt"/>
        <line num="9" count="108" type="stmt"/>
        <line num="20" count="28" type="stmt"/>
        <line num="21" count="28" type="stmt"/>
        <line num="24" count="28" type="stmt"/>
        <line num="28" count="28" type="stmt"/>
        <line num="29" count="28" type="stmt"/>
        <line num="30" count="28" type="stmt"/>
        <line num="31" count="28" type="stmt"/>
        <line num="34" count="28" type="stmt"/>
        <line num="35" count="24" type="stmt"/>
        <line num="38" count="24" type="stmt"/>
        <line num="40" count="24" type="stmt"/>
        <line num="42" count="24" type="stmt"/>
        <line num="45" count="28" type="stmt"/>
        <line num="46" count="20" type="stmt"/>
        <line num="50" count="20" type="stmt"/>
        <line num="53" count="20" type="stmt"/>
        <line num="57" count="20" type="stmt"/>
        <line num="58" count="20" type="stmt"/>
        <line num="60" count="20" type="stmt"/>
        <line num="62" count="20" type="stmt"/>
        <line num="63" count="20" type="stmt"/>
        <line num="66" count="28" type="stmt"/>
        <line num="67" count="16" type="stmt"/>
        <line num="68" count="16" type="stmt"/>
        <line num="71" count="16" type="stmt"/>
        <line num="75" count="16" type="stmt"/>
        <line num="76" count="16" type="stmt"/>
        <line num="78" count="16" type="stmt"/>
        <line num="81" count="28" type="stmt"/>
        <line num="82" count="12" type="stmt"/>
        <line num="86" count="12" type="stmt"/>
        <line num="88" count="12" type="stmt"/>
        <line num="89" count="12" type="stmt"/>
        <line num="91" count="12" type="stmt"/>
        <line num="94" count="28" type="stmt"/>
        <line num="95" count="8" type="stmt"/>
        <line num="98" count="8" type="stmt"/>
        <line num="103" count="8" type="stmt"/>
        <line num="104" count="8" type="stmt"/>
        <line num="106" count="8" type="stmt"/>
        <line num="107" count="8" type="stmt"/>
      </file>
      <file name="BrandPage.jsx" path="C:/Users/arsen/autowiki/src/pages/BrandPage.jsx">
        <metrics statements="27" coveredstatements="23" conditionals="15" coveredconditionals="14" methods="10" coveredmethods="6"/>
        <line num="10" count="28" type="stmt"/>
        <line num="11" count="325" type="stmt"/>
        <line num="12" count="325" type="stmt"/>
        <line num="14" count="325" type="stmt"/>
        <line num="21" count="325" type="stmt"/>
        <line num="23" count="325" type="stmt"/>
        <line num="24" count="325" type="stmt"/>
        <line num="26" count="325" type="stmt"/>
        <line num="27" count="228" type="cond" truecount="1" falsecount="0"/>
        <line num="29" count="120" type="stmt"/>
        <line num="30" count="124" type="stmt"/>
        <line num="34" count="124" type="cond" truecount="2" falsecount="0"/>
        <line num="35" count="124" type="cond" truecount="2" falsecount="0"/>
        <line num="39" count="325" type="stmt"/>
        <line num="40" count="24" type="stmt"/>
        <line num="42" count="325" type="stmt"/>
        <line num="43" count="0" type="stmt"/>
        <line num="46" count="325" type="cond" truecount="3" falsecount="0"/>
        <line num="47" count="197" type="stmt"/>
        <line num="59" count="128" type="cond" truecount="1" falsecount="0"/>
        <line num="60" count="12" type="stmt"/>
        <line num="72" count="116" type="stmt"/>
        <line num="84" count="0" type="stmt"/>
        <line num="98" count="0" type="stmt"/>
        <line num="107" count="20" type="stmt"/>
        <line num="127" count="104" type="stmt"/>
        <line num="133" count="0" type="stmt"/>
      </file>
      <file name="HomePage.cy.jsx" path="C:/Users/arsen/autowiki/src/pages/HomePage.cy.jsx">
        <metrics statements="44" coveredstatements="44" conditionals="0" coveredconditionals="0" methods="8" coveredmethods="8"/>
        <line num="5" count="28" type="stmt"/>
        <line num="6" count="28" type="stmt"/>
        <line num="11" count="28" type="stmt"/>
        <line num="12" count="108" type="stmt"/>
        <line num="21" count="28" type="stmt"/>
        <line num="22" count="28" type="stmt"/>
        <line num="25" count="28" type="stmt"/>
        <line num="26" count="28" type="stmt"/>
        <line num="27" count="28" type="stmt"/>
        <line num="30" count="28" type="stmt"/>
        <line num="31" count="24" type="stmt"/>
        <line num="33" count="24" type="stmt"/>
        <line num="34" count="24" type="stmt"/>
        <line num="36" count="24" type="stmt"/>
        <line num="39" count="28" type="stmt"/>
        <line num="40" count="20" type="stmt"/>
        <line num="44" count="20" type="stmt"/>
        <line num="46" count="20" type="stmt"/>
        <line num="47" count="20" type="stmt"/>
        <line num="49" count="20" type="stmt"/>
        <line num="51" count="20" type="stmt"/>
        <line num="52" count="20" type="stmt"/>
        <line num="55" count="28" type="stmt"/>
        <line num="56" count="16" type="stmt"/>
        <line num="61" count="16" type="stmt"/>
        <line num="63" count="16" type="stmt"/>
        <line num="64" count="16" type="stmt"/>
        <line num="66" count="16" type="stmt"/>
        <line num="68" count="16" type="stmt"/>
        <line num="70" count="16" type="stmt"/>
        <line num="71" count="16" type="stmt"/>
        <line num="72" count="16" type="stmt"/>
        <line num="75" count="28" type="stmt"/>
        <line num="76" count="12" type="stmt"/>
        <line num="79" count="12" type="stmt"/>
        <line num="80" count="12" type="stmt"/>
        <line num="82" count="12" type="stmt"/>
        <line num="84" count="12" type="stmt"/>
        <line num="85" count="12" type="stmt"/>
        <line num="88" count="28" type="stmt"/>
        <line num="89" count="8" type="stmt"/>
        <line num="94" count="8" type="stmt"/>
        <line num="95" count="8" type="stmt"/>
        <line num="97" count="8" type="stmt"/>
      </file>
      <file name="HomePage.jsx" path="C:/Users/arsen/autowiki/src/pages/HomePage.jsx">
        <metrics statements="21" coveredstatements="19" conditionals="14" coveredconditionals="14" methods="8" coveredmethods="6"/>
        <line num="9" count="28" type="stmt"/>
        <line num="10" count="440" type="stmt"/>
        <line num="11" count="440" type="stmt"/>
        <line num="13" count="440" type="stmt"/>
        <line num="14" count="440" type="stmt"/>
        <line num="16" count="440" type="stmt"/>
        <line num="17" count="408" type="cond" truecount="1" falsecount="0"/>
        <line num="19" count="300" type="stmt"/>
        <line num="20" count="664" type="stmt"/>
        <line num="24" count="664" type="stmt"/>
        <line num="26" count="664" type="cond" truecount="2" falsecount="0"/>
        <line num="28" count="664" type="cond" truecount="2" falsecount="0"/>
        <line num="32" count="440" type="stmt"/>
        <line num="33" count="164" type="stmt"/>
        <line num="35" count="440" type="stmt"/>
        <line num="36" count="36" type="stmt"/>
        <line num="39" count="440" type="stmt"/>
        <line num="40" count="0" type="stmt"/>
        <line num="43" count="440" type="stmt"/>
        <line num="70" count="348" type="stmt"/>
        <line num="76" count="0" type="stmt"/>
      </file>
      <file name="ModelPage.cy.jsx" path="C:/Users/arsen/autowiki/src/pages/ModelPage.cy.jsx">
        <metrics statements="48" coveredstatements="48" conditionals="0" coveredconditionals="0" methods="9" coveredmethods="9"/>
        <line num="5" count="28" type="stmt"/>
        <line num="6" count="28" type="stmt"/>
        <line num="7" count="28" type="stmt"/>
        <line num="9" count="28" type="stmt"/>
        <line num="10" count="108" type="stmt"/>
        <line num="24" count="28" type="stmt"/>
        <line num="25" count="28" type="stmt"/>
        <line num="28" count="28" type="stmt"/>
        <line num="39" count="28" type="stmt"/>
        <line num="40" count="28" type="stmt"/>
        <line num="41" count="28" type="stmt"/>
        <line num="44" count="28" type="stmt"/>
        <line num="45" count="24" type="stmt"/>
        <line num="48" count="24" type="stmt"/>
        <line num="53" count="24" type="stmt"/>
        <line num="54" count="24" type="stmt"/>
        <line num="56" count="24" type="stmt"/>
        <line num="59" count="24" type="stmt"/>
        <line num="62" count="28" type="stmt"/>
        <line num="63" count="20" type="stmt"/>
        <line num="64" count="20" type="stmt"/>
        <line num="67" count="20" type="stmt"/>
        <line num="71" count="20" type="stmt"/>
        <line num="72" count="20" type="stmt"/>
        <line num="74" count="20" type="stmt"/>
        <line num="75" count="20" type="stmt"/>
        <line num="78" count="28" type="stmt"/>
        <line num="79" count="16" type="stmt"/>
        <line num="82" count="16" type="stmt"/>
        <line num="86" count="16" type="stmt"/>
        <line num="87" count="16" type="stmt"/>
        <line num="89" count="16" type="stmt"/>
        <line num="92" count="28" type="stmt"/>
        <line num="93" count="12" type="stmt"/>
        <line num="94" count="12" type="stmt"/>
        <line num="97" count="12" type="stmt"/>
        <line num="107" count="12" type="stmt"/>
        <line num="108" count="12" type="stmt"/>
        <line num="110" count="12" type="stmt"/>
        <line num="111" count="12" type="stmt"/>
        <line num="114" count="28" type="stmt"/>
        <line num="115" count="8" type="stmt"/>
        <line num="116" count="8" type="stmt"/>
        <line num="119" count="8" type="stmt"/>
        <line num="123" count="8" type="stmt"/>
        <line num="124" count="8" type="stmt"/>
        <line num="126" count="8" type="stmt"/>
        <line num="127" count="8" type="stmt"/>
      </file>
      <file name="ModelPage.jsx" path="C:/Users/arsen/autowiki/src/pages/ModelPage.jsx">
        <metrics statements="15" coveredstatements="15" conditionals="9" coveredconditionals="8" methods="4" coveredmethods="4"/>
        <line num="7" count="28" type="stmt"/>
        <line num="8" count="308" type="stmt"/>
        <line num="9" count="308" type="stmt"/>
        <line num="15" count="308" type="stmt"/>
        <line num="16" count="308" type="stmt"/>
        <line num="19" count="308" type="stmt"/>
        <line num="20" count="16" type="stmt"/>
        <line num="23" count="308" type="cond" truecount="3" falsecount="0"/>
        <line num="24" count="200" type="stmt"/>
        <line num="36" count="108" type="cond" truecount="4" falsecount="0"/>
        <line num="37" count="24" type="stmt"/>
        <line num="52" count="84" type="stmt"/>
        <line num="75" count="60" type="stmt"/>
        <line num="86" count="99" type="stmt"/>
        <line num="87" count="99" type="stmt"/>
      </file>
      <file name="NotFoundPage.cy.jsx" path="C:/Users/arsen/autowiki/src/pages/NotFoundPage.cy.jsx">
        <metrics statements="13" coveredstatements="13" conditionals="0" coveredconditionals="0" methods="5" coveredmethods="5"/>
        <line num="5" count="20" type="stmt"/>
        <line num="6" count="20" type="stmt"/>
        <line num="7" count="20" type="stmt"/>
        <line num="14" count="20" type="stmt"/>
        <line num="17" count="20" type="stmt"/>
        <line num="18" count="16" type="stmt"/>
        <line num="25" count="16" type="stmt"/>
        <line num="28" count="20" type="stmt"/>
        <line num="29" count="12" type="stmt"/>
        <line num="36" count="12" type="stmt"/>
        <line num="39" count="20" type="stmt"/>
        <line num="40" count="8" type="stmt"/>
        <line num="47" count="8" type="stmt"/>
      </file>
      <file name="NotFoundPage.jsx" path="C:/Users/arsen/autowiki/src/pages/NotFoundPage.jsx">
        <metrics statements="2" coveredstatements="2" conditionals="0" coveredconditionals="0" methods="1" coveredmethods="1"/>
        <line num="5" count="20" type="stmt"/>
        <line num="6" count="56" type="stmt"/>
      </file>
      <file name="ProfilePage.cy.jsx" path="C:/Users/arsen/autowiki/src/pages/ProfilePage.cy.jsx">
        <metrics statements="13" coveredstatements="13" conditionals="0" coveredconditionals="0" methods="5" coveredmethods="5"/>
        <line num="5" count="25" type="stmt"/>
        <line num="6" count="25" type="stmt"/>
        <line num="7" count="25" type="stmt"/>
        <line num="14" count="25" type="stmt"/>
        <line num="17" count="25" type="stmt"/>
        <line num="18" count="20" type="stmt"/>
        <line num="25" count="20" type="stmt"/>
        <line num="28" count="25" type="stmt"/>
        <line num="29" count="15" type="stmt"/>
        <line num="36" count="15" type="stmt"/>
        <line num="39" count="25" type="stmt"/>
        <line num="40" count="10" type="stmt"/>
        <line num="47" count="10" type="stmt"/>
      </file>
      <file name="ProfilePage.jsx" path="C:/Users/arsen/autowiki/src/pages/ProfilePage.jsx">
        <metrics statements="4" coveredstatements="4" conditionals="0" coveredconditionals="0" methods="1" coveredmethods="1"/>
        <line num="4" count="25" type="stmt"/>
        <line num="5" count="70" type="stmt"/>
        <line num="20" count="5" type="stmt"/>
        <line num="22" count="5" type="stmt"/>
      </file>
    </package>
  </project>
</coverage>
