{
  "C:/Users/arsen/autowiki/src/components/BrandCard.cy.jsx": {
    "path": "C:/Users/arsen/autowiki/src/components/BrandCard.cy.jsx",
    "statementMap": {
      "0": {
        "start": { "line": 4, "column": 24 },
        "end": { "line": 7, "column": null }
      },
      "1": {
        "start": { "line": 5, "column": 19 },
        "end": { "line": 5, "column": null }
      },
      "2": {
        "start": { "line": 6, "column": 2 },
        "end": { "line": 6, "column": null }
      },
      "3": {
        "start": { "line": 9, "column": 0 },
        "end": { "line": 44, "column": null }
      },
      "4": {
        "start": { "line": 10, "column": 20 },
        "end": { "line": 15, "column": null }
      },
      "5": {
        "start": { "line": 17, "column": 2 },
        "end": { "line": 29, "column": null }
      },
      "6": {
        "start": { "line": 18, "column": 4 },
        "end": { "line": 25, "column": null }
      },
      "7": {
        "start": { "line": 26, "column": 4 },
        "end": { "line": 26, "column": null }
      },
      "8": {
        "start": { "line": 27, "column": 4 },
        "end": { "line": 27, "column": null }
      },
      "9": {
        "start": { "line": 28, "column": 4 },
        "end": { "line": 28, "column": null }
      },
      "10": {
        "start": { "line": 31, "column": 2 },
        "end": { "line": 43, "column": null }
      },
      "11": {
        "start": { "line": 32, "column": 4 },
        "end": { "line": 32, "column": null }
      },
      "12": {
        "start": { "line": 32, "column": 38 },
        "end": { "line": 32, "column": 43 }
      },
      "13": {
        "start": { "line": 34, "column": 4 },
        "end": { "line": 38, "column": null }
      },
      "14": {
        "start": { "line": 40, "column": 4 },
        "end": { "line": 40, "column": null }
      },
      "15": {
        "start": { "line": 42, "column": 4 },
        "end": { "line": 42, "column": null }
      }
    },
    "fnMap": {
      "0": {
        "name": "(anonymous_0)",
        "decl": {
          "start": { "line": 4, "column": 24 },
          "end": { "line": 4, "column": 30 }
        },
        "loc": {
          "start": { "line": 4, "column": 30 },
          "end": { "line": 7, "column": null }
        }
      },
      "1": {
        "name": "(anonymous_1)",
        "decl": {
          "start": { "line": 9, "column": 26 },
          "end": { "line": 9, "column": 32 }
        },
        "loc": {
          "start": { "line": 9, "column": 32 },
          "end": { "line": 44, "column": 1 }
        }
      },
      "2": {
        "name": "(anonymous_2)",
        "decl": {
          "start": { "line": 17, "column": 52 },
          "end": { "line": 17, "column": 58 }
        },
        "loc": {
          "start": { "line": 17, "column": 58 },
          "end": { "line": 29, "column": 3 }
        }
      },
      "3": {
        "name": "(anonymous_3)",
        "decl": {
          "start": { "line": 31, "column": 49 },
          "end": { "line": 31, "column": 55 }
        },
        "loc": {
          "start": { "line": 31, "column": 55 },
          "end": { "line": 43, "column": 3 }
        }
      },
      "4": {
        "name": "(anonymous_4)",
        "decl": {
          "start": { "line": 32, "column": 32 },
          "end": { "line": 32, "column": 38 }
        },
        "loc": {
          "start": { "line": 32, "column": 38 },
          "end": { "line": 32, "column": 43 }
        }
      }
    },
    "branchMap": {},
    "s": {
      "0": 3,
      "1": 3,
      "2": 3,
      "3": 3,
      "4": 3,
      "5": 3,
      "6": 3,
      "7": 3,
      "8": 3,
      "9": 3,
      "10": 3,
      "11": 2,
      "12": 2,
      "13": 2,
      "14": 2,
      "15": 2
    },
    "f": { "0": 3, "1": 3, "2": 3, "3": 2, "4": 2 },
    "b": {}
  },
  "C:/Users/arsen/autowiki/src/components/BrandCard.jsx": {
    "path": "C:/Users/arsen/autowiki/src/components/BrandCard.jsx",
    "statementMap": {
      "0": {
        "start": { "line": 4, "column": 18 },
        "end": { "line": 36, "column": null }
      },
      "1": {
        "start": { "line": 5, "column": 19 },
        "end": { "line": 5, "column": null }
      },
      "2": {
        "start": { "line": 7, "column": 22 },
        "end": { "line": 9, "column": null }
      },
      "3": {
        "start": { "line": 8, "column": 4 },
        "end": { "line": 8, "column": null }
      },
      "4": {
        "start": { "line": 10, "column": 2 },
        "end": { "line": 34, "column": null }
      },
      "5": {
        "start": { "line": 19, "column": 14 },
        "end": { "line": 19, "column": null }
      },
      "6": {
        "start": { "line": 20, "column": 34 },
        "end": { "line": 20, "column": null }
      },
      "7": {
        "start": { "line": 21, "column": 14 },
        "end": { "line": 21, "column": null }
      },
      "8": {
        "start": { "line": 21, "column": 31 },
        "end": { "line": 21, "column": null }
      }
    },
    "fnMap": {
      "0": {
        "name": "(anonymous_0)",
        "decl": {
          "start": { "line": 4, "column": 18 },
          "end": { "line": 4, "column": 19 }
        },
        "loc": {
          "start": { "line": 4, "column": 54 },
          "end": { "line": 36, "column": null }
        }
      },
      "1": {
        "name": "(anonymous_1)",
        "decl": {
          "start": { "line": 7, "column": 22 },
          "end": { "line": 7, "column": 28 }
        },
        "loc": {
          "start": { "line": 7, "column": 28 },
          "end": { "line": 9, "column": null }
        }
      },
      "2": {
        "name": "(anonymous_2)",
        "decl": {
          "start": { "line": 18, "column": 21 },
          "end": { "line": 18, "column": 22 }
        },
        "loc": {
          "start": { "line": 18, "column": 28 },
          "end": { "line": 22, "column": null }
        }
      }
    },
    "branchMap": {
      "0": {
        "loc": {
          "start": { "line": 13, "column": 9 },
          "end": { "line": 24, "column": null }
        },
        "type": "cond-expr",
        "locations": [
          {
            "start": { "line": 14, "column": 10 },
            "end": { "line": 23, "column": null }
          },
          {
            "start": { "line": 24, "column": 12 },
            "end": { "line": 24, "column": null }
          }
        ]
      },
      "1": {
        "loc": {
          "start": { "line": 21, "column": 14 },
          "end": { "line": 21, "column": null }
        },
        "type": "if",
        "locations": [
          {
            "start": { "line": 21, "column": 14 },
            "end": { "line": 21, "column": null }
          }
        ]
      },
      "2": {
        "loc": {
          "start": { "line": 27, "column": 17 },
          "end": { "line": 27, "column": null }
        },
        "type": "cond-expr",
        "locations": [
          {
            "start": { "line": 27, "column": 27 },
            "end": { "line": 27, "column": 49 }
          },
          {
            "start": { "line": 27, "column": 49 },
            "end": { "line": 27, "column": null }
          }
        ]
      }
    },
    "s": {
      "0": 10,
      "1": 92,
      "2": 92,
      "3": 9,
      "4": 92,
      "5": 5,
      "6": 5,
      "7": 5,
      "8": 5
    },
    "f": { "0": 92, "1": 9, "2": 5 },
    "b": { "0": [5, 87], "1": [5], "2": [5, 87] }
  },
  "C:/Users/arsen/autowiki/src/components/Button.cy.jsx": {
    "path": "C:/Users/arsen/autowiki/src/components/Button.cy.jsx",
    "statementMap": {
      "0": {
        "start": { "line": 3, "column": 0 },
        "end": { "line": 20, "column": null }
      },
      "1": {
        "start": { "line": 4, "column": 2 },
        "end": { "line": 19, "column": null }
      },
      "2": {
        "start": { "line": 5, "column": 24 },
        "end": { "line": 5, "column": null }
      },
      "3": {
        "start": { "line": 7, "column": 4 },
        "end": { "line": 11, "column": null }
      },
      "4": {
        "start": { "line": 13, "column": 4 },
        "end": { "line": 13, "column": null }
      },
      "5": {
        "start": { "line": 15, "column": 4 },
        "end": { "line": 15, "column": null }
      },
      "6": {
        "start": { "line": 17, "column": 4 },
        "end": { "line": 17, "column": null }
      },
      "7": {
        "start": { "line": 18, "column": 4 },
        "end": { "line": 18, "column": null }
      }
    },
    "fnMap": {
      "0": {
        "name": "(anonymous_0)",
        "decl": {
          "start": { "line": 3, "column": 23 },
          "end": { "line": 3, "column": 29 }
        },
        "loc": {
          "start": { "line": 3, "column": 29 },
          "end": { "line": 20, "column": 1 }
        }
      },
      "1": {
        "name": "(anonymous_1)",
        "decl": {
          "start": { "line": 4, "column": 41 },
          "end": { "line": 4, "column": 47 }
        },
        "loc": {
          "start": { "line": 4, "column": 47 },
          "end": { "line": 19, "column": 3 }
        }
      }
    },
    "branchMap": {},
    "s": { "0": 2, "1": 2, "2": 2, "3": 2, "4": 2, "5": 2, "6": 2, "7": 2 },
    "f": { "0": 2, "1": 2 },
    "b": {}
  },
  "C:/Users/arsen/autowiki/src/components/Button.jsx": {
    "path": "C:/Users/arsen/autowiki/src/components/Button.jsx",
    "statementMap": {
      "0": {
        "start": { "line": 3, "column": 15 },
        "end": { "line": 11, "column": null }
      },
      "1": {
        "start": { "line": 4, "column": 24 },
        "end": { "line": 4, "column": null }
      },
      "2": {
        "start": { "line": 6, "column": 2 },
        "end": { "line": 9, "column": null }
      }
    },
    "fnMap": {
      "0": {
        "name": "(anonymous_0)",
        "decl": {
          "start": { "line": 3, "column": 15 },
          "end": { "line": 3, "column": 16 }
        },
        "loc": {
          "start": { "line": 3, "column": 75 },
          "end": { "line": 11, "column": null }
        }
      }
    },
    "branchMap": {
      "0": {
        "loc": {
          "start": { "line": 3, "column": 37 },
          "end": { "line": 3, "column": 54 }
        },
        "type": "default-arg",
        "locations": [
          {
            "start": { "line": 3, "column": 44 },
            "end": { "line": 3, "column": 54 }
          }
        ]
      },
      "1": {
        "loc": {
          "start": { "line": 3, "column": 54 },
          "end": { "line": 3, "column": 69 }
        },
        "type": "default-arg",
        "locations": [
          {
            "start": { "line": 3, "column": 66 },
            "end": { "line": 3, "column": 69 }
          }
        ]
      }
    },
    "s": { "0": 23, "1": 1312, "2": 1312 },
    "f": { "0": 1312 },
    "b": { "0": [476], "1": [447] }
  },
  "C:/Users/arsen/autowiki/src/components/GuestRoute.cy.jsx": {
    "path": "C:/Users/arsen/autowiki/src/components/GuestRoute.cy.jsx",
    "statementMap": {
      "0": {
        "start": { "line": 5, "column": 18 },
        "end": { "line": 5, "column": null }
      },
      "1": {
        "start": { "line": 5, "column": 24 },
        "end": { "line": 5, "column": null }
      },
      "2": {
        "start": { "line": 6, "column": 14 },
        "end": { "line": 6, "column": null }
      },
      "3": {
        "start": { "line": 6, "column": 20 },
        "end": { "line": 6, "column": null }
      },
      "4": {
        "start": { "line": 8, "column": 0 },
        "end": { "line": 40, "column": null }
      },
      "5": {
        "start": { "line": 9, "column": 21 },
        "end": { "line": 27, "column": null }
      },
      "6": {
        "start": { "line": 10, "column": 4 },
        "end": { "line": 26, "column": null }
      },
      "7": {
        "start": { "line": 29, "column": 2 },
        "end": { "line": 33, "column": null }
      },
      "8": {
        "start": { "line": 30, "column": 4 },
        "end": { "line": 30, "column": null }
      },
      "9": {
        "start": { "line": 31, "column": 4 },
        "end": { "line": 31, "column": null }
      },
      "10": {
        "start": { "line": 32, "column": 4 },
        "end": { "line": 32, "column": null }
      },
      "11": {
        "start": { "line": 35, "column": 2 },
        "end": { "line": 39, "column": null }
      },
      "12": {
        "start": { "line": 36, "column": 4 },
        "end": { "line": 36, "column": null }
      },
      "13": {
        "start": { "line": 37, "column": 4 },
        "end": { "line": 37, "column": null }
      },
      "14": {
        "start": { "line": 38, "column": 4 },
        "end": { "line": 38, "column": null }
      }
    },
    "fnMap": {
      "0": {
        "name": "(anonymous_0)",
        "decl": {
          "start": { "line": 5, "column": 18 },
          "end": { "line": 5, "column": 24 }
        },
        "loc": {
          "start": { "line": 5, "column": 24 },
          "end": { "line": 5, "column": null }
        }
      },
      "1": {
        "name": "(anonymous_1)",
        "decl": {
          "start": { "line": 6, "column": 14 },
          "end": { "line": 6, "column": 20 }
        },
        "loc": {
          "start": { "line": 6, "column": 20 },
          "end": { "line": 6, "column": null }
        }
      },
      "2": {
        "name": "(anonymous_2)",
        "decl": {
          "start": { "line": 8, "column": 27 },
          "end": { "line": 8, "column": 33 }
        },
        "loc": {
          "start": { "line": 8, "column": 33 },
          "end": { "line": 40, "column": 1 }
        }
      },
      "3": {
        "name": "(anonymous_3)",
        "decl": {
          "start": { "line": 9, "column": 21 },
          "end": { "line": 9, "column": 22 }
        },
        "loc": {
          "start": { "line": 9, "column": 37 },
          "end": { "line": 27, "column": null }
        }
      },
      "4": {
        "name": "(anonymous_4)",
        "decl": {
          "start": { "line": 29, "column": 61 },
          "end": { "line": 29, "column": 67 }
        },
        "loc": {
          "start": { "line": 29, "column": 67 },
          "end": { "line": 33, "column": 3 }
        }
      },
      "5": {
        "name": "(anonymous_5)",
        "decl": {
          "start": { "line": 35, "column": 60 },
          "end": { "line": 35, "column": 66 }
        },
        "loc": {
          "start": { "line": 35, "column": 66 },
          "end": { "line": 39, "column": 3 }
        }
      }
    },
    "branchMap": {},
    "s": {
      "0": 3,
      "1": 2,
      "2": 3,
      "3": 3,
      "4": 3,
      "5": 3,
      "6": 5,
      "7": 3,
      "8": 3,
      "9": 3,
      "10": 3,
      "11": 3,
      "12": 2,
      "13": 2,
      "14": 2
    },
    "f": { "0": 2, "1": 3, "2": 3, "3": 5, "4": 3, "5": 2 },
    "b": {}
  },
  "C:/Users/arsen/autowiki/src/components/GuestRoute.jsx": {
    "path": "C:/Users/arsen/autowiki/src/components/GuestRoute.jsx",
    "statementMap": {
      "0": {
        "start": { "line": 4, "column": 19 },
        "end": { "line": 12, "column": null }
      },
      "1": {
        "start": { "line": 5, "column": 25 },
        "end": { "line": 5, "column": null }
      },
      "2": {
        "start": { "line": 7, "column": 2 },
        "end": { "line": 9, "column": null }
      },
      "3": {
        "start": { "line": 8, "column": 4 },
        "end": { "line": 8, "column": null }
      },
      "4": {
        "start": { "line": 11, "column": 2 },
        "end": { "line": 11, "column": null }
      }
    },
    "fnMap": {
      "0": {
        "name": "(anonymous_0)",
        "decl": {
          "start": { "line": 4, "column": 19 },
          "end": { "line": 4, "column": 20 }
        },
        "loc": {
          "start": { "line": 4, "column": 37 },
          "end": { "line": 12, "column": null }
        }
      }
    },
    "branchMap": {
      "0": {
        "loc": {
          "start": { "line": 7, "column": 2 },
          "end": { "line": 9, "column": null }
        },
        "type": "if",
        "locations": [
          {
            "start": { "line": 7, "column": 2 },
            "end": { "line": 9, "column": null }
          }
        ]
      }
    },
    "s": { "0": 3, "1": 5, "2": 5, "3": 2, "4": 3 },
    "f": { "0": 5 },
    "b": { "0": [2] }
  },
  "C:/Users/arsen/autowiki/src/components/Header.cy.jsx": {
    "path": "C:/Users/arsen/autowiki/src/components/Header.cy.jsx",
    "statementMap": {
      "0": {
        "start": { "line": 5, "column": 0 },
        "end": { "line": 27, "column": null }
      },
      "1": {
        "start": { "line": 6, "column": 22 },
        "end": { "line": 16, "column": null }
      },
      "2": {
        "start": { "line": 7, "column": 22 },
        "end": { "line": 7, "column": null }
      },
      "3": {
        "start": { "line": 9, "column": 4 },
        "end": { "line": 15, "column": null }
      },
      "4": {
        "start": { "line": 18, "column": 2 },
        "end": { "line": 21, "column": null }
      },
      "5": {
        "start": { "line": 19, "column": 4 },
        "end": { "line": 19, "column": null }
      },
      "6": {
        "start": { "line": 20, "column": 4 },
        "end": { "line": 20, "column": null }
      },
      "7": {
        "start": { "line": 23, "column": 2 },
        "end": { "line": 26, "column": null }
      },
      "8": {
        "start": { "line": 24, "column": 4 },
        "end": { "line": 24, "column": null }
      },
      "9": {
        "start": { "line": 25, "column": 4 },
        "end": { "line": 25, "column": null }
      }
    },
    "fnMap": {
      "0": {
        "name": "(anonymous_0)",
        "decl": {
          "start": { "line": 5, "column": 23 },
          "end": { "line": 5, "column": 29 }
        },
        "loc": {
          "start": { "line": 5, "column": 29 },
          "end": { "line": 27, "column": 1 }
        }
      },
      "1": {
        "name": "(anonymous_1)",
        "decl": {
          "start": { "line": 6, "column": 22 },
          "end": { "line": 6, "column": 23 }
        },
        "loc": {
          "start": { "line": 6, "column": 38 },
          "end": { "line": 16, "column": null }
        }
      },
      "2": {
        "name": "(anonymous_2)",
        "decl": {
          "start": { "line": 18, "column": 34 },
          "end": { "line": 18, "column": 40 }
        },
        "loc": {
          "start": { "line": 18, "column": 40 },
          "end": { "line": 21, "column": 3 }
        }
      },
      "3": {
        "name": "(anonymous_3)",
        "decl": {
          "start": { "line": 23, "column": 34 },
          "end": { "line": 23, "column": 40 }
        },
        "loc": {
          "start": { "line": 23, "column": 40 },
          "end": { "line": 26, "column": 3 }
        }
      }
    },
    "branchMap": {},
    "s": {
      "0": 3,
      "1": 3,
      "2": 5,
      "3": 5,
      "4": 3,
      "5": 3,
      "6": 3,
      "7": 3,
      "8": 2,
      "9": 2
    },
    "f": { "0": 3, "1": 5, "2": 3, "3": 2 },
    "b": {}
  },
  "C:/Users/arsen/autowiki/src/components/Header.jsx": {
    "path": "C:/Users/arsen/autowiki/src/components/Header.jsx",
    "statementMap": {
      "0": {
        "start": { "line": 5, "column": 15 },
        "end": { "line": 39, "column": null }
      },
      "1": {
        "start": { "line": 6, "column": 33 },
        "end": { "line": 6, "column": null }
      },
      "2": {
        "start": { "line": 8, "column": 2 },
        "end": { "line": 37, "column": null }
      }
    },
    "fnMap": {
      "0": {
        "name": "(anonymous_0)",
        "decl": {
          "start": { "line": 5, "column": 15 },
          "end": { "line": 5, "column": 21 }
        },
        "loc": {
          "start": { "line": 5, "column": 21 },
          "end": { "line": 39, "column": null }
        }
      }
    },
    "branchMap": {
      "0": {
        "loc": {
          "start": { "line": 21, "column": 11 },
          "end": { "line": 33, "column": null }
        },
        "type": "cond-expr",
        "locations": [
          {
            "start": { "line": 22, "column": 12 },
            "end": { "line": 29, "column": null }
          },
          {
            "start": { "line": 31, "column": 12 },
            "end": { "line": 33, "column": null }
          }
        ]
      }
    },
    "s": { "0": 34, "1": 301, "2": 301 },
    "f": { "0": 301 },
    "b": { "0": [2, 299] }
  },
  "C:/Users/arsen/autowiki/src/components/InputField.cy.jsx": {
    "path": "C:/Users/arsen/autowiki/src/components/InputField.cy.jsx",
    "statementMap": {
      "0": {
        "start": { "line": 3, "column": 0 },
        "end": { "line": 21, "column": null }
      },
      "1": {
        "start": { "line": 4, "column": 2 },
        "end": { "line": 20, "column": null }
      },
      "2": {
        "start": { "line": 5, "column": 25 },
        "end": { "line": 5, "column": null }
      },
      "3": {
        "start": { "line": 7, "column": 4 },
        "end": { "line": 13, "column": null }
      },
      "4": {
        "start": { "line": 15, "column": 4 },
        "end": { "line": 15, "column": null }
      },
      "5": {
        "start": { "line": 17, "column": 4 },
        "end": { "line": 17, "column": null }
      },
      "6": {
        "start": { "line": 19, "column": 4 },
        "end": { "line": 19, "column": null }
      }
    },
    "fnMap": {
      "0": {
        "name": "(anonymous_0)",
        "decl": {
          "start": { "line": 3, "column": 27 },
          "end": { "line": 3, "column": 33 }
        },
        "loc": {
          "start": { "line": 3, "column": 33 },
          "end": { "line": 21, "column": 1 }
        }
      },
      "1": {
        "name": "(anonymous_1)",
        "decl": {
          "start": { "line": 4, "column": 39 },
          "end": { "line": 4, "column": 45 }
        },
        "loc": {
          "start": { "line": 4, "column": 45 },
          "end": { "line": 20, "column": 3 }
        }
      }
    },
    "branchMap": {},
    "s": { "0": 2, "1": 2, "2": 2, "3": 2, "4": 2, "5": 2, "6": 2 },
    "f": { "0": 2, "1": 2 },
    "b": {}
  },
  "C:/Users/arsen/autowiki/src/components/InputField.jsx": {
    "path": "C:/Users/arsen/autowiki/src/components/InputField.jsx",
    "statementMap": {
      "0": {
        "start": { "line": 3, "column": 19 },
        "end": { "line": 26, "column": 2 }
      },
      "1": {
        "start": { "line": 13, "column": 23 },
        "end": { "line": 13, "column": null }
      },
      "2": {
        "start": { "line": 14, "column": 2 },
        "end": { "line": 23, "column": null }
      },
      "3": {
        "start": { "line": 26, "column": 2 },
        "end": { "line": 3, "column": 19 }
      },
      "4": {
        "start": { "line": 28, "column": 26 },
        "end": { "line": 28, "column": null }
      }
    },
    "fnMap": {
      "0": {
        "name": "(anonymous_0)",
        "decl": {
          "start": { "line": 3, "column": 19 },
          "end": { "line": 3, "column": 20 }
        },
        "loc": {
          "start": { "line": 12, "column": 6 },
          "end": { "line": 26, "column": 2 }
        }
      }
    },
    "branchMap": {
      "0": {
        "loc": {
          "start": { "line": 5, "column": 2 },
          "end": { "line": 5, "column": null }
        },
        "type": "default-arg",
        "locations": [
          {
            "start": { "line": 5, "column": 9 },
            "end": { "line": 5, "column": null }
          }
        ]
      },
      "1": {
        "loc": {
          "start": { "line": 10, "column": 2 },
          "end": { "line": 10, "column": null }
        },
        "type": "default-arg",
        "locations": [
          {
            "start": { "line": 10, "column": 13 },
            "end": { "line": 10, "column": null }
          }
        ]
      },
      "2": {
        "loc": {
          "start": { "line": 11, "column": 2 },
          "end": { "line": 11, "column": null }
        },
        "type": "default-arg",
        "locations": [
          {
            "start": { "line": 11, "column": 14 },
            "end": { "line": 11, "column": null }
          }
        ]
      }
    },
    "s": { "0": 29, "1": 2241, "2": 2241, "3": 3, "4": 3 },
    "f": { "0": 2241 },
    "b": { "0": [2], "1": [151], "2": [2092] }
  },
  "C:/Users/arsen/autowiki/src/components/ModelCard.cy.jsx": {
    "path": "C:/Users/arsen/autowiki/src/components/ModelCard.cy.jsx",
    "statementMap": {
      "0": {
        "start": { "line": 4, "column": 24 },
        "end": { "line": 7, "column": null }
      },
      "1": {
        "start": { "line": 5, "column": 19 },
        "end": { "line": 5, "column": null }
      },
      "2": {
        "start": { "line": 6, "column": 2 },
        "end": { "line": 6, "column": null }
      },
      "3": {
        "start": { "line": 9, "column": 0 },
        "end": { "line": 34, "column": null }
      },
      "4": {
        "start": { "line": 10, "column": 16 },
        "end": { "line": 15, "column": null }
      },
      "5": {
        "start": { "line": 17, "column": 2 },
        "end": { "line": 33, "column": null }
      },
      "6": {
        "start": { "line": 18, "column": 4 },
        "end": { "line": 28, "column": null }
      },
      "7": {
        "start": { "line": 30, "column": 4 },
        "end": { "line": 30, "column": null }
      },
      "8": {
        "start": { "line": 31, "column": 4 },
        "end": { "line": 31, "column": null }
      },
      "9": {
        "start": { "line": 32, "column": 4 },
        "end": { "line": 32, "column": null }
      }
    },
    "fnMap": {
      "0": {
        "name": "(anonymous_0)",
        "decl": {
          "start": { "line": 4, "column": 24 },
          "end": { "line": 4, "column": 30 }
        },
        "loc": {
          "start": { "line": 4, "column": 30 },
          "end": { "line": 7, "column": null }
        }
      },
      "1": {
        "name": "(anonymous_1)",
        "decl": {
          "start": { "line": 9, "column": 26 },
          "end": { "line": 9, "column": 32 }
        },
        "loc": {
          "start": { "line": 9, "column": 32 },
          "end": { "line": 34, "column": 1 }
        }
      },
      "2": {
        "name": "(anonymous_2)",
        "decl": {
          "start": { "line": 17, "column": 35 },
          "end": { "line": 17, "column": 41 }
        },
        "loc": {
          "start": { "line": 17, "column": 41 },
          "end": { "line": 33, "column": 3 }
        }
      }
    },
    "branchMap": {},
    "s": {
      "0": 2,
      "1": 2,
      "2": 2,
      "3": 2,
      "4": 2,
      "5": 2,
      "6": 2,
      "7": 2,
      "8": 2,
      "9": 2
    },
    "f": { "0": 2, "1": 2, "2": 2 },
    "b": {}
  },
  "C:/Users/arsen/autowiki/src/components/ModelCard.jsx": {
    "path": "C:/Users/arsen/autowiki/src/components/ModelCard.jsx",
    "statementMap": {
      "0": {
        "start": { "line": 4, "column": 18 },
        "end": { "line": 32, "column": null }
      },
      "1": {
        "start": { "line": 5, "column": 19 },
        "end": { "line": 5, "column": null }
      },
      "2": {
        "start": { "line": 7, "column": 2 },
        "end": { "line": 12, "column": null }
      },
      "3": {
        "start": { "line": 14, "column": 22 },
        "end": { "line": 24, "column": null }
      },
      "4": {
        "start": { "line": 15, "column": 4 },
        "end": { "line": 15, "column": null }
      },
      "5": {
        "start": { "line": 17, "column": 4 },
        "end": { "line": 23, "column": null }
      },
      "6": {
        "start": { "line": 18, "column": 19 },
        "end": { "line": 18, "column": null }
      },
      "7": {
        "start": { "line": 19, "column": 6 },
        "end": { "line": 19, "column": null }
      },
      "8": {
        "start": { "line": 20, "column": 6 },
        "end": { "line": 20, "column": null }
      },
      "9": {
        "start": { "line": 22, "column": 6 },
        "end": { "line": 22, "column": null }
      },
      "10": {
        "start": { "line": 26, "column": 2 },
        "end": { "line": 30, "column": null }
      }
    },
    "fnMap": {
      "0": {
        "name": "(anonymous_0)",
        "decl": {
          "start": { "line": 4, "column": 18 },
          "end": { "line": 4, "column": 19 }
        },
        "loc": {
          "start": { "line": 4, "column": 66 },
          "end": { "line": 32, "column": null }
        }
      },
      "1": {
        "name": "(anonymous_1)",
        "decl": {
          "start": { "line": 14, "column": 22 },
          "end": { "line": 14, "column": 28 }
        },
        "loc": {
          "start": { "line": 14, "column": 28 },
          "end": { "line": 24, "column": null }
        }
      }
    },
    "branchMap": {
      "0": {
        "loc": {
          "start": { "line": 17, "column": 4 },
          "end": { "line": 23, "column": null }
        },
        "type": "if",
        "locations": [
          {
            "start": { "line": 17, "column": 4 },
            "end": { "line": 23, "column": null }
          },
          {
            "start": { "line": 21, "column": 11 },
            "end": { "line": 23, "column": null }
          }
        ]
      },
      "1": {
        "loc": {
          "start": { "line": 17, "column": 8 },
          "end": { "line": 17, "column": 28 }
        },
        "type": "binary-expr",
        "locations": [
          {
            "start": { "line": 17, "column": 8 },
            "end": { "line": 17, "column": 19 }
          },
          {
            "start": { "line": 17, "column": 19 },
            "end": { "line": 17, "column": 28 }
          }
        ]
      }
    },
    "s": {
      "0": 9,
      "1": 28,
      "2": 28,
      "3": 28,
      "4": 6,
      "5": 6,
      "6": 6,
      "7": 6,
      "8": 6,
      "9": 0,
      "10": 28
    },
    "f": { "0": 28, "1": 6 },
    "b": { "0": [6, 0], "1": [6, 6] }
  },
  "C:/Users/arsen/autowiki/src/components/ProtectedRoute.cy.jsx": {
    "path": "C:/Users/arsen/autowiki/src/components/ProtectedRoute.cy.jsx",
    "statementMap": {
      "0": {
        "start": { "line": 5, "column": 19 },
        "end": { "line": 5, "column": null }
      },
      "1": {
        "start": { "line": 5, "column": 25 },
        "end": { "line": 5, "column": null }
      },
      "2": {
        "start": { "line": 6, "column": 17 },
        "end": { "line": 6, "column": null }
      },
      "3": {
        "start": { "line": 6, "column": 23 },
        "end": { "line": 6, "column": null }
      },
      "4": {
        "start": { "line": 8, "column": 0 },
        "end": { "line": 40, "column": null }
      },
      "5": {
        "start": { "line": 9, "column": 25 },
        "end": { "line": 27, "column": null }
      },
      "6": {
        "start": { "line": 10, "column": 4 },
        "end": { "line": 26, "column": null }
      },
      "7": {
        "start": { "line": 29, "column": 2 },
        "end": { "line": 33, "column": null }
      },
      "8": {
        "start": { "line": 30, "column": 4 },
        "end": { "line": 30, "column": null }
      },
      "9": {
        "start": { "line": 31, "column": 4 },
        "end": { "line": 31, "column": null }
      },
      "10": {
        "start": { "line": 32, "column": 4 },
        "end": { "line": 32, "column": null }
      },
      "11": {
        "start": { "line": 35, "column": 2 },
        "end": { "line": 39, "column": null }
      },
      "12": {
        "start": { "line": 36, "column": 4 },
        "end": { "line": 36, "column": null }
      },
      "13": {
        "start": { "line": 37, "column": 4 },
        "end": { "line": 37, "column": null }
      },
      "14": {
        "start": { "line": 38, "column": 4 },
        "end": { "line": 38, "column": null }
      }
    },
    "fnMap": {
      "0": {
        "name": "(anonymous_0)",
        "decl": {
          "start": { "line": 5, "column": 19 },
          "end": { "line": 5, "column": 25 }
        },
        "loc": {
          "start": { "line": 5, "column": 25 },
          "end": { "line": 5, "column": null }
        }
      },
      "1": {
        "name": "(anonymous_1)",
        "decl": {
          "start": { "line": 6, "column": 17 },
          "end": { "line": 6, "column": 23 }
        },
        "loc": {
          "start": { "line": 6, "column": 23 },
          "end": { "line": 6, "column": null }
        }
      },
      "2": {
        "name": "(anonymous_2)",
        "decl": {
          "start": { "line": 8, "column": 31 },
          "end": { "line": 8, "column": 37 }
        },
        "loc": {
          "start": { "line": 8, "column": 37 },
          "end": { "line": 40, "column": 1 }
        }
      },
      "3": {
        "name": "(anonymous_3)",
        "decl": {
          "start": { "line": 9, "column": 25 },
          "end": { "line": 9, "column": 26 }
        },
        "loc": {
          "start": { "line": 9, "column": 41 },
          "end": { "line": 27, "column": null }
        }
      },
      "4": {
        "name": "(anonymous_4)",
        "decl": {
          "start": { "line": 29, "column": 51 },
          "end": { "line": 29, "column": 57 }
        },
        "loc": {
          "start": { "line": 29, "column": 57 },
          "end": { "line": 33, "column": 3 }
        }
      },
      "5": {
        "name": "(anonymous_5)",
        "decl": {
          "start": { "line": 35, "column": 46 },
          "end": { "line": 35, "column": 52 }
        },
        "loc": {
          "start": { "line": 35, "column": 52 },
          "end": { "line": 39, "column": 3 }
        }
      }
    },
    "branchMap": {},
    "s": {
      "0": 3,
      "1": 3,
      "2": 3,
      "3": 2,
      "4": 3,
      "5": 3,
      "6": 5,
      "7": 3,
      "8": 3,
      "9": 3,
      "10": 3,
      "11": 3,
      "12": 2,
      "13": 2,
      "14": 2
    },
    "f": { "0": 3, "1": 2, "2": 3, "3": 5, "4": 3, "5": 2 },
    "b": {}
  },
  "C:/Users/arsen/autowiki/src/components/ProtectedRoute.jsx": {
    "path": "C:/Users/arsen/autowiki/src/components/ProtectedRoute.jsx",
    "statementMap": {
      "0": {
        "start": { "line": 4, "column": 23 },
        "end": { "line": 12, "column": null }
      },
      "1": {
        "start": { "line": 5, "column": 25 },
        "end": { "line": 5, "column": null }
      },
      "2": {
        "start": { "line": 7, "column": 2 },
        "end": { "line": 9, "column": null }
      },
      "3": {
        "start": { "line": 8, "column": 4 },
        "end": { "line": 8, "column": null }
      },
      "4": {
        "start": { "line": 11, "column": 2 },
        "end": { "line": 11, "column": null }
      }
    },
    "fnMap": {
      "0": {
        "name": "(anonymous_0)",
        "decl": {
          "start": { "line": 4, "column": 23 },
          "end": { "line": 4, "column": 24 }
        },
        "loc": {
          "start": { "line": 4, "column": 41 },
          "end": { "line": 12, "column": null }
        }
      }
    },
    "branchMap": {
      "0": {
        "loc": {
          "start": { "line": 7, "column": 2 },
          "end": { "line": 9, "column": null }
        },
        "type": "if",
        "locations": [
          {
            "start": { "line": 7, "column": 2 },
            "end": { "line": 9, "column": null }
          }
        ]
      }
    },
    "s": { "0": 3, "1": 5, "2": 5, "3": 2, "4": 3 },
    "f": { "0": 5 },
    "b": { "0": [2] }
  },
  "C:/Users/arsen/autowiki/src/components/SearchBar.cy.jsx": {
    "path": "C:/Users/arsen/autowiki/src/components/SearchBar.cy.jsx",
    "statementMap": {
      "0": {
        "start": { "line": 3, "column": 0 },
        "end": { "line": 36, "column": null }
      },
      "1": {
        "start": { "line": 4, "column": 2 },
        "end": { "line": 30, "column": null }
      },
      "2": {
        "start": { "line": 5, "column": 24 },
        "end": { "line": 5, "column": null }
      },
      "3": {
        "start": { "line": 6, "column": 24 },
        "end": { "line": 6, "column": null }
      },
      "4": {
        "start": { "line": 8, "column": 4 },
        "end": { "line": 18, "column": null }
      },
      "5": {
        "start": { "line": 21, "column": 4 },
        "end": { "line": 21, "column": null }
      },
      "6": {
        "start": { "line": 22, "column": 4 },
        "end": { "line": 22, "column": null }
      },
      "7": {
        "start": { "line": 26, "column": 4 },
        "end": { "line": 26, "column": null }
      },
      "8": {
        "start": { "line": 29, "column": 4 },
        "end": { "line": 29, "column": null }
      },
      "9": {
        "start": { "line": 32, "column": 2 },
        "end": { "line": 35, "column": null }
      },
      "10": {
        "start": { "line": 33, "column": 4 },
        "end": { "line": 33, "column": null }
      },
      "11": {
        "start": { "line": 34, "column": 4 },
        "end": { "line": 34, "column": null }
      }
    },
    "fnMap": {
      "0": {
        "name": "(anonymous_0)",
        "decl": {
          "start": { "line": 3, "column": 26 },
          "end": { "line": 3, "column": 32 }
        },
        "loc": {
          "start": { "line": 3, "column": 32 },
          "end": { "line": 36, "column": 1 }
        }
      },
      "1": {
        "name": "(anonymous_1)",
        "decl": {
          "start": { "line": 4, "column": 51 },
          "end": { "line": 4, "column": 57 }
        },
        "loc": {
          "start": { "line": 4, "column": 57 },
          "end": { "line": 30, "column": 3 }
        }
      },
      "2": {
        "name": "(anonymous_2)",
        "decl": {
          "start": { "line": 32, "column": 44 },
          "end": { "line": 32, "column": 50 }
        },
        "loc": {
          "start": { "line": 32, "column": 50 },
          "end": { "line": 35, "column": 3 }
        }
      }
    },
    "branchMap": {},
    "s": {
      "0": 6,
      "1": 6,
      "2": 6,
      "3": 6,
      "4": 6,
      "5": 6,
      "6": 6,
      "7": 6,
      "8": 6,
      "9": 6,
      "10": 4,
      "11": 4
    },
    "f": { "0": 6, "1": 6, "2": 4 },
    "b": {}
  },
  "C:/Users/arsen/autowiki/src/components/SearchBar.jsx": {
    "path": "C:/Users/arsen/autowiki/src/components/SearchBar.jsx",
    "statementMap": {
      "0": {
        "start": { "line": 4, "column": 18 },
        "end": { "line": 50, "column": 2 }
      },
      "1": {
        "start": { "line": 14, "column": 27 },
        "end": { "line": 14, "column": null }
      },
      "2": {
        "start": { "line": 16, "column": 2 },
        "end": { "line": 48, "column": null }
      },
      "3": {
        "start": { "line": 41, "column": 14 },
        "end": { "line": 43, "column": null }
      },
      "4": {
        "start": { "line": 50, "column": 2 },
        "end": { "line": 4, "column": 18 }
      },
      "5": {
        "start": { "line": 51, "column": 25 },
        "end": { "line": 51, "column": null }
      },
      "6": {
        "start": { "line": 4, "column": 18 },
        "end": { "line": 17, "column": 5 }
      },
      "7": {
        "start": { "line": 16, "column": 2 },
        "end": { "line": 17, "column": 5 }
      },
      "8": {
        "start": { "line": 40, "column": 27 },
        "end": { "line": 41, "column": 15 }
      }
    },
    "fnMap": {
      "0": {
        "name": "(anonymous_0)",
        "decl": {
          "start": { "line": 4, "column": 18 },
          "end": { "line": 4, "column": 19 }
        },
        "loc": {
          "start": { "line": 13, "column": 6 },
          "end": { "line": 50, "column": 2 }
        }
      },
      "1": {
        "name": "(anonymous_1)",
        "decl": {
          "start": { "line": 40, "column": 31 },
          "end": { "line": 40, "column": 32 }
        },
        "loc": {
          "start": { "line": 41, "column": 14 },
          "end": { "line": 43, "column": null }
        }
      },
      "2": {
        "name": "(anonymous_1)",
        "decl": {
          "start": { "line": 40, "column": 27 },
          "end": { "line": 40, "column": 31 }
        },
        "loc": {
          "start": { "line": 40, "column": 27 },
          "end": { "line": 41, "column": 15 }
        }
      }
    },
    "branchMap": {
      "0": {
        "loc": {
          "start": { "line": 5, "column": 2 },
          "end": { "line": 5, "column": null }
        },
        "type": "default-arg",
        "locations": [
          {
            "start": { "line": 5, "column": 22 },
            "end": { "line": 5, "column": null }
          }
        ]
      },
      "1": {
        "loc": {
          "start": { "line": 6, "column": 2 },
          "end": { "line": 6, "column": null }
        },
        "type": "default-arg",
        "locations": [
          {
            "start": { "line": 6, "column": 18 },
            "end": { "line": 6, "column": null }
          }
        ]
      },
      "2": {
        "loc": {
          "start": { "line": 7, "column": 2 },
          "end": { "line": 7, "column": null }
        },
        "type": "default-arg",
        "locations": [
          {
            "start": { "line": 7, "column": 15 },
            "end": { "line": 7, "column": null }
          }
        ]
      },
      "3": {
        "loc": {
          "start": { "line": 8, "column": 2 },
          "end": { "line": 8, "column": null }
        },
        "type": "default-arg",
        "locations": [
          {
            "start": { "line": 8, "column": 14 },
            "end": { "line": 8, "column": null }
          }
        ]
      },
      "4": {
        "loc": {
          "start": { "line": 29, "column": 7 },
          "end": { "line": 46, "column": null }
        },
        "type": "binary-expr",
        "locations": [
          {
            "start": { "line": 29, "column": 7 },
            "end": { "line": 29, "column": 21 }
          },
          {
            "start": { "line": 29, "column": 21 },
            "end": { "line": 29, "column": null }
          },
          {
            "start": { "line": 30, "column": 8 },
            "end": { "line": 46, "column": null }
          }
        ]
      }
    },
    "s": {
      "0": 3,
      "1": 149,
      "2": 5,
      "3": 150,
      "4": 3,
      "5": 3,
      "6": 20,
      "7": 149,
      "8": 561
    },
    "f": { "0": 154, "1": 150, "2": 561 },
    "b": { "0": [4], "1": [29], "2": [0], "3": [120], "4": [149, 116, 116] }
  },
  "C:/Users/arsen/autowiki/src/context/AuthContext.jsx": {
    "path": "C:/Users/arsen/autowiki/src/context/AuthContext.jsx",
    "statementMap": {
      "0": {
        "start": { "line": 4, "column": 27 },
        "end": { "line": 4, "column": null }
      },
      "1": {
        "start": { "line": 6, "column": 28 },
        "end": { "line": 10, "column": null }
      },
      "2": {
        "start": { "line": 7, "column": 15 },
        "end": { "line": 7, "column": null }
      },
      "3": {
        "start": { "line": 9, "column": 2 },
        "end": { "line": 9, "column": null }
      },
      "4": {
        "start": { "line": 12, "column": 30 },
        "end": { "line": 20, "column": null }
      },
      "5": {
        "start": { "line": 13, "column": 18 },
        "end": { "line": 13, "column": null }
      },
      "6": {
        "start": { "line": 14, "column": 2 },
        "end": { "line": 18, "column": null }
      },
      "7": {
        "start": { "line": 15, "column": 4 },
        "end": { "line": 17, "column": null }
      },
      "8": {
        "start": { "line": 19, "column": 2 },
        "end": { "line": 19, "column": null }
      }
    },
    "fnMap": {
      "0": {
        "name": "(anonymous_0)",
        "decl": {
          "start": { "line": 6, "column": 28 },
          "end": { "line": 6, "column": 29 }
        },
        "loc": {
          "start": { "line": 6, "column": 46 },
          "end": { "line": 10, "column": null }
        }
      },
      "1": {
        "name": "(anonymous_1)",
        "decl": {
          "start": { "line": 12, "column": 30 },
          "end": { "line": 12, "column": 36 }
        },
        "loc": {
          "start": { "line": 12, "column": 36 },
          "end": { "line": 20, "column": null }
        }
      }
    },
    "branchMap": {
      "0": {
        "loc": {
          "start": { "line": 14, "column": 2 },
          "end": { "line": 18, "column": null }
        },
        "type": "if",
        "locations": [
          {
            "start": { "line": 14, "column": 2 },
            "end": { "line": 18, "column": null }
          }
        ]
      }
    },
    "s": {
      "0": 47,
      "1": 47,
      "2": 179,
      "3": 179,
      "4": 47,
      "5": 729,
      "6": 729,
      "7": 0,
      "8": 729
    },
    "f": { "0": 179, "1": 729 },
    "b": { "0": [0] }
  },
  "C:/Users/arsen/autowiki/src/hooks/useAuth.js": {
    "path": "C:/Users/arsen/autowiki/src/hooks/useAuth.js",
    "statementMap": {
      "0": {
        "start": { "line": 4, "column": 21 },
        "end": { "line": 4, "column": 44 }
      },
      "1": {
        "start": { "line": 6, "column": 23 },
        "end": { "line": 94, "column": 1 }
      },
      "2": {
        "start": { "line": 7, "column": 28 },
        "end": { "line": 7, "column": 77 }
      },
      "3": {
        "start": { "line": 7, "column": 43 },
        "end": { "line": 7, "column": 76 }
      },
      "4": {
        "start": { "line": 8, "column": 26 },
        "end": { "line": 8, "column": 40 }
      },
      "5": {
        "start": { "line": 9, "column": 32 },
        "end": { "line": 9, "column": 47 }
      },
      "6": {
        "start": { "line": 10, "column": 28 },
        "end": { "line": 10, "column": 42 }
      },
      "7": {
        "start": { "line": 11, "column": 19 },
        "end": { "line": 11, "column": 32 }
      },
      "8": {
        "start": { "line": 13, "column": 2 },
        "end": { "line": 20, "column": null }
      },
      "9": {
        "start": { "line": 14, "column": 4 },
        "end": { "line": 19, "column": null }
      },
      "10": {
        "start": { "line": 15, "column": 24 },
        "end": { "line": 15, "column": 52 }
      },
      "11": {
        "start": { "line": 16, "column": 6 },
        "end": { "line": 18, "column": null }
      },
      "12": {
        "start": { "line": 17, "column": 8 },
        "end": { "line": 17, "column": null }
      },
      "13": {
        "start": { "line": 22, "column": 22 },
        "end": { "line": 53, "column": 3 }
      },
      "14": {
        "start": { "line": 23, "column": 4 },
        "end": { "line": 23, "column": null }
      },
      "15": {
        "start": { "line": 24, "column": 4 },
        "end": { "line": 24, "column": null }
      },
      "16": {
        "start": { "line": 25, "column": 4 },
        "end": { "line": 52, "column": null }
      },
      "17": {
        "start": { "line": 26, "column": 18 },
        "end": { "line": 30, "column": 8 }
      },
      "18": {
        "start": { "line": 32, "column": 19 },
        "end": { "line": 32, "column": 53 }
      },
      "19": {
        "start": { "line": 32, "column": 48 },
        "end": { "line": 32, "column": 52 }
      },
      "20": {
        "start": { "line": 34, "column": 6 },
        "end": { "line": 36, "column": null }
      },
      "21": {
        "start": { "line": 35, "column": 8 },
        "end": { "line": 35, "column": null }
      },
      "22": {
        "start": { "line": 38, "column": 6 },
        "end": { "line": 44, "column": null }
      },
      "23": {
        "start": { "line": 39, "column": 8 },
        "end": { "line": 39, "column": null }
      },
      "24": {
        "start": { "line": 40, "column": 8 },
        "end": { "line": 40, "column": null }
      },
      "25": {
        "start": { "line": 42, "column": 8 },
        "end": { "line": 42, "column": null }
      },
      "26": {
        "start": { "line": 43, "column": 8 },
        "end": { "line": 43, "column": null }
      },
      "27": {
        "start": { "line": 45, "column": 6 },
        "end": { "line": 45, "column": null }
      },
      "28": {
        "start": { "line": 47, "column": 6 },
        "end": { "line": 47, "column": null }
      },
      "29": {
        "start": { "line": 48, "column": 6 },
        "end": { "line": 48, "column": null }
      },
      "30": {
        "start": { "line": 49, "column": 6 },
        "end": { "line": 49, "column": null }
      },
      "31": {
        "start": { "line": 51, "column": 6 },
        "end": { "line": 51, "column": null }
      },
      "32": {
        "start": { "line": 55, "column": 16 },
        "end": { "line": 60, "column": 3 }
      },
      "33": {
        "start": { "line": 56, "column": 19 },
        "end": { "line": 56, "column": 67 }
      },
      "34": {
        "start": { "line": 57, "column": 4 },
        "end": { "line": 59, "column": null }
      },
      "35": {
        "start": { "line": 58, "column": 6 },
        "end": { "line": 58, "column": null }
      },
      "36": {
        "start": { "line": 62, "column": 19 },
        "end": { "line": 74, "column": 3 }
      },
      "37": {
        "start": { "line": 63, "column": 19 },
        "end": { "line": 68, "column": 6 }
      },
      "38": {
        "start": { "line": 70, "column": 4 },
        "end": { "line": 73, "column": null }
      },
      "39": {
        "start": { "line": 71, "column": 6 },
        "end": { "line": 71, "column": null }
      },
      "40": {
        "start": { "line": 72, "column": 6 },
        "end": { "line": 72, "column": null }
      },
      "41": {
        "start": { "line": 76, "column": 17 },
        "end": { "line": 82, "column": 3 }
      },
      "42": {
        "start": { "line": 77, "column": 4 },
        "end": { "line": 77, "column": null }
      },
      "43": {
        "start": { "line": 78, "column": 4 },
        "end": { "line": 78, "column": null }
      },
      "44": {
        "start": { "line": 79, "column": 4 },
        "end": { "line": 79, "column": null }
      },
      "45": {
        "start": { "line": 80, "column": 4 },
        "end": { "line": 80, "column": null }
      },
      "46": {
        "start": { "line": 81, "column": 4 },
        "end": { "line": 81, "column": null }
      },
      "47": {
        "start": { "line": 84, "column": 2 },
        "end": { "line": 93, "column": null }
      }
    },
    "fnMap": {
      "0": {
        "name": "(anonymous_0)",
        "decl": {
          "start": { "line": 6, "column": 23 },
          "end": { "line": 6, "column": 24 }
        },
        "loc": {
          "start": { "line": 6, "column": 29 },
          "end": { "line": 94, "column": 1 }
        }
      },
      "1": {
        "name": "(anonymous_1)",
        "decl": {
          "start": { "line": 7, "column": 37 },
          "end": { "line": 7, "column": 38 }
        },
        "loc": {
          "start": { "line": 7, "column": 43 },
          "end": { "line": 7, "column": 76 }
        }
      },
      "2": {
        "name": "(anonymous_2)",
        "decl": {
          "start": { "line": 13, "column": 12 },
          "end": { "line": 13, "column": 13 }
        },
        "loc": {
          "start": { "line": 13, "column": 18 },
          "end": { "line": 20, "column": 3 }
        }
      },
      "3": {
        "name": "(anonymous_3)",
        "decl": {
          "start": { "line": 22, "column": 22 },
          "end": { "line": 22, "column": 27 }
        },
        "loc": {
          "start": { "line": 22, "column": 48 },
          "end": { "line": 53, "column": 3 }
        }
      },
      "4": {
        "name": "(anonymous_4)",
        "decl": {
          "start": { "line": 32, "column": 42 },
          "end": { "line": 32, "column": 43 }
        },
        "loc": {
          "start": { "line": 32, "column": 48 },
          "end": { "line": 32, "column": 52 }
        }
      },
      "5": {
        "name": "(anonymous_5)",
        "decl": {
          "start": { "line": 55, "column": 16 },
          "end": { "line": 55, "column": 21 }
        },
        "loc": {
          "start": { "line": 55, "column": 43 },
          "end": { "line": 60, "column": 3 }
        }
      },
      "6": {
        "name": "(anonymous_6)",
        "decl": {
          "start": { "line": 62, "column": 19 },
          "end": { "line": 62, "column": 24 }
        },
        "loc": {
          "start": { "line": 62, "column": 63 },
          "end": { "line": 74, "column": 3 }
        }
      },
      "7": {
        "name": "(anonymous_7)",
        "decl": {
          "start": { "line": 76, "column": 17 },
          "end": { "line": 76, "column": 18 }
        },
        "loc": {
          "start": { "line": 76, "column": 23 },
          "end": { "line": 82, "column": 3 }
        }
      }
    },
    "branchMap": {
      "0": {
        "loc": {
          "start": { "line": 14, "column": 4 },
          "end": { "line": 19, "column": null }
        },
        "type": "if",
        "locations": [
          {
            "start": { "line": 14, "column": 4 },
            "end": { "line": 19, "column": null }
          }
        ]
      },
      "1": {
        "loc": {
          "start": { "line": 16, "column": 6 },
          "end": { "line": 18, "column": null }
        },
        "type": "if",
        "locations": [
          {
            "start": { "line": 16, "column": 6 },
            "end": { "line": 18, "column": null }
          }
        ]
      },
      "2": {
        "loc": {
          "start": { "line": 34, "column": 6 },
          "end": { "line": 36, "column": null }
        },
        "type": "if",
        "locations": [
          {
            "start": { "line": 34, "column": 6 },
            "end": { "line": 36, "column": null }
          }
        ]
      },
      "3": {
        "loc": {
          "start": { "line": 35, "column": 24 },
          "end": { "line": 35, "column": 64 }
        },
        "type": "binary-expr",
        "locations": [
          {
            "start": { "line": 35, "column": 24 },
            "end": { "line": 35, "column": 35 }
          },
          {
            "start": { "line": 35, "column": 39 },
            "end": { "line": 35, "column": 43 }
          },
          {
            "start": { "line": 35, "column": 47 },
            "end": { "line": 35, "column": 64 }
          }
        ]
      },
      "4": {
        "loc": {
          "start": { "line": 38, "column": 6 },
          "end": { "line": 44, "column": null }
        },
        "type": "if",
        "locations": [
          {
            "start": { "line": 38, "column": 6 },
            "end": { "line": 44, "column": null }
          }
        ]
      },
      "5": {
        "loc": {
          "start": { "line": 38, "column": 10 },
          "end": { "line": 38, "column": 34 }
        },
        "type": "binary-expr",
        "locations": [
          {
            "start": { "line": 38, "column": 10 },
            "end": { "line": 38, "column": 14 }
          },
          {
            "start": { "line": 38, "column": 18 },
            "end": { "line": 38, "column": 34 }
          }
        ]
      },
      "6": {
        "loc": {
          "start": { "line": 57, "column": 4 },
          "end": { "line": 59, "column": null }
        },
        "type": "if",
        "locations": [
          {
            "start": { "line": 57, "column": 4 },
            "end": { "line": 59, "column": null }
          }
        ]
      },
      "7": {
        "loc": {
          "start": { "line": 70, "column": 4 },
          "end": { "line": 73, "column": null }
        },
        "type": "if",
        "locations": [
          {
            "start": { "line": 70, "column": 4 },
            "end": { "line": 73, "column": null }
          }
        ]
      }
    },
    "s": {
      "0": 47,
      "1": 47,
      "2": 179,
      "3": 136,
      "4": 179,
      "5": 179,
      "6": 179,
      "7": 179,
      "8": 179,
      "9": 136,
      "10": 0,
      "11": 0,
      "12": 0,
      "13": 179,
      "14": 13,
      "15": 13,
      "16": 13,
      "17": 13,
      "18": 13,
      "19": 0,
      "20": 13,
      "21": 6,
      "22": 7,
      "23": 0,
      "24": 0,
      "25": 0,
      "26": 0,
      "27": 7,
      "28": 6,
      "29": 6,
      "30": 6,
      "31": 13,
      "32": 179,
      "33": 13,
      "34": 13,
      "35": 7,
      "36": 179,
      "37": 0,
      "38": 0,
      "39": 0,
      "40": 0,
      "41": 179,
      "42": 0,
      "43": 0,
      "44": 0,
      "45": 0,
      "46": 0,
      "47": 179
    },
    "f": {
      "0": 179,
      "1": 136,
      "2": 136,
      "3": 13,
      "4": 0,
      "5": 13,
      "6": 0,
      "7": 0
    },
    "b": {
      "0": [0],
      "1": [0],
      "2": [6],
      "3": [6, 0, 0],
      "4": [0],
      "5": [7, 7],
      "6": [7],
      "7": [0]
    }
  },
  "C:/Users/arsen/autowiki/src/hooks/useFetch.js": {
    "path": "C:/Users/arsen/autowiki/src/hooks/useFetch.js",
    "statementMap": {
      "0": {
        "start": { "line": 3, "column": 21 },
        "end": { "line": 3, "column": 44 }
      },
      "1": {
        "start": { "line": 5, "column": 17 },
        "end": { "line": 46, "column": 1 }
      },
      "2": {
        "start": { "line": 6, "column": 26 },
        "end": { "line": 6, "column": 40 }
      },
      "3": {
        "start": { "line": 7, "column": 32 },
        "end": { "line": 7, "column": 46 }
      },
      "4": {
        "start": { "line": 8, "column": 28 },
        "end": { "line": 8, "column": 42 }
      },
      "5": {
        "start": { "line": 10, "column": 2 },
        "end": { "line": 43, "column": null }
      },
      "6": {
        "start": { "line": 11, "column": 23 },
        "end": { "line": 11, "column": 44 }
      },
      "7": {
        "start": { "line": 12, "column": 19 },
        "end": { "line": 12, "column": 36 }
      },
      "8": {
        "start": { "line": 14, "column": 22 },
        "end": { "line": 36, "column": 5 }
      },
      "9": {
        "start": { "line": 15, "column": 6 },
        "end": { "line": 15, "column": null }
      },
      "10": {
        "start": { "line": 16, "column": 6 },
        "end": { "line": 16, "column": null }
      },
      "11": {
        "start": { "line": 17, "column": 6 },
        "end": { "line": 35, "column": null }
      },
      "12": {
        "start": { "line": 18, "column": 20 },
        "end": { "line": 18, "column": 63 }
      },
      "13": {
        "start": { "line": 20, "column": 8 },
        "end": { "line": 22, "column": null }
      },
      "14": {
        "start": { "line": 21, "column": 10 },
        "end": { "line": 21, "column": null }
      },
      "15": {
        "start": { "line": 24, "column": 21 },
        "end": { "line": 24, "column": 37 }
      },
      "16": {
        "start": { "line": 25, "column": 8 },
        "end": { "line": 25, "column": null }
      },
      "17": {
        "start": { "line": 27, "column": 8 },
        "end": { "line": 30, "column": null }
      },
      "18": {
        "start": { "line": 28, "column": 10 },
        "end": { "line": 28, "column": null }
      },
      "19": {
        "start": { "line": 29, "column": 10 },
        "end": { "line": 29, "column": null }
      },
      "20": {
        "start": { "line": 32, "column": 8 },
        "end": { "line": 34, "column": null }
      },
      "21": {
        "start": { "line": 33, "column": 10 },
        "end": { "line": 33, "column": null }
      },
      "22": {
        "start": { "line": 38, "column": 4 },
        "end": { "line": 38, "column": null }
      },
      "23": {
        "start": { "line": 40, "column": 4 },
        "end": { "line": 42, "column": null }
      },
      "24": {
        "start": { "line": 41, "column": 6 },
        "end": { "line": 41, "column": null }
      },
      "25": {
        "start": { "line": 45, "column": 2 },
        "end": { "line": 45, "column": null }
      }
    },
    "fnMap": {
      "0": {
        "name": "(anonymous_0)",
        "decl": {
          "start": { "line": 5, "column": 17 },
          "end": { "line": 5, "column": 18 }
        },
        "loc": {
          "start": { "line": 5, "column": 26 },
          "end": { "line": 46, "column": 1 }
        }
      },
      "1": {
        "name": "(anonymous_1)",
        "decl": {
          "start": { "line": 10, "column": 12 },
          "end": { "line": 10, "column": 13 }
        },
        "loc": {
          "start": { "line": 10, "column": 18 },
          "end": { "line": 43, "column": 3 }
        }
      },
      "2": {
        "name": "(anonymous_2)",
        "decl": {
          "start": { "line": 14, "column": 22 },
          "end": { "line": 14, "column": 27 }
        },
        "loc": {
          "start": { "line": 14, "column": 34 },
          "end": { "line": 36, "column": 5 }
        }
      },
      "3": {
        "name": "(anonymous_3)",
        "decl": {
          "start": { "line": 40, "column": 11 },
          "end": { "line": 40, "column": 12 }
        },
        "loc": {
          "start": { "line": 40, "column": 17 },
          "end": { "line": 42, "column": 5 }
        }
      }
    },
    "branchMap": {
      "0": {
        "loc": {
          "start": { "line": 20, "column": 8 },
          "end": { "line": 22, "column": null }
        },
        "type": "if",
        "locations": [
          {
            "start": { "line": 20, "column": 8 },
            "end": { "line": 22, "column": null }
          }
        ]
      },
      "1": {
        "loc": {
          "start": { "line": 27, "column": 8 },
          "end": { "line": 30, "column": null }
        },
        "type": "if",
        "locations": [
          {
            "start": { "line": 27, "column": 8 },
            "end": { "line": 30, "column": null }
          }
        ]
      },
      "2": {
        "loc": {
          "start": { "line": 32, "column": 8 },
          "end": { "line": 34, "column": null }
        },
        "type": "if",
        "locations": [
          {
            "start": { "line": 32, "column": 8 },
            "end": { "line": 34, "column": null }
          }
        ]
      }
    },
    "s": {
      "0": 21,
      "1": 21,
      "2": 426,
      "3": 426,
      "4": 426,
      "5": 426,
      "6": 135,
      "7": 135,
      "8": 135,
      "9": 135,
      "10": 135,
      "11": 135,
      "12": 135,
      "13": 135,
      "14": 13,
      "15": 122,
      "16": 122,
      "17": 13,
      "18": 13,
      "19": 13,
      "20": 135,
      "21": 135,
      "22": 135,
      "23": 135,
      "24": 102,
      "25": 426
    },
    "f": { "0": 426, "1": 135, "2": 135, "3": 102 },
    "b": { "0": [13], "1": [13], "2": [135] }
  },
  "C:/Users/arsen/autowiki/src/pages/AuthPage.cy.jsx": {
    "path": "C:/Users/arsen/autowiki/src/pages/AuthPage.cy.jsx",
    "statementMap": {
      "0": {
        "start": { "line": 5, "column": 0 },
        "end": { "line": 88, "column": null }
      },
      "1": {
        "start": { "line": 6, "column": 20 },
        "end": { "line": 14, "column": null }
      },
      "2": {
        "start": { "line": 7, "column": 4 },
        "end": { "line": 13, "column": null }
      },
      "3": {
        "start": { "line": 16, "column": 2 },
        "end": { "line": 29, "column": null }
      },
      "4": {
        "start": { "line": 17, "column": 4 },
        "end": { "line": 20, "column": null }
      },
      "5": {
        "start": { "line": 22, "column": 4 },
        "end": { "line": 22, "column": null }
      },
      "6": {
        "start": { "line": 24, "column": 4 },
        "end": { "line": 24, "column": null }
      },
      "7": {
        "start": { "line": 25, "column": 4 },
        "end": { "line": 25, "column": null }
      },
      "8": {
        "start": { "line": 26, "column": 4 },
        "end": { "line": 26, "column": null }
      },
      "9": {
        "start": { "line": 28, "column": 4 },
        "end": { "line": 28, "column": null }
      },
      "10": {
        "start": { "line": 31, "column": 2 },
        "end": { "line": 49, "column": null }
      },
      "11": {
        "start": { "line": 32, "column": 4 },
        "end": { "line": 38, "column": null }
      },
      "12": {
        "start": { "line": 40, "column": 4 },
        "end": { "line": 40, "column": null }
      },
      "13": {
        "start": { "line": 42, "column": 4 },
        "end": { "line": 42, "column": null }
      },
      "14": {
        "start": { "line": 43, "column": 4 },
        "end": { "line": 43, "column": null }
      },
      "15": {
        "start": { "line": 44, "column": 4 },
        "end": { "line": 44, "column": null }
      },
      "16": {
        "start": { "line": 46, "column": 4 },
        "end": { "line": 46, "column": null }
      },
      "17": {
        "start": { "line": 48, "column": 4 },
        "end": { "line": 48, "column": null }
      },
      "18": {
        "start": { "line": 51, "column": 2 },
        "end": { "line": 56, "column": null }
      },
      "19": {
        "start": { "line": 52, "column": 4 },
        "end": { "line": 52, "column": null }
      },
      "20": {
        "start": { "line": 53, "column": 4 },
        "end": { "line": 55, "column": null }
      },
      "21": {
        "start": { "line": 58, "column": 2 },
        "end": { "line": 64, "column": null }
      },
      "22": {
        "start": { "line": 59, "column": 4 },
        "end": { "line": 59, "column": null }
      },
      "23": {
        "start": { "line": 61, "column": 4 },
        "end": { "line": 61, "column": null }
      },
      "24": {
        "start": { "line": 63, "column": 4 },
        "end": { "line": 63, "column": null }
      },
      "25": {
        "start": { "line": 66, "column": 2 },
        "end": { "line": 70, "column": null }
      },
      "26": {
        "start": { "line": 67, "column": 4 },
        "end": { "line": 67, "column": null }
      },
      "27": {
        "start": { "line": 69, "column": 4 },
        "end": { "line": 69, "column": null }
      },
      "28": {
        "start": { "line": 72, "column": 2 },
        "end": { "line": 87, "column": null }
      },
      "29": {
        "start": { "line": 73, "column": 4 },
        "end": { "line": 73, "column": null }
      },
      "30": {
        "start": { "line": 75, "column": 22 },
        "end": { "line": 75, "column": null }
      },
      "31": {
        "start": { "line": 76, "column": 4 },
        "end": { "line": 76, "column": null }
      },
      "32": {
        "start": { "line": 78, "column": 4 },
        "end": { "line": 78, "column": null }
      },
      "33": {
        "start": { "line": 79, "column": 4 },
        "end": { "line": 79, "column": null }
      },
      "34": {
        "start": { "line": 80, "column": 4 },
        "end": { "line": 80, "column": null }
      },
      "35": {
        "start": { "line": 82, "column": 4 },
        "end": { "line": 86, "column": null }
      },
      "36": {
        "start": { "line": 85, "column": 8 },
        "end": { "line": 85, "column": null }
      }
    },
    "fnMap": {
      "0": {
        "name": "(anonymous_0)",
        "decl": {
          "start": { "line": 5, "column": 25 },
          "end": { "line": 5, "column": 31 }
        },
        "loc": {
          "start": { "line": 5, "column": 31 },
          "end": { "line": 88, "column": 1 }
        }
      },
      "1": {
        "name": "(anonymous_1)",
        "decl": {
          "start": { "line": 6, "column": 20 },
          "end": { "line": 6, "column": 26 }
        },
        "loc": {
          "start": { "line": 6, "column": 26 },
          "end": { "line": 14, "column": null }
        }
      },
      "2": {
        "name": "(anonymous_2)",
        "decl": {
          "start": { "line": 16, "column": 34 },
          "end": { "line": 16, "column": 40 }
        },
        "loc": {
          "start": { "line": 16, "column": 40 },
          "end": { "line": 29, "column": 3 }
        }
      },
      "3": {
        "name": "(anonymous_3)",
        "decl": {
          "start": { "line": 31, "column": 53 },
          "end": { "line": 31, "column": 59 }
        },
        "loc": {
          "start": { "line": 31, "column": 59 },
          "end": { "line": 49, "column": 3 }
        }
      },
      "4": {
        "name": "(anonymous_4)",
        "decl": {
          "start": { "line": 51, "column": 45 },
          "end": { "line": 51, "column": 51 }
        },
        "loc": {
          "start": { "line": 51, "column": 51 },
          "end": { "line": 56, "column": 3 }
        }
      },
      "5": {
        "name": "(anonymous_5)",
        "decl": {
          "start": { "line": 58, "column": 64 },
          "end": { "line": 58, "column": 70 }
        },
        "loc": {
          "start": { "line": 58, "column": 70 },
          "end": { "line": 64, "column": 3 }
        }
      },
      "6": {
        "name": "(anonymous_6)",
        "decl": {
          "start": { "line": 66, "column": 45 },
          "end": { "line": 66, "column": 51 }
        },
        "loc": {
          "start": { "line": 66, "column": 51 },
          "end": { "line": 70, "column": 3 }
        }
      },
      "7": {
        "name": "(anonymous_7)",
        "decl": {
          "start": { "line": 72, "column": 53 },
          "end": { "line": 72, "column": 59 }
        },
        "loc": {
          "start": { "line": 72, "column": 59 },
          "end": { "line": 87, "column": 3 }
        }
      },
      "8": {
        "name": "(anonymous_8)",
        "decl": {
          "start": { "line": 84, "column": 12 },
          "end": { "line": 84, "column": 18 }
        },
        "loc": {
          "start": { "line": 84, "column": 18 },
          "end": { "line": 86, "column": 7 }
        }
      }
    },
    "branchMap": {},
    "s": {
      "0": 7,
      "1": 7,
      "2": 27,
      "3": 7,
      "4": 7,
      "5": 7,
      "6": 7,
      "7": 7,
      "8": 7,
      "9": 7,
      "10": 7,
      "11": 6,
      "12": 6,
      "13": 6,
      "14": 6,
      "15": 6,
      "16": 6,
      "17": 6,
      "18": 7,
      "19": 5,
      "20": 5,
      "21": 7,
      "22": 4,
      "23": 4,
      "24": 4,
      "25": 7,
      "26": 3,
      "27": 3,
      "28": 7,
      "29": 2,
      "30": 2,
      "31": 2,
      "32": 2,
      "33": 2,
      "34": 2,
      "35": 2,
      "36": 2
    },
    "f": {
      "0": 7,
      "1": 27,
      "2": 7,
      "3": 6,
      "4": 5,
      "5": 4,
      "6": 3,
      "7": 2,
      "8": 2
    },
    "b": {}
  },
  "C:/Users/arsen/autowiki/src/pages/AuthPage.jsx": {
    "path": "C:/Users/arsen/autowiki/src/pages/AuthPage.jsx",
    "statementMap": {
      "0": {
        "start": { "line": 8, "column": 17 },
        "end": { "line": 134, "column": null }
      },
      "1": {
        "start": { "line": 9, "column": 46 },
        "end": { "line": 9, "column": null }
      },
      "2": {
        "start": { "line": 10, "column": 19 },
        "end": { "line": 10, "column": null }
      },
      "3": {
        "start": { "line": 12, "column": 38 },
        "end": { "line": 12, "column": null }
      },
      "4": {
        "start": { "line": 13, "column": 44 },
        "end": { "line": 13, "column": null }
      },
      "5": {
        "start": { "line": 14, "column": 44 },
        "end": { "line": 14, "column": null }
      },
      "6": {
        "start": { "line": 15, "column": 50 },
        "end": { "line": 15, "column": null }
      },
      "7": {
        "start": { "line": 16, "column": 48 },
        "end": { "line": 16, "column": null }
      },
      "8": {
        "start": { "line": 18, "column": 25 },
        "end": { "line": 25, "column": null }
      },
      "9": {
        "start": { "line": 19, "column": 4 },
        "end": { "line": 19, "column": null }
      },
      "10": {
        "start": { "line": 20, "column": 4 },
        "end": { "line": 23, "column": null }
      },
      "11": {
        "start": { "line": 21, "column": 6 },
        "end": { "line": 21, "column": null }
      },
      "12": {
        "start": { "line": 22, "column": 6 },
        "end": { "line": 22, "column": null }
      },
      "13": {
        "start": { "line": 24, "column": 4 },
        "end": { "line": 24, "column": null }
      },
      "14": {
        "start": { "line": 27, "column": 22 },
        "end": { "line": 30, "column": null }
      },
      "15": {
        "start": { "line": 28, "column": 4 },
        "end": { "line": 28, "column": null }
      },
      "16": {
        "start": { "line": 29, "column": 4 },
        "end": { "line": 29, "column": null }
      },
      "17": {
        "start": { "line": 32, "column": 23 },
        "end": { "line": 34, "column": null }
      },
      "18": {
        "start": { "line": 33, "column": 4 },
        "end": { "line": 33, "column": null }
      },
      "19": {
        "start": { "line": 36, "column": 2 },
        "end": { "line": 132, "column": null }
      },
      "20": {
        "start": { "line": 64, "column": 31 },
        "end": { "line": 64, "column": null }
      },
      "21": {
        "start": { "line": 73, "column": 31 },
        "end": { "line": 73, "column": null }
      },
      "22": {
        "start": { "line": 82, "column": 31 },
        "end": { "line": 82, "column": null }
      },
      "23": {
        "start": { "line": 104, "column": 31 },
        "end": { "line": 104, "column": null }
      },
      "24": {
        "start": { "line": 113, "column": 31 },
        "end": { "line": 113, "column": null }
      }
    },
    "fnMap": {
      "0": {
        "name": "(anonymous_0)",
        "decl": {
          "start": { "line": 8, "column": 17 },
          "end": { "line": 8, "column": 23 }
        },
        "loc": {
          "start": { "line": 8, "column": 23 },
          "end": { "line": 134, "column": null }
        }
      },
      "1": {
        "name": "(anonymous_1)",
        "decl": {
          "start": { "line": 18, "column": 25 },
          "end": { "line": 18, "column": 32 }
        },
        "loc": {
          "start": { "line": 18, "column": 42 },
          "end": { "line": 25, "column": null }
        }
      },
      "2": {
        "name": "(anonymous_2)",
        "decl": {
          "start": { "line": 27, "column": 22 },
          "end": { "line": 27, "column": 29 }
        },
        "loc": {
          "start": { "line": 27, "column": 39 },
          "end": { "line": 30, "column": null }
        }
      },
      "3": {
        "name": "(anonymous_3)",
        "decl": {
          "start": { "line": 32, "column": 23 },
          "end": { "line": 32, "column": 29 }
        },
        "loc": {
          "start": { "line": 32, "column": 29 },
          "end": { "line": 34, "column": null }
        }
      },
      "4": {
        "name": "(anonymous_4)",
        "decl": {
          "start": { "line": 64, "column": 24 },
          "end": { "line": 64, "column": 25 }
        },
        "loc": {
          "start": { "line": 64, "column": 31 },
          "end": { "line": 64, "column": null }
        }
      },
      "5": {
        "name": "(anonymous_5)",
        "decl": {
          "start": { "line": 73, "column": 24 },
          "end": { "line": 73, "column": 25 }
        },
        "loc": {
          "start": { "line": 73, "column": 31 },
          "end": { "line": 73, "column": null }
        }
      },
      "6": {
        "name": "(anonymous_6)",
        "decl": {
          "start": { "line": 82, "column": 24 },
          "end": { "line": 82, "column": 25 }
        },
        "loc": {
          "start": { "line": 82, "column": 31 },
          "end": { "line": 82, "column": null }
        }
      },
      "7": {
        "name": "(anonymous_7)",
        "decl": {
          "start": { "line": 104, "column": 24 },
          "end": { "line": 104, "column": 25 }
        },
        "loc": {
          "start": { "line": 104, "column": 31 },
          "end": { "line": 104, "column": null }
        }
      },
      "8": {
        "name": "(anonymous_8)",
        "decl": {
          "start": { "line": 113, "column": 24 },
          "end": { "line": 113, "column": 25 }
        },
        "loc": {
          "start": { "line": 113, "column": 31 },
          "end": { "line": 113, "column": null }
        }
      }
    },
    "branchMap": {
      "0": {
        "loc": {
          "start": { "line": 20, "column": 4 },
          "end": { "line": 23, "column": null }
        },
        "type": "if",
        "locations": [
          {
            "start": { "line": 20, "column": 4 },
            "end": { "line": 23, "column": null }
          }
        ]
      },
      "1": {
        "loc": {
          "start": { "line": 47, "column": 9 },
          "end": { "line": 52, "column": null }
        },
        "type": "binary-expr",
        "locations": [
          {
            "start": { "line": 47, "column": 9 },
            "end": { "line": 47, "column": null }
          },
          {
            "start": { "line": 48, "column": 10 },
            "end": { "line": 52, "column": null }
          }
        ]
      },
      "2": {
        "loc": {
          "start": { "line": 89, "column": 15 },
          "end": { "line": 89, "column": null }
        },
        "type": "cond-expr",
        "locations": [
          {
            "start": { "line": 89, "column": 25 },
            "end": { "line": 89, "column": 43 }
          },
          {
            "start": { "line": 89, "column": 43 },
            "end": { "line": 89, "column": null }
          }
        ]
      },
      "3": {
        "loc": {
          "start": { "line": 120, "column": 15 },
          "end": { "line": 120, "column": null }
        },
        "type": "cond-expr",
        "locations": [
          {
            "start": { "line": 120, "column": 25 },
            "end": { "line": 120, "column": 37 }
          },
          {
            "start": { "line": 120, "column": 37 },
            "end": { "line": 120, "column": null }
          }
        ]
      }
    },
    "s": {
      "0": 7,
      "1": 418,
      "2": 418,
      "3": 418,
      "4": 418,
      "5": 418,
      "6": 418,
      "7": 418,
      "8": 418,
      "9": 2,
      "10": 2,
      "11": 2,
      "12": 2,
      "13": 0,
      "14": 418,
      "15": 13,
      "16": 13,
      "17": 418,
      "18": 3,
      "19": 418,
      "20": 24,
      "21": 14,
      "22": 14,
      "23": 175,
      "24": 131
    },
    "f": {
      "0": 418,
      "1": 2,
      "2": 13,
      "3": 3,
      "4": 24,
      "5": 14,
      "6": 14,
      "7": 175,
      "8": 131
    },
    "b": { "0": [2], "1": [418, 6], "2": [13, 405], "3": [13, 405] }
  },
  "C:/Users/arsen/autowiki/src/pages/BrandPage.cy.jsx": {
    "path": "C:/Users/arsen/autowiki/src/pages/BrandPage.cy.jsx",
    "statementMap": {
      "0": {
        "start": { "line": 5, "column": 0 },
        "end": { "line": 109, "column": null }
      },
      "1": {
        "start": { "line": 6, "column": 18 },
        "end": { "line": 6, "column": null }
      },
      "2": {
        "start": { "line": 8, "column": 20 },
        "end": { "line": 18, "column": null }
      },
      "3": {
        "start": { "line": 9, "column": 4 },
        "end": { "line": 17, "column": null }
      },
      "4": {
        "start": { "line": 20, "column": 2 },
        "end": { "line": 32, "column": null }
      },
      "5": {
        "start": { "line": 21, "column": 4 },
        "end": { "line": 23, "column": null }
      },
      "6": {
        "start": { "line": 24, "column": 4 },
        "end": { "line": 26, "column": null }
      },
      "7": {
        "start": { "line": 28, "column": 4 },
[...]
      },
      "30": {
        "start": { "line": 87, "column": 4 },
        "end": { "line": 87, "column": null }
      },
      "31": {
        "start": { "line": 89, "column": 4 },
        "end": { "line": 89, "column": null }
      },
      "32": {
        "start": { "line": 92, "column": 2 },
        "end": { "line": 112, "column": null }
      },
      "33": {
        "start": { "line": 93, "column": 17 },
        "end": { "line": 93, "column": null }
      },
      "34": {
        "start": { "line": 94, "column": 4 },
        "end": { "line": 96, "column": null }
      },
      "35": {
        "start": { "line": 97, "column": 4 },
        "end": { "line": 105, "column": null }
      },
      "36": {
        "start": { "line": 107, "column": 4 },
        "end": { "line": 107, "column": null }
      },
      "37": {
        "start": { "line": 108, "column": 4 },
        "end": { "line": 108, "column": null }
      },
      "38": {
        "start": { "line": 110, "column": 4 },
        "end": { "line": 110, "column": null }
      },
      "39": {
        "start": { "line": 111, "column": 4 },
        "end": { "line": 111, "column": null }
      },
      "40": {
        "start": { "line": 114, "column": 2 },
        "end": { "line": 128, "column": null }
      },
      "41": {
        "start": { "line": 115, "column": 4 },
        "end": { "line": 115, "column": null }
      },
      "42": {
        "start": { "line": 115, "column": 38 },
        "end": { "line": 115, "column": 43 }
      },
      "43": {
        "start": { "line": 116, "column": 4 },
        "end": { "line": 118, "column": null }
      },
      "44": {
        "start": { "line": 119, "column": 4 },
        "end": { "line": 121, "column": null }
      },
      "45": {
        "start": { "line": 123, "column": 4 },
        "end": { "line": 123, "column": null }
      },
      "46": {
        "start": { "line": 124, "column": 4 },
        "end": { "line": 124, "column": null }
      },
      "47": {
        "start": { "line": 126, "column": 4 },
        "end": { "line": 126, "column": null }
      },
      "48": {
        "start": { "line": 127, "column": 4 },
        "end": { "line": 127, "column": null }
      }
    },
    "fnMap": {
      "0": {
        "name": "(anonymous_0)",
        "decl": {
          "start": { "line": 5, "column": 26 },
          "end": { "line": 5, "column": 32 }
        },
        "loc": {
          "start": { "line": 5, "column": 32 },
          "end": { "line": 129, "column": 1 }
        }
      },
      "1": {
        "name": "(anonymous_1)",
        "decl": {
          "start": { "line": 9, "column": 20 },
          "end": { "line": 9, "column": 26 }
        },
        "loc": {
          "start": { "line": 9, "column": 26 },
          "end": { "line": 22, "column": null }
        }
      },
      "2": {
        "name": "(anonymous_2)",
        "decl": {
          "start": { "line": 24, "column": 34 },
          "end": { "line": 24, "column": 40 }
        },
        "loc": {
          "start": { "line": 24, "column": 40 },
          "end": { "line": 42, "column": 3 }
        }
      },
      "3": {
        "name": "(anonymous_3)",
        "decl": {
          "start": { "line": 44, "column": 53 },
          "end": { "line": 44, "column": 59 }
        },
        "loc": {
          "start": { "line": 44, "column": 59 },
          "end": { "line": 60, "column": 3 }
        }
      },
      "4": {
        "name": "(anonymous_4)",
        "decl": {
          "start": { "line": 62, "column": 45 },
          "end": { "line": 62, "column": 51 }
        },
        "loc": {
          "start": { "line": 62, "column": 51 },
          "end": { "line": 76, "column": 3 }
        }
      },
      "5": {
        "name": "(anonymous_5)",
        "decl": {
          "start": { "line": 78, "column": 48 },
          "end": { "line": 78, "column": 54 }
        },
        "loc": {
          "start": { "line": 78, "column": 54 },
          "end": { "line": 90, "column": 3 }
        }
      },
      "6": {
        "name": "(anonymous_6)",
        "decl": {
          "start": { "line": 92, "column": 32 },
          "end": { "line": 92, "column": 38 }
        },
        "loc": {
          "start": { "line": 92, "column": 38 },
          "end": { "line": 112, "column": 3 }
        }
      },
      "7": {
        "name": "(anonymous_7)",
        "decl": {
          "start": { "line": 114, "column": 49 },
          "end": { "line": 114, "column": 55 }
        },
        "loc": {
          "start": { "line": 114, "column": 55 },
          "end": { "line": 128, "column": 3 }
        }
      },
      "8": {
        "name": "(anonymous_8)",
        "decl": {
          "start": { "line": 115, "column": 32 },
          "end": { "line": 115, "column": 38 }
        },
        "loc": {
          "start": { "line": 115, "column": 38 },
          "end": { "line": 115, "column": 43 }
        }
      }
    },
    "branchMap": {},
    "s": {
      "0": 7,
      "1": 7,
      "2": 7,
      "3": 7,
      "4": 27,
      "5": 7,
      "6": 7,
      "7": 7,
      "8": 7,
      "9": 7,
      "10": 7,
      "11": 7,
      "12": 6,
      "13": 6,
      "14": 6,
      "15": 6,
      "16": 6,
      "17": 6,
      "18": 7,
      "19": 5,
      "20": 5,
      "21": 5,
      "22": 5,
      "23": 5,
      "24": 5,
      "25": 5,
      "26": 7,
      "27": 4,
      "28": 4,
      "29": 4,
      "30": 4,
      "31": 4,
      "32": 7,
      "33": 3,
      "34": 3,
      "35": 3,
      "36": 3,
      "37": 3,
      "38": 3,
      "39": 3,
      "40": 7,
      "41": 2,
      "42": 2,
      "43": 2,
      "44": 2,
      "45": 2,
      "46": 2,
      "47": 2,
      "48": 2
    },
    "f": {
      "0": 7,
      "1": 27,
      "2": 7,
      "3": 6,
      "4": 5,
      "5": 4,
      "6": 3,
      "7": 2,
      "8": 2
    },
    "b": {}
  },
  "C:/Users/arsen/autowiki/src/pages/ModelPage.jsx": {
    "path": "C:/Users/arsen/autowiki/src/pages/ModelPage.jsx",
    "statementMap": {
      "0": {
        "start": { "line": 7, "column": 18 },
        "end": { "line": 93, "column": null }
      },
      "1": {
        "start": { "line": 8, "column": 31 },
        "end": { "line": 8, "column": null }
      },
      "2": {
        "start": { "line": 9, "column": 19 },
        "end": { "line": 9, "column": null }
      },
      "3": {
        "start": { "line": 15, "column": 6 },
        "end": { "line": 15, "column": null }
      },
      "4": {
        "start": { "line": 16, "column": 53 },
        "end": { "line": 18, "column": null }
      },
      "5": {
        "start": { "line": 19, "column": 23 },
        "end": { "line": 19, "column": null }
      },
      "6": {
        "start": { "line": 19, "column": 29 },
        "end": { "line": 19, "column": null }
      },
      "7": {
        "start": { "line": 21, "column": 2 },
        "end": { "line": 32, "column": null }
      },
      "8": {
        "start": { "line": 22, "column": 4 },
        "end": { "line": 30, "column": null }
      },
      "9": {
        "start": { "line": 34, "column": 2 },
        "end": { "line": 48, "column": null }
      },
      "10": {
        "start": { "line": 35, "column": 4 },
        "end": { "line": 46, "column": null }
      },
      "11": {
        "start": { "line": 50, "column": 2 },
        "end": { "line": 91, "column": null }
      },
      "12": {
        "start": { "line": 73, "column": 18 },
        "end": { "line": 73, "column": null }
      },
      "13": {
        "start": { "line": 84, "column": 16 },
        "end": { "line": 84, "column": null }
      },
      "14": {
        "start": { "line": 85, "column": 16 },
        "end": { "line": 85, "column": null }
      }
    },
    "fnMap": {
      "0": {
        "name": "(anonymous_0)",
        "decl": {
          "start": { "line": 7, "column": 18 },
          "end": { "line": 7, "column": 24 }
        },
        "loc": {
          "start": { "line": 7, "column": 24 },
          "end": { "line": 93, "column": null }
        }
      },
      "1": {
        "name": "(anonymous_1)",
        "decl": {
          "start": { "line": 19, "column": 23 },
          "end": { "line": 19, "column": 29 }
        },
        "loc": {
          "start": { "line": 19, "column": 29 },
          "end": { "line": 19, "column": null }
        }
      },
      "2": {
        "name": "(anonymous_2)",
        "decl": {
          "start": { "line": 72, "column": 40 },
          "end": { "line": 72, "column": 41 }
        },
        "loc": {
          "start": { "line": 73, "column": 18 },
          "end": { "line": 73, "column": null }
        }
      },
      "3": {
        "name": "(anonymous_3)",
        "decl": {
          "start": { "line": 83, "column": 23 },
          "end": { "line": 83, "column": 24 }
        },
        "loc": {
          "start": { "line": 83, "column": 30 },
          "end": { "line": 86, "column": null }
        }
      }
    },
    "branchMap": {
      "0": {
        "loc": {
          "start": { "line": 21, "column": 2 },
          "end": { "line": 32, "column": null }
        },
        "type": "if",
        "locations": [
          {
            "start": { "line": 21, "column": 2 },
            "end": { "line": 32, "column": null }
          }
        ]
      },
      "1": {
        "loc": {
          "start": { "line": 21, "column": 6 },
          "end": { "line": 21, "column": 38 }
        },
        "type": "binary-expr",
        "locations": [
          {
            "start": { "line": 21, "column": 6 },
            "end": { "line": 21, "column": 24 }
          },
          {
            "start": { "line": 21, "column": 24 },
            "end": { "line": 21, "column": 38 }
          }
        ]
      },
      "2": {
        "loc": {
          "start": { "line": 34, "column": 2 },
          "end": { "line": 48, "column": null }
        },
        "type": "if",
        "locations": [
          {
            "start": { "line": 34, "column": 2 },
            "end": { "line": 48, "column": null }
          }
        ]
      },
      "3": {
        "loc": {
          "start": { "line": 34, "column": 6 },
          "end": { "line": 34, "column": 51 }
        },
        "type": "binary-expr",
        "locations": [
          {
            "start": { "line": 34, "column": 6 },
            "end": { "line": 34, "column": 22 }
          },
          {
            "start": { "line": 34, "column": 22 },
            "end": { "line": 34, "column": 39 }
          },
          {
            "start": { "line": 34, "column": 39 },
            "end": { "line": 34, "column": 51 }
          }
        ]
      },
      "4": {
        "loc": {
          "start": { "line": 60, "column": 32 },
          "end": { "line": 60, "column": null }
        },
        "type": "binary-expr",
        "locations": [
          {
            "start": { "line": 60, "column": 32 },
            "end": { "line": 60, "column": 58 }
          },
          {
            "start": { "line": 60, "column": 58 },
            "end": { "line": 60, "column": null }
          }
        ]
      }
    },
    "s": {
      "0": 7,
      "1": 72,
      "2": 72,
      "3": 72,
      "4": 72,
      "5": 72,
      "6": 4,
      "7": 72,
      "8": 45,
      "9": 27,
      "10": 6,
      "11": 21,
      "12": 15,
      "13": 25,
      "14": 25
    },
    "f": { "0": 72, "1": 4, "2": 15, "3": 25 },
    "b": { "0": [45], "1": [72, 45], "2": [6], "3": [27, 21, 21], "4": [21, 0] }
  },
  "C:/Users/arsen/autowiki/src/pages/NotFoundPage.cy.jsx": {
    "path": "C:/Users/arsen/autowiki/src/pages/NotFoundPage.cy.jsx",
    "statementMap": {
      "0": {
        "start": { "line": 5, "column": 0 },
        "end": { "line": 49, "column": null }
      },
      "1": {
        "start": { "line": 6, "column": 2 },
        "end": { "line": 15, "column": null }
      },
      "2": {
        "start": { "line": 7, "column": 4 },
        "end": { "line": 13, "column": null }
      },
      "3": {
        "start": { "line": 14, "column": 4 },
        "end": { "line": 14, "column": null }
      },
      "4": {
        "start": { "line": 17, "column": 2 },
        "end": { "line": 26, "column": null }
      },
      "5": {
        "start": { "line": 18, "column": 4 },
        "end": { "line": 24, "column": null }
      },
      "6": {
        "start": { "line": 25, "column": 4 },
        "end": { "line": 25, "column": null }
      },
      "7": {
        "start": { "line": 28, "column": 2 },
        "end": { "line": 37, "column": null }
      },
      "8": {
        "start": { "line": 29, "column": 4 },
        "end": { "line": 35, "column": null }
      },
      "9": {
        "start": { "line": 36, "column": 4 },
        "end": { "line": 36, "column": null }
      },
      "10": {
        "start": { "line": 39, "column": 2 },
        "end": { "line": 48, "column": null }
      },
      "11": {
        "start": { "line": 40, "column": 4 },
        "end": { "line": 46, "column": null }
      },
      "12": {
        "start": { "line": 47, "column": 4 },
        "end": { "line": 47, "column": null }
      }
    },
    "fnMap": {
      "0": {
        "name": "(anonymous_0)",
        "decl": {
          "start": { "line": 5, "column": 29 },
          "end": { "line": 5, "column": 35 }
        },
        "loc": {
          "start": { "line": 5, "column": 35 },
          "end": { "line": 49, "column": 1 }
        }
      },
      "1": {
        "name": "(anonymous_1)",
        "decl": {
          "start": { "line": 6, "column": 23 },
          "end": { "line": 6, "column": 29 }
        },
        "loc": {
          "start": { "line": 6, "column": 29 },
          "end": { "line": 15, "column": 3 }
        }
      },
      "2": {
        "name": "(anonymous_2)",
        "decl": {
          "start": { "line": 17, "column": 37 },
          "end": { "line": 17, "column": 43 }
        },
        "loc": {
          "start": { "line": 17, "column": 43 },
          "end": { "line": 26, "column": 3 }
        }
      },
      "3": {
        "name": "(anonymous_3)",
        "decl": {
          "start": { "line": 28, "column": 36 },
          "end": { "line": 28, "column": 42 }
        },
        "loc": {
          "start": { "line": 28, "column": 42 },
          "end": { "line": 37, "column": 3 }
        }
      },
      "4": {
        "name": "(anonymous_4)",
        "decl": {
          "start": { "line": 39, "column": 53 },
          "end": { "line": 39, "column": 59 }
        },
        "loc": {
          "start": { "line": 39, "column": 59 },
          "end": { "line": 48, "column": 3 }
        }
      }
    },
    "branchMap": {},
    "s": {
      "0": 5,
      "1": 5,
      "2": 5,
      "3": 5,
      "4": 5,
      "5": 4,
      "6": 4,
      "7": 5,
      "8": 3,
      "9": 3,
      "10": 5,
      "11": 2,
      "12": 2
    },
    "f": { "0": 5, "1": 5, "2": 4, "3": 3, "4": 2 },
    "b": {}
  },
  "C:/Users/arsen/autowiki/src/pages/NotFoundPage.jsx": {
    "path": "C:/Users/arsen/autowiki/src/pages/NotFoundPage.jsx",
    "statementMap": {
      "0": {
        "start": { "line": 5, "column": 21 },
        "end": { "line": 24, "column": null }
      },
      "1": {
        "start": { "line": 6, "column": 2 },
        "end": { "line": 22, "column": null }
      }
    },
    "fnMap": {
      "0": {
        "name": "(anonymous_0)",
        "decl": {
          "start": { "line": 5, "column": 21 },
          "end": { "line": 5, "column": 27 }
        },
        "loc": {
          "start": { "line": 5, "column": 27 },
          "end": { "line": 24, "column": null }
        }
      }
    },
    "branchMap": {},
    "s": { "0": 5, "1": 14 },
    "f": { "0": 14 },
    "b": {}
  },
  "C:/Users/arsen/autowiki/src/pages/ProfilePage.cy.jsx": {
    "path": "C:/Users/arsen/autowiki/src/pages/ProfilePage.cy.jsx",
    "statementMap": {
      "0": {
        "start": { "line": 5, "column": 0 },
        "end": { "line": 49, "column": null }
      },
      "1": {
        "start": { "line": 6, "column": 2 },
        "end": { "line": 15, "column": null }
      },
      "2": {
        "start": { "line": 7, "column": 4 },
        "end": { "line": 13, "column": null }
      },
      "3": {
        "start": { "line": 14, "column": 4 },
        "end": { "line": 14, "column": null }
      },
      "4": {
        "start": { "line": 17, "column": 2 },
        "end": { "line": 26, "column": null }
      },
      "5": {
        "start": { "line": 18, "column": 4 },
        "end": { "line": 24, "column": null }
      },
      "6": {
        "start": { "line": 25, "column": 4 },
        "end": { "line": 25, "column": null }
      },
      "7": {
        "start": { "line": 28, "column": 2 },
        "end": { "line": 37, "column": null }
      },
      "8": {
        "start": { "line": 29, "column": 4 },
        "end": { "line": 35, "column": null }
      },
      "9": {
        "start": { "line": 36, "column": 4 },
        "end": { "line": 36, "column": null }
      },
      "10": {
        "start": { "line": 39, "column": 2 },
        "end": { "line": 48, "column": null }
      },
      "11": {
        "start": { "line": 40, "column": 4 },
        "end": { "line": 46, "column": null }
      },
      "12": {
        "start": { "line": 47, "column": 4 },
        "end": { "line": 47, "column": null }
      }
    },
    "fnMap": {
      "0": {
        "name": "(anonymous_0)",
        "decl": {
          "start": { "line": 5, "column": 28 },
          "end": { "line": 5, "column": 34 }
        },
        "loc": {
          "start": { "line": 5, "column": 34 },
          "end": { "line": 49, "column": 1 }
        }
      },
      "1": {
        "name": "(anonymous_1)",
        "decl": {
          "start": { "line": 6, "column": 37 },
          "end": { "line": 6, "column": 43 }
        },
        "loc": {
          "start": { "line": 6, "column": 43 },
          "end": { "line": 15, "column": 3 }
        }
      },
      "2": {
        "name": "(anonymous_2)",
        "decl": {
          "start": { "line": 17, "column": 43 },
          "end": { "line": 17, "column": 49 }
        },
        "loc": {
          "start": { "line": 17, "column": 49 },
          "end": { "line": 26, "column": 3 }
        }
      },
      "3": {
        "name": "(anonymous_3)",
        "decl": {
          "start": { "line": 28, "column": 45 },
          "end": { "line": 28, "column": 51 }
        },
        "loc": {
          "start": { "line": 28, "column": 51 },
          "end": { "line": 37, "column": 3 }
        }
      },
      "4": {
        "name": "(anonymous_4)",
        "decl": {
          "start": { "line": 39, "column": 40 },
          "end": { "line": 39, "column": 46 }
        },
        "loc": {
          "start": { "line": 39, "column": 46 },
          "end": { "line": 48, "column": 3 }
        }
      }
    },
    "branchMap": {},
    "s": {
      "0": 5,
      "1": 5,
      "2": 5,
      "3": 5,
      "4": 5,
      "5": 4,
      "6": 4,
      "7": 5,
      "8": 3,
      "9": 3,
      "10": 5,
      "11": 2,
      "12": 2
    },
    "f": { "0": 5, "1": 5, "2": 4, "3": 3, "4": 2 },
    "b": {}
  },
  "C:/Users/arsen/autowiki/src/pages/ProfilePage.jsx": {
    "path": "C:/Users/arsen/autowiki/src/pages/ProfilePage.jsx",
    "statementMap": {
      "0": {
        "start": { "line": 4, "column": 20 },
        "end": { "line": 20, "column": null }
      },
      "1": {
        "start": { "line": 5, "column": 2 },
        "end": { "line": 18, "column": null }
      }
    },
    "fnMap": {
      "0": {
        "name": "(anonymous_0)",
        "decl": {
          "start": { "line": 4, "column": 20 },
          "end": { "line": 4, "column": 26 }
        },
        "loc": {
          "start": { "line": 4, "column": 26 },
          "end": { "line": 20, "column": null }
        }
      }
    },
    "branchMap": {},
    "s": { "0": 5, "1": 14 },
    "f": { "0": 14 },
    "b": {}
  }
}
