TN:
SF:src\components\BrandCard.cy.jsx
FN:4,(anonymous_0)
FN:9,(anonymous_1)
FN:17,(anonymous_2)
FN:31,(anonymous_3)
FN:32,(anonymous_4)
FNF:5
FNH:5
FNDA:12,(anonymous_0)
FNDA:12,(anonymous_1)
FNDA:12,(anonymous_2)
FNDA:8,(anonymous_3)
FNDA:8,(anonymous_4)
DA:4,12
DA:5,12
DA:6,12
DA:9,12
DA:10,12
DA:17,12
DA:18,12
DA:26,12
DA:27,12
DA:28,12
DA:31,12
DA:32,8
DA:34,8
DA:40,8
DA:42,8
LF:15
LH:15
BRF:0
BRH:0
end_of_record
TN:
SF:src\components\BrandCard.jsx
FN:4,(anonymous_0)
FN:7,(anonymous_1)
FN:18,(anonymous_2)
FNF:3
FNH:3
FNDA:368,(anonymous_0)
FNDA:36,(anonymous_1)
FNDA:20,(anonymous_2)
DA:4,40
DA:5,368
DA:7,368
DA:8,36
DA:10,368
DA:19,20
DA:20,20
DA:21,20
LF:8
LH:8
BRDA:13,0,0,20
BRDA:13,0,1,348
BRDA:21,1,0,20
BRDA:27,2,0,20
BRDA:27,2,1,348
BRF:5
BRH:5
end_of_record
TN:
SF:src\components\Button.cy.jsx
FN:3,(anonymous_0)
FN:4,(anonymous_1)
FNF:2
FNH:2
FNDA:8,(anonymous_0)
FNDA:8,(anonymous_1)
DA:3,8
DA:4,8
DA:5,8
DA:7,8
DA:13,8
DA:15,8
DA:17,8
DA:18,8
LF:8
LH:8
BRF:0
BRH:0
end_of_record
TN:
SF:src\components\Button.jsx
FN:3,(anonymous_0)
FNF:1
FNH:1
FNDA:5248,(anonymous_0)
DA:3,92
DA:4,5248
DA:6,5248
LF:3
LH:3
BRDA:3,0,0,1904
BRDA:3,1,0,1788
BRF:2
BRH:2
end_of_record
TN:
SF:src\components\GuestRoute.cy.jsx
FN:5,(anonymous_0)
FN:6,(anonymous_1)
FN:8,(anonymous_2)
FN:9,(anonymous_3)
FN:29,(anonymous_4)
FN:35,(anonymous_5)
FNF:6
FNH:6
FNDA:8,(anonymous_0)
FNDA:12,(anonymous_1)
FNDA:12,(anonymous_2)
FNDA:20,(anonymous_3)
FNDA:12,(anonymous_4)
FNDA:8,(anonymous_5)
DA:5,12
DA:6,12
DA:8,12
DA:9,12
DA:10,20
DA:29,12
DA:30,12
DA:31,12
DA:32,12
DA:35,12
DA:36,8
DA:37,8
DA:38,8
LF:13
LH:13
BRF:0
BRH:0
end_of_record
TN:
SF:src\components\GuestRoute.jsx
FN:4,(anonymous_0)
FNF:1
FNH:1
FNDA:20,(anonymous_0)
DA:4,12
DA:5,20
DA:7,20
DA:8,8
DA:11,12
LF:5
LH:5
BRDA:7,0,0,8
BRF:1
BRH:1
end_of_record
TN:
SF:src\components\Header.cy.jsx
FN:5,(anonymous_0)
FN:6,(anonymous_1)
FN:18,(anonymous_2)
FN:23,(anonymous_3)
FNF:4
FNH:4
FNDA:12,(anonymous_0)
FNDA:20,(anonymous_1)
FNDA:12,(anonymous_2)
FNDA:8,(anonymous_3)
DA:5,12
DA:6,12
DA:7,20
DA:9,20
DA:18,12
DA:19,12
DA:20,12
DA:23,12
DA:24,8
DA:25,8
LF:10
LH:10
BRF:0
BRH:0
end_of_record
TN:
SF:src\components\Header.jsx
FN:5,(anonymous_0)
FN:5,(anonymous_1)
FN:3,(anonymous_0)
FNF:3
FNH:3
FNDA:14,(anonymous_0)
FNDA:5,(anonymous_1)
FNDA:1205,(anonymous_0)
DA:3,136
DA:5,2429
DA:6,1219
DA:8,14
DA:39,5
DA:40,5
LF:6
LH:6
BRDA:21,0,0,0
BRDA:21,0,1,14
BRDA:17,1,0,8
BRDA:17,1,1,1197
BRF:4
BRH:3
end_of_record
TN:
SF:src\components\InputField.cy.jsx
FN:3,(anonymous_0)
FN:4,(anonymous_1)
FNF:2
FNH:2
FNDA:8,(anonymous_0)
FNDA:8,(anonymous_1)
DA:3,8
DA:4,8
DA:5,8
DA:7,8
DA:15,8
DA:17,8
DA:19,8
LF:7
LH:7
BRF:0
BRH:0
end_of_record
TN:
SF:src\components\InputField.jsx
FN:3,(anonymous_0)
FNF:1
FNH:1
FNDA:8944,(anonymous_0)
DA:3,104
DA:13,8944
DA:14,8944
LF:3
LH:3
BRDA:5,0,0,8
BRDA:10,1,0,584
BRDA:11,2,0,8368
BRF:3
BRH:3
end_of_record
TN:
SF:src\components\ModelCard.cy.jsx
FN:4,(anonymous_0)
FN:9,(anonymous_1)
FN:17,(anonymous_2)
FNF:3
FNH:3
FNDA:8,(anonymous_0)
FNDA:8,(anonymous_1)
FNDA:8,(anonymous_2)
DA:4,8
DA:5,8
DA:6,8
DA:9,8
DA:10,8
DA:17,8
DA:18,8
DA:30,8
DA:31,8
DA:32,8
LF:10
LH:10
BRF:0
BRH:0
end_of_record
TN:
SF:src\components\ModelCard.jsx
FN:4,(anonymous_0)
FN:14,(anonymous_1)
FNF:2
FNH:2
FNDA:112,(anonymous_0)
FNDA:24,(anonymous_1)
DA:4,36
DA:5,112
DA:7,112
DA:14,112
DA:15,24
DA:17,24
DA:18,24
DA:19,24
DA:20,24
DA:22,0
DA:26,112
LF:11
LH:10
BRDA:17,0,0,24
BRDA:17,0,1,0
BRDA:17,1,0,24
BRDA:17,1,1,24
BRF:4
BRH:3
end_of_record
TN:
SF:src\components\ProtectedRoute.cy.jsx
FN:5,(anonymous_0)
FN:6,(anonymous_1)
FN:8,(anonymous_2)
FN:9,(anonymous_3)
FN:29,(anonymous_4)
FN:35,(anonymous_5)
FNF:6
FNH:6
FNDA:12,(anonymous_0)
FNDA:8,(anonymous_1)
FNDA:12,(anonymous_2)
FNDA:20,(anonymous_3)
FNDA:12,(anonymous_4)
FNDA:8,(anonymous_5)
DA:5,12
DA:6,12
DA:8,12
DA:9,12
DA:10,20
DA:29,12
DA:30,12
DA:31,12
DA:32,12
DA:35,12
DA:36,8
DA:37,8
DA:38,8
LF:13
LH:13
BRF:0
BRH:0
end_of_record
TN:
SF:src\components\ProtectedRoute.jsx
FN:4,(anonymous_0)
FNF:1
FNH:1
FNDA:20,(anonymous_0)
DA:4,12
DA:5,20
DA:7,20
DA:8,8
DA:11,12
LF:5
LH:5
BRDA:7,0,0,8
BRF:1
BRH:1
end_of_record
TN:
SF:src\components\SearchBar.cy.jsx
FN:3,(anonymous_0)
FN:4,(anonymous_1)
FN:27,(anonymous_2)
FNF:3
FNH:3
FNDA:12,(anonymous_0)
FNDA:12,(anonymous_1)
FNDA:8,(anonymous_2)
DA:3,12
DA:4,12
DA:5,12
DA:6,12
DA:8,12
DA:19,12
DA:20,12
DA:22,12
DA:24,12
DA:27,12
DA:28,8
DA:29,8
LF:12
LH:12
BRF:0
BRH:0
end_of_record
TN:
SF:src\components\SearchBar.jsx
FN:4,(anonymous_0)
FN:40,(anonymous_1)
FNF:2
FNH:2
FNDA:576,(anonymous_0)
FNDA:2224,(anonymous_1)
DA:4,68
DA:14,576
DA:16,576
DA:41,2224
LF:4
LH:4
BRDA:5,0,0,8
BRDA:6,1,0,116
BRDA:7,2,0,0
BRDA:8,3,0,460
BRDA:29,4,0,576
BRDA:29,4,1,452
BRDA:29,4,2,452
BRF:7
BRH:6
end_of_record
TN:
SF:src\context\AuthContext.cy.jsx
FN:3,(anonymous_0)
FN:8,(anonymous_1)
FN:9,(anonymous_2)
FN:10,(anonymous_3)
FN:9,(anonymous_2)
FNF:5
FNH:5
FNDA:18,(anonymous_0)
FNDA:8,(anonymous_1)
FNDA:8,(anonymous_2)
FNDA:8,(anonymous_3)
FNDA:6,(anonymous_2)
DA:3,8
DA:4,18
DA:5,0
DA:8,8
DA:9,8
DA:10,8
DA:11,8
DA:12,6
DA:16,8
LF:9
LH:8
BRDA:11,0,0,0
BRF:1
BRH:0
end_of_record
TN:
SF:src\context\AuthContext.jsx
FN:6,(anonymous_0)
FN:6,(anonymous_1)
FN:12,(anonymous_2)
FN:4,(anonymous_0)
FN:9,(anonymous_1)
FNF:5
FNH:5
FNDA:14,(anonymous_0)
FNDA:2940,(anonymous_1)
FNDA:14,(anonymous_2)
FNDA:768,(anonymous_0)
FNDA:2935,(anonymous_1)
DA:2,196
DA:4,196
DA:6,2934
DA:7,2934
DA:9,196
DA:10,2935
DA:12,5853
DA:13,14
DA:14,14
DA:15,0
DA:19,14
DA:20,5
LF:12
LH:11
BRDA:14,0,0,0
BRDA:10,1,0,12
BRF:2
BRH:1
end_of_record
TN:
SF:src\hooks\useAuth.js
FN:6,(anonymous_0)
FN:7,(anonymous_1)
FN:13,(anonymous_2)
FN:22,(anonymous_3)
FN:32,(anonymous_4)
FN:55,(anonymous_5)
FN:62,(anonymous_6)
FN:76,(anonymous_7)
FNF:8
FNH:5
FNDA:782,(anonymous_0)
FNDA:570,(anonymous_1)
FNDA:558,(anonymous_2)
FNDA:52,(anonymous_3)
FNDA:0,(anonymous_4)
FNDA:52,(anonymous_5)
FNDA:0,(anonymous_6)
FNDA:0,(anonymous_7)
DA:4,201
DA:6,201
DA:7,782
DA:8,782
DA:9,782
DA:10,782
DA:11,782
DA:13,770
DA:14,558
DA:15,0
DA:16,0
DA:17,0
DA:22,770
DA:23,52
DA:24,52
DA:25,52
DA:26,52
DA:32,52
DA:34,52
DA:35,24
DA:38,28
DA:39,0
DA:40,0
DA:42,0
DA:43,0
DA:45,28
DA:47,24
DA:48,24
DA:49,24
DA:51,52
DA:55,770
DA:56,52
DA:57,52
DA:58,28
DA:62,770
DA:63,0
DA:70,0
DA:71,0
DA:72,0
DA:76,770
DA:77,0
DA:78,0
DA:79,0
DA:80,0
DA:81,0
DA:84,770
LF:46
LH:30
BRDA:14,0,0,0
BRDA:16,1,0,0
BRDA:34,2,0,24
BRDA:35,3,0,24
BRDA:35,3,1,0
BRDA:35,3,2,0
BRDA:38,4,0,0
BRDA:38,5,0,28
BRDA:38,5,1,28
BRDA:57,6,0,28
BRDA:70,7,0,0
BRF:11
BRH:5
end_of_record
TN:
SF:src\hooks\useFetch.cy.jsx
FN:3,(anonymous_0)
FN:13,(anonymous_1)
FN:14,(anonymous_2)
FN:30,(anonymous_3)
FN:43,(anonymous_4)
FNF:5
FNH:5
FNDA:64,(anonymous_0)
FNDA:16,(anonymous_1)
FNDA:16,(anonymous_2)
FNDA:12,(anonymous_3)
FNDA:8,(anonymous_4)
DA:3,16
DA:4,64
DA:6,64
DA:7,28
DA:8,16
DA:10,0
DA:13,16
DA:14,16
DA:15,16
DA:17,16
DA:22,16
DA:24,16
DA:25,16
DA:27,16
DA:30,16
DA:31,12
DA:36,12
DA:38,12
DA:40,12
DA:43,16
DA:44,8
DA:49,8
DA:51,8
DA:53,8
LF:24
LH:23
BRDA:6,0,0,36
BRDA:7,1,0,12
BRDA:8,2,0,16
BRF:3
BRH:3
end_of_record
TN:
SF:src\hooks\useFetch.js
FN:5,(anonymous_0)
FN:10,(anonymous_1)
FN:14,(anonymous_2)
FN:40,(anonymous_3)
FNF:4
FNH:4
FNDA:1770,(anonymous_0)
FNDA:576,(anonymous_1)
FNDA:576,(anonymous_2)
FNDA:452,(anonymous_3)
DA:3,100
DA:5,100
DA:6,1770
DA:7,1770
DA:8,1770
DA:10,1770
DA:11,576
DA:12,576
DA:14,576
DA:15,576
DA:16,576
DA:17,576
DA:18,576
DA:20,568
DA:21,64
DA:24,504
DA:25,504
DA:27,72
DA:28,64
DA:29,64
DA:32,576
DA:33,568
DA:38,576
DA:40,576
DA:41,452
DA:45,1770
LF:26
LH:26
BRDA:20,0,0,64
BRDA:27,1,0,64
BRDA:32,2,0,568
BRF:3
BRH:3
end_of_record
TN:
SF:src\pages\AuthPage.cy.jsx
FN:5,(anonymous_0)
FN:6,(anonymous_1)
FN:16,(anonymous_2)
FN:31,(anonymous_3)
FN:51,(anonymous_4)
FN:58,(anonymous_5)
FN:66,(anonymous_6)
FN:72,(anonymous_7)
FN:84,(anonymous_8)
FNF:9
FNH:9
FNDA:28,(anonymous_0)
FNDA:108,(anonymous_1)
FNDA:28,(anonymous_2)
FNDA:24,(anonymous_3)
FNDA:20,(anonymous_4)
FNDA:16,(anonymous_5)
FNDA:12,(anonymous_6)
FNDA:8,(anonymous_7)
FNDA:8,(anonymous_8)
DA:5,28
DA:6,28
DA:7,108
DA:16,28
DA:17,28
DA:22,28
DA:24,28
DA:25,28
DA:26,28
DA:28,28
DA:31,28
DA:32,24
DA:40,24
DA:42,24
DA:43,24
DA:44,24
DA:46,24
DA:48,24
DA:51,28
DA:52,20
DA:53,20
DA:58,28
DA:59,16
DA:61,16
DA:63,16
DA:66,28
DA:67,12
DA:69,12
DA:72,28
DA:73,8
DA:75,8
DA:76,8
DA:78,8
DA:79,8
DA:80,8
DA:82,8
DA:85,8
LF:37
LH:37
BRF:0
BRH:0
end_of_record
TN:
SF:src\pages\AuthPage.jsx
FN:8,(anonymous_0)
FN:18,(anonymous_1)
FN:27,(anonymous_2)
FN:32,(anonymous_3)
FN:64,(anonymous_4)
FN:73,(anonymous_5)
FN:82,(anonymous_6)
FN:104,(anonymous_7)
FN:113,(anonymous_8)
FNF:9
FNH:9
FNDA:1672,(anonymous_0)
FNDA:8,(anonymous_1)
FNDA:52,(anonymous_2)
FNDA:12,(anonymous_3)
FNDA:96,(anonymous_4)
FNDA:56,(anonymous_5)
FNDA:56,(anonymous_6)
FNDA:700,(anonymous_7)
FNDA:524,(anonymous_8)
DA:8,28
DA:9,1672
DA:10,1672
DA:12,1672
DA:13,1672
DA:14,1672
DA:15,1672
DA:16,1672
DA:18,1672
DA:19,8
DA:20,8
DA:21,8
DA:22,8
DA:24,0
DA:27,1672
DA:28,52
DA:29,52
DA:32,1672
DA:33,12
DA:36,1672
DA:64,96
DA:73,56
DA:82,56
DA:104,700
DA:113,524
LF:25
LH:24
BRDA:20,0,0,8
BRDA:47,1,0,1672
BRDA:47,1,1,24
BRDA:89,2,0,52
BRDA:89,2,1,1620
BRDA:120,3,0,52
BRDA:120,3,1,1620
BRF:7
BRH:7
end_of_record
TN:
SF:src\pages\BrandPage.cy.jsx
FN:5,(anonymous_0)
FN:8,(anonymous_1)
FN:20,(anonymous_2)
FN:34,(anonymous_3)
FN:45,(anonymous_4)
FN:66,(anonymous_5)
FN:81,(anonymous_6)
FN:94,(anonymous_7)
FNF:8
FNH:8
FNDA:28,(anonymous_0)
FNDA:108,(anonymous_1)
FNDA:28,(anonymous_2)
FNDA:24,(anonymous_3)
FNDA:20,(anonymous_4)
FNDA:16,(anonymous_5)
FNDA:12,(anonymous_6)
FNDA:8,(anonymous_7)
DA:5,28
DA:6,28
DA:8,28
DA:9,108
DA:20,28
DA:21,28
DA:24,28
DA:28,28
DA:29,28
DA:30,28
DA:31,28
DA:34,28
DA:35,24
DA:38,24
DA:40,24
DA:42,24
DA:45,28
DA:46,20
DA:50,20
DA:53,20
DA:57,20
DA:58,20
DA:60,20
DA:62,20
DA:63,20
DA:66,28
DA:67,16
DA:68,16
DA:71,16
DA:75,16
DA:76,16
DA:78,16
DA:81,28
DA:82,12
DA:86,12
DA:88,12
DA:89,12
DA:91,12
DA:94,28
DA:95,8
DA:98,8
DA:103,8
DA:104,8
DA:106,8
DA:107,8
LF:45
LH:45
BRF:0
BRH:0
end_of_record
TN:
SF:src\pages\BrandPage.jsx
FN:10,(anonymous_0)
FN:26,(anonymous_1)
FN:29,(anonymous_2)
FN:39,(anonymous_3)
FN:42,(anonymous_4)
FN:83,(anonymous_5)
FN:98,(anonymous_6)
FN:107,(anonymous_7)
FN:126,(anonymous_8)
FN:133,(anonymous_9)
FNF:10
FNH:6
FNDA:325,(anonymous_0)
FNDA:228,(anonymous_1)
FNDA:124,(anonymous_2)
FNDA:24,(anonymous_3)
FNDA:0,(anonymous_4)
FNDA:0,(anonymous_5)
FNDA:0,(anonymous_6)
FNDA:20,(anonymous_7)
FNDA:104,(anonymous_8)
FNDA:0,(anonymous_9)
DA:10,28
DA:11,325
DA:12,325
DA:14,325
DA:21,325
DA:23,325
DA:24,325
DA:26,325
DA:27,228
DA:29,120
DA:30,124
DA:34,124
DA:35,124
DA:39,325
DA:40,24
DA:42,325
DA:43,0
DA:46,325
DA:47,197
DA:59,128
DA:60,12
DA:72,116
DA:84,0
DA:98,0
DA:107,20
DA:127,104
DA:133,0
LF:27
LH:23
BRDA:27,0,0,108
BRDA:34,1,0,124
BRDA:34,1,1,40
BRDA:35,2,0,124
BRDA:35,2,1,124
BRDA:46,3,0,197
BRDA:46,4,0,325
BRDA:46,4,1,207
BRDA:59,5,0,12
BRDA:78,6,0,116
BRDA:78,6,1,0
BRDA:118,7,0,116
BRDA:118,7,1,8
BRDA:125,8,0,84
BRDA:125,8,1,32
BRF:15
BRH:14
end_of_record
TN:
SF:src\pages\HomePage.cy.jsx
FN:5,(anonymous_0)
FN:11,(anonymous_1)
FN:21,(anonymous_2)
FN:30,(anonymous_3)
FN:39,(anonymous_4)
FN:55,(anonymous_5)
FN:75,(anonymous_6)
FN:88,(anonymous_7)
FNF:8
FNH:8
FNDA:28,(anonymous_0)
FNDA:108,(anonymous_1)
FNDA:28,(anonymous_2)
FNDA:24,(anonymous_3)
FNDA:20,(anonymous_4)
FNDA:16,(anonymous_5)
FNDA:12,(anonymous_6)
FNDA:8,(anonymous_7)
DA:5,28
DA:6,28
DA:11,28
DA:12,108
DA:21,28
DA:22,28
DA:25,28
DA:26,28
DA:27,28
DA:30,28
DA:31,24
DA:33,24
DA:34,24
DA:36,24
DA:39,28
DA:40,20
DA:44,20
DA:46,20
DA:47,20
DA:49,20
DA:51,20
DA:52,20
DA:55,28
DA:56,16
DA:61,16
DA:63,16
DA:64,16
DA:66,16
DA:68,16
DA:70,16
DA:71,16
DA:72,16
DA:75,28
DA:76,12
DA:79,12
DA:80,12
DA:82,12
DA:84,12
DA:85,12
DA:88,28
DA:89,8
DA:94,8
DA:95,8
DA:97,8
LF:44
LH:44
BRF:0
BRH:0
end_of_record
TN:
SF:src\pages\HomePage.jsx
FN:9,(anonymous_0)
FN:16,(anonymous_1)
FN:19,(anonymous_2)
FN:32,(anonymous_3)
FN:35,(anonymous_4)
FN:39,(anonymous_5)
FN:69,(anonymous_6)
FN:76,(anonymous_7)
FNF:8
FNH:6
FNDA:440,(anonymous_0)
FNDA:408,(anonymous_1)
FNDA:664,(anonymous_2)
FNDA:164,(anonymous_3)
FNDA:36,(anonymous_4)
FNDA:0,(anonymous_5)
FNDA:348,(anonymous_6)
FNDA:0,(anonymous_7)
DA:9,28
DA:10,440
DA:11,440
DA:13,440
DA:14,440
DA:16,440
DA:17,408
DA:19,300
DA:20,664
DA:24,664
DA:26,664
DA:28,664
DA:32,440
DA:33,164
DA:35,440
DA:36,36
DA:39,440
DA:40,0
DA:43,440
DA:70,348
DA:76,0
LF:21
LH:19
BRDA:17,0,0,108
BRDA:26,1,0,664
BRDA:26,1,1,184
BRDA:28,2,0,664
BRDA:28,2,1,336
BRDA:57,3,0,440
BRDA:57,3,1,108
BRDA:62,4,0,440
BRDA:62,4,1,8
BRDA:66,5,0,440
BRDA:66,5,1,332
BRDA:66,5,2,324
BRDA:68,6,0,192
BRDA:68,6,1,132
BRF:14
BRH:14
end_of_record
TN:
SF:src\pages\ModelPage.cy.jsx
FN:5,(anonymous_0)
FN:9,(anonymous_1)
FN:24,(anonymous_2)
FN:44,(anonymous_3)
FN:62,(anonymous_4)
FN:78,(anonymous_5)
FN:92,(anonymous_6)
FN:114,(anonymous_7)
FN:115,(anonymous_8)
FNF:9
FNH:9
FNDA:28,(anonymous_0)
FNDA:108,(anonymous_1)
FNDA:28,(anonymous_2)
FNDA:24,(anonymous_3)
FNDA:20,(anonymous_4)
FNDA:16,(anonymous_5)
FNDA:12,(anonymous_6)
FNDA:8,(anonymous_7)
FNDA:8,(anonymous_8)
DA:5,28
DA:6,28
DA:7,28
DA:9,28
DA:10,108
DA:24,28
DA:25,28
DA:28,28
DA:39,28
DA:40,28
DA:41,28
DA:44,28
DA:45,24
DA:48,24
DA:53,24
DA:54,24
DA:56,24
DA:59,24
DA:62,28
DA:63,20
DA:64,20
DA:67,20
DA:71,20
DA:72,20
DA:74,20
DA:75,20
DA:78,28
DA:79,16
DA:82,16
DA:86,16
DA:87,16
DA:89,16
DA:92,28
DA:93,12
DA:94,12
DA:97,12
DA:107,12
DA:108,12
DA:110,12
DA:111,12
DA:114,28
DA:115,8
DA:116,8
DA:119,8
DA:123,8
DA:124,8
DA:126,8
DA:127,8
LF:48
LH:48
BRF:0
BRH:0
end_of_record
TN:
SF:src\pages\ModelPage.jsx
FN:7,(anonymous_0)
FN:19,(anonymous_1)
FN:74,(anonymous_2)
FN:85,(anonymous_3)
FNF:4
FNH:4
FNDA:308,(anonymous_0)
FNDA:16,(anonymous_1)
FNDA:60,(anonymous_2)
FNDA:99,(anonymous_3)
DA:7,28
DA:8,308
DA:9,308
DA:15,308
DA:16,308
DA:19,308
DA:20,16
DA:23,308
DA:24,200
DA:36,108
DA:37,24
DA:52,84
DA:75,60
DA:86,99
DA:87,99
LF:15
LH:15
BRDA:23,0,0,200
BRDA:23,1,0,308
BRDA:23,1,1,197
BRDA:36,2,0,24
BRDA:36,3,0,108
BRDA:36,3,1,84
BRDA:36,3,2,84
BRDA:62,4,0,84
BRDA:62,4,1,0
BRF:9
BRH:8
end_of_record
TN:
SF:src\pages\NotFoundPage.cy.jsx
FN:5,(anonymous_0)
FN:6,(anonymous_1)
FN:17,(anonymous_2)
FN:28,(anonymous_3)
FN:39,(anonymous_4)
FNF:5
FNH:5
FNDA:20,(anonymous_0)
FNDA:20,(anonymous_1)
FNDA:16,(anonymous_2)
FNDA:12,(anonymous_3)
FNDA:8,(anonymous_4)
DA:5,20
DA:6,20
DA:7,20
DA:14,20
DA:17,20
DA:18,16
DA:25,16
DA:28,20
DA:29,12
DA:36,12
DA:39,20
DA:40,8
DA:47,8
LF:13
LH:13
BRF:0
BRH:0
end_of_record
TN:
SF:src\pages\NotFoundPage.jsx
FN:5,(anonymous_0)
FNF:1
FNH:1
FNDA:56,(anonymous_0)
DA:5,20
DA:6,56
LF:2
LH:2
BRF:0
BRH:0
end_of_record
TN:
SF:src\pages\ProfilePage.cy.jsx
FN:5,(anonymous_0)
FN:6,(anonymous_1)
FN:17,(anonymous_2)
FN:28,(anonymous_3)
FN:39,(anonymous_4)
FNF:5
FNH:5
FNDA:25,(anonymous_0)
FNDA:25,(anonymous_1)
FNDA:20,(anonymous_2)
FNDA:15,(anonymous_3)
FNDA:10,(anonymous_4)
DA:5,25
DA:6,25
DA:7,25
DA:14,25
DA:17,25
DA:18,20
DA:25,20
DA:28,25
DA:29,15
DA:36,15
DA:39,25
DA:40,10
DA:47,10
LF:13
LH:13
BRF:0
BRH:0
end_of_record
TN:
SF:src\pages\ProfilePage.jsx
FN:4,(anonymous_0)
FNF:1
FNH:1
FNDA:70,(anonymous_0)
DA:4,25
DA:5,70
DA:20,5
DA:22,5
LF:4
LH:4
BRF:0
BRH:0
end_of_record
