TN:
SF:src\components\BrandCard.cy.jsx
FN:4,(anonymous_0)
FN:9,(anonymous_1)
FN:17,(anonymous_2)
FN:31,(anonymous_3)
FN:32,(anonymous_4)
FNF:5
FNH:5
FNDA:3,(anonymous_0)
FNDA:3,(anonymous_1)
FNDA:3,(anonymous_2)
FNDA:2,(anonymous_3)
FNDA:2,(anonymous_4)
DA:4,3
DA:5,3
DA:6,3
DA:9,3
DA:10,3
DA:17,3
DA:18,3
DA:26,3
DA:27,3
DA:28,3
DA:31,3
DA:32,2
DA:34,2
DA:40,2
DA:42,2
LF:15
LH:15
BRF:0
BRH:0
end_of_record
TN:
SF:src\components\BrandCard.jsx
FN:4,(anonymous_0)
FN:7,(anonymous_1)
FN:18,(anonymous_2)
FNF:3
FNH:3
FNDA:92,(anonymous_0)
FNDA:9,(anonymous_1)
FNDA:5,(anonymous_2)
DA:4,10
DA:5,92
DA:7,92
DA:8,9
DA:10,92
DA:19,5
DA:20,5
DA:21,5
LF:8
LH:8
BRDA:13,0,0,5
BRDA:13,0,1,87
BRDA:21,1,0,5
BRDA:27,2,0,5
BRDA:27,2,1,87
BRF:5
BRH:5
end_of_record
TN:
SF:src\components\Button.cy.jsx
FN:3,(anonymous_0)
FN:4,(anonymous_1)
FNF:2
FNH:2
FNDA:2,(anonymous_0)
FNDA:2,(anonymous_1)
DA:3,2
DA:4,2
DA:5,2
DA:7,2
DA:13,2
DA:15,2
DA:17,2
DA:18,2
LF:8
LH:8
BRF:0
BRH:0
end_of_record
TN:
SF:src\components\Button.jsx
FN:3,(anonymous_0)
FNF:1
FNH:1
FNDA:1312,(anonymous_0)
DA:3,23
DA:4,1312
DA:6,1312
LF:3
LH:3
BRDA:3,0,0,476
BRDA:3,1,0,447
BRF:2
BRH:2
end_of_record
TN:
SF:src\components\GuestRoute.cy.jsx
FN:5,(anonymous_0)
FN:6,(anonymous_1)
FN:8,(anonymous_2)
FN:9,(anonymous_3)
FN:29,(anonymous_4)
FN:35,(anonymous_5)
FNF:6
FNH:6
FNDA:2,(anonymous_0)
FNDA:3,(anonymous_1)
FNDA:3,(anonymous_2)
FNDA:5,(anonymous_3)
FNDA:3,(anonymous_4)
FNDA:2,(anonymous_5)
DA:5,3
DA:6,3
DA:8,3
DA:9,3
DA:10,5
DA:29,3
DA:30,3
DA:31,3
DA:32,3
DA:35,3
DA:36,2
DA:37,2
DA:38,2
LF:13
LH:13
BRF:0
BRH:0
end_of_record
TN:
SF:src\components\GuestRoute.jsx
FN:4,(anonymous_0)
FNF:1
FNH:1
FNDA:5,(anonymous_0)
DA:4,3
DA:5,5
DA:7,5
DA:8,2
DA:11,3
LF:5
LH:5
BRDA:7,0,0,2
BRF:1
BRH:1
end_of_record
TN:
SF:src\components\Header.cy.jsx
FN:5,(anonymous_0)
FN:6,(anonymous_1)
FN:18,(anonymous_2)
FN:23,(anonymous_3)
FNF:4
FNH:4
FNDA:3,(anonymous_0)
FNDA:5,(anonymous_1)
FNDA:3,(anonymous_2)
FNDA:2,(anonymous_3)
DA:5,3
DA:6,3
DA:7,5
DA:9,5
DA:18,3
DA:19,3
DA:20,3
DA:23,3
DA:24,2
DA:25,2
LF:10
LH:10
BRF:0
BRH:0
end_of_record
TN:
SF:src\components\Header.jsx
FN:5,(anonymous_0)
FNF:1
FNH:1
FNDA:301,(anonymous_0)
DA:5,34
DA:6,301
DA:8,301
LF:3
LH:3
BRDA:21,0,0,2
BRDA:21,0,1,299
BRF:2
BRH:2
end_of_record
TN:
SF:src\components\InputField.cy.jsx
FN:3,(anonymous_0)
FN:4,(anonymous_1)
FNF:2
FNH:2
FNDA:2,(anonymous_0)
FNDA:2,(anonymous_1)
DA:3,2
DA:4,2
DA:5,2
DA:7,2
DA:15,2
DA:17,2
DA:19,2
LF:7
LH:7
BRF:0
BRH:0
end_of_record
TN:
SF:src\components\InputField.jsx
FN:3,(anonymous_0)
FNF:1
FNH:1
FNDA:2241,(anonymous_0)
DA:3,29
DA:13,2241
DA:14,2241
DA:26,3
DA:28,3
LF:5
LH:5
BRDA:5,0,0,2
BRDA:10,1,0,151
BRDA:11,2,0,2092
BRF:3
BRH:3
end_of_record
TN:
SF:src\components\ModelCard.cy.jsx
FN:4,(anonymous_0)
FN:9,(anonymous_1)
FN:17,(anonymous_2)
FNF:3
FNH:3
FNDA:2,(anonymous_0)
FNDA:2,(anonymous_1)
FNDA:2,(anonymous_2)
DA:4,2
DA:5,2
DA:6,2
DA:9,2
DA:10,2
DA:17,2
DA:18,2
DA:30,2
DA:31,2
DA:32,2
LF:10
LH:10
BRF:0
BRH:0
end_of_record
TN:
SF:src\components\ModelCard.jsx
FN:4,(anonymous_0)
FN:14,(anonymous_1)
FNF:2
FNH:2
FNDA:28,(anonymous_0)
FNDA:6,(anonymous_1)
DA:4,9
DA:5,28
DA:7,28
DA:14,28
DA:15,6
DA:17,6
DA:18,6
DA:19,6
DA:20,6
DA:22,0
DA:26,28
LF:11
LH:10
BRDA:17,0,0,6
BRDA:17,0,1,0
BRDA:17,1,0,6
BRDA:17,1,1,6
BRF:4
BRH:3
end_of_record
TN:
SF:src\components\ProtectedRoute.cy.jsx
FN:5,(anonymous_0)
FN:6,(anonymous_1)
FN:8,(anonymous_2)
FN:9,(anonymous_3)
FN:29,(anonymous_4)
FN:35,(anonymous_5)
FNF:6
FNH:6
FNDA:3,(anonymous_0)
FNDA:2,(anonymous_1)
FNDA:3,(anonymous_2)
FNDA:5,(anonymous_3)
FNDA:3,(anonymous_4)
FNDA:2,(anonymous_5)
DA:5,3
DA:6,3
DA:8,3
DA:9,3
DA:10,5
DA:29,3
DA:30,3
DA:31,3
DA:32,3
DA:35,3
DA:36,2
DA:37,2
DA:38,2
LF:13
LH:13
BRF:0
BRH:0
end_of_record
TN:
SF:src\components\ProtectedRoute.jsx
FN:4,(anonymous_0)
FNF:1
FNH:1
FNDA:5,(anonymous_0)
DA:4,3
DA:5,5
DA:7,5
DA:8,2
DA:11,3
LF:5
LH:5
BRDA:7,0,0,2
BRF:1
BRH:1
end_of_record
TN:
SF:src\components\SearchBar.cy.jsx
FN:3,(anonymous_0)
FN:4,(anonymous_1)
FN:32,(anonymous_2)
FNF:3
FNH:3
FNDA:6,(anonymous_0)
FNDA:6,(anonymous_1)
FNDA:4,(anonymous_2)
DA:3,6
DA:4,6
DA:5,6
DA:6,6
DA:8,6
DA:21,6
DA:22,6
DA:26,6
DA:29,6
DA:32,6
DA:33,4
DA:34,4
LF:12
LH:12
BRF:0
BRH:0
end_of_record
TN:
SF:src\components\SearchBar.jsx
FN:4,(anonymous_0)
FN:40,(anonymous_1)
FN:40,(anonymous_1)
FNF:3
FNH:3
FNDA:154,(anonymous_0)
FNDA:150,(anonymous_1)
FNDA:561,(anonymous_1)
DA:4,20
DA:14,149
DA:16,149
DA:40,561
DA:41,150
DA:50,3
DA:51,3
LF:7
LH:7
BRDA:5,0,0,4
BRDA:6,1,0,29
BRDA:7,2,0,0
BRDA:8,3,0,120
BRDA:29,4,0,149
BRDA:29,4,1,116
BRDA:29,4,2,116
BRF:7
BRH:6
end_of_record
TN:
SF:src\context\AuthContext.jsx
FN:6,(anonymous_0)
FN:12,(anonymous_1)
FNF:2
FNH:2
FNDA:179,(anonymous_0)
FNDA:729,(anonymous_1)
DA:4,47
DA:6,47
DA:7,179
DA:9,179
DA:12,47
DA:13,729
DA:14,729
DA:15,0
DA:19,729
LF:9
LH:8
BRDA:14,0,0,0
BRF:1
BRH:0
end_of_record
TN:
SF:src\hooks\useAuth.js
FN:6,(anonymous_0)
FN:7,(anonymous_1)
FN:13,(anonymous_2)
FN:22,(anonymous_3)
FN:32,(anonymous_4)
FN:55,(anonymous_5)
FN:62,(anonymous_6)
FN:76,(anonymous_7)
FNF:8
FNH:5
FNDA:179,(anonymous_0)
FNDA:136,(anonymous_1)
FNDA:136,(anonymous_2)
FNDA:13,(anonymous_3)
FNDA:0,(anonymous_4)
FNDA:13,(anonymous_5)
FNDA:0,(anonymous_6)
FNDA:0,(anonymous_7)
DA:4,47
DA:6,47
DA:7,179
DA:8,179
DA:9,179
DA:10,179
DA:11,179
DA:13,179
DA:14,136
DA:15,0
DA:16,0
DA:17,0
DA:22,179
DA:23,13
DA:24,13
DA:25,13
DA:26,13
DA:32,13
DA:34,13
DA:35,6
DA:38,7
DA:39,0
DA:40,0
DA:42,0
DA:43,0
DA:45,7
DA:47,6
DA:48,6
DA:49,6
DA:51,13
DA:55,179
DA:56,13
DA:57,13
DA:58,7
DA:62,179
DA:63,0
DA:70,0
DA:71,0
DA:72,0
DA:76,179
DA:77,0
DA:78,0
DA:79,0
DA:80,0
DA:81,0
DA:84,179
LF:46
LH:30
BRDA:14,0,0,0
BRDA:16,1,0,0
BRDA:34,2,0,6
BRDA:35,3,0,6
BRDA:35,3,1,0
BRDA:35,3,2,0
BRDA:38,4,0,0
BRDA:38,5,0,7
BRDA:38,5,1,7
BRDA:57,6,0,7
BRDA:70,7,0,0
BRF:11
BRH:5
end_of_record
TN:
SF:src\hooks\useFetch.js
FN:5,(anonymous_0)
FN:10,(anonymous_1)
FN:14,(anonymous_2)
FN:40,(anonymous_3)
FNF:4
FNH:4
FNDA:426,(anonymous_0)
FNDA:135,(anonymous_1)
FNDA:135,(anonymous_2)
FNDA:102,(anonymous_3)
DA:3,21
DA:5,21
DA:6,426
DA:7,426
DA:8,426
DA:10,426
DA:11,135
DA:12,135
DA:14,135
DA:15,135
DA:16,135
DA:17,135
DA:18,135
DA:20,135
DA:21,13
DA:24,122
DA:25,122
DA:27,13
DA:28,13
DA:29,13
DA:32,135
DA:33,135
DA:38,135
DA:40,135
DA:41,102
DA:45,426
LF:26
LH:26
BRDA:20,0,0,13
BRDA:27,1,0,13
BRDA:32,2,0,135
BRF:3
BRH:3
end_of_record
TN:
SF:src\pages\AuthPage.cy.jsx
FN:5,(anonymous_0)
FN:6,(anonymous_1)
FN:16,(anonymous_2)
FN:31,(anonymous_3)
FN:51,(anonymous_4)
FN:58,(anonymous_5)
FN:66,(anonymous_6)
FN:72,(anonymous_7)
FN:84,(anonymous_8)
FNF:9
FNH:9
FNDA:7,(anonymous_0)
FNDA:27,(anonymous_1)
FNDA:7,(anonymous_2)
FNDA:6,(anonymous_3)
FNDA:5,(anonymous_4)
FNDA:4,(anonymous_5)
FNDA:3,(anonymous_6)
FNDA:2,(anonymous_7)
FNDA:2,(anonymous_8)
DA:5,7
DA:6,7
DA:7,27
DA:16,7
DA:17,7
DA:22,7
DA:24,7
DA:25,7
DA:26,7
DA:28,7
DA:31,7
DA:32,6
DA:40,6
DA:42,6
DA:43,6
DA:44,6
DA:46,6
DA:48,6
DA:51,7
DA:52,5
DA:53,5
DA:58,7
DA:59,4
DA:61,4
DA:63,4
DA:66,7
DA:67,3
DA:69,3
DA:72,7
DA:73,2
DA:75,2
DA:76,2
DA:78,2
DA:79,2
DA:80,2
DA:82,2
DA:85,2
LF:37
LH:37
BRF:0
BRH:0
end_of_record
TN:
SF:src\pages\AuthPage.jsx
FN:8,(anonymous_0)
FN:18,(anonymous_1)
FN:27,(anonymous_2)
FN:32,(anonymous_3)
FN:64,(anonymous_4)
FN:73,(anonymous_5)
FN:82,(anonymous_6)
FN:104,(anonymous_7)
FN:113,(anonymous_8)
FNF:9
FNH:9
FNDA:418,(anonymous_0)
FNDA:2,(anonymous_1)
FNDA:13,(anonymous_2)
FNDA:3,(anonymous_3)
FNDA:24,(anonymous_4)
FNDA:14,(anonymous_5)
FNDA:14,(anonymous_6)
FNDA:175,(anonymous_7)
FNDA:131,(anonymous_8)
DA:8,7
DA:9,418
DA:10,418
DA:12,418
DA:13,418
DA:14,418
DA:15,418
DA:16,418
DA:18,418
DA:19,2
DA:20,2
DA:21,2
DA:22,2
DA:24,0
DA:27,418
DA:28,13
DA:29,13
DA:32,418
DA:33,3
DA:36,418
DA:64,24
DA:73,14
DA:82,14
DA:104,175
DA:113,131
LF:25
LH:24
BRDA:20,0,0,2
BRDA:47,1,0,418
BRDA:47,1,1,6
BRDA:89,2,0,13
BRDA:89,2,1,405
BRDA:120,3,0,13
BRDA:120,3,1,405
BRF:7
BRH:7
end_of_record
TN:
SF:src\pages\BrandPage.cy.jsx
FN:5,(anonymous_0)
FN:8,(anonymous_1)
FN:20,(anonymous_2)
FN:34,(anonymous_3)
FN:45,(anonymous_4)
FN:66,(anonymous_5)
FN:81,(anonymous_6)
FN:94,(anonymous_7)
FNF:8
FNH:8
FNDA:7,(anonymous_0)
FNDA:27,(anonymous_1)
FNDA:7,(anonymous_2)
FNDA:6,(anonymous_3)
FNDA:5,(anonymous_4)
FNDA:4,(anonymous_5)
FNDA:3,(anonymous_6)
FNDA:2,(anonymous_7)
DA:5,7
DA:6,7
DA:8,7
DA:9,27
DA:20,7
DA:21,7
DA:24,7
DA:28,7
DA:29,7
DA:30,7
DA:31,7
DA:34,7
DA:35,6
DA:38,6
DA:40,6
DA:42,6
DA:45,7
DA:46,5
DA:50,5
DA:53,5
DA:57,5
DA:58,5
DA:60,5
DA:62,5
DA:63,5
DA:66,7
DA:67,4
DA:68,4
DA:71,4
DA:75,4
DA:76,4
DA:78,4
DA:81,7
DA:82,3
DA:86,3
DA:88,3
DA:89,3
DA:91,3
DA:94,7
DA:95,2
DA:98,2
DA:103,2
DA:104,2
DA:106,2
DA:107,2
LF:45
LH:45
BRF:0
BRH:0
end_of_record
TN:
SF:src\pages\BrandPage.jsx
FN:10,(anonymous_0)
FN:26,(anonymous_1)
FN:29,(anonymous_2)
FN:39,(anonymous_3)
FN:40,(anonymous_4)
FN:81,(anonymous_5)
FN:96,(anonymous_6)
FN:105,(anonymous_7)
FN:124,(anonymous_8)
FN:131,(anonymous_9)
FNF:10
FNH:6
FNDA:86,(anonymous_0)
FNDA:57,(anonymous_1)
FNDA:31,(anonymous_2)
FNDA:6,(anonymous_3)
FNDA:0,(anonymous_4)
FNDA:0,(anonymous_5)
FNDA:0,(anonymous_6)
FNDA:5,(anonymous_7)
FNDA:26,(anonymous_8)
FNDA:0,(anonymous_9)
DA:10,7
DA:11,86
DA:12,86
DA:14,86
DA:21,86
DA:23,86
DA:24,86
DA:26,86
DA:27,57
DA:29,30
DA:30,31
DA:34,31
DA:35,31
DA:39,86
DA:40,86
DA:41,0
DA:44,86
DA:45,54
DA:57,32
DA:58,3
DA:70,29
DA:82,0
DA:96,0
DA:105,5
DA:125,26
DA:131,0
LF:26
LH:22
BRDA:27,0,0,27
BRDA:34,1,0,31
BRDA:34,1,1,10
BRDA:35,2,0,31
BRDA:35,2,1,31
BRDA:44,3,0,54
BRDA:44,4,0,86
BRDA:44,4,1,51
BRDA:57,5,0,3
BRDA:76,6,0,29
BRDA:76,6,1,0
BRDA:116,7,0,29
BRDA:116,7,1,2
BRDA:123,8,0,21
BRDA:123,8,1,8
BRF:15
BRH:14
end_of_record
TN:
SF:src\pages\HomePage.cy.jsx
FN:5,(anonymous_0)
FN:11,(anonymous_1)
FN:21,(anonymous_2)
FN:30,(anonymous_3)
FN:39,(anonymous_4)
FN:55,(anonymous_5)
FN:75,(anonymous_6)
FN:88,(anonymous_7)
FNF:8
FNH:8
FNDA:7,(anonymous_0)
FNDA:27,(anonymous_1)
FNDA:7,(anonymous_2)
FNDA:6,(anonymous_3)
FNDA:5,(anonymous_4)
FNDA:4,(anonymous_5)
FNDA:3,(anonymous_6)
FNDA:2,(anonymous_7)
DA:5,7
DA:6,7
DA:11,7
DA:12,27
DA:21,7
DA:22,7
DA:25,7
DA:26,7
DA:27,7
DA:30,7
DA:31,6
DA:33,6
DA:34,6
DA:36,6
DA:39,7
DA:40,5
DA:44,5
DA:46,5
DA:47,5
DA:49,5
DA:51,5
DA:52,5
DA:55,7
DA:56,4
DA:61,4
DA:63,4
DA:64,4
DA:66,4
DA:68,4
DA:70,4
DA:71,4
DA:72,4
DA:75,7
DA:76,3
DA:79,3
DA:80,3
DA:82,3
DA:84,3
DA:85,3
DA:88,7
DA:89,2
DA:94,2
DA:95,2
DA:97,2
LF:44
LH:44
BRF:0
BRH:0
end_of_record
TN:
SF:src\pages\HomePage.jsx
FN:9,(anonymous_0)
FN:16,(anonymous_1)
FN:19,(anonymous_2)
FN:32,(anonymous_3)
FN:35,(anonymous_4)
FN:39,(anonymous_5)
FN:69,(anonymous_6)
FN:76,(anonymous_7)
FNF:8
FNH:6
FNDA:110,(anonymous_0)
FNDA:102,(anonymous_1)
FNDA:166,(anonymous_2)
FNDA:41,(anonymous_3)
FNDA:9,(anonymous_4)
FNDA:0,(anonymous_5)
FNDA:87,(anonymous_6)
FNDA:0,(anonymous_7)
DA:9,7
DA:10,110
DA:11,110
DA:13,110
DA:14,110
DA:16,110
DA:17,102
DA:19,75
DA:20,166
DA:24,166
DA:26,166
DA:28,166
DA:32,110
DA:33,41
DA:35,110
DA:36,9
DA:39,110
DA:40,0
DA:43,110
DA:70,87
DA:76,0
LF:21
LH:19
BRDA:17,0,0,27
BRDA:26,1,0,166
BRDA:26,1,1,46
BRDA:28,2,0,166
BRDA:28,2,1,84
BRDA:57,3,0,110
BRDA:57,3,1,27
BRDA:62,4,0,110
BRDA:62,4,1,2
BRDA:66,5,0,110
BRDA:66,5,1,83
BRDA:66,5,2,81
BRDA:68,6,0,48
BRDA:68,6,1,33
BRF:14
BRH:14
end_of_record
TN:
SF:src\pages\ModelPage.cy.jsx
FN:5,(anonymous_0)
FN:9,(anonymous_1)
FN:24,(anonymous_2)
FN:44,(anonymous_3)
FN:62,(anonymous_4)
FN:78,(anonymous_5)
FN:92,(anonymous_6)
FN:114,(anonymous_7)
FN:115,(anonymous_8)
FNF:9
FNH:9
FNDA:7,(anonymous_0)
FNDA:27,(anonymous_1)
FNDA:7,(anonymous_2)
FNDA:6,(anonymous_3)
FNDA:5,(anonymous_4)
FNDA:4,(anonymous_5)
FNDA:3,(anonymous_6)
FNDA:2,(anonymous_7)
FNDA:2,(anonymous_8)
DA:5,7
DA:6,7
DA:7,7
DA:9,7
DA:10,27
DA:24,7
DA:25,7
DA:28,7
DA:39,7
DA:40,7
DA:41,7
DA:44,7
DA:45,6
DA:48,6
DA:53,6
DA:54,6
DA:56,6
DA:59,6
DA:62,7
DA:63,5
DA:64,5
DA:67,5
DA:71,5
DA:72,5
DA:74,5
DA:75,5
DA:78,7
DA:79,4
DA:82,4
DA:86,4
DA:87,4
DA:89,4
DA:92,7
DA:93,3
DA:94,3
DA:97,3
DA:107,3
DA:108,3
DA:110,3
DA:111,3
DA:114,7
DA:115,2
DA:116,2
DA:119,2
DA:123,2
DA:124,2
DA:126,2
DA:127,2
LF:48
LH:48
BRF:0
BRH:0
end_of_record
TN:
SF:src\pages\ModelPage.jsx
FN:7,(anonymous_0)
FN:19,(anonymous_1)
FN:72,(anonymous_2)
FN:83,(anonymous_3)
FNF:4
FNH:4
FNDA:72,(anonymous_0)
FNDA:4,(anonymous_1)
FNDA:15,(anonymous_2)
FNDA:25,(anonymous_3)
DA:7,7
DA:8,72
DA:9,72
DA:15,72
DA:16,72
DA:19,72
DA:21,72
DA:22,45
DA:34,27
DA:35,6
DA:50,21
DA:73,15
DA:84,25
DA:85,25
LF:14
LH:14
BRDA:21,0,0,45
BRDA:21,1,0,72
BRDA:21,1,1,45
BRDA:34,2,0,6
BRDA:34,3,0,27
BRDA:34,3,1,21
BRDA:34,3,2,21
BRDA:60,4,0,21
BRDA:60,4,1,0
BRF:9
BRH:8
end_of_record
TN:
SF:src\pages\NotFoundPage.cy.jsx
FN:5,(anonymous_0)
FN:6,(anonymous_1)
FN:17,(anonymous_2)
FN:28,(anonymous_3)
FN:39,(anonymous_4)
FNF:5
FNH:5
FNDA:5,(anonymous_0)
FNDA:5,(anonymous_1)
FNDA:4,(anonymous_2)
FNDA:3,(anonymous_3)
FNDA:2,(anonymous_4)
DA:5,5
DA:6,5
DA:7,5
DA:14,5
DA:17,5
DA:18,4
DA:25,4
DA:28,5
DA:29,3
DA:36,3
DA:39,5
DA:40,2
DA:47,2
LF:13
LH:13
BRF:0
BRH:0
end_of_record
TN:
SF:src\pages\NotFoundPage.jsx
FN:5,(anonymous_0)
FNF:1
FNH:1
FNDA:14,(anonymous_0)
DA:5,5
DA:6,14
LF:2
LH:2
BRF:0
BRH:0
end_of_record
TN:
SF:src\pages\ProfilePage.cy.jsx
FN:5,(anonymous_0)
FN:6,(anonymous_1)
FN:17,(anonymous_2)
FN:28,(anonymous_3)
FN:39,(anonymous_4)
FNF:5
FNH:5
FNDA:5,(anonymous_0)
FNDA:5,(anonymous_1)
FNDA:4,(anonymous_2)
FNDA:3,(anonymous_3)
FNDA:2,(anonymous_4)
DA:5,5
DA:6,5
DA:7,5
DA:14,5
DA:17,5
DA:18,4
DA:25,4
DA:28,5
DA:29,3
DA:36,3
DA:39,5
DA:40,2
DA:47,2
LF:13
LH:13
BRF:0
BRH:0
end_of_record
TN:
SF:src\pages\ProfilePage.jsx
FN:4,(anonymous_0)
FNF:1
FNH:1
FNDA:14,(anonymous_0)
DA:4,5
DA:5,14
LF:2
LH:2
BRF:0
BRH:0
end_of_record
